<?xml version="1.0" encoding="UTF-8"?>
<testsuites name="Feature Pencarian" time="26.09" tests="1" failures="0" errors="0">
   <testsuite name="Feature Pencarian" tests="1" failures="0" errors="0" time="26.09" skipped="0" timestamp="2023-02-21 12:24:58" hostname="ADITIA ARGA PRATAMA - LAPTOP-L0K8P5OF" id="Test Suites/Feature Pencarian">
      <properties>
         <property name="deviceName" value="samsung SM-A525F (Android 13)"/>
         <property name="devicePlatform" value=""/>
         <property name="logFolder" value="D:\\android-automation-testing-kelompok-1.git\\Reports\\20230221_120605\\Feature Pencarian\\20230221_120619"/>
         <property name="logFiles" value="D:\\android-automation-testing-kelompok-1.git\\Reports\\20230221_120605\\Feature Pencarian\\20230221_120619\\appium.log, D:\\android-automation-testing-kelompok-1.git\\Reports\\20230221_120605\\Feature Pencarian\\20230221_120619\\execution0.log"/>
         <property name="attachments" value=""/>
         <property name="hostName" value="ADITIA ARGA PRATAMA - LAPTOP-L0K8P5OF"/>
         <property name="os" value="Windows 10 64bit"/>
         <property name="appiumServerStatus" value="{&quot;value&quot;:{&quot;build&quot;:{&quot;version&quot;:&quot;1.22.3&quot;}},&quot;sessionId&quot;:null,&quot;status&quot;:0}"/>
         <property name="katalonVersion" value="8.5.5.208"/>
         <property name="deviceOS" value="Android"/>
         <property name="appiumVersion" value="1.22.3"/>
         <property name="deviceModel" value="SM-A525F"/>
         <property name="hostAddress" value="192.168.0.139"/>
         <property name="deviceManufacturer" value="samsung"/>
         <property name="deviceId" value="RR8R602SN8Y"/>
         <property name="deviceName" value="samsung SM-A525F (Android 13)"/>
         <property name="deviceOSVersion" value="13"/>
      </properties>
      <testcase name="Test Cases/Step Definition/Feature Pencarian/Car001 - Pencarian" time="14.119" classname="Test Cases/Step Definition/Feature Pencarian/Car001 - Pencarian" status="PASSED">
         <system-out><![CDATA[2023-02-21 12:25:09 - [TEST_CASE][PASSED] - Test Cases/Step Definition/Feature Pencarian/Car001 - Pencarian: Test Cases/Step Definition/Feature Pencarian/Car001 - Pencarian

2023-02-21 12:25:10 - [TEST_STEP][PASSED] - callTestCase(findTestCase("Pages/Page_pencarian/Input Nama Produk"), ["nama_produk":"Baju muslim"], STOP_ON_FAILURE): Call Test Case 'Test Cases/Pages/Page_pencarian/Input Nama Produk' successfully

2023-02-21 12:25:10 - [TEST_CASE][PASSED] - Test Cases/Pages/Page_pencarian/Input Nama Produk: Test Cases/Pages/Page_pencarian/Input Nama Produk

2023-02-21 12:25:10 - [TEST_STEP][PASSED] - waitForElementPresent(findTestObject("Page_pencarian/field_pencarian"), 2): Element 'Object Repository/Page_pencarian/field_pencarian' is present

2023-02-21 12:25:11 - [MESSAGE][PASSED] - Element 'Object Repository/Page_pencarian/field_pencarian' is present

2023-02-21 12:25:11 - [TEST_STEP][PASSED] - tap(findTestObject("Page_pencarian/field_pencarian"), 2): Tapped on element 'Object Repository/Page_pencarian/field_pencarian'

2023-02-21 12:25:12 - [MESSAGE][PASSED] - Tapped on element 'Object Repository/Page_pencarian/field_pencarian'

2023-02-21 12:25:12 - [TEST_STEP][PASSED] - clearText(findTestObject("Page_pencarian/field_pencarian"), 2): Element 'Object Repository/Page_pencarian/field_pencarian' text is cleared

2023-02-21 12:25:13 - [MESSAGE][PASSED] - Element 'Object Repository/Page_pencarian/field_pencarian' text is cleared

2023-02-21 12:25:13 - [TEST_STEP][PASSED] - delay(3, STOP_ON_FAILURE): Delayed 3 second(s)

2023-02-21 12:25:16 - [MESSAGE][PASSED] - Delayed 3 second(s)

2023-02-21 12:25:16 - [TEST_STEP][PASSED] - tap(findTestObject("Page_pencarian/field_pencarian2"), 2): Tapped on element 'Object Repository/Page_pencarian/field_pencarian2'

2023-02-21 12:25:17 - [MESSAGE][PASSED] - Tapped on element 'Object Repository/Page_pencarian/field_pencarian2'

2023-02-21 12:25:17 - [TEST_STEP][PASSED] - setText(findTestObject("Page_pencarian/field_pencarian2"), nama_produk, 0): Text 'Baju muslim' has been set to element 'Object Repository/Page_pencarian/field_pencarian2'

2023-02-21 12:25:17 - [MESSAGE][WARNING] - Timeout '0' is invalid. Using default page load timeout: '30'

2023-02-21 12:25:20 - [MESSAGE][PASSED] - Text 'Baju muslim' has been set to element 'Object Repository/Page_pencarian/field_pencarian2'

2023-02-21 12:25:20 - [MESSAGE][PASSED] - Call Test Case 'Test Cases/Pages/Page_pencarian/Input Nama Produk' successfully

2023-02-21 12:25:20 - [TEST_STEP][PASSED] - callTestCase(findTestCase("Pages/Page_pencarian/Click Hasil Pencarian"), [:], STOP_ON_FAILURE): Call Test Case 'Test Cases/Pages/Page_pencarian/Click Hasil Pencarian' successfully

2023-02-21 12:25:20 - [TEST_CASE][PASSED] - Test Cases/Pages/Page_pencarian/Click Hasil Pencarian: Test Cases/Pages/Page_pencarian/Click Hasil Pencarian

2023-02-21 12:25:20 - [TEST_STEP][PASSED] - tap(findTestObject("Page_pencarian/hasil_pencarian"), 2): Tapped on element 'Object Repository/Page_pencarian/hasil_pencarian'

2023-02-21 12:25:21 - [MESSAGE][PASSED] - Tapped on element 'Object Repository/Page_pencarian/hasil_pencarian'

2023-02-21 12:25:21 - [MESSAGE][PASSED] - Call Test Case 'Test Cases/Pages/Page_pencarian/Click Hasil Pencarian' successfully

2023-02-21 12:25:21 - [TEST_STEP][PASSED] - callTestCase(findTestCase("Pages/Page_pencarian/Detail Produk"), [:], STOP_ON_FAILURE): Call Test Case 'Test Cases/Pages/Page_pencarian/Detail Produk' successfully

2023-02-21 12:25:21 - [TEST_CASE][PASSED] - Test Cases/Pages/Page_pencarian/Detail Produk: Test Cases/Pages/Page_pencarian/Detail Produk

2023-02-21 12:25:21 - [TEST_STEP][PASSED] - waitForElementPresent(findTestObject("Page_pencarian/detail_produk"), 2): Object Object Repository/Page_pencarian/detail_produk not found

2023-02-21 12:25:24 - [MESSAGE][WARNING] - Object Object Repository/Page_pencarian/detail_produk not found

2023-02-21 12:25:24 - [MESSAGE][PASSED] - Call Test Case 'Test Cases/Pages/Page_pencarian/Detail Produk' successfully]]></system-out>
         <system-err><![CDATA[]]></system-err>
      </testcase>
      <system-out><![CDATA[2023-02-21 12:24:58 - [TEST_SUITE][PASSED] - Feature Pencarian: Test Cases/Step Definition/Feature Pencarian/Car001 - Pencarian]]></system-out>
      <system-err><![CDATA[]]></system-err>
   </testsuite>
</testsuites>
