<?xml version="1.0" encoding="UTF-8"?>
<testsuites name="Feature Decline Product" time="104.883" tests="2" failures="0" errors="0">
   <testsuite name="Feature Decline Product" tests="2" failures="0" errors="0" time="104.883" skipped="0" timestamp="2023-02-21 12:41:20" hostname="ADITIA ARGA PRATAMA - LAPTOP-L0K8P5OF" id="Test Suites/Feature Decline Product">
      <properties>
         <property name="deviceName" value="samsung SM-A525F (Android 13)"/>
         <property name="devicePlatform" value=""/>
         <property name="logFolder" value="D:\\android-automation-testing-kelompok-1.git\\Reports\\20230221_120605\\Feature Decline Product\\20230221_120634"/>
         <property name="logFiles" value="D:\\android-automation-testing-kelompok-1.git\\Reports\\20230221_120605\\Feature Decline Product\\20230221_120634\\appium.log, D:\\android-automation-testing-kelompok-1.git\\Reports\\20230221_120605\\Feature Decline Product\\20230221_120634\\execution0.log"/>
         <property name="attachments" value=""/>
         <property name="hostName" value="ADITIA ARGA PRATAMA - LAPTOP-L0K8P5OF"/>
         <property name="os" value="Windows 10 64bit"/>
         <property name="appiumServerStatus" value="{&quot;value&quot;:{&quot;build&quot;:{&quot;version&quot;:&quot;1.22.3&quot;}},&quot;sessionId&quot;:null,&quot;status&quot;:0}"/>
         <property name="katalonVersion" value="8.5.5.208"/>
         <property name="deviceOS" value="Android"/>
         <property name="appiumVersion" value="1.22.3"/>
         <property name="deviceModel" value="SM-A525F"/>
         <property name="hostAddress" value="192.168.0.139"/>
         <property name="deviceManufacturer" value="samsung"/>
         <property name="deviceId" value="RR8R602SN8Y"/>
         <property name="deviceName" value="samsung SM-A525F (Android 13)"/>
         <property name="deviceOSVersion" value="13"/>
      </properties>
      <testcase name="Test Cases/Step Definition/Feature Decline Transaction/UTD001 - Decline Bid" time="42.449" classname="Test Cases/Step Definition/Feature Decline Transaction/UTD001 - Decline Bid" status="PASSED">
         <system-out><![CDATA[2023-02-21 12:41:32 - [TEST_CASE][PASSED] - Test Cases/Step Definition/Feature Decline Transaction/UTD001 - Decline Bid: Test Cases/Step Definition/Feature Decline Transaction/UTD001 - Decline Bid

2023-02-21 12:41:32 - [TEST_STEP][PASSED] - callTestCase(findTestCase("Pages/Page_home/Navigate to Menu Akun"), [:], STOP_ON_FAILURE): Call Test Case 'Test Cases/Pages/Page_home/Navigate to Menu Akun' successfully

2023-02-21 12:41:32 - [TEST_CASE][PASSED] - Test Cases/Pages/Page_home/Navigate to Menu Akun: Test Cases/Pages/Page_home/Navigate to Menu Akun

2023-02-21 12:41:32 - [TEST_STEP][PASSED] - waitForElementPresent(findTestObject("Page_home/nav_menu_akun"), 2): Element 'Object Repository/Page_home/nav_menu_akun' is present

2023-02-21 12:41:35 - [MESSAGE][PASSED] - Element 'Object Repository/Page_home/nav_menu_akun' is present

2023-02-21 12:41:35 - [TEST_STEP][PASSED] - tap(findTestObject("Page_home/nav_menu_akun"), 2): Tapped on element 'Object Repository/Page_home/nav_menu_akun'

2023-02-21 12:41:37 - [MESSAGE][PASSED] - Tapped on element 'Object Repository/Page_home/nav_menu_akun'

2023-02-21 12:41:37 - [MESSAGE][PASSED] - Call Test Case 'Test Cases/Pages/Page_home/Navigate to Menu Akun' successfully

2023-02-21 12:41:37 - [TEST_STEP][PASSED] - callTestCase(findTestCase("Pages/Page_akun/Click Masuk Button"), [:], STOP_ON_FAILURE): Call Test Case 'Test Cases/Pages/Page_akun/Click Masuk Button' successfully

2023-02-21 12:41:37 - [TEST_CASE][PASSED] - Test Cases/Pages/Page_akun/Click Masuk Button: Test Cases/Pages/Page_akun/Click Masuk Button

2023-02-21 12:41:38 - [TEST_STEP][PASSED] - waitForElementPresent(findTestObject("Page_akun/btn_masuk"), 2): Element 'Object Repository/Page_akun/btn_masuk' is present

2023-02-21 12:41:38 - [MESSAGE][PASSED] - Element 'Object Repository/Page_akun/btn_masuk' is present

2023-02-21 12:41:38 - [TEST_STEP][PASSED] - tap(findTestObject("Page_akun/btn_masuk"), 2): Tapped on element 'Object Repository/Page_akun/btn_masuk'

2023-02-21 12:41:39 - [MESSAGE][PASSED] - Tapped on element 'Object Repository/Page_akun/btn_masuk'

2023-02-21 12:41:39 - [MESSAGE][PASSED] - Call Test Case 'Test Cases/Pages/Page_akun/Click Masuk Button' successfully

2023-02-21 12:41:39 - [TEST_STEP][PASSED] - callTestCase(findTestCase("Pages/Page_login/Input Email"), ["email":email], STOP_ON_FAILURE): Call Test Case 'Test Cases/Pages/Page_login/Input Email' successfully

2023-02-21 12:41:39 - [TEST_CASE][PASSED] - Test Cases/Pages/Page_login/Input Email: Test Cases/Pages/Page_login/Input Email

2023-02-21 12:41:39 - [TEST_STEP][PASSED] - clearText(findTestObject("Page_login/textfield_email"), 3): Element 'Object Repository/Page_login/textfield_email' text is cleared

2023-02-21 12:41:40 - [MESSAGE][PASSED] - Element 'Object Repository/Page_login/textfield_email' text is cleared

2023-02-21 12:41:40 - [TEST_STEP][PASSED] - setText(findTestObject("Page_login/textfield_email"), email, 0): Text 'j.inprion@gmail.com' has been set to element 'Object Repository/Page_login/textfield_email'

2023-02-21 12:41:40 - [MESSAGE][WARNING] - Timeout '0' is invalid. Using default page load timeout: '30'

2023-02-21 12:41:42 - [MESSAGE][PASSED] - Text 'j.inprion@gmail.com' has been set to element 'Object Repository/Page_login/textfield_email'

2023-02-21 12:41:42 - [MESSAGE][PASSED] - Call Test Case 'Test Cases/Pages/Page_login/Input Email' successfully

2023-02-21 12:41:42 - [TEST_STEP][PASSED] - callTestCase(findTestCase("Pages/Page_login/Input Password"), ["password":password], STOP_ON_FAILURE): Call Test Case 'Test Cases/Pages/Page_login/Input Password' successfully

2023-02-21 12:41:42 - [TEST_CASE][PASSED] - Test Cases/Pages/Page_login/Input Password: Test Cases/Pages/Page_login/Input Password

2023-02-21 12:41:42 - [TEST_STEP][PASSED] - clearText(findTestObject("Page_login/textfield_password"), 3): Element 'Object Repository/Page_login/textfield_password' text is cleared

2023-02-21 12:41:42 - [MESSAGE][PASSED] - Element 'Object Repository/Page_login/textfield_password' text is cleared

2023-02-21 12:41:42 - [TEST_STEP][PASSED] - setText(findTestObject("Page_login/textfield_password"), password, 0): Text 'qwerty1234' has been set to element 'Object Repository/Page_login/textfield_password'

2023-02-21 12:41:42 - [MESSAGE][WARNING] - Timeout '0' is invalid. Using default page load timeout: '30'

2023-02-21 12:41:44 - [MESSAGE][PASSED] - Text 'qwerty1234' has been set to element 'Object Repository/Page_login/textfield_password'

2023-02-21 12:41:44 - [MESSAGE][PASSED] - Call Test Case 'Test Cases/Pages/Page_login/Input Password' successfully

2023-02-21 12:41:44 - [TEST_STEP][PASSED] - callTestCase(findTestCase("Pages/Page_login/Click Masuk"), [:], STOP_ON_FAILURE): Call Test Case 'Test Cases/Pages/Page_login/Click Masuk' successfully

2023-02-21 12:41:44 - [TEST_CASE][PASSED] - Test Cases/Pages/Page_login/Click Masuk: Test Cases/Pages/Page_login/Click Masuk

2023-02-21 12:41:44 - [TEST_STEP][PASSED] - waitForElementPresent(findTestObject("Page_login/btn_login"), 2): Element 'Object Repository/Page_login/btn_login' is present

2023-02-21 12:41:45 - [MESSAGE][PASSED] - Element 'Object Repository/Page_login/btn_login' is present

2023-02-21 12:41:45 - [TEST_STEP][PASSED] - tap(findTestObject("Page_login/btn_login"), 2): Tapped on element 'Object Repository/Page_login/btn_login'

2023-02-21 12:41:45 - [MESSAGE][PASSED] - Tapped on element 'Object Repository/Page_login/btn_login'

2023-02-21 12:41:45 - [MESSAGE][PASSED] - Call Test Case 'Test Cases/Pages/Page_login/Click Masuk' successfully

2023-02-21 12:41:45 - [TEST_STEP][PASSED] - callTestCase(findTestCase("Pages/Page_home/Navigate to Menu Akun"), [:], STOP_ON_FAILURE): Call Test Case 'Test Cases/Pages/Page_home/Navigate to Menu Akun' successfully

2023-02-21 12:41:45 - [TEST_CASE][PASSED] - Test Cases/Pages/Page_home/Navigate to Menu Akun: Test Cases/Pages/Page_home/Navigate to Menu Akun

2023-02-21 12:41:45 - [TEST_STEP][PASSED] - waitForElementPresent(findTestObject("Page_home/nav_menu_akun"), 2): Element 'Object Repository/Page_home/nav_menu_akun' is present

2023-02-21 12:41:47 - [MESSAGE][PASSED] - Element 'Object Repository/Page_home/nav_menu_akun' is present

2023-02-21 12:41:47 - [TEST_STEP][PASSED] - tap(findTestObject("Page_home/nav_menu_akun"), 2): Tapped on element 'Object Repository/Page_home/nav_menu_akun'

2023-02-21 12:41:50 - [MESSAGE][PASSED] - Tapped on element 'Object Repository/Page_home/nav_menu_akun'

2023-02-21 12:41:50 - [MESSAGE][PASSED] - Call Test Case 'Test Cases/Pages/Page_home/Navigate to Menu Akun' successfully

2023-02-21 12:41:50 - [TEST_STEP][PASSED] - callTestCase(findTestCase("Pages/Page_akun/Navigate to Daftar Jual Saya"), [:], STOP_ON_FAILURE): Call Test Case 'Test Cases/Pages/Page_akun/Navigate to Daftar Jual Saya' successfully

2023-02-21 12:41:50 - [TEST_CASE][PASSED] - Test Cases/Pages/Page_akun/Navigate to Daftar Jual Saya: Test Cases/Pages/Page_akun/Navigate to Daftar Jual Saya

2023-02-21 12:41:50 - [TEST_STEP][PASSED] - waitForElementPresent(findTestObject("Page_akun/btn_daftar_jual_saya"), 0): Element 'Object Repository/Page_akun/btn_daftar_jual_saya' is present

2023-02-21 12:41:50 - [MESSAGE][WARNING] - Timeout '0' is invalid. Using default page load timeout: '30'

2023-02-21 12:41:51 - [MESSAGE][PASSED] - Element 'Object Repository/Page_akun/btn_daftar_jual_saya' is present

2023-02-21 12:41:51 - [TEST_STEP][PASSED] - tap(findTestObject("Page_akun/btn_daftar_jual_saya"), 0): Tapped on element 'Object Repository/Page_akun/btn_daftar_jual_saya'

2023-02-21 12:41:51 - [MESSAGE][WARNING] - Timeout '0' is invalid. Using default page load timeout: '30'

2023-02-21 12:41:51 - [MESSAGE][PASSED] - Tapped on element 'Object Repository/Page_akun/btn_daftar_jual_saya'

2023-02-21 12:41:51 - [MESSAGE][PASSED] - Call Test Case 'Test Cases/Pages/Page_akun/Navigate to Daftar Jual Saya' successfully

2023-02-21 12:41:51 - [TEST_STEP][PASSED] - callTestCase(findTestCase("Pages/Page_daftarjual/Navigate to tab diminati"), [:], STOP_ON_FAILURE): Call Test Case 'Test Cases/Pages/Page_daftarjual/Navigate to tab diminati' successfully

2023-02-21 12:41:51 - [TEST_CASE][PASSED] - Test Cases/Pages/Page_daftarjual/Navigate to tab diminati: Test Cases/Pages/Page_daftarjual/Navigate to tab diminati

2023-02-21 12:41:51 - [TEST_STEP][PASSED] - waitForElementPresent(findTestObject("Page_daftarjual/tab_diminati"), 3): Element 'Object Repository/Page_daftarjual/tab_diminati' is present

2023-02-21 12:41:52 - [MESSAGE][PASSED] - Element 'Object Repository/Page_daftarjual/tab_diminati' is present

2023-02-21 12:41:52 - [TEST_STEP][PASSED] - tap(findTestObject("Page_daftarjual/tab_diminati"), 3): Tapped on element 'Object Repository/Page_daftarjual/tab_diminati'

2023-02-21 12:41:53 - [MESSAGE][PASSED] - Tapped on element 'Object Repository/Page_daftarjual/tab_diminati'

2023-02-21 12:41:53 - [MESSAGE][PASSED] - Call Test Case 'Test Cases/Pages/Page_daftarjual/Navigate to tab diminati' successfully

2023-02-21 12:41:53 - [TEST_STEP][PASSED] - callTestCase(findTestCase("Pages/Page_daftarjual/Tab_diminati/navigate to div langsung tolak"), [:], STOP_ON_FAILURE): Call Test Case 'Test Cases/Pages/Page_daftarjual/Tab_diminati/navigate to div langsung tolak' successfully

2023-02-21 12:41:53 - [TEST_CASE][PASSED] - Test Cases/Pages/Page_daftarjual/Tab_diminati/navigate to div langsung tolak: Test Cases/Pages/Page_daftarjual/Tab_diminati/navigate to div langsung tolak

2023-02-21 12:41:53 - [TEST_STEP][PASSED] - verifyElementVisible(findTestObject("Page_buy_product/tab_diminati/div_bid_langsung_tolak"), 3): Element 'Object Repository/Page_buy_product/tab_diminati/div_bid_langsung_tolak' is visible

2023-02-21 12:41:55 - [MESSAGE][PASSED] - Element 'Object Repository/Page_buy_product/tab_diminati/div_bid_langsung_tolak' is visible

2023-02-21 12:41:55 - [TEST_STEP][PASSED] - tap(findTestObject("Page_buy_product/tab_diminati/div_bid_langsung_tolak"), 3): Tapped on element 'Object Repository/Page_buy_product/tab_diminati/div_bid_langsung_tolak'

2023-02-21 12:41:56 - [MESSAGE][PASSED] - Tapped on element 'Object Repository/Page_buy_product/tab_diminati/div_bid_langsung_tolak'

2023-02-21 12:41:56 - [MESSAGE][PASSED] - Call Test Case 'Test Cases/Pages/Page_daftarjual/Tab_diminati/navigate to div langsung tolak' successfully

2023-02-21 12:41:56 - [TEST_STEP][PASSED] - callTestCase(findTestCase("Pages/Page_daftarjual/Tab_diminati/click Tolak"), [:], STOP_ON_FAILURE): Call Test Case 'Test Cases/Pages/Page_daftarjual/Tab_diminati/click Tolak' successfully

2023-02-21 12:41:56 - [TEST_CASE][PASSED] - Test Cases/Pages/Page_daftarjual/Tab_diminati/click Tolak: Test Cases/Pages/Page_daftarjual/Tab_diminati/click Tolak

2023-02-21 12:41:56 - [TEST_STEP][PASSED] - waitForElementPresent(findTestObject("Page_buy_product/tab_diminati/btn_tolak_langsung"), 3): Element 'Object Repository/Page_buy_product/tab_diminati/btn_tolak_langsung' is present

2023-02-21 12:41:56 - [MESSAGE][PASSED] - Element 'Object Repository/Page_buy_product/tab_diminati/btn_tolak_langsung' is present

2023-02-21 12:41:56 - [TEST_STEP][PASSED] - tap(findTestObject("Page_buy_product/tab_diminati/btn_tolak_langsung"), 3): Tapped on element 'Object Repository/Page_buy_product/tab_diminati/btn_tolak_langsung'

2023-02-21 12:41:58 - [MESSAGE][PASSED] - Tapped on element 'Object Repository/Page_buy_product/tab_diminati/btn_tolak_langsung'

2023-02-21 12:41:58 - [MESSAGE][PASSED] - Call Test Case 'Test Cases/Pages/Page_daftarjual/Tab_diminati/click Tolak' successfully

2023-02-21 12:41:58 - [TEST_STEP][PASSED] - callTestCase(findTestCase("Pages/Page_daftarjual/Tab_diminati/verifikasi Click Tolak Berhasil"), [:], STOP_ON_FAILURE): Call Test Case 'Test Cases/Pages/Page_daftarjual/Tab_diminati/verifikasi Click Tolak Berhasil' successfully

2023-02-21 12:41:58 - [TEST_CASE][PASSED] - Test Cases/Pages/Page_daftarjual/Tab_diminati/verifikasi Click Tolak Berhasil: Test Cases/Pages/Page_daftarjual/Tab_diminati/verifikasi Click Tolak Berhasil

2023-02-21 12:41:58 - [TEST_STEP][PASSED] - waitForElementPresent(findTestObject("Page_buy_product/tab_diminati/txt_verify_ditolak"), 6): Element 'Object Repository/Page_buy_product/tab_diminati/txt_verify_ditolak' is present

2023-02-21 12:41:59 - [MESSAGE][PASSED] - Element 'Object Repository/Page_buy_product/tab_diminati/txt_verify_ditolak' is present

2023-02-21 12:41:59 - [TEST_STEP][PASSED] - verifyElementVisible(findTestObject("Page_buy_product/tab_diminati/txt_verify_ditolak"), 6): Element 'Object Repository/Page_buy_product/tab_diminati/txt_verify_ditolak' is visible

2023-02-21 12:41:59 - [MESSAGE][PASSED] - Element 'Object Repository/Page_buy_product/tab_diminati/txt_verify_ditolak' is visible

2023-02-21 12:41:59 - [TEST_STEP][PASSED] - tap(findTestObject("Page_buy_product/tab_diminati/btn_back_to_diminati"), 3): Tapped on element 'Object Repository/Page_buy_product/tab_diminati/btn_back_to_diminati'

2023-02-21 12:42:00 - [MESSAGE][PASSED] - Tapped on element 'Object Repository/Page_buy_product/tab_diminati/btn_back_to_diminati'

2023-02-21 12:42:00 - [TEST_STEP][PASSED] - tap(findTestObject("Page_daftarjual/tab_produk"), 3): Tapped on element 'Object Repository/Page_daftarjual/tab_produk'

2023-02-21 12:42:01 - [MESSAGE][PASSED] - Tapped on element 'Object Repository/Page_daftarjual/tab_produk'

2023-02-21 12:42:01 - [MESSAGE][PASSED] - Call Test Case 'Test Cases/Pages/Page_daftarjual/Tab_diminati/verifikasi Click Tolak Berhasil' successfully

2023-02-21 12:42:01 - [TEST_STEP][PASSED] - callTestCase(findTestCase("Pages/Page_daftarjual/Navigate Delete dummy product"), [:], STOP_ON_FAILURE): Call Test Case 'Test Cases/Pages/Page_daftarjual/Navigate Delete dummy product' successfully

2023-02-21 12:42:01 - [TEST_CASE][PASSED] - Test Cases/Pages/Page_daftarjual/Navigate Delete dummy product: Test Cases/Pages/Page_daftarjual/Navigate Delete dummy product

2023-02-21 12:42:01 - [TEST_STEP][PASSED] - tap(findTestObject("Page_daftarjual/delete_dummy_product"), 3): Tapped on element 'Object Repository/Page_daftarjual/delete_dummy_product'

2023-02-21 12:42:03 - [MESSAGE][PASSED] - Tapped on element 'Object Repository/Page_daftarjual/delete_dummy_product'

2023-02-21 12:42:03 - [MESSAGE][PASSED] - Call Test Case 'Test Cases/Pages/Page_daftarjual/Navigate Delete dummy product' successfully

2023-02-21 12:42:03 - [TEST_STEP][PASSED] - callTestCase(findTestCase("Pages/Page_daftarjual/Click Confirmation Hapus"), [:], STOP_ON_FAILURE): Call Test Case 'Test Cases/Pages/Page_daftarjual/Click Confirmation Hapus' successfully

2023-02-21 12:42:03 - [TEST_CASE][PASSED] - Test Cases/Pages/Page_daftarjual/Click Confirmation Hapus: Test Cases/Pages/Page_daftarjual/Click Confirmation Hapus

2023-02-21 12:42:03 - [TEST_STEP][PASSED] - waitForElementPresent(findTestObject("Page_daftarjual/btn_confirmation_hapus"), 10): Element 'Object Repository/Page_daftarjual/btn_confirmation_hapus' is present

2023-02-21 12:42:03 - [MESSAGE][PASSED] - Element 'Object Repository/Page_daftarjual/btn_confirmation_hapus' is present

2023-02-21 12:42:03 - [TEST_STEP][PASSED] - tap(findTestObject("Page_daftarjual/btn_confirmation_hapus"), 10): Tapped on element 'Object Repository/Page_daftarjual/btn_confirmation_hapus'

2023-02-21 12:42:04 - [MESSAGE][PASSED] - Tapped on element 'Object Repository/Page_daftarjual/btn_confirmation_hapus'

2023-02-21 12:42:04 - [MESSAGE][PASSED] - Call Test Case 'Test Cases/Pages/Page_daftarjual/Click Confirmation Hapus' successfully

2023-02-21 12:42:04 - [TEST_STEP][PASSED] - callTestCase(findTestCase("Pages/Page_daftarjual/Back To Akun Menu"), [:], STOP_ON_FAILURE): Call Test Case 'Test Cases/Pages/Page_daftarjual/Back To Akun Menu' successfully

2023-02-21 12:42:04 - [TEST_CASE][PASSED] - Test Cases/Pages/Page_daftarjual/Back To Akun Menu: Test Cases/Pages/Page_daftarjual/Back To Akun Menu

2023-02-21 12:42:04 - [TEST_STEP][PASSED] - waitForElementPresent(findTestObject("Page_daftarjual/btn_back_daftarjual_to_menu_Akun"), 3): Element 'Object Repository/Page_daftarjual/btn_back_daftarjual_to_menu_Akun' is present

2023-02-21 12:42:05 - [MESSAGE][PASSED] - Element 'Object Repository/Page_daftarjual/btn_back_daftarjual_to_menu_Akun' is present

2023-02-21 12:42:05 - [TEST_STEP][PASSED] - tap(findTestObject("Page_daftarjual/btn_back_daftarjual_to_menu_Akun"), 3): Tapped on element 'Object Repository/Page_daftarjual/btn_back_daftarjual_to_menu_Akun'

2023-02-21 12:42:06 - [MESSAGE][PASSED] - Tapped on element 'Object Repository/Page_daftarjual/btn_back_daftarjual_to_menu_Akun'

2023-02-21 12:42:06 - [MESSAGE][PASSED] - Call Test Case 'Test Cases/Pages/Page_daftarjual/Back To Akun Menu' successfully

2023-02-21 12:42:06 - [TEST_STEP][PASSED] - callTestCase(findTestCase("Pages/Page_akun/Log Out Account"), [:], STOP_ON_FAILURE): Call Test Case 'Test Cases/Pages/Page_akun/Log Out Account' successfully

2023-02-21 12:42:06 - [TEST_CASE][PASSED] - Test Cases/Pages/Page_akun/Log Out Account: Test Cases/Pages/Page_akun/Log Out Account

2023-02-21 12:42:06 - [TEST_STEP][PASSED] - callTestCase(findTestCase("Pages/Page_home/Navigate to Menu Akun"), [:], STOP_ON_FAILURE): Call Test Case 'Test Cases/Pages/Page_home/Navigate to Menu Akun' successfully

2023-02-21 12:42:06 - [TEST_CASE][PASSED] - Test Cases/Pages/Page_home/Navigate to Menu Akun: Test Cases/Pages/Page_home/Navigate to Menu Akun

2023-02-21 12:42:06 - [TEST_STEP][PASSED] - waitForElementPresent(findTestObject("Page_home/nav_menu_akun"), 2): Element 'Object Repository/Page_home/nav_menu_akun' is present

2023-02-21 12:42:09 - [MESSAGE][PASSED] - Element 'Object Repository/Page_home/nav_menu_akun' is present

2023-02-21 12:42:09 - [TEST_STEP][PASSED] - tap(findTestObject("Page_home/nav_menu_akun"), 2): Tapped on element 'Object Repository/Page_home/nav_menu_akun'

2023-02-21 12:42:11 - [MESSAGE][PASSED] - Tapped on element 'Object Repository/Page_home/nav_menu_akun'

2023-02-21 12:42:11 - [MESSAGE][PASSED] - Call Test Case 'Test Cases/Pages/Page_home/Navigate to Menu Akun' successfully

2023-02-21 12:42:11 - [TEST_STEP][PASSED] - callTestCase(findTestCase("Pages/Page_home/Click button log out"), [:], STOP_ON_FAILURE): Call Test Case 'Test Cases/Pages/Page_home/Click button log out' successfully

2023-02-21 12:42:12 - [TEST_CASE][PASSED] - Test Cases/Pages/Page_home/Click button log out: Test Cases/Pages/Page_home/Click button log out

2023-02-21 12:42:12 - [TEST_STEP][PASSED] - verifyElementVisible(findTestObject("Page_home/btn_keluar"), 2): Element 'Object Repository/Page_home/btn_keluar' is visible

2023-02-21 12:42:12 - [MESSAGE][PASSED] - Element 'Object Repository/Page_home/btn_keluar' is visible

2023-02-21 12:42:12 - [TEST_STEP][PASSED] - checkElement(findTestObject("Page_home/btn_keluar"), 2): Element 'Object Repository/Page_home/btn_keluar' is checked

2023-02-21 12:42:14 - [MESSAGE][PASSED] - Element 'Object Repository/Page_home/btn_keluar' is checked

2023-02-21 12:42:14 - [MESSAGE][PASSED] - Call Test Case 'Test Cases/Pages/Page_home/Click button log out' successfully

2023-02-21 12:42:14 - [MESSAGE][PASSED] - Call Test Case 'Test Cases/Pages/Page_akun/Log Out Account' successfully]]></system-out>
         <system-err><![CDATA[]]></system-err>
      </testcase>
      <testcase name="Test Cases/Step Definition/Feature Decline Transaction/UTD002 - Change status to decline" time="50.445" classname="Test Cases/Step Definition/Feature Decline Transaction/UTD002 - Change status to decline" status="PASSED">
         <system-out><![CDATA[2023-02-21 12:42:14 - [TEST_CASE][PASSED] - Test Cases/Step Definition/Feature Decline Transaction/UTD002 - Change status to decline: Test Cases/Step Definition/Feature Decline Transaction/UTD002 - Change status to decline

2023-02-21 12:42:14 - [TEST_STEP][PASSED] - callTestCase(findTestCase("Pages/Page_home/Navigate to Menu Akun"), [:], STOP_ON_FAILURE): Call Test Case 'Test Cases/Pages/Page_home/Navigate to Menu Akun' successfully

2023-02-21 12:42:14 - [TEST_CASE][PASSED] - Test Cases/Pages/Page_home/Navigate to Menu Akun: Test Cases/Pages/Page_home/Navigate to Menu Akun

2023-02-21 12:42:14 - [TEST_STEP][PASSED] - waitForElementPresent(findTestObject("Page_home/nav_menu_akun"), 2): Element 'Object Repository/Page_home/nav_menu_akun' is present

2023-02-21 12:42:17 - [MESSAGE][PASSED] - Element 'Object Repository/Page_home/nav_menu_akun' is present

2023-02-21 12:42:17 - [TEST_STEP][PASSED] - tap(findTestObject("Page_home/nav_menu_akun"), 2): Tapped on element 'Object Repository/Page_home/nav_menu_akun'

2023-02-21 12:42:20 - [MESSAGE][PASSED] - Tapped on element 'Object Repository/Page_home/nav_menu_akun'

2023-02-21 12:42:20 - [MESSAGE][PASSED] - Call Test Case 'Test Cases/Pages/Page_home/Navigate to Menu Akun' successfully

2023-02-21 12:42:20 - [TEST_STEP][PASSED] - callTestCase(findTestCase("Pages/Page_akun/Click Masuk Button"), [:], STOP_ON_FAILURE): Call Test Case 'Test Cases/Pages/Page_akun/Click Masuk Button' successfully

2023-02-21 12:42:20 - [TEST_CASE][PASSED] - Test Cases/Pages/Page_akun/Click Masuk Button: Test Cases/Pages/Page_akun/Click Masuk Button

2023-02-21 12:42:20 - [TEST_STEP][PASSED] - waitForElementPresent(findTestObject("Page_akun/btn_masuk"), 2): Element 'Object Repository/Page_akun/btn_masuk' is present

2023-02-21 12:42:20 - [MESSAGE][PASSED] - Element 'Object Repository/Page_akun/btn_masuk' is present

2023-02-21 12:42:20 - [TEST_STEP][PASSED] - tap(findTestObject("Page_akun/btn_masuk"), 2): Tapped on element 'Object Repository/Page_akun/btn_masuk'

2023-02-21 12:42:22 - [MESSAGE][PASSED] - Tapped on element 'Object Repository/Page_akun/btn_masuk'

2023-02-21 12:42:22 - [MESSAGE][PASSED] - Call Test Case 'Test Cases/Pages/Page_akun/Click Masuk Button' successfully

2023-02-21 12:42:22 - [TEST_STEP][PASSED] - callTestCase(findTestCase("Pages/Page_login/Input Email"), ["email":email], STOP_ON_FAILURE): Call Test Case 'Test Cases/Pages/Page_login/Input Email' successfully

2023-02-21 12:42:22 - [TEST_CASE][PASSED] - Test Cases/Pages/Page_login/Input Email: Test Cases/Pages/Page_login/Input Email

2023-02-21 12:42:22 - [TEST_STEP][PASSED] - clearText(findTestObject("Page_login/textfield_email"), 3): Element 'Object Repository/Page_login/textfield_email' text is cleared

2023-02-21 12:42:22 - [MESSAGE][PASSED] - Element 'Object Repository/Page_login/textfield_email' text is cleared

2023-02-21 12:42:22 - [TEST_STEP][PASSED] - setText(findTestObject("Page_login/textfield_email"), email, 0): Text 'prionaratama@gmail.com' has been set to element 'Object Repository/Page_login/textfield_email'

2023-02-21 12:42:22 - [MESSAGE][WARNING] - Timeout '0' is invalid. Using default page load timeout: '30'

2023-02-21 12:42:24 - [MESSAGE][PASSED] - Text 'prionaratama@gmail.com' has been set to element 'Object Repository/Page_login/textfield_email'

2023-02-21 12:42:24 - [MESSAGE][PASSED] - Call Test Case 'Test Cases/Pages/Page_login/Input Email' successfully

2023-02-21 12:42:24 - [TEST_STEP][PASSED] - callTestCase(findTestCase("Pages/Page_login/Input Password"), ["password":password], STOP_ON_FAILURE): Call Test Case 'Test Cases/Pages/Page_login/Input Password' successfully

2023-02-21 12:42:24 - [TEST_CASE][PASSED] - Test Cases/Pages/Page_login/Input Password: Test Cases/Pages/Page_login/Input Password

2023-02-21 12:42:24 - [TEST_STEP][PASSED] - clearText(findTestObject("Page_login/textfield_password"), 3): Element 'Object Repository/Page_login/textfield_password' text is cleared

2023-02-21 12:42:25 - [MESSAGE][PASSED] - Element 'Object Repository/Page_login/textfield_password' text is cleared

2023-02-21 12:42:25 - [TEST_STEP][PASSED] - setText(findTestObject("Page_login/textfield_password"), password, 0): Text 'qwerty1234' has been set to element 'Object Repository/Page_login/textfield_password'

2023-02-21 12:42:25 - [MESSAGE][WARNING] - Timeout '0' is invalid. Using default page load timeout: '30'

2023-02-21 12:42:26 - [MESSAGE][PASSED] - Text 'qwerty1234' has been set to element 'Object Repository/Page_login/textfield_password'

2023-02-21 12:42:26 - [MESSAGE][PASSED] - Call Test Case 'Test Cases/Pages/Page_login/Input Password' successfully

2023-02-21 12:42:26 - [TEST_STEP][PASSED] - callTestCase(findTestCase("Pages/Page_login/Click Masuk"), [:], STOP_ON_FAILURE): Call Test Case 'Test Cases/Pages/Page_login/Click Masuk' successfully

2023-02-21 12:42:26 - [TEST_CASE][PASSED] - Test Cases/Pages/Page_login/Click Masuk: Test Cases/Pages/Page_login/Click Masuk

2023-02-21 12:42:26 - [TEST_STEP][PASSED] - waitForElementPresent(findTestObject("Page_login/btn_login"), 2): Element 'Object Repository/Page_login/btn_login' is present

2023-02-21 12:42:27 - [MESSAGE][PASSED] - Element 'Object Repository/Page_login/btn_login' is present

2023-02-21 12:42:27 - [TEST_STEP][PASSED] - tap(findTestObject("Page_login/btn_login"), 2): Tapped on element 'Object Repository/Page_login/btn_login'

2023-02-21 12:42:28 - [MESSAGE][PASSED] - Tapped on element 'Object Repository/Page_login/btn_login'

2023-02-21 12:42:28 - [MESSAGE][PASSED] - Call Test Case 'Test Cases/Pages/Page_login/Click Masuk' successfully

2023-02-21 12:42:28 - [TEST_STEP][PASSED] - callTestCase(findTestCase("Pages/Page_home/Navigate to Menu Akun"), [:], STOP_ON_FAILURE): Call Test Case 'Test Cases/Pages/Page_home/Navigate to Menu Akun' successfully

2023-02-21 12:42:28 - [TEST_CASE][PASSED] - Test Cases/Pages/Page_home/Navigate to Menu Akun: Test Cases/Pages/Page_home/Navigate to Menu Akun

2023-02-21 12:42:28 - [TEST_STEP][PASSED] - waitForElementPresent(findTestObject("Page_home/nav_menu_akun"), 2): Element 'Object Repository/Page_home/nav_menu_akun' is present

2023-02-21 12:42:31 - [MESSAGE][PASSED] - Element 'Object Repository/Page_home/nav_menu_akun' is present

2023-02-21 12:42:31 - [TEST_STEP][PASSED] - tap(findTestObject("Page_home/nav_menu_akun"), 2): Tapped on element 'Object Repository/Page_home/nav_menu_akun'

2023-02-21 12:42:33 - [MESSAGE][PASSED] - Tapped on element 'Object Repository/Page_home/nav_menu_akun'

2023-02-21 12:42:33 - [MESSAGE][PASSED] - Call Test Case 'Test Cases/Pages/Page_home/Navigate to Menu Akun' successfully

2023-02-21 12:42:33 - [TEST_STEP][PASSED] - callTestCase(findTestCase("Pages/Page_akun/Navigate to Daftar Jual Saya"), [:], STOP_ON_FAILURE): Call Test Case 'Test Cases/Pages/Page_akun/Navigate to Daftar Jual Saya' successfully

2023-02-21 12:42:33 - [TEST_CASE][PASSED] - Test Cases/Pages/Page_akun/Navigate to Daftar Jual Saya: Test Cases/Pages/Page_akun/Navigate to Daftar Jual Saya

2023-02-21 12:42:33 - [TEST_STEP][PASSED] - waitForElementPresent(findTestObject("Page_akun/btn_daftar_jual_saya"), 0): Element 'Object Repository/Page_akun/btn_daftar_jual_saya' is present

2023-02-21 12:42:33 - [MESSAGE][WARNING] - Timeout '0' is invalid. Using default page load timeout: '30'

2023-02-21 12:42:33 - [MESSAGE][PASSED] - Element 'Object Repository/Page_akun/btn_daftar_jual_saya' is present

2023-02-21 12:42:33 - [TEST_STEP][PASSED] - tap(findTestObject("Page_akun/btn_daftar_jual_saya"), 0): Tapped on element 'Object Repository/Page_akun/btn_daftar_jual_saya'

2023-02-21 12:42:33 - [MESSAGE][WARNING] - Timeout '0' is invalid. Using default page load timeout: '30'

2023-02-21 12:42:34 - [MESSAGE][PASSED] - Tapped on element 'Object Repository/Page_akun/btn_daftar_jual_saya'

2023-02-21 12:42:34 - [MESSAGE][PASSED] - Call Test Case 'Test Cases/Pages/Page_akun/Navigate to Daftar Jual Saya' successfully

2023-02-21 12:42:34 - [TEST_STEP][PASSED] - callTestCase(findTestCase("Pages/Page_daftarjual/Navigate to tab diminati"), [:], STOP_ON_FAILURE): Call Test Case 'Test Cases/Pages/Page_daftarjual/Navigate to tab diminati' successfully

2023-02-21 12:42:34 - [TEST_CASE][PASSED] - Test Cases/Pages/Page_daftarjual/Navigate to tab diminati: Test Cases/Pages/Page_daftarjual/Navigate to tab diminati

2023-02-21 12:42:34 - [TEST_STEP][PASSED] - waitForElementPresent(findTestObject("Page_daftarjual/tab_diminati"), 3): Element 'Object Repository/Page_daftarjual/tab_diminati' is present

2023-02-21 12:42:35 - [MESSAGE][PASSED] - Element 'Object Repository/Page_daftarjual/tab_diminati' is present

2023-02-21 12:42:35 - [TEST_STEP][PASSED] - tap(findTestObject("Page_daftarjual/tab_diminati"), 3): Tapped on element 'Object Repository/Page_daftarjual/tab_diminati'

2023-02-21 12:42:35 - [MESSAGE][PASSED] - Tapped on element 'Object Repository/Page_daftarjual/tab_diminati'

2023-02-21 12:42:35 - [MESSAGE][PASSED] - Call Test Case 'Test Cases/Pages/Page_daftarjual/Navigate to tab diminati' successfully

2023-02-21 12:42:35 - [TEST_STEP][PASSED] - callTestCase(findTestCase("Pages/Page_daftarjual/Tab_diminati/navigate to div ganti status"), [:], STOP_ON_FAILURE): Call Test Case 'Test Cases/Pages/Page_daftarjual/Tab_diminati/navigate to div ganti status' successfully

2023-02-21 12:42:35 - [TEST_CASE][PASSED] - Test Cases/Pages/Page_daftarjual/Tab_diminati/navigate to div ganti status: Test Cases/Pages/Page_daftarjual/Tab_diminati/navigate to div ganti status

2023-02-21 12:42:36 - [TEST_STEP][PASSED] - verifyElementVisible(findTestObject("Page_buy_product/tab_diminati/div_produkgantistatus"), 3): Element 'Object Repository/Page_buy_product/tab_diminati/div_produkgantistatus' is visible

2023-02-21 12:42:39 - [MESSAGE][PASSED] - Element 'Object Repository/Page_buy_product/tab_diminati/div_produkgantistatus' is visible

2023-02-21 12:42:39 - [TEST_STEP][PASSED] - tap(findTestObject("Page_buy_product/tab_diminati/div_produkgantistatus"), 3): Tapped on element 'Object Repository/Page_buy_product/tab_diminati/div_produkgantistatus'

2023-02-21 12:42:40 - [MESSAGE][PASSED] - Tapped on element 'Object Repository/Page_buy_product/tab_diminati/div_produkgantistatus'

2023-02-21 12:42:40 - [MESSAGE][PASSED] - Call Test Case 'Test Cases/Pages/Page_daftarjual/Tab_diminati/navigate to div ganti status' successfully

2023-02-21 12:42:40 - [TEST_STEP][PASSED] - callTestCase(findTestCase("Pages/Page_daftarjual/Tab_diminati/click terima"), [:], STOP_ON_FAILURE): Call Test Case 'Test Cases/Pages/Page_daftarjual/Tab_diminati/click terima' successfully

2023-02-21 12:42:40 - [TEST_CASE][PASSED] - Test Cases/Pages/Page_daftarjual/Tab_diminati/click terima: Test Cases/Pages/Page_daftarjual/Tab_diminati/click terima

2023-02-21 12:42:40 - [TEST_STEP][PASSED] - waitForElementPresent(findTestObject("Page_buy_product/tab_diminati/btn_terima"), 3): Element 'Object Repository/Page_buy_product/tab_diminati/btn_terima' is present

2023-02-21 12:42:41 - [MESSAGE][PASSED] - Element 'Object Repository/Page_buy_product/tab_diminati/btn_terima' is present

2023-02-21 12:42:41 - [TEST_STEP][PASSED] - tap(findTestObject("Page_buy_product/tab_diminati/btn_terima"), 3): Tapped on element 'Object Repository/Page_buy_product/tab_diminati/btn_terima'

2023-02-21 12:42:41 - [MESSAGE][PASSED] - Tapped on element 'Object Repository/Page_buy_product/tab_diminati/btn_terima'

2023-02-21 12:42:41 - [MESSAGE][PASSED] - Call Test Case 'Test Cases/Pages/Page_daftarjual/Tab_diminati/click terima' successfully

2023-02-21 12:42:41 - [TEST_STEP][PASSED] - callTestCase(findTestCase("Pages/Page_daftarjual/Tab_diminati/Change status to decline"), [:], STOP_ON_FAILURE): Call Test Case 'Test Cases/Pages/Page_daftarjual/Tab_diminati/Change status to decline' successfully

2023-02-21 12:42:42 - [TEST_CASE][PASSED] - Test Cases/Pages/Page_daftarjual/Tab_diminati/Change status to decline: Test Cases/Pages/Page_daftarjual/Tab_diminati/Change status to decline

2023-02-21 12:42:42 - [TEST_STEP][PASSED] - pressBack(): Press back button successfully

2023-02-21 12:42:44 - [MESSAGE][PASSED] - Press back button successfully

2023-02-21 12:42:44 - [TEST_STEP][PASSED] - tap(findTestObject("Page_buy_product/tab_diminati/btn_status"), 2): Tapped on element 'Object Repository/Page_buy_product/tab_diminati/btn_status'

2023-02-21 12:42:45 - [MESSAGE][PASSED] - Tapped on element 'Object Repository/Page_buy_product/tab_diminati/btn_status'

2023-02-21 12:42:45 - [TEST_STEP][PASSED] - tap(findTestObject("Page_buy_product/tab_diminati/choose Batalkan transaksi"), 2): Tapped on element 'Object Repository/Page_buy_product/tab_diminati/choose Batalkan transaksi'

2023-02-21 12:42:46 - [MESSAGE][PASSED] - Tapped on element 'Object Repository/Page_buy_product/tab_diminati/choose Batalkan transaksi'

2023-02-21 12:42:46 - [TEST_STEP][PASSED] - tap(findTestObject("Page_buy_product/tab_diminati/btn_save_change_status"), 2): Tapped on element 'Object Repository/Page_buy_product/tab_diminati/btn_save_change_status'

2023-02-21 12:42:47 - [MESSAGE][PASSED] - Tapped on element 'Object Repository/Page_buy_product/tab_diminati/btn_save_change_status'

2023-02-21 12:42:47 - [MESSAGE][PASSED] - Call Test Case 'Test Cases/Pages/Page_daftarjual/Tab_diminati/Change status to decline' successfully

2023-02-21 12:42:47 - [TEST_STEP][PASSED] - callTestCase(findTestCase("Pages/Page_daftarjual/Tab_diminati/back to diminati"), [:], STOP_ON_FAILURE): Call Test Case 'Test Cases/Pages/Page_daftarjual/Tab_diminati/back to diminati' successfully

2023-02-21 12:42:47 - [TEST_CASE][PASSED] - Test Cases/Pages/Page_daftarjual/Tab_diminati/back to diminati: Test Cases/Pages/Page_daftarjual/Tab_diminati/back to diminati

2023-02-21 12:42:47 - [TEST_STEP][PASSED] - tap(findTestObject("Page_buy_product/tab_diminati/btn_back_to_diminati"), 0): Tapped on element 'Object Repository/Page_buy_product/tab_diminati/btn_back_to_diminati'

2023-02-21 12:42:47 - [MESSAGE][WARNING] - Timeout '0' is invalid. Using default page load timeout: '30'

2023-02-21 12:42:48 - [MESSAGE][PASSED] - Tapped on element 'Object Repository/Page_buy_product/tab_diminati/btn_back_to_diminati'

2023-02-21 12:42:48 - [MESSAGE][PASSED] - Call Test Case 'Test Cases/Pages/Page_daftarjual/Tab_diminati/back to diminati' successfully

2023-02-21 12:42:48 - [TEST_STEP][PASSED] - delay(5, STOP_ON_FAILURE): Delayed 5 second(s)

2023-02-21 12:42:53 - [MESSAGE][PASSED] - Delayed 5 second(s)

2023-02-21 12:42:53 - [TEST_STEP][PASSED] - callTestCase(findTestCase("Pages/Page_daftarjual/Navigate to Produk Tab"), [:], STOP_ON_FAILURE): Call Test Case 'Test Cases/Pages/Page_daftarjual/Navigate to Produk Tab' successfully

2023-02-21 12:42:53 - [TEST_CASE][PASSED] - Test Cases/Pages/Page_daftarjual/Navigate to Produk Tab: Test Cases/Pages/Page_daftarjual/Navigate to Produk Tab

2023-02-21 12:42:53 - [TEST_STEP][PASSED] - tap(findTestObject("Page_daftarjual/tab_produk"), 0): Tapped on element 'Object Repository/Page_daftarjual/tab_produk'

2023-02-21 12:42:53 - [MESSAGE][WARNING] - Timeout '0' is invalid. Using default page load timeout: '30'

2023-02-21 12:42:54 - [MESSAGE][PASSED] - Tapped on element 'Object Repository/Page_daftarjual/tab_produk'

2023-02-21 12:42:54 - [MESSAGE][PASSED] - Call Test Case 'Test Cases/Pages/Page_daftarjual/Navigate to Produk Tab' successfully

2023-02-21 12:42:54 - [TEST_STEP][PASSED] - callTestCase(findTestCase("Pages/Page_daftarjual/Navigate Delete dummy product"), [:], STOP_ON_FAILURE): Call Test Case 'Test Cases/Pages/Page_daftarjual/Navigate Delete dummy product' successfully

2023-02-21 12:42:54 - [TEST_CASE][PASSED] - Test Cases/Pages/Page_daftarjual/Navigate Delete dummy product: Test Cases/Pages/Page_daftarjual/Navigate Delete dummy product

2023-02-21 12:42:54 - [TEST_STEP][PASSED] - tap(findTestObject("Page_daftarjual/delete_dummy_product"), 3): Tapped on element 'Object Repository/Page_daftarjual/delete_dummy_product'

2023-02-21 12:42:55 - [MESSAGE][PASSED] - Tapped on element 'Object Repository/Page_daftarjual/delete_dummy_product'

2023-02-21 12:42:55 - [MESSAGE][PASSED] - Call Test Case 'Test Cases/Pages/Page_daftarjual/Navigate Delete dummy product' successfully

2023-02-21 12:42:55 - [TEST_STEP][PASSED] - callTestCase(findTestCase("Pages/Page_daftarjual/Click Confirmation Hapus"), [:], STOP_ON_FAILURE): Call Test Case 'Test Cases/Pages/Page_daftarjual/Click Confirmation Hapus' successfully

2023-02-21 12:42:56 - [TEST_CASE][PASSED] - Test Cases/Pages/Page_daftarjual/Click Confirmation Hapus: Test Cases/Pages/Page_daftarjual/Click Confirmation Hapus

2023-02-21 12:42:56 - [TEST_STEP][PASSED] - waitForElementPresent(findTestObject("Page_daftarjual/btn_confirmation_hapus"), 10): Element 'Object Repository/Page_daftarjual/btn_confirmation_hapus' is present

2023-02-21 12:42:56 - [MESSAGE][PASSED] - Element 'Object Repository/Page_daftarjual/btn_confirmation_hapus' is present

2023-02-21 12:42:56 - [TEST_STEP][PASSED] - tap(findTestObject("Page_daftarjual/btn_confirmation_hapus"), 10): Tapped on element 'Object Repository/Page_daftarjual/btn_confirmation_hapus'

2023-02-21 12:42:56 - [MESSAGE][PASSED] - Tapped on element 'Object Repository/Page_daftarjual/btn_confirmation_hapus'

2023-02-21 12:42:56 - [MESSAGE][PASSED] - Call Test Case 'Test Cases/Pages/Page_daftarjual/Click Confirmation Hapus' successfully

2023-02-21 12:42:56 - [TEST_STEP][PASSED] - callTestCase(findTestCase("Pages/Page_daftarjual/Back To Akun Menu"), [:], STOP_ON_FAILURE): Call Test Case 'Test Cases/Pages/Page_daftarjual/Back To Akun Menu' successfully

2023-02-21 12:42:56 - [TEST_CASE][PASSED] - Test Cases/Pages/Page_daftarjual/Back To Akun Menu: Test Cases/Pages/Page_daftarjual/Back To Akun Menu

2023-02-21 12:42:56 - [TEST_STEP][PASSED] - waitForElementPresent(findTestObject("Page_daftarjual/btn_back_daftarjual_to_menu_Akun"), 3): Element 'Object Repository/Page_daftarjual/btn_back_daftarjual_to_menu_Akun' is present

2023-02-21 12:42:57 - [MESSAGE][PASSED] - Element 'Object Repository/Page_daftarjual/btn_back_daftarjual_to_menu_Akun' is present

2023-02-21 12:42:57 - [TEST_STEP][PASSED] - tap(findTestObject("Page_daftarjual/btn_back_daftarjual_to_menu_Akun"), 3): Tapped on element 'Object Repository/Page_daftarjual/btn_back_daftarjual_to_menu_Akun'

2023-02-21 12:42:59 - [MESSAGE][PASSED] - Tapped on element 'Object Repository/Page_daftarjual/btn_back_daftarjual_to_menu_Akun'

2023-02-21 12:42:59 - [MESSAGE][PASSED] - Call Test Case 'Test Cases/Pages/Page_daftarjual/Back To Akun Menu' successfully

2023-02-21 12:42:59 - [TEST_STEP][PASSED] - callTestCase(findTestCase("Pages/Page_akun/Log Out Account"), [:], STOP_ON_FAILURE): Call Test Case 'Test Cases/Pages/Page_akun/Log Out Account' successfully

2023-02-21 12:42:59 - [TEST_CASE][PASSED] - Test Cases/Pages/Page_akun/Log Out Account: Test Cases/Pages/Page_akun/Log Out Account

2023-02-21 12:42:59 - [TEST_STEP][PASSED] - callTestCase(findTestCase("Pages/Page_home/Navigate to Menu Akun"), [:], STOP_ON_FAILURE): Call Test Case 'Test Cases/Pages/Page_home/Navigate to Menu Akun' successfully

2023-02-21 12:42:59 - [TEST_CASE][PASSED] - Test Cases/Pages/Page_home/Navigate to Menu Akun: Test Cases/Pages/Page_home/Navigate to Menu Akun

2023-02-21 12:42:59 - [TEST_STEP][PASSED] - waitForElementPresent(findTestObject("Page_home/nav_menu_akun"), 2): Element 'Object Repository/Page_home/nav_menu_akun' is present

2023-02-21 12:43:01 - [MESSAGE][PASSED] - Element 'Object Repository/Page_home/nav_menu_akun' is present

2023-02-21 12:43:01 - [TEST_STEP][PASSED] - tap(findTestObject("Page_home/nav_menu_akun"), 2): Tapped on element 'Object Repository/Page_home/nav_menu_akun'

2023-02-21 12:43:03 - [MESSAGE][PASSED] - Tapped on element 'Object Repository/Page_home/nav_menu_akun'

2023-02-21 12:43:03 - [MESSAGE][PASSED] - Call Test Case 'Test Cases/Pages/Page_home/Navigate to Menu Akun' successfully

2023-02-21 12:43:03 - [TEST_STEP][PASSED] - callTestCase(findTestCase("Pages/Page_home/Click button log out"), [:], STOP_ON_FAILURE): Call Test Case 'Test Cases/Pages/Page_home/Click button log out' successfully

2023-02-21 12:43:03 - [TEST_CASE][PASSED] - Test Cases/Pages/Page_home/Click button log out: Test Cases/Pages/Page_home/Click button log out

2023-02-21 12:43:03 - [TEST_STEP][PASSED] - verifyElementVisible(findTestObject("Page_home/btn_keluar"), 2): Element 'Object Repository/Page_home/btn_keluar' is visible

2023-02-21 12:43:04 - [MESSAGE][PASSED] - Element 'Object Repository/Page_home/btn_keluar' is visible

2023-02-21 12:43:04 - [TEST_STEP][PASSED] - checkElement(findTestObject("Page_home/btn_keluar"), 2): Element 'Object Repository/Page_home/btn_keluar' is checked

2023-02-21 12:43:05 - [MESSAGE][PASSED] - Element 'Object Repository/Page_home/btn_keluar' is checked

2023-02-21 12:43:05 - [MESSAGE][PASSED] - Call Test Case 'Test Cases/Pages/Page_home/Click button log out' successfully

2023-02-21 12:43:05 - [MESSAGE][PASSED] - Call Test Case 'Test Cases/Pages/Page_akun/Log Out Account' successfully]]></system-out>
         <system-err><![CDATA[]]></system-err>
      </testcase>
      <system-out><![CDATA[2023-02-21 12:41:20 - [TEST_SUITE][PASSED] - Feature Decline Product: Test Cases/Step Definition/Feature Decline Transaction/UTD002 - Change status to decline]]></system-out>
      <system-err><![CDATA[]]></system-err>
   </testsuite>
</testsuites>
