<?xml version="1.0" encoding="UTF-8"?>
<testsuites name="Feature Accept Bid" time="68.876" tests="1" failures="0" errors="0">
   <testsuite name="Feature Accept Bid" tests="1" failures="0" errors="0" time="68.876" skipped="0" timestamp="2023-02-21 12:43:41" hostname="ADITIA ARGA PRATAMA - LAPTOP-L0K8P5OF" id="Test Suites/Feature Accept Bid">
      <properties>
         <property name="deviceName" value="samsung SM-A525F (Android 13)"/>
         <property name="devicePlatform" value=""/>
         <property name="logFolder" value="D:\\android-automation-testing-kelompok-1.git\\Reports\\20230221_120605\\Feature Accept Bid\\20230221_120636"/>
         <property name="logFiles" value="D:\\android-automation-testing-kelompok-1.git\\Reports\\20230221_120605\\Feature Accept Bid\\20230221_120636\\appium.log, D:\\android-automation-testing-kelompok-1.git\\Reports\\20230221_120605\\Feature Accept Bid\\20230221_120636\\execution0.log"/>
         <property name="attachments" value=""/>
         <property name="hostName" value="ADITIA ARGA PRATAMA - LAPTOP-L0K8P5OF"/>
         <property name="os" value="Windows 10 64bit"/>
         <property name="appiumServerStatus" value="{&quot;value&quot;:{&quot;build&quot;:{&quot;version&quot;:&quot;1.22.3&quot;}},&quot;sessionId&quot;:null,&quot;status&quot;:0}"/>
         <property name="katalonVersion" value="8.5.5.208"/>
         <property name="deviceOS" value="Android"/>
         <property name="appiumVersion" value="1.22.3"/>
         <property name="deviceModel" value="SM-A525F"/>
         <property name="hostAddress" value="192.168.0.139"/>
         <property name="deviceManufacturer" value="samsung"/>
         <property name="deviceId" value="RR8R602SN8Y"/>
         <property name="deviceName" value="samsung SM-A525F (Android 13)"/>
         <property name="deviceOSVersion" value="13"/>
      </properties>
      <testcase name="Test Cases/Step Definition/Feature Accept Bid/ACB001 - Accept Bid" time="57.004" classname="Test Cases/Step Definition/Feature Accept Bid/ACB001 - Accept Bid" status="PASSED">
         <system-out><![CDATA[2023-02-21 12:43:53 - [TEST_CASE][PASSED] - Test Cases/Step Definition/Feature Accept Bid/ACB001 - Accept Bid: Test Cases/Step Definition/Feature Accept Bid/ACB001 - Accept Bid

2023-02-21 12:43:53 - [TEST_STEP][PASSED] - callTestCase(findTestCase("Pages/Page_home/Navigate to Menu Akun"), [:], STOP_ON_FAILURE): Call Test Case 'Test Cases/Pages/Page_home/Navigate to Menu Akun' successfully

2023-02-21 12:43:53 - [TEST_CASE][PASSED] - Test Cases/Pages/Page_home/Navigate to Menu Akun: Test Cases/Pages/Page_home/Navigate to Menu Akun

2023-02-21 12:43:53 - [TEST_STEP][PASSED] - waitForElementPresent(findTestObject("Page_home/nav_menu_akun"), 2): Element 'Object Repository/Page_home/nav_menu_akun' is present

2023-02-21 12:43:56 - [MESSAGE][PASSED] - Element 'Object Repository/Page_home/nav_menu_akun' is present

2023-02-21 12:43:56 - [TEST_STEP][PASSED] - tap(findTestObject("Page_home/nav_menu_akun"), 2): Tapped on element 'Object Repository/Page_home/nav_menu_akun'

2023-02-21 12:43:58 - [MESSAGE][PASSED] - Tapped on element 'Object Repository/Page_home/nav_menu_akun'

2023-02-21 12:43:58 - [MESSAGE][PASSED] - Call Test Case 'Test Cases/Pages/Page_home/Navigate to Menu Akun' successfully

2023-02-21 12:43:58 - [TEST_STEP][PASSED] - callTestCase(findTestCase("Pages/Page_login/Navigate to Login Page"), [:], STOP_ON_FAILURE): Call Test Case 'Test Cases/Pages/Page_login/Navigate to Login Page' successfully

2023-02-21 12:43:58 - [TEST_CASE][PASSED] - Test Cases/Pages/Page_login/Navigate to Login Page: Test Cases/Pages/Page_login/Navigate to Login Page

2023-02-21 12:43:59 - [TEST_STEP][PASSED] - startApplication("APK/app-release.apk", false): Started app at: 'D:\android-automation-testing-kelompok-1.git\APK\app-release.apk'

2023-02-21 12:44:07 - [MESSAGE][PASSED] - Started app at: 'D:\android-automation-testing-kelompok-1.git\APK\app-release.apk'

2023-02-21 12:44:07 - [TEST_STEP][PASSED] - tap(findTestObject("Page_home/nav_menu_akun"), 2): Tapped on element 'Object Repository/Page_home/nav_menu_akun'

2023-02-21 12:44:10 - [MESSAGE][PASSED] - Tapped on element 'Object Repository/Page_home/nav_menu_akun'

2023-02-21 12:44:10 - [TEST_STEP][PASSED] - tap(findTestObject("Page_home/btn_masuk"), 2): Tapped on element 'Object Repository/Page_home/btn_masuk'

2023-02-21 12:44:10 - [MESSAGE][PASSED] - Tapped on element 'Object Repository/Page_home/btn_masuk'

2023-02-21 12:44:10 - [MESSAGE][PASSED] - Call Test Case 'Test Cases/Pages/Page_login/Navigate to Login Page' successfully

2023-02-21 12:44:10 - [TEST_STEP][PASSED] - callTestCase(findTestCase("Pages/Page_login/Input Email"), ["email":"Putriyulina45@gmail.com"], STOP_ON_FAILURE): Call Test Case 'Test Cases/Pages/Page_login/Input Email' successfully

2023-02-21 12:44:10 - [TEST_CASE][PASSED] - Test Cases/Pages/Page_login/Input Email: Test Cases/Pages/Page_login/Input Email

2023-02-21 12:44:10 - [TEST_STEP][PASSED] - clearText(findTestObject("Page_login/textfield_email"), 3): Element 'Object Repository/Page_login/textfield_email' text is cleared

2023-02-21 12:44:11 - [MESSAGE][PASSED] - Element 'Object Repository/Page_login/textfield_email' text is cleared

2023-02-21 12:44:11 - [TEST_STEP][PASSED] - setText(findTestObject("Page_login/textfield_email"), email, 0): Text 'Putriyulina45@gmail.com' has been set to element 'Object Repository/Page_login/textfield_email'

2023-02-21 12:44:11 - [MESSAGE][WARNING] - Timeout '0' is invalid. Using default page load timeout: '30'

2023-02-21 12:44:13 - [MESSAGE][PASSED] - Text 'Putriyulina45@gmail.com' has been set to element 'Object Repository/Page_login/textfield_email'

2023-02-21 12:44:13 - [MESSAGE][PASSED] - Call Test Case 'Test Cases/Pages/Page_login/Input Email' successfully

2023-02-21 12:44:13 - [TEST_STEP][PASSED] - callTestCase(findTestCase("Pages/Page_login/Input Password"), ["password":"Puyulputriyulina123"], STOP_ON_FAILURE): Call Test Case 'Test Cases/Pages/Page_login/Input Password' successfully

2023-02-21 12:44:13 - [TEST_CASE][PASSED] - Test Cases/Pages/Page_login/Input Password: Test Cases/Pages/Page_login/Input Password

2023-02-21 12:44:13 - [TEST_STEP][PASSED] - clearText(findTestObject("Page_login/textfield_password"), 3): Element 'Object Repository/Page_login/textfield_password' text is cleared

2023-02-21 12:44:14 - [MESSAGE][PASSED] - Element 'Object Repository/Page_login/textfield_password' text is cleared

2023-02-21 12:44:14 - [TEST_STEP][PASSED] - setText(findTestObject("Page_login/textfield_password"), password, 0): Text 'Puyulputriyulina123' has been set to element 'Object Repository/Page_login/textfield_password'

2023-02-21 12:44:14 - [MESSAGE][WARNING] - Timeout '0' is invalid. Using default page load timeout: '30'

2023-02-21 12:44:15 - [MESSAGE][PASSED] - Text 'Puyulputriyulina123' has been set to element 'Object Repository/Page_login/textfield_password'

2023-02-21 12:44:15 - [MESSAGE][PASSED] - Call Test Case 'Test Cases/Pages/Page_login/Input Password' successfully

2023-02-21 12:44:15 - [TEST_STEP][PASSED] - callTestCase(findTestCase("Pages/Page_login/Click Masuk"), [:], STOP_ON_FAILURE): Call Test Case 'Test Cases/Pages/Page_login/Click Masuk' successfully

2023-02-21 12:44:15 - [TEST_CASE][PASSED] - Test Cases/Pages/Page_login/Click Masuk: Test Cases/Pages/Page_login/Click Masuk

2023-02-21 12:44:16 - [TEST_STEP][PASSED] - waitForElementPresent(findTestObject("Page_login/btn_login"), 2): Element 'Object Repository/Page_login/btn_login' is present

2023-02-21 12:44:16 - [MESSAGE][PASSED] - Element 'Object Repository/Page_login/btn_login' is present

2023-02-21 12:44:16 - [TEST_STEP][PASSED] - tap(findTestObject("Page_login/btn_login"), 2): Tapped on element 'Object Repository/Page_login/btn_login'

2023-02-21 12:44:18 - [MESSAGE][PASSED] - Tapped on element 'Object Repository/Page_login/btn_login'

2023-02-21 12:44:18 - [MESSAGE][PASSED] - Call Test Case 'Test Cases/Pages/Page_login/Click Masuk' successfully

2023-02-21 12:44:18 - [TEST_STEP][PASSED] - callTestCase(findTestCase("Pages/Page_home/Navigate to Menu Akun"), [:], STOP_ON_FAILURE): Call Test Case 'Test Cases/Pages/Page_home/Navigate to Menu Akun' successfully

2023-02-21 12:44:18 - [TEST_CASE][PASSED] - Test Cases/Pages/Page_home/Navigate to Menu Akun: Test Cases/Pages/Page_home/Navigate to Menu Akun

2023-02-21 12:44:18 - [TEST_STEP][PASSED] - waitForElementPresent(findTestObject("Page_home/nav_menu_akun"), 2): Element 'Object Repository/Page_home/nav_menu_akun' is present

2023-02-21 12:44:20 - [MESSAGE][PASSED] - Element 'Object Repository/Page_home/nav_menu_akun' is present

2023-02-21 12:44:20 - [TEST_STEP][PASSED] - tap(findTestObject("Page_home/nav_menu_akun"), 2): Tapped on element 'Object Repository/Page_home/nav_menu_akun'

2023-02-21 12:44:23 - [MESSAGE][PASSED] - Tapped on element 'Object Repository/Page_home/nav_menu_akun'

2023-02-21 12:44:23 - [MESSAGE][PASSED] - Call Test Case 'Test Cases/Pages/Page_home/Navigate to Menu Akun' successfully

2023-02-21 12:44:23 - [TEST_STEP][PASSED] - callTestCase(findTestCase("Pages/Page_seller_list/Navigate to Daftar Jual"), [:], STOP_ON_FAILURE): Call Test Case 'Test Cases/Pages/Page_seller_list/Navigate to Daftar Jual' successfully

2023-02-21 12:44:23 - [TEST_CASE][PASSED] - Test Cases/Pages/Page_seller_list/Navigate to Daftar Jual: Test Cases/Pages/Page_seller_list/Navigate to Daftar Jual

2023-02-21 12:44:23 - [TEST_STEP][PASSED] - waitForElementPresent(findTestObject("Page_seller_list/viewgroup_daftar_jual"), 3): Element 'Object Repository/Page_seller_list/viewgroup_daftar_jual' is present

2023-02-21 12:44:23 - [MESSAGE][PASSED] - Element 'Object Repository/Page_seller_list/viewgroup_daftar_jual' is present

2023-02-21 12:44:23 - [TEST_STEP][PASSED] - tap(findTestObject("Page_seller_list/viewgroup_daftar_jual"), 0): Tapped on element 'Object Repository/Page_seller_list/viewgroup_daftar_jual'

2023-02-21 12:44:23 - [MESSAGE][WARNING] - Timeout '0' is invalid. Using default page load timeout: '30'

2023-02-21 12:44:24 - [MESSAGE][PASSED] - Tapped on element 'Object Repository/Page_seller_list/viewgroup_daftar_jual'

2023-02-21 12:44:24 - [MESSAGE][PASSED] - Call Test Case 'Test Cases/Pages/Page_seller_list/Navigate to Daftar Jual' successfully

2023-02-21 12:44:24 - [TEST_STEP][PASSED] - callTestCase(findTestCase("Pages/Page_seller_list/Click Diminati"), [:], STOP_ON_FAILURE): Call Test Case 'Test Cases/Pages/Page_seller_list/Click Diminati' successfully

2023-02-21 12:44:24 - [TEST_CASE][PASSED] - Test Cases/Pages/Page_seller_list/Click Diminati: Test Cases/Pages/Page_seller_list/Click Diminati

2023-02-21 12:44:24 - [TEST_STEP][PASSED] - waitForElementPresent(findTestObject("Page_seller_list/layout_diminati"), 3): Element 'Object Repository/Page_seller_list/layout_diminati' is present

2023-02-21 12:44:25 - [MESSAGE][PASSED] - Element 'Object Repository/Page_seller_list/layout_diminati' is present

2023-02-21 12:44:25 - [TEST_STEP][PASSED] - tap(findTestObject("Page_seller_list/layout_diminati"), 0): Tapped on element 'Object Repository/Page_seller_list/layout_diminati'

2023-02-21 12:44:25 - [MESSAGE][WARNING] - Timeout '0' is invalid. Using default page load timeout: '30'

2023-02-21 12:44:25 - [MESSAGE][PASSED] - Tapped on element 'Object Repository/Page_seller_list/layout_diminati'

2023-02-21 12:44:25 - [MESSAGE][PASSED] - Call Test Case 'Test Cases/Pages/Page_seller_list/Click Diminati' successfully

2023-02-21 12:44:25 - [TEST_STEP][PASSED] - callTestCase(findTestCase("Pages/Page_accept_bid/Click List Product Diminati"), [:], STOP_ON_FAILURE): Call Test Case 'Test Cases/Pages/Page_accept_bid/Click List Product Diminati' successfully

2023-02-21 12:44:25 - [TEST_CASE][PASSED] - Test Cases/Pages/Page_accept_bid/Click List Product Diminati: Test Cases/Pages/Page_accept_bid/Click List Product Diminati

2023-02-21 12:44:25 - [TEST_STEP][PASSED] - waitForElementPresent(findTestObject("Page_accept_bid/viewgroup_product_diminati"), 3): Object Object Repository/Page_accept_bid/viewgroup_product_diminati not found

2023-02-21 12:44:28 - [MESSAGE][WARNING] - Object Object Repository/Page_accept_bid/viewgroup_product_diminati not found

2023-02-21 12:44:28 - [TEST_STEP][PASSED] - tap(findTestObject("Page_accept_bid/viewgroup_product_diminati"), 0): Tapped on element 'Object Repository/Page_accept_bid/viewgroup_product_diminati'

2023-02-21 12:44:29 - [MESSAGE][WARNING] - Timeout '0' is invalid. Using default page load timeout: '30'

2023-02-21 12:44:33 - [MESSAGE][PASSED] - Tapped on element 'Object Repository/Page_accept_bid/viewgroup_product_diminati'

2023-02-21 12:44:33 - [MESSAGE][PASSED] - Call Test Case 'Test Cases/Pages/Page_accept_bid/Click List Product Diminati' successfully

2023-02-21 12:44:33 - [TEST_STEP][PASSED] - callTestCase(findTestCase("Pages/Page_accept_bid/Click Button Accept"), [:], STOP_ON_FAILURE): Call Test Case 'Test Cases/Pages/Page_accept_bid/Click Button Accept' successfully

2023-02-21 12:44:34 - [TEST_CASE][PASSED] - Test Cases/Pages/Page_accept_bid/Click Button Accept: Test Cases/Pages/Page_accept_bid/Click Button Accept

2023-02-21 12:44:34 - [TEST_STEP][PASSED] - waitForElementPresent(findTestObject("Page_accept_bid/button_accept_bid"), 3): Element 'Object Repository/Page_accept_bid/button_accept_bid' is present

2023-02-21 12:44:34 - [MESSAGE][PASSED] - Element 'Object Repository/Page_accept_bid/button_accept_bid' is present

2023-02-21 12:44:34 - [TEST_STEP][PASSED] - tap(findTestObject("Page_accept_bid/button_accept_bid"), 0): Tapped on element 'Object Repository/Page_accept_bid/button_accept_bid'

2023-02-21 12:44:34 - [MESSAGE][WARNING] - Timeout '0' is invalid. Using default page load timeout: '30'

2023-02-21 12:44:35 - [MESSAGE][PASSED] - Tapped on element 'Object Repository/Page_accept_bid/button_accept_bid'

2023-02-21 12:44:35 - [MESSAGE][PASSED] - Call Test Case 'Test Cases/Pages/Page_accept_bid/Click Button Accept' successfully

2023-02-21 12:44:35 - [TEST_STEP][PASSED] - callTestCase(findTestCase("Pages/Page_accept_bid/Success to Accept Bid"), [:], STOP_ON_FAILURE): Call Test Case 'Test Cases/Pages/Page_accept_bid/Success to Accept Bid' successfully

2023-02-21 12:44:35 - [TEST_CASE][PASSED] - Test Cases/Pages/Page_accept_bid/Success to Accept Bid: Test Cases/Pages/Page_accept_bid/Success to Accept Bid

2023-02-21 12:44:35 - [TEST_STEP][PASSED] - verifyElementExist(findTestObject("Page_accept_bid/viewgroup_accept_bid_success"), 0): Element 'Object Repository/Page_accept_bid/viewgroup_accept_bid_success' is exist

2023-02-21 12:44:35 - [MESSAGE][WARNING] - Timeout '0' is invalid. Using default page load timeout: '30'

2023-02-21 12:44:37 - [MESSAGE][PASSED] - Element 'Object Repository/Page_accept_bid/viewgroup_accept_bid_success' is exist

2023-02-21 12:44:37 - [MESSAGE][PASSED] - Call Test Case 'Test Cases/Pages/Page_accept_bid/Success to Accept Bid' successfully

2023-02-21 12:44:37 - [TEST_STEP][PASSED] - callTestCase(findTestCase("Pages/Page_accept_bid/Back to Detail Product"), [:], STOP_ON_FAILURE): Call Test Case 'Test Cases/Pages/Page_accept_bid/Back to Detail Product' successfully

2023-02-21 12:44:37 - [TEST_CASE][PASSED] - Test Cases/Pages/Page_accept_bid/Back to Detail Product: Test Cases/Pages/Page_accept_bid/Back to Detail Product

2023-02-21 12:44:37 - [TEST_STEP][PASSED] - waitForElementPresent(findTestObject("Page_accept_bid/frame_success_accept_bid"), 3): Element 'Object Repository/Page_accept_bid/frame_success_accept_bid' is present

2023-02-21 12:44:38 - [MESSAGE][PASSED] - Element 'Object Repository/Page_accept_bid/frame_success_accept_bid' is present

2023-02-21 12:44:38 - [TEST_STEP][PASSED] - pressBack(): Press back button successfully

2023-02-21 12:44:40 - [MESSAGE][PASSED] - Press back button successfully

2023-02-21 12:44:40 - [MESSAGE][PASSED] - Call Test Case 'Test Cases/Pages/Page_accept_bid/Back to Detail Product' successfully

2023-02-21 12:44:40 - [TEST_STEP][PASSED] - callTestCase(findTestCase("Pages/Page_accept_bid/Click Button Back to List Daftar Jual"), [:], STOP_ON_FAILURE): Call Test Case 'Test Cases/Pages/Page_accept_bid/Click Button Back to List Daftar Jual' successfully

2023-02-21 12:44:40 - [TEST_CASE][PASSED] - Test Cases/Pages/Page_accept_bid/Click Button Back to List Daftar Jual: Test Cases/Pages/Page_accept_bid/Click Button Back to List Daftar Jual

2023-02-21 12:44:40 - [TEST_STEP][PASSED] - waitForElementPresent(findTestObject("Page_accept_bid/image_back_to_list_daftar_jual"), 3): Element 'Object Repository/Page_accept_bid/image_back_to_list_daftar_jual' is present

2023-02-21 12:44:41 - [MESSAGE][PASSED] - Element 'Object Repository/Page_accept_bid/image_back_to_list_daftar_jual' is present

2023-02-21 12:44:41 - [TEST_STEP][PASSED] - tap(findTestObject("Page_accept_bid/image_back_to_list_daftar_jual"), 0): Tapped on element 'Object Repository/Page_accept_bid/image_back_to_list_daftar_jual'

2023-02-21 12:44:41 - [MESSAGE][WARNING] - Timeout '0' is invalid. Using default page load timeout: '30'

2023-02-21 12:44:42 - [MESSAGE][PASSED] - Tapped on element 'Object Repository/Page_accept_bid/image_back_to_list_daftar_jual'

2023-02-21 12:44:42 - [MESSAGE][PASSED] - Call Test Case 'Test Cases/Pages/Page_accept_bid/Click Button Back to List Daftar Jual' successfully

2023-02-21 12:44:42 - [TEST_STEP][PASSED] - callTestCase(findTestCase("Pages/Page_daftarjual/Back To Akun Menu"), [:], STOP_ON_FAILURE): Call Test Case 'Test Cases/Pages/Page_daftarjual/Back To Akun Menu' successfully

2023-02-21 12:44:42 - [TEST_CASE][PASSED] - Test Cases/Pages/Page_daftarjual/Back To Akun Menu: Test Cases/Pages/Page_daftarjual/Back To Akun Menu

2023-02-21 12:44:42 - [TEST_STEP][PASSED] - waitForElementPresent(findTestObject("Page_daftarjual/btn_back_daftarjual_to_menu_Akun"), 3): Element 'Object Repository/Page_daftarjual/btn_back_daftarjual_to_menu_Akun' is present

2023-02-21 12:44:42 - [MESSAGE][PASSED] - Element 'Object Repository/Page_daftarjual/btn_back_daftarjual_to_menu_Akun' is present

2023-02-21 12:44:42 - [TEST_STEP][PASSED] - tap(findTestObject("Page_daftarjual/btn_back_daftarjual_to_menu_Akun"), 3): Tapped on element 'Object Repository/Page_daftarjual/btn_back_daftarjual_to_menu_Akun'

2023-02-21 12:44:44 - [MESSAGE][PASSED] - Tapped on element 'Object Repository/Page_daftarjual/btn_back_daftarjual_to_menu_Akun'

2023-02-21 12:44:44 - [MESSAGE][PASSED] - Call Test Case 'Test Cases/Pages/Page_daftarjual/Back To Akun Menu' successfully

2023-02-21 12:44:44 - [TEST_STEP][PASSED] - callTestCase(findTestCase("Pages/Page_akun/Log Out Account"), [:], STOP_ON_FAILURE): Call Test Case 'Test Cases/Pages/Page_akun/Log Out Account' successfully

2023-02-21 12:44:44 - [TEST_CASE][PASSED] - Test Cases/Pages/Page_akun/Log Out Account: Test Cases/Pages/Page_akun/Log Out Account

2023-02-21 12:44:44 - [TEST_STEP][PASSED] - callTestCase(findTestCase("Pages/Page_home/Navigate to Menu Akun"), [:], STOP_ON_FAILURE): Call Test Case 'Test Cases/Pages/Page_home/Navigate to Menu Akun' successfully

2023-02-21 12:44:44 - [TEST_CASE][PASSED] - Test Cases/Pages/Page_home/Navigate to Menu Akun: Test Cases/Pages/Page_home/Navigate to Menu Akun

2023-02-21 12:44:44 - [TEST_STEP][PASSED] - waitForElementPresent(findTestObject("Page_home/nav_menu_akun"), 2): Element 'Object Repository/Page_home/nav_menu_akun' is present

2023-02-21 12:44:46 - [MESSAGE][PASSED] - Element 'Object Repository/Page_home/nav_menu_akun' is present

2023-02-21 12:44:46 - [TEST_STEP][PASSED] - tap(findTestObject("Page_home/nav_menu_akun"), 2): Tapped on element 'Object Repository/Page_home/nav_menu_akun'

2023-02-21 12:44:48 - [MESSAGE][PASSED] - Tapped on element 'Object Repository/Page_home/nav_menu_akun'

2023-02-21 12:44:48 - [MESSAGE][PASSED] - Call Test Case 'Test Cases/Pages/Page_home/Navigate to Menu Akun' successfully

2023-02-21 12:44:48 - [TEST_STEP][PASSED] - callTestCase(findTestCase("Pages/Page_home/Click button log out"), [:], STOP_ON_FAILURE): Call Test Case 'Test Cases/Pages/Page_home/Click button log out' successfully

2023-02-21 12:44:49 - [TEST_CASE][PASSED] - Test Cases/Pages/Page_home/Click button log out: Test Cases/Pages/Page_home/Click button log out

2023-02-21 12:44:49 - [TEST_STEP][PASSED] - verifyElementVisible(findTestObject("Page_home/btn_keluar"), 2): Element 'Object Repository/Page_home/btn_keluar' is visible

2023-02-21 12:44:49 - [MESSAGE][PASSED] - Element 'Object Repository/Page_home/btn_keluar' is visible

2023-02-21 12:44:49 - [TEST_STEP][PASSED] - checkElement(findTestObject("Page_home/btn_keluar"), 2): Element 'Object Repository/Page_home/btn_keluar' is checked

2023-02-21 12:44:50 - [MESSAGE][PASSED] - Element 'Object Repository/Page_home/btn_keluar' is checked

2023-02-21 12:44:50 - [MESSAGE][PASSED] - Call Test Case 'Test Cases/Pages/Page_home/Click button log out' successfully

2023-02-21 12:44:50 - [MESSAGE][PASSED] - Call Test Case 'Test Cases/Pages/Page_akun/Log Out Account' successfully]]></system-out>
         <system-err><![CDATA[]]></system-err>
      </testcase>
      <system-out><![CDATA[2023-02-21 12:43:41 - [TEST_SUITE][PASSED] - Feature Accept Bid: Test Cases/Step Definition/Feature Accept Bid/ACB001 - Accept Bid]]></system-out>
      <system-err><![CDATA[]]></system-err>
   </testsuite>
</testsuites>
