<?xml version="1.0" encoding="UTF-8"?>
<testsuites name="Feature Edit Product" time="87.069" tests="2" failures="0" errors="0">
   <testsuite name="Feature Edit Product" tests="2" failures="0" errors="0" time="87.069" skipped="0" timestamp="2023-02-21 12:32:06" hostname="ADITIA ARGA PRATAMA - LAPTOP-L0K8P5OF" id="Test Suites/Feature Edit Product">
      <properties>
         <property name="deviceName" value="samsung SM-A525F (Android 13)"/>
         <property name="devicePlatform" value=""/>
         <property name="logFolder" value="D:\\android-automation-testing-kelompok-1.git\\Reports\\20230221_120605\\Feature Edit Product\\20230221_120628"/>
         <property name="logFiles" value="D:\\android-automation-testing-kelompok-1.git\\Reports\\20230221_120605\\Feature Edit Product\\20230221_120628\\appium.log, D:\\android-automation-testing-kelompok-1.git\\Reports\\20230221_120605\\Feature Edit Product\\20230221_120628\\execution0.log"/>
         <property name="attachments" value=""/>
         <property name="hostName" value="ADITIA ARGA PRATAMA - LAPTOP-L0K8P5OF"/>
         <property name="os" value="Windows 10 64bit"/>
         <property name="appiumServerStatus" value="{&quot;value&quot;:{&quot;build&quot;:{&quot;version&quot;:&quot;1.22.3&quot;}},&quot;sessionId&quot;:null,&quot;status&quot;:0}"/>
         <property name="katalonVersion" value="8.5.5.208"/>
         <property name="deviceOS" value="Android"/>
         <property name="appiumVersion" value="1.22.3"/>
         <property name="deviceModel" value="SM-A525F"/>
         <property name="hostAddress" value="192.168.0.139"/>
         <property name="deviceManufacturer" value="samsung"/>
         <property name="deviceId" value="RR8R602SN8Y"/>
         <property name="deviceName" value="samsung SM-A525F (Android 13)"/>
         <property name="deviceOSVersion" value="13"/>
      </properties>
      <testcase name="Test Cases/Step Definition/Feature Edit Product/EDP001 - Cancel Edit Product" time="19.674" classname="Test Cases/Step Definition/Feature Edit Product/EDP001 - Cancel Edit Product" status="PASSED">
         <system-out><![CDATA[2023-02-21 12:32:18 - [TEST_CASE][PASSED] - Test Cases/Step Definition/Feature Edit Product/EDP001 - Cancel Edit Product: Test Cases/Step Definition/Feature Edit Product/EDP001 - Cancel Edit Product

2023-02-21 12:32:19 - [TEST_STEP][PASSED] - callTestCase(findTestCase("Pages/Page_home/Navigate to Menu Akun"), [:], STOP_ON_FAILURE): Call Test Case 'Test Cases/Pages/Page_home/Navigate to Menu Akun' successfully

2023-02-21 12:32:19 - [TEST_CASE][PASSED] - Test Cases/Pages/Page_home/Navigate to Menu Akun: Test Cases/Pages/Page_home/Navigate to Menu Akun

2023-02-21 12:32:19 - [TEST_STEP][PASSED] - waitForElementPresent(findTestObject("Page_home/nav_menu_akun"), 2): Element 'Object Repository/Page_home/nav_menu_akun' is present

2023-02-21 12:32:21 - [MESSAGE][PASSED] - Element 'Object Repository/Page_home/nav_menu_akun' is present

2023-02-21 12:32:21 - [TEST_STEP][PASSED] - tap(findTestObject("Page_home/nav_menu_akun"), 2): Tapped on element 'Object Repository/Page_home/nav_menu_akun'

2023-02-21 12:32:24 - [MESSAGE][PASSED] - Tapped on element 'Object Repository/Page_home/nav_menu_akun'

2023-02-21 12:32:24 - [MESSAGE][PASSED] - Call Test Case 'Test Cases/Pages/Page_home/Navigate to Menu Akun' successfully

2023-02-21 12:32:24 - [TEST_STEP][PASSED] - callTestCase(findTestCase("Pages/Page_akun/Click Masuk Button"), [:], STOP_ON_FAILURE): Call Test Case 'Test Cases/Pages/Page_akun/Click Masuk Button' successfully

2023-02-21 12:32:24 - [TEST_CASE][PASSED] - Test Cases/Pages/Page_akun/Click Masuk Button: Test Cases/Pages/Page_akun/Click Masuk Button

2023-02-21 12:32:24 - [TEST_STEP][PASSED] - waitForElementPresent(findTestObject("Page_akun/btn_masuk"), 2): Element 'Object Repository/Page_akun/btn_masuk' is present

2023-02-21 12:32:24 - [MESSAGE][PASSED] - Element 'Object Repository/Page_akun/btn_masuk' is present

2023-02-21 12:32:24 - [TEST_STEP][PASSED] - tap(findTestObject("Page_akun/btn_masuk"), 2): Tapped on element 'Object Repository/Page_akun/btn_masuk'

2023-02-21 12:32:25 - [MESSAGE][PASSED] - Tapped on element 'Object Repository/Page_akun/btn_masuk'

2023-02-21 12:32:25 - [MESSAGE][PASSED] - Call Test Case 'Test Cases/Pages/Page_akun/Click Masuk Button' successfully

2023-02-21 12:32:25 - [TEST_STEP][PASSED] - callTestCase(findTestCase("Pages/Page_login/Input Email"), ["email":email], STOP_ON_FAILURE): Call Test Case 'Test Cases/Pages/Page_login/Input Email' successfully

2023-02-21 12:32:25 - [TEST_CASE][PASSED] - Test Cases/Pages/Page_login/Input Email: Test Cases/Pages/Page_login/Input Email

2023-02-21 12:32:25 - [TEST_STEP][PASSED] - clearText(findTestObject("Page_login/textfield_email"), 3): Element 'Object Repository/Page_login/textfield_email' text is cleared

2023-02-21 12:32:26 - [MESSAGE][PASSED] - Element 'Object Repository/Page_login/textfield_email' text is cleared

2023-02-21 12:32:26 - [TEST_STEP][PASSED] - setText(findTestObject("Page_login/textfield_email"), email, 0): Text 'd.erprion@gmail.com' has been set to element 'Object Repository/Page_login/textfield_email'

2023-02-21 12:32:26 - [MESSAGE][WARNING] - Timeout '0' is invalid. Using default page load timeout: '30'

2023-02-21 12:32:28 - [MESSAGE][PASSED] - Text 'd.erprion@gmail.com' has been set to element 'Object Repository/Page_login/textfield_email'

2023-02-21 12:32:28 - [MESSAGE][PASSED] - Call Test Case 'Test Cases/Pages/Page_login/Input Email' successfully

2023-02-21 12:32:28 - [TEST_STEP][PASSED] - callTestCase(findTestCase("Pages/Page_login/Input Password"), ["password":password], STOP_ON_FAILURE): Call Test Case 'Test Cases/Pages/Page_login/Input Password' successfully

2023-02-21 12:32:28 - [TEST_CASE][PASSED] - Test Cases/Pages/Page_login/Input Password: Test Cases/Pages/Page_login/Input Password

2023-02-21 12:32:28 - [TEST_STEP][PASSED] - clearText(findTestObject("Page_login/textfield_password"), 3): Element 'Object Repository/Page_login/textfield_password' text is cleared

2023-02-21 12:32:28 - [MESSAGE][PASSED] - Element 'Object Repository/Page_login/textfield_password' text is cleared

2023-02-21 12:32:28 - [TEST_STEP][PASSED] - setText(findTestObject("Page_login/textfield_password"), password, 0): Text 'qwerty1234' has been set to element 'Object Repository/Page_login/textfield_password'

2023-02-21 12:32:28 - [MESSAGE][WARNING] - Timeout '0' is invalid. Using default page load timeout: '30'

2023-02-21 12:32:30 - [MESSAGE][PASSED] - Text 'qwerty1234' has been set to element 'Object Repository/Page_login/textfield_password'

2023-02-21 12:32:30 - [MESSAGE][PASSED] - Call Test Case 'Test Cases/Pages/Page_login/Input Password' successfully

2023-02-21 12:32:30 - [TEST_STEP][PASSED] - callTestCase(findTestCase("Pages/Page_login/Click Masuk"), [:], STOP_ON_FAILURE): Call Test Case 'Test Cases/Pages/Page_login/Click Masuk' successfully

2023-02-21 12:32:30 - [TEST_CASE][PASSED] - Test Cases/Pages/Page_login/Click Masuk: Test Cases/Pages/Page_login/Click Masuk

2023-02-21 12:32:30 - [TEST_STEP][PASSED] - waitForElementPresent(findTestObject("Page_login/btn_login"), 2): Element 'Object Repository/Page_login/btn_login' is present

2023-02-21 12:32:31 - [MESSAGE][PASSED] - Element 'Object Repository/Page_login/btn_login' is present

2023-02-21 12:32:31 - [TEST_STEP][PASSED] - tap(findTestObject("Page_login/btn_login"), 2): Tapped on element 'Object Repository/Page_login/btn_login'

2023-02-21 12:32:33 - [MESSAGE][PASSED] - Tapped on element 'Object Repository/Page_login/btn_login'

2023-02-21 12:32:33 - [MESSAGE][PASSED] - Call Test Case 'Test Cases/Pages/Page_login/Click Masuk' successfully

2023-02-21 12:32:33 - [TEST_STEP][PASSED] - callTestCase(findTestCase("Pages/Page_akun/Navigate to Daftar Jual Saya"), [:], STOP_ON_FAILURE): Call Test Case 'Test Cases/Pages/Page_akun/Navigate to Daftar Jual Saya' successfully

2023-02-21 12:32:33 - [TEST_CASE][PASSED] - Test Cases/Pages/Page_akun/Navigate to Daftar Jual Saya: Test Cases/Pages/Page_akun/Navigate to Daftar Jual Saya

2023-02-21 12:32:33 - [TEST_STEP][PASSED] - waitForElementPresent(findTestObject("Page_akun/btn_daftar_jual_saya"), 0): Element 'Object Repository/Page_akun/btn_daftar_jual_saya' is present

2023-02-21 12:32:33 - [MESSAGE][WARNING] - Timeout '0' is invalid. Using default page load timeout: '30'

2023-02-21 12:32:34 - [MESSAGE][PASSED] - Element 'Object Repository/Page_akun/btn_daftar_jual_saya' is present

2023-02-21 12:32:34 - [TEST_STEP][PASSED] - tap(findTestObject("Page_akun/btn_daftar_jual_saya"), 0): Tapped on element 'Object Repository/Page_akun/btn_daftar_jual_saya'

2023-02-21 12:32:34 - [MESSAGE][WARNING] - Timeout '0' is invalid. Using default page load timeout: '30'

2023-02-21 12:32:34 - [MESSAGE][PASSED] - Tapped on element 'Object Repository/Page_akun/btn_daftar_jual_saya'

2023-02-21 12:32:34 - [MESSAGE][PASSED] - Call Test Case 'Test Cases/Pages/Page_akun/Navigate to Daftar Jual Saya' successfully

2023-02-21 12:32:34 - [TEST_STEP][PASSED] - callTestCase(findTestCase("Pages/Page_daftarjual/Navigate to Edit Product"), [:], STOP_ON_FAILURE): Call Test Case 'Test Cases/Pages/Page_daftarjual/Navigate to Edit Product' successfully

2023-02-21 12:32:34 - [TEST_CASE][PASSED] - Test Cases/Pages/Page_daftarjual/Navigate to Edit Product: Test Cases/Pages/Page_daftarjual/Navigate to Edit Product

2023-02-21 12:32:34 - [TEST_STEP][PASSED] - waitForElementPresent(findTestObject("Page_daftarjual/txt_product_name"), 30): Element 'Object Repository/Page_daftarjual/txt_product_name' is present

2023-02-21 12:32:35 - [MESSAGE][PASSED] - Element 'Object Repository/Page_daftarjual/txt_product_name' is present

2023-02-21 12:32:35 - [TEST_STEP][PASSED] - tap(findTestObject("Page_daftarjual/txt_product_name"), 0): Tapped on element 'Object Repository/Page_daftarjual/txt_product_name'

2023-02-21 12:32:35 - [MESSAGE][WARNING] - Timeout '0' is invalid. Using default page load timeout: '30'

2023-02-21 12:32:37 - [MESSAGE][PASSED] - Tapped on element 'Object Repository/Page_daftarjual/txt_product_name'

2023-02-21 12:32:37 - [MESSAGE][PASSED] - Call Test Case 'Test Cases/Pages/Page_daftarjual/Navigate to Edit Product' successfully

2023-02-21 12:32:37 - [TEST_STEP][PASSED] - callTestCase(findTestCase("Pages/Page_ubah_produk/Cancel Edit Product"), [:], STOP_ON_FAILURE): Call Test Case 'Test Cases/Pages/Page_ubah_produk/Cancel Edit Product' successfully

2023-02-21 12:32:37 - [TEST_CASE][PASSED] - Test Cases/Pages/Page_ubah_produk/Cancel Edit Product: Test Cases/Pages/Page_ubah_produk/Cancel Edit Product

2023-02-21 12:32:37 - [TEST_STEP][PASSED] - waitForElementPresent(findTestObject("Page_ubah_produk/btn_cancel_edit"), 3): Element 'Object Repository/Page_ubah_produk/btn_cancel_edit' is present

2023-02-21 12:32:38 - [MESSAGE][PASSED] - Element 'Object Repository/Page_ubah_produk/btn_cancel_edit' is present

2023-02-21 12:32:38 - [TEST_STEP][PASSED] - tap(findTestObject("Page_ubah_produk/btn_cancel_edit"), 3): Tapped on element 'Object Repository/Page_ubah_produk/btn_cancel_edit'

2023-02-21 12:32:38 - [MESSAGE][PASSED] - Tapped on element 'Object Repository/Page_ubah_produk/btn_cancel_edit'

2023-02-21 12:32:38 - [MESSAGE][PASSED] - Call Test Case 'Test Cases/Pages/Page_ubah_produk/Cancel Edit Product' successfully]]></system-out>
         <system-err><![CDATA[]]></system-err>
      </testcase>
      <testcase name="Test Cases/Step Definition/Feature Edit Product/EDP002 - Edit product with valid information" time="54.549" classname="Test Cases/Step Definition/Feature Edit Product/EDP002 - Edit product with valid information" status="PASSED">
         <system-out><![CDATA[2023-02-21 12:32:38 - [TEST_CASE][PASSED] - Test Cases/Step Definition/Feature Edit Product/EDP002 - Edit product with valid information: Test Cases/Step Definition/Feature Edit Product/EDP002 - Edit product with valid information

2023-02-21 12:32:38 - [TEST_STEP][PASSED] - callTestCase(findTestCase("Pages/Page_daftarjual/Navigate to Edit Product"), [:], STOP_ON_FAILURE): Call Test Case 'Test Cases/Pages/Page_daftarjual/Navigate to Edit Product' successfully

2023-02-21 12:32:38 - [TEST_CASE][PASSED] - Test Cases/Pages/Page_daftarjual/Navigate to Edit Product: Test Cases/Pages/Page_daftarjual/Navigate to Edit Product

2023-02-21 12:32:38 - [TEST_STEP][PASSED] - waitForElementPresent(findTestObject("Page_daftarjual/txt_product_name"), 30): Element 'Object Repository/Page_daftarjual/txt_product_name' is present

2023-02-21 12:32:39 - [MESSAGE][PASSED] - Element 'Object Repository/Page_daftarjual/txt_product_name' is present

2023-02-21 12:32:39 - [TEST_STEP][PASSED] - tap(findTestObject("Page_daftarjual/txt_product_name"), 0): Tapped on element 'Object Repository/Page_daftarjual/txt_product_name'

2023-02-21 12:32:39 - [MESSAGE][WARNING] - Timeout '0' is invalid. Using default page load timeout: '30'

2023-02-21 12:32:40 - [MESSAGE][PASSED] - Tapped on element 'Object Repository/Page_daftarjual/txt_product_name'

2023-02-21 12:32:40 - [MESSAGE][PASSED] - Call Test Case 'Test Cases/Pages/Page_daftarjual/Navigate to Edit Product' successfully

2023-02-21 12:32:40 - [TEST_STEP][PASSED] - callTestCase(findTestCase("Pages/Page_ubah_produk/Verify element ubah produk present"), [:], STOP_ON_FAILURE): Call Test Case 'Test Cases/Pages/Page_ubah_produk/Verify element ubah produk present' successfully

2023-02-21 12:32:40 - [TEST_CASE][PASSED] - Test Cases/Pages/Page_ubah_produk/Verify element ubah produk present: Test Cases/Pages/Page_ubah_produk/Verify element ubah produk present

2023-02-21 12:32:40 - [TEST_STEP][PASSED] - verifyElementExist(findTestObject("Page_ubah_produk/title_page_ubah_produk"), 3): Element 'Object Repository/Page_ubah_produk/title_page_ubah_produk' is exist

2023-02-21 12:32:41 - [MESSAGE][PASSED] - Element 'Object Repository/Page_ubah_produk/title_page_ubah_produk' is exist

2023-02-21 12:32:41 - [TEST_STEP][PASSED] - verifyElementExist(findTestObject("Page_ubah_produk/btn_cancel_edit"), 3): Element 'Object Repository/Page_ubah_produk/btn_cancel_edit' is exist

2023-02-21 12:32:41 - [MESSAGE][PASSED] - Element 'Object Repository/Page_ubah_produk/btn_cancel_edit' is exist

2023-02-21 12:32:41 - [TEST_STEP][PASSED] - verifyElementExist(findTestObject("Page_ubah_produk/input_product_name"), 3): Element 'Object Repository/Page_ubah_produk/input_product_name' is exist

2023-02-21 12:32:42 - [MESSAGE][PASSED] - Element 'Object Repository/Page_ubah_produk/input_product_name' is exist

2023-02-21 12:32:42 - [TEST_STEP][PASSED] - verifyElementExist(findTestObject("Page_ubah_produk/input_product_price"), 3): Element 'Object Repository/Page_ubah_produk/input_product_price' is exist

2023-02-21 12:32:42 - [MESSAGE][PASSED] - Element 'Object Repository/Page_ubah_produk/input_product_price' is exist

2023-02-21 12:32:42 - [TEST_STEP][PASSED] - verifyElementExist(findTestObject("Page_ubah_produk/choose_kategori"), 3): Element 'Object Repository/Page_ubah_produk/choose_kategori' is exist

2023-02-21 12:32:42 - [MESSAGE][PASSED] - Element 'Object Repository/Page_ubah_produk/choose_kategori' is exist

2023-02-21 12:32:42 - [TEST_STEP][PASSED] - verifyElementExist(findTestObject("Page_ubah_produk/input_location"), 3): Element 'Object Repository/Page_ubah_produk/input_location' is exist

2023-02-21 12:32:43 - [MESSAGE][PASSED] - Element 'Object Repository/Page_ubah_produk/input_location' is exist

2023-02-21 12:32:43 - [TEST_STEP][PASSED] - verifyElementExist(findTestObject("Page_ubah_produk/input_product_description"), 3): Element 'Object Repository/Page_ubah_produk/input_product_description' is exist

2023-02-21 12:32:43 - [MESSAGE][PASSED] - Element 'Object Repository/Page_ubah_produk/input_product_description' is exist

2023-02-21 12:32:43 - [TEST_STEP][PASSED] - verifyElementExist(findTestObject("Page_ubah_produk/upload_new_photo"), 3): Element 'Object Repository/Page_ubah_produk/upload_new_photo' is exist

2023-02-21 12:32:44 - [MESSAGE][PASSED] - Element 'Object Repository/Page_ubah_produk/upload_new_photo' is exist

2023-02-21 12:32:44 - [TEST_STEP][PASSED] - verifyElementExist(findTestObject("Page_ubah_produk/btn_perbarui_produk"), 2): Element 'Object Repository/Page_ubah_produk/btn_perbarui_produk' is exist

2023-02-21 12:32:44 - [MESSAGE][PASSED] - Element 'Object Repository/Page_ubah_produk/btn_perbarui_produk' is exist

2023-02-21 12:32:44 - [MESSAGE][PASSED] - Call Test Case 'Test Cases/Pages/Page_ubah_produk/Verify element ubah produk present' successfully

2023-02-21 12:32:44 - [TEST_STEP][PASSED] - callTestCase(findTestCase("Pages/Page_ubah_produk/Input product name"), ["product_name":product_name], STOP_ON_FAILURE): Call Test Case 'Test Cases/Pages/Page_ubah_produk/Input product name' successfully

2023-02-21 12:32:44 - [TEST_CASE][PASSED] - Test Cases/Pages/Page_ubah_produk/Input product name: Test Cases/Pages/Page_ubah_produk/Input product name

2023-02-21 12:32:44 - [TEST_STEP][PASSED] - clearText(findTestObject("Page_ubah_produk/input_product_name"), 2): Element 'Object Repository/Page_ubah_produk/input_product_name' text is cleared

2023-02-21 12:32:45 - [MESSAGE][PASSED] - Element 'Object Repository/Page_ubah_produk/input_product_name' text is cleared

2023-02-21 12:32:45 - [TEST_STEP][PASSED] - setText(findTestObject("Page_ubah_produk/input_product_name"), product_name, 0): Text 'edit produk berhasil' has been set to element 'Object Repository/Page_ubah_produk/input_product_name'

2023-02-21 12:32:45 - [MESSAGE][WARNING] - Timeout '0' is invalid. Using default page load timeout: '30'

2023-02-21 12:32:47 - [MESSAGE][PASSED] - Text 'edit produk berhasil' has been set to element 'Object Repository/Page_ubah_produk/input_product_name'

2023-02-21 12:32:47 - [MESSAGE][PASSED] - Call Test Case 'Test Cases/Pages/Page_ubah_produk/Input product name' successfully

2023-02-21 12:32:47 - [TEST_STEP][PASSED] - callTestCase(findTestCase("Pages/Page_ubah_produk/Input product price"), ["product_price":product_price], STOP_ON_FAILURE): Call Test Case 'Test Cases/Pages/Page_ubah_produk/Input product price' successfully

2023-02-21 12:32:47 - [TEST_CASE][PASSED] - Test Cases/Pages/Page_ubah_produk/Input product price: Test Cases/Pages/Page_ubah_produk/Input product price

2023-02-21 12:32:47 - [TEST_STEP][PASSED] - clearText(findTestObject("Page_ubah_produk/input_product_price"), 2): Element 'Object Repository/Page_ubah_produk/input_product_price' text is cleared

2023-02-21 12:32:48 - [MESSAGE][PASSED] - Element 'Object Repository/Page_ubah_produk/input_product_price' text is cleared

2023-02-21 12:32:48 - [TEST_STEP][PASSED] - setText(findTestObject("Page_ubah_produk/input_product_price"), product_price, 0): Text '333333333' has been set to element 'Object Repository/Page_ubah_produk/input_product_price'

2023-02-21 12:32:48 - [MESSAGE][WARNING] - Timeout '0' is invalid. Using default page load timeout: '30'

2023-02-21 12:32:49 - [MESSAGE][PASSED] - Text '333333333' has been set to element 'Object Repository/Page_ubah_produk/input_product_price'

2023-02-21 12:32:49 - [MESSAGE][PASSED] - Call Test Case 'Test Cases/Pages/Page_ubah_produk/Input product price' successfully

2023-02-21 12:32:49 - [TEST_STEP][PASSED] - callTestCase(findTestCase("Pages/Page_ubah_produk/Input location"), ["location":location], STOP_ON_FAILURE): Call Test Case 'Test Cases/Pages/Page_ubah_produk/Input location' successfully

2023-02-21 12:32:49 - [TEST_CASE][PASSED] - Test Cases/Pages/Page_ubah_produk/Input location: Test Cases/Pages/Page_ubah_produk/Input location

2023-02-21 12:32:50 - [TEST_STEP][PASSED] - clearText(findTestObject("Page_ubah_produk/input_location"), 1): Element 'Object Repository/Page_ubah_produk/input_location' text is cleared

2023-02-21 12:32:50 - [MESSAGE][PASSED] - Element 'Object Repository/Page_ubah_produk/input_location' text is cleared

2023-02-21 12:32:50 - [TEST_STEP][PASSED] - setText(findTestObject("Page_ubah_produk/input_location"), location, 0): Text 'Bandung' has been set to element 'Object Repository/Page_ubah_produk/input_location'

2023-02-21 12:32:50 - [MESSAGE][WARNING] - Timeout '0' is invalid. Using default page load timeout: '30'

2023-02-21 12:32:53 - [MESSAGE][PASSED] - Text 'Bandung' has been set to element 'Object Repository/Page_ubah_produk/input_location'

2023-02-21 12:32:53 - [MESSAGE][PASSED] - Call Test Case 'Test Cases/Pages/Page_ubah_produk/Input location' successfully

2023-02-21 12:32:53 - [TEST_STEP][PASSED] - callTestCase(findTestCase("Pages/Page_ubah_produk/Input Description"), ["product_description":product_description], STOP_ON_FAILURE): Call Test Case 'Test Cases/Pages/Page_ubah_produk/Input Description' successfully

2023-02-21 12:32:53 - [TEST_CASE][PASSED] - Test Cases/Pages/Page_ubah_produk/Input Description: Test Cases/Pages/Page_ubah_produk/Input Description

2023-02-21 12:32:53 - [TEST_STEP][PASSED] - clearText(findTestObject("Page_ubah_produk/input_product_description"), 1): Element 'Object Repository/Page_ubah_produk/input_product_description' text is cleared

2023-02-21 12:32:53 - [MESSAGE][PASSED] - Element 'Object Repository/Page_ubah_produk/input_product_description' text is cleared

2023-02-21 12:32:53 - [TEST_STEP][PASSED] - setText(findTestObject("Page_ubah_produk/input_product_description"), product_description, 0): Text 'edit deksripsi produk' has been set to element 'Object Repository/Page_ubah_produk/input_product_description'

2023-02-21 12:32:54 - [MESSAGE][WARNING] - Timeout '0' is invalid. Using default page load timeout: '30'

2023-02-21 12:32:55 - [MESSAGE][PASSED] - Text 'edit deksripsi produk' has been set to element 'Object Repository/Page_ubah_produk/input_product_description'

2023-02-21 12:32:55 - [MESSAGE][PASSED] - Call Test Case 'Test Cases/Pages/Page_ubah_produk/Input Description' successfully

2023-02-21 12:32:55 - [TEST_STEP][PASSED] - callTestCase(findTestCase("Pages/Page_ubah_produk/Choose New Category"), [:], STOP_ON_FAILURE): Call Test Case 'Test Cases/Pages/Page_ubah_produk/Choose New Category' successfully

2023-02-21 12:32:55 - [TEST_CASE][PASSED] - Test Cases/Pages/Page_ubah_produk/Choose New Category: Test Cases/Pages/Page_ubah_produk/Choose New Category

2023-02-21 12:32:55 - [TEST_STEP][PASSED] - tap(findTestObject("Page_ubah_produk/btn_hapus_elektronik"), 30, STOP_ON_FAILURE): Tapped on element 'Object Repository/Page_ubah_produk/btn_hapus_elektronik'

2023-02-21 12:32:56 - [MESSAGE][PASSED] - Tapped on element 'Object Repository/Page_ubah_produk/btn_hapus_elektronik'

2023-02-21 12:32:56 - [TEST_STEP][PASSED] - tap(findTestObject("Page_ubah_produk/choose_kategori"), 2): Tapped on element 'Object Repository/Page_ubah_produk/choose_kategori'

2023-02-21 12:32:57 - [MESSAGE][PASSED] - Tapped on element 'Object Repository/Page_ubah_produk/choose_kategori'

2023-02-21 12:32:57 - [TEST_STEP][PASSED] - tap(findTestObject("Page_ubah_produk/choose_new_kategori"), 30, STOP_ON_FAILURE): Tapped on element 'Object Repository/Page_ubah_produk/choose_new_kategori'

2023-02-21 12:32:59 - [MESSAGE][PASSED] - Tapped on element 'Object Repository/Page_ubah_produk/choose_new_kategori'

2023-02-21 12:32:59 - [MESSAGE][PASSED] - Call Test Case 'Test Cases/Pages/Page_ubah_produk/Choose New Category' successfully

2023-02-21 12:32:59 - [TEST_STEP][PASSED] - callTestCase(findTestCase("Pages/Page_ubah_produk/upload photo"), [:], STOP_ON_FAILURE): Call Test Case 'Test Cases/Pages/Page_ubah_produk/upload photo' successfully

2023-02-21 12:32:59 - [TEST_CASE][PASSED] - Test Cases/Pages/Page_ubah_produk/upload photo: Test Cases/Pages/Page_ubah_produk/upload photo

2023-02-21 12:33:00 - [TEST_STEP][PASSED] - delay(3, STOP_ON_FAILURE): Delayed 3 second(s)

2023-02-21 12:33:03 - [MESSAGE][PASSED] - Delayed 3 second(s)

2023-02-21 12:33:03 - [TEST_STEP][PASSED] - tap(findTestObject("Page_ubah_produk/upload_new_photo"), 3): Tapped on element 'Object Repository/Page_ubah_produk/upload_new_photo'

2023-02-21 12:33:03 - [MESSAGE][PASSED] - Tapped on element 'Object Repository/Page_ubah_produk/upload_new_photo'

2023-02-21 12:33:03 - [TEST_STEP][PASSED] - waitForElementPresent(findTestObject("Page_ubah_produk/btn_galeri"), 3): Element 'Object Repository/Page_ubah_produk/btn_galeri' is present

2023-02-21 12:33:04 - [MESSAGE][PASSED] - Element 'Object Repository/Page_ubah_produk/btn_galeri' is present

2023-02-21 12:33:04 - [TEST_STEP][PASSED] - tap(findTestObject("Page_ubah_produk/btn_galeri"), 3): Tapped on element 'Object Repository/Page_ubah_produk/btn_galeri'

2023-02-21 12:33:05 - [MESSAGE][PASSED] - Tapped on element 'Object Repository/Page_ubah_produk/btn_galeri'

2023-02-21 12:33:05 - [TEST_STEP][PASSED] - delay(5, STOP_ON_FAILURE): Delayed 5 second(s)

2023-02-21 12:33:10 - [MESSAGE][PASSED] - Delayed 5 second(s)

2023-02-21 12:33:10 - [TEST_STEP][PASSED] - tap(findTestObject("Page_ubah_produk/choose_new_photo"), 3): Tapped on element 'Object Repository/Page_ubah_produk/choose_new_photo'

2023-02-21 12:33:10 - [MESSAGE][PASSED] - Tapped on element 'Object Repository/Page_ubah_produk/choose_new_photo'

2023-02-21 12:33:10 - [MESSAGE][PASSED] - Call Test Case 'Test Cases/Pages/Page_ubah_produk/upload photo' successfully

2023-02-21 12:33:10 - [TEST_STEP][PASSED] - callTestCase(findTestCase("Pages/Page_ubah_produk/Click Perbarui Produk"), [:], STOP_ON_FAILURE): Call Test Case 'Test Cases/Pages/Page_ubah_produk/Click Perbarui Produk' successfully

2023-02-21 12:33:10 - [TEST_CASE][PASSED] - Test Cases/Pages/Page_ubah_produk/Click Perbarui Produk: Test Cases/Pages/Page_ubah_produk/Click Perbarui Produk

2023-02-21 12:33:11 - [TEST_STEP][PASSED] - tap(findTestObject("Page_ubah_produk/btn_perbarui_produk"), 3): Tapped on element 'Object Repository/Page_ubah_produk/btn_perbarui_produk'

2023-02-21 12:33:13 - [MESSAGE][PASSED] - Tapped on element 'Object Repository/Page_ubah_produk/btn_perbarui_produk'

2023-02-21 12:33:13 - [MESSAGE][PASSED] - Call Test Case 'Test Cases/Pages/Page_ubah_produk/Click Perbarui Produk' successfully

2023-02-21 12:33:13 - [TEST_STEP][PASSED] - callTestCase(findTestCase("Pages/Page_daftarjual/Verify Edit Product Success"), [:], STOP_ON_FAILURE): Call Test Case 'Test Cases/Pages/Page_daftarjual/Verify Edit Product Success' successfully

2023-02-21 12:33:13 - [TEST_CASE][PASSED] - Test Cases/Pages/Page_daftarjual/Verify Edit Product Success: Test Cases/Pages/Page_daftarjual/Verify Edit Product Success

2023-02-21 12:33:13 - [TEST_STEP][PASSED] - delay(6, STOP_ON_FAILURE): Delayed 6 second(s)

2023-02-21 12:33:19 - [MESSAGE][PASSED] - Delayed 6 second(s)

2023-02-21 12:33:19 - [TEST_STEP][PASSED] - tap(findTestObject("Page_daftarjual/btn_back_daftarjual_to_menu_Akun"), 10): Tapped on element 'Object Repository/Page_daftarjual/btn_back_daftarjual_to_menu_Akun'

2023-02-21 12:33:19 - [MESSAGE][PASSED] - Tapped on element 'Object Repository/Page_daftarjual/btn_back_daftarjual_to_menu_Akun'

2023-02-21 12:33:19 - [TEST_STEP][PASSED] - tap(findTestObject("Page_akun/btn_daftar_jual_saya"), 10): Tapped on element 'Object Repository/Page_akun/btn_daftar_jual_saya'

2023-02-21 12:33:21 - [MESSAGE][PASSED] - Tapped on element 'Object Repository/Page_akun/btn_daftar_jual_saya'

2023-02-21 12:33:21 - [TEST_STEP][PASSED] - waitForElementPresent(findTestObject("Page_daftarjual/txt_edit_produk"), 10): Element 'Object Repository/Page_daftarjual/txt_edit_produk' is present

2023-02-21 12:33:22 - [MESSAGE][PASSED] - Element 'Object Repository/Page_daftarjual/txt_edit_produk' is present

2023-02-21 12:33:22 - [TEST_STEP][PASSED] - verifyElementExist(findTestObject("Page_daftarjual/txt_edit_produk"), 10): Element 'Object Repository/Page_daftarjual/txt_edit_produk' is exist

2023-02-21 12:33:23 - [MESSAGE][PASSED] - Element 'Object Repository/Page_daftarjual/txt_edit_produk' is exist

2023-02-21 12:33:23 - [TEST_STEP][PASSED] - waitForElementPresent(findTestObject("Page_daftarjual/txt_edit_kategori"), 10): Element 'Object Repository/Page_daftarjual/txt_edit_kategori' is present

2023-02-21 12:33:23 - [MESSAGE][PASSED] - Element 'Object Repository/Page_daftarjual/txt_edit_kategori' is present

2023-02-21 12:33:23 - [TEST_STEP][PASSED] - verifyElementExist(findTestObject("Page_daftarjual/txt_edit_kategori"), 10): Element 'Object Repository/Page_daftarjual/txt_edit_kategori' is exist

2023-02-21 12:33:24 - [MESSAGE][PASSED] - Element 'Object Repository/Page_daftarjual/txt_edit_kategori' is exist

2023-02-21 12:33:24 - [TEST_STEP][PASSED] - waitForElementPresent(findTestObject("Page_daftarjual/txt_edit_harga"), 10): Element 'Object Repository/Page_daftarjual/txt_edit_harga' is present

2023-02-21 12:33:24 - [MESSAGE][PASSED] - Element 'Object Repository/Page_daftarjual/txt_edit_harga' is present

2023-02-21 12:33:24 - [TEST_STEP][PASSED] - verifyElementExist(findTestObject("Page_daftarjual/txt_edit_harga"), 10): Element 'Object Repository/Page_daftarjual/txt_edit_harga' is exist

2023-02-21 12:33:24 - [MESSAGE][PASSED] - Element 'Object Repository/Page_daftarjual/txt_edit_harga' is exist

2023-02-21 12:33:24 - [MESSAGE][PASSED] - Call Test Case 'Test Cases/Pages/Page_daftarjual/Verify Edit Product Success' successfully

2023-02-21 12:33:24 - [TEST_STEP][PASSED] - callTestCase(findTestCase("Pages/Page_daftarjual/Back To Akun Menu"), [:], STOP_ON_FAILURE): Call Test Case 'Test Cases/Pages/Page_daftarjual/Back To Akun Menu' successfully

2023-02-21 12:33:25 - [TEST_CASE][PASSED] - Test Cases/Pages/Page_daftarjual/Back To Akun Menu: Test Cases/Pages/Page_daftarjual/Back To Akun Menu

2023-02-21 12:33:25 - [TEST_STEP][PASSED] - waitForElementPresent(findTestObject("Page_daftarjual/btn_back_daftarjual_to_menu_Akun"), 3): Element 'Object Repository/Page_daftarjual/btn_back_daftarjual_to_menu_Akun' is present

2023-02-21 12:33:25 - [MESSAGE][PASSED] - Element 'Object Repository/Page_daftarjual/btn_back_daftarjual_to_menu_Akun' is present

2023-02-21 12:33:25 - [TEST_STEP][PASSED] - tap(findTestObject("Page_daftarjual/btn_back_daftarjual_to_menu_Akun"), 3): Tapped on element 'Object Repository/Page_daftarjual/btn_back_daftarjual_to_menu_Akun'

2023-02-21 12:33:26 - [MESSAGE][PASSED] - Tapped on element 'Object Repository/Page_daftarjual/btn_back_daftarjual_to_menu_Akun'

2023-02-21 12:33:26 - [MESSAGE][PASSED] - Call Test Case 'Test Cases/Pages/Page_daftarjual/Back To Akun Menu' successfully

2023-02-21 12:33:26 - [TEST_STEP][PASSED] - callTestCase(findTestCase("Pages/Page_akun/Log Out Account"), [:], STOP_ON_FAILURE): Call Test Case 'Test Cases/Pages/Page_akun/Log Out Account' successfully

2023-02-21 12:33:26 - [TEST_CASE][PASSED] - Test Cases/Pages/Page_akun/Log Out Account: Test Cases/Pages/Page_akun/Log Out Account

2023-02-21 12:33:27 - [TEST_STEP][PASSED] - callTestCase(findTestCase("Pages/Page_home/Navigate to Menu Akun"), [:], STOP_ON_FAILURE): Call Test Case 'Test Cases/Pages/Page_home/Navigate to Menu Akun' successfully

2023-02-21 12:33:27 - [TEST_CASE][PASSED] - Test Cases/Pages/Page_home/Navigate to Menu Akun: Test Cases/Pages/Page_home/Navigate to Menu Akun

2023-02-21 12:33:27 - [TEST_STEP][PASSED] - waitForElementPresent(findTestObject("Page_home/nav_menu_akun"), 2): Element 'Object Repository/Page_home/nav_menu_akun' is present

2023-02-21 12:33:29 - [MESSAGE][PASSED] - Element 'Object Repository/Page_home/nav_menu_akun' is present

2023-02-21 12:33:29 - [TEST_STEP][PASSED] - tap(findTestObject("Page_home/nav_menu_akun"), 2): Tapped on element 'Object Repository/Page_home/nav_menu_akun'

2023-02-21 12:33:32 - [MESSAGE][PASSED] - Tapped on element 'Object Repository/Page_home/nav_menu_akun'

2023-02-21 12:33:32 - [MESSAGE][PASSED] - Call Test Case 'Test Cases/Pages/Page_home/Navigate to Menu Akun' successfully

2023-02-21 12:33:32 - [TEST_STEP][PASSED] - callTestCase(findTestCase("Pages/Page_home/Click button log out"), [:], STOP_ON_FAILURE): Call Test Case 'Test Cases/Pages/Page_home/Click button log out' successfully

2023-02-21 12:33:32 - [TEST_CASE][PASSED] - Test Cases/Pages/Page_home/Click button log out: Test Cases/Pages/Page_home/Click button log out

2023-02-21 12:33:32 - [TEST_STEP][PASSED] - verifyElementVisible(findTestObject("Page_home/btn_keluar"), 2): Element 'Object Repository/Page_home/btn_keluar' is visible

2023-02-21 12:33:32 - [MESSAGE][PASSED] - Element 'Object Repository/Page_home/btn_keluar' is visible

2023-02-21 12:33:32 - [TEST_STEP][PASSED] - checkElement(findTestObject("Page_home/btn_keluar"), 2): Element 'Object Repository/Page_home/btn_keluar' is checked

2023-02-21 12:33:33 - [MESSAGE][PASSED] - Element 'Object Repository/Page_home/btn_keluar' is checked

2023-02-21 12:33:33 - [MESSAGE][PASSED] - Call Test Case 'Test Cases/Pages/Page_home/Click button log out' successfully

2023-02-21 12:33:33 - [MESSAGE][PASSED] - Call Test Case 'Test Cases/Pages/Page_akun/Log Out Account' successfully]]></system-out>
         <system-err><![CDATA[]]></system-err>
      </testcase>
      <system-out><![CDATA[2023-02-21 12:32:06 - [TEST_SUITE][PASSED] - Feature Edit Product: Test Cases/Step Definition/Feature Edit Product/EDP002 - Edit product with valid information]]></system-out>
      <system-err><![CDATA[]]></system-err>
   </testsuite>
</testsuites>
