<?xml version="1.0" encoding="UTF-8"?>
<testsuites name="Feature Login" time="210.802" tests="8" failures="0" errors="0">
   <testsuite name="Feature Login" tests="8" failures="0" errors="0" time="210.802" skipped="0" timestamp="2023-02-21 12:15:52" hostname="ADITIA ARGA PRATAMA - LAPTOP-L0K8P5OF" id="Test Suites/Feature Login">
      <properties>
         <property name="deviceName" value="samsung SM-A525F (Android 13)"/>
         <property name="devicePlatform" value=""/>
         <property name="logFolder" value="D:\\android-automation-testing-kelompok-1.git\\Reports\\20230221_120605\\Feature Login\\20230221_120611"/>
         <property name="logFiles" value="D:\\android-automation-testing-kelompok-1.git\\Reports\\20230221_120605\\Feature Login\\20230221_120611\\appium.log, D:\\android-automation-testing-kelompok-1.git\\Reports\\20230221_120605\\Feature Login\\20230221_120611\\execution0.log"/>
         <property name="attachments" value=""/>
         <property name="hostName" value="ADITIA ARGA PRATAMA - LAPTOP-L0K8P5OF"/>
         <property name="os" value="Windows 10 64bit"/>
         <property name="appiumServerStatus" value="{&quot;value&quot;:{&quot;build&quot;:{&quot;version&quot;:&quot;1.22.3&quot;}},&quot;sessionId&quot;:null,&quot;status&quot;:0}"/>
         <property name="katalonVersion" value="8.5.5.208"/>
         <property name="deviceOS" value="Android"/>
         <property name="appiumVersion" value="1.22.3"/>
         <property name="deviceModel" value="SM-A525F"/>
         <property name="hostAddress" value="192.168.0.139"/>
         <property name="deviceManufacturer" value="samsung"/>
         <property name="deviceId" value="RR8R602SN8Y"/>
         <property name="deviceName" value="samsung SM-A525F (Android 13)"/>
         <property name="deviceOSVersion" value="13"/>
      </properties>
      <testcase name="Test Cases/Step Definition/Feature Login/LGI001 - User want to login by using correct credential" time="31.552" classname="Test Cases/Step Definition/Feature Login/LGI001 - User want to login by using correct credential" status="PASSED">
         <system-out><![CDATA[2023-02-21 12:16:04 - [TEST_CASE][PASSED] - Test Cases/Step Definition/Feature Login/LGI001 - User want to login by using correct credential: Test Cases/Step Definition/Feature Login/LGI001 - User want to login by using correct credential

2023-02-21 12:16:04 - [TEST_STEP][PASSED] - callTestCase(findTestCase("Pages/Page_login/Navigate to Login Page"), [:], STOP_ON_FAILURE): Call Test Case 'Test Cases/Pages/Page_login/Navigate to Login Page' successfully

2023-02-21 12:16:04 - [TEST_CASE][PASSED] - Test Cases/Pages/Page_login/Navigate to Login Page: Test Cases/Pages/Page_login/Navigate to Login Page

2023-02-21 12:16:04 - [TEST_STEP][PASSED] - startApplication("APK/app-release.apk", false): Started app at: 'D:\android-automation-testing-kelompok-1.git\APK\app-release.apk'

2023-02-21 12:16:13 - [MESSAGE][PASSED] - Started app at: 'D:\android-automation-testing-kelompok-1.git\APK\app-release.apk'

2023-02-21 12:16:13 - [TEST_STEP][PASSED] - tap(findTestObject("Page_home/nav_menu_akun"), 2): Tapped on element 'Object Repository/Page_home/nav_menu_akun'

2023-02-21 12:16:15 - [MESSAGE][PASSED] - Tapped on element 'Object Repository/Page_home/nav_menu_akun'

2023-02-21 12:16:15 - [TEST_STEP][PASSED] - tap(findTestObject("Page_home/btn_masuk"), 2): Tapped on element 'Object Repository/Page_home/btn_masuk'

2023-02-21 12:16:16 - [MESSAGE][PASSED] - Tapped on element 'Object Repository/Page_home/btn_masuk'

2023-02-21 12:16:16 - [MESSAGE][PASSED] - Call Test Case 'Test Cases/Pages/Page_login/Navigate to Login Page' successfully

2023-02-21 12:16:16 - [TEST_STEP][PASSED] - callTestCase(findTestCase("Pages/Page_login/Verify Content"), [:], STOP_ON_FAILURE): Call Test Case 'Test Cases/Pages/Page_login/Verify Content' successfully

2023-02-21 12:16:16 - [TEST_CASE][PASSED] - Test Cases/Pages/Page_login/Verify Content: Test Cases/Pages/Page_login/Verify Content

2023-02-21 12:16:16 - [TEST_STEP][PASSED] - verifyElementVisible(findTestObject("Page_login/text_masuk"), 0): Element 'Object Repository/Page_login/text_masuk' is visible

2023-02-21 12:16:16 - [MESSAGE][WARNING] - Timeout '0' is invalid. Using default page load timeout: '30'

2023-02-21 12:16:17 - [MESSAGE][PASSED] - Element 'Object Repository/Page_login/text_masuk' is visible

2023-02-21 12:16:17 - [TEST_STEP][PASSED] - verifyElementVisible(findTestObject("Page_login/text_email"), 0): Element 'Object Repository/Page_login/text_email' is visible

2023-02-21 12:16:17 - [MESSAGE][WARNING] - Timeout '0' is invalid. Using default page load timeout: '30'

2023-02-21 12:16:17 - [MESSAGE][PASSED] - Element 'Object Repository/Page_login/text_email' is visible

2023-02-21 12:16:17 - [TEST_STEP][PASSED] - verifyElementVisible(findTestObject("Page_login/textfield_email"), 0): Element 'Object Repository/Page_login/textfield_email' is visible

2023-02-21 12:16:17 - [MESSAGE][WARNING] - Timeout '0' is invalid. Using default page load timeout: '30'

2023-02-21 12:16:17 - [MESSAGE][PASSED] - Element 'Object Repository/Page_login/textfield_email' is visible

2023-02-21 12:16:17 - [TEST_STEP][PASSED] - verifyElementVisible(findTestObject("Page_login/text_password"), 0): Element 'Object Repository/Page_login/text_password' is visible

2023-02-21 12:16:18 - [MESSAGE][WARNING] - Timeout '0' is invalid. Using default page load timeout: '30'

2023-02-21 12:16:18 - [MESSAGE][PASSED] - Element 'Object Repository/Page_login/text_password' is visible

2023-02-21 12:16:18 - [TEST_STEP][PASSED] - verifyElementVisible(findTestObject("Page_login/textfield_password"), 0): Element 'Object Repository/Page_login/textfield_password' is visible

2023-02-21 12:16:18 - [MESSAGE][WARNING] - Timeout '0' is invalid. Using default page load timeout: '30'

2023-02-21 12:16:18 - [MESSAGE][PASSED] - Element 'Object Repository/Page_login/textfield_password' is visible

2023-02-21 12:16:18 - [TEST_STEP][PASSED] - verifyElementVisible(findTestObject("Page_login/icon_eyes_open"), 0): Element 'Object Repository/Page_login/icon_eyes_open' is visible

2023-02-21 12:16:18 - [MESSAGE][WARNING] - Timeout '0' is invalid. Using default page load timeout: '30'

2023-02-21 12:16:18 - [MESSAGE][PASSED] - Element 'Object Repository/Page_login/icon_eyes_open' is visible

2023-02-21 12:16:18 - [TEST_STEP][PASSED] - verifyElementVisible(findTestObject("Page_login/btn_masuk_login"), 0): Element 'Object Repository/Page_login/btn_masuk_login' is visible

2023-02-21 12:16:18 - [MESSAGE][WARNING] - Timeout '0' is invalid. Using default page load timeout: '30'

2023-02-21 12:16:18 - [MESSAGE][PASSED] - Element 'Object Repository/Page_login/btn_masuk_login' is visible

2023-02-21 12:16:18 - [TEST_STEP][PASSED] - verifyElementVisible(findTestObject("Page_login/linktext_daftar"), 0): Element 'Object Repository/Page_login/linktext_daftar' is visible

2023-02-21 12:16:19 - [MESSAGE][WARNING] - Timeout '0' is invalid. Using default page load timeout: '30'

2023-02-21 12:16:19 - [MESSAGE][PASSED] - Element 'Object Repository/Page_login/linktext_daftar' is visible

2023-02-21 12:16:19 - [MESSAGE][PASSED] - Call Test Case 'Test Cases/Pages/Page_login/Verify Content' successfully

2023-02-21 12:16:19 - [TEST_STEP][PASSED] - callTestCase(findTestCase("Pages/Page_login/Input Email"), ["email":"mayorey@gmail.com"], STOP_ON_FAILURE): Call Test Case 'Test Cases/Pages/Page_login/Input Email' successfully

2023-02-21 12:16:19 - [TEST_CASE][PASSED] - Test Cases/Pages/Page_login/Input Email: Test Cases/Pages/Page_login/Input Email

2023-02-21 12:16:19 - [TEST_STEP][PASSED] - clearText(findTestObject("Page_login/textfield_email"), 3): Element 'Object Repository/Page_login/textfield_email' text is cleared

2023-02-21 12:16:19 - [MESSAGE][PASSED] - Element 'Object Repository/Page_login/textfield_email' text is cleared

2023-02-21 12:16:19 - [TEST_STEP][PASSED] - setText(findTestObject("Page_login/textfield_email"), email, 0): Text 'mayorey@gmail.com' has been set to element 'Object Repository/Page_login/textfield_email'

2023-02-21 12:16:19 - [MESSAGE][WARNING] - Timeout '0' is invalid. Using default page load timeout: '30'

2023-02-21 12:16:20 - [MESSAGE][PASSED] - Text 'mayorey@gmail.com' has been set to element 'Object Repository/Page_login/textfield_email'

2023-02-21 12:16:20 - [MESSAGE][PASSED] - Call Test Case 'Test Cases/Pages/Page_login/Input Email' successfully

2023-02-21 12:16:20 - [TEST_STEP][PASSED] - callTestCase(findTestCase("Pages/Page_login/Input Password"), ["password":"Sooyan321"], STOP_ON_FAILURE): Call Test Case 'Test Cases/Pages/Page_login/Input Password' successfully

2023-02-21 12:16:21 - [TEST_CASE][PASSED] - Test Cases/Pages/Page_login/Input Password: Test Cases/Pages/Page_login/Input Password

2023-02-21 12:16:21 - [TEST_STEP][PASSED] - clearText(findTestObject("Page_login/textfield_password"), 3): Element 'Object Repository/Page_login/textfield_password' text is cleared

2023-02-21 12:16:21 - [MESSAGE][PASSED] - Element 'Object Repository/Page_login/textfield_password' text is cleared

2023-02-21 12:16:21 - [TEST_STEP][PASSED] - setText(findTestObject("Page_login/textfield_password"), password, 0): Text 'Sooyan321' has been set to element 'Object Repository/Page_login/textfield_password'

2023-02-21 12:16:21 - [MESSAGE][WARNING] - Timeout '0' is invalid. Using default page load timeout: '30'

2023-02-21 12:16:23 - [MESSAGE][PASSED] - Text 'Sooyan321' has been set to element 'Object Repository/Page_login/textfield_password'

2023-02-21 12:16:23 - [MESSAGE][PASSED] - Call Test Case 'Test Cases/Pages/Page_login/Input Password' successfully

2023-02-21 12:16:23 - [TEST_STEP][PASSED] - callTestCase(findTestCase("Pages/Page_login/Click Masuk"), [:], STOP_ON_FAILURE): Call Test Case 'Test Cases/Pages/Page_login/Click Masuk' successfully

2023-02-21 12:16:23 - [TEST_CASE][PASSED] - Test Cases/Pages/Page_login/Click Masuk: Test Cases/Pages/Page_login/Click Masuk

2023-02-21 12:16:23 - [TEST_STEP][PASSED] - waitForElementPresent(findTestObject("Page_login/btn_login"), 2): Element 'Object Repository/Page_login/btn_login' is present

2023-02-21 12:16:24 - [MESSAGE][PASSED] - Element 'Object Repository/Page_login/btn_login' is present

2023-02-21 12:16:24 - [TEST_STEP][PASSED] - tap(findTestObject("Page_login/btn_login"), 2): Tapped on element 'Object Repository/Page_login/btn_login'

2023-02-21 12:16:24 - [MESSAGE][PASSED] - Tapped on element 'Object Repository/Page_login/btn_login'

2023-02-21 12:16:24 - [MESSAGE][PASSED] - Call Test Case 'Test Cases/Pages/Page_login/Click Masuk' successfully

2023-02-21 12:16:24 - [TEST_STEP][PASSED] - callTestCase(findTestCase("Pages/Page_home/Navigate to Menu Akun"), [:], STOP_ON_FAILURE): Call Test Case 'Test Cases/Pages/Page_home/Navigate to Menu Akun' successfully

2023-02-21 12:16:24 - [TEST_CASE][PASSED] - Test Cases/Pages/Page_home/Navigate to Menu Akun: Test Cases/Pages/Page_home/Navigate to Menu Akun

2023-02-21 12:16:25 - [TEST_STEP][PASSED] - waitForElementPresent(findTestObject("Page_home/nav_menu_akun"), 2): Element 'Object Repository/Page_home/nav_menu_akun' is present

2023-02-21 12:16:27 - [MESSAGE][PASSED] - Element 'Object Repository/Page_home/nav_menu_akun' is present

2023-02-21 12:16:27 - [TEST_STEP][PASSED] - tap(findTestObject("Page_home/nav_menu_akun"), 2): Tapped on element 'Object Repository/Page_home/nav_menu_akun'

2023-02-21 12:16:29 - [MESSAGE][PASSED] - Tapped on element 'Object Repository/Page_home/nav_menu_akun'

2023-02-21 12:16:29 - [MESSAGE][PASSED] - Call Test Case 'Test Cases/Pages/Page_home/Navigate to Menu Akun' successfully

2023-02-21 12:16:29 - [TEST_STEP][PASSED] - callTestCase(findTestCase("Pages/Page_akun/Log Out Account"), [:], STOP_ON_FAILURE): Call Test Case 'Test Cases/Pages/Page_akun/Log Out Account' successfully

2023-02-21 12:16:29 - [TEST_CASE][PASSED] - Test Cases/Pages/Page_akun/Log Out Account: Test Cases/Pages/Page_akun/Log Out Account

2023-02-21 12:16:30 - [TEST_STEP][PASSED] - callTestCase(findTestCase("Pages/Page_home/Navigate to Menu Akun"), [:], STOP_ON_FAILURE): Call Test Case 'Test Cases/Pages/Page_home/Navigate to Menu Akun' successfully

2023-02-21 12:16:30 - [TEST_CASE][PASSED] - Test Cases/Pages/Page_home/Navigate to Menu Akun: Test Cases/Pages/Page_home/Navigate to Menu Akun

2023-02-21 12:16:30 - [TEST_STEP][PASSED] - waitForElementPresent(findTestObject("Page_home/nav_menu_akun"), 2): Element 'Object Repository/Page_home/nav_menu_akun' is present

2023-02-21 12:16:32 - [MESSAGE][PASSED] - Element 'Object Repository/Page_home/nav_menu_akun' is present

2023-02-21 12:16:32 - [TEST_STEP][PASSED] - tap(findTestObject("Page_home/nav_menu_akun"), 2): Tapped on element 'Object Repository/Page_home/nav_menu_akun'

2023-02-21 12:16:34 - [MESSAGE][PASSED] - Tapped on element 'Object Repository/Page_home/nav_menu_akun'

2023-02-21 12:16:34 - [MESSAGE][PASSED] - Call Test Case 'Test Cases/Pages/Page_home/Navigate to Menu Akun' successfully

2023-02-21 12:16:34 - [TEST_STEP][PASSED] - callTestCase(findTestCase("Pages/Page_home/Click button log out"), [:], STOP_ON_FAILURE): Call Test Case 'Test Cases/Pages/Page_home/Click button log out' successfully

2023-02-21 12:16:34 - [TEST_CASE][PASSED] - Test Cases/Pages/Page_home/Click button log out: Test Cases/Pages/Page_home/Click button log out

2023-02-21 12:16:34 - [TEST_STEP][PASSED] - verifyElementVisible(findTestObject("Page_home/btn_keluar"), 2): Element 'Object Repository/Page_home/btn_keluar' is visible

2023-02-21 12:16:35 - [MESSAGE][PASSED] - Element 'Object Repository/Page_home/btn_keluar' is visible

2023-02-21 12:16:35 - [TEST_STEP][PASSED] - checkElement(findTestObject("Page_home/btn_keluar"), 2): Element 'Object Repository/Page_home/btn_keluar' is checked

2023-02-21 12:16:35 - [MESSAGE][PASSED] - Element 'Object Repository/Page_home/btn_keluar' is checked

2023-02-21 12:16:35 - [MESSAGE][PASSED] - Call Test Case 'Test Cases/Pages/Page_home/Click button log out' successfully

2023-02-21 12:16:35 - [MESSAGE][PASSED] - Call Test Case 'Test Cases/Pages/Page_akun/Log Out Account' successfully]]></system-out>
         <system-err><![CDATA[]]></system-err>
      </testcase>
      <testcase name="Test Cases/Step Definition/Feature Login/LGI002 - User want to login by not filling all field" time="15.398" classname="Test Cases/Step Definition/Feature Login/LGI002 - User want to login by not filling all field" status="PASSED">
         <system-out><![CDATA[2023-02-21 12:16:35 - [TEST_CASE][PASSED] - Test Cases/Step Definition/Feature Login/LGI002 - User want to login by not filling all field: Test Cases/Step Definition/Feature Login/LGI002 - User want to login by not filling all field

2023-02-21 12:16:35 - [TEST_STEP][PASSED] - callTestCase(findTestCase("Pages/Page_login/Navigate to Login Page"), [:], STOP_ON_FAILURE): Call Test Case 'Test Cases/Pages/Page_login/Navigate to Login Page' successfully

2023-02-21 12:16:36 - [TEST_CASE][PASSED] - Test Cases/Pages/Page_login/Navigate to Login Page: Test Cases/Pages/Page_login/Navigate to Login Page

2023-02-21 12:16:36 - [TEST_STEP][PASSED] - startApplication("APK/app-release.apk", false): Started app at: 'D:\android-automation-testing-kelompok-1.git\APK\app-release.apk'

2023-02-21 12:16:44 - [MESSAGE][PASSED] - Started app at: 'D:\android-automation-testing-kelompok-1.git\APK\app-release.apk'

2023-02-21 12:16:44 - [TEST_STEP][PASSED] - tap(findTestObject("Page_home/nav_menu_akun"), 2): Tapped on element 'Object Repository/Page_home/nav_menu_akun'

2023-02-21 12:16:46 - [MESSAGE][PASSED] - Tapped on element 'Object Repository/Page_home/nav_menu_akun'

2023-02-21 12:16:46 - [TEST_STEP][PASSED] - tap(findTestObject("Page_home/btn_masuk"), 2): Tapped on element 'Object Repository/Page_home/btn_masuk'

2023-02-21 12:16:47 - [MESSAGE][PASSED] - Tapped on element 'Object Repository/Page_home/btn_masuk'

2023-02-21 12:16:47 - [MESSAGE][PASSED] - Call Test Case 'Test Cases/Pages/Page_login/Navigate to Login Page' successfully

2023-02-21 12:16:47 - [TEST_STEP][PASSED] - callTestCase(findTestCase("Pages/Page_login/Verify Content"), [:], STOP_ON_FAILURE): Call Test Case 'Test Cases/Pages/Page_login/Verify Content' successfully

2023-02-21 12:16:47 - [TEST_CASE][PASSED] - Test Cases/Pages/Page_login/Verify Content: Test Cases/Pages/Page_login/Verify Content

2023-02-21 12:16:47 - [TEST_STEP][PASSED] - verifyElementVisible(findTestObject("Page_login/text_masuk"), 0): Element 'Object Repository/Page_login/text_masuk' is visible

2023-02-21 12:16:47 - [MESSAGE][WARNING] - Timeout '0' is invalid. Using default page load timeout: '30'

2023-02-21 12:16:48 - [MESSAGE][PASSED] - Element 'Object Repository/Page_login/text_masuk' is visible

2023-02-21 12:16:48 - [TEST_STEP][PASSED] - verifyElementVisible(findTestObject("Page_login/text_email"), 0): Element 'Object Repository/Page_login/text_email' is visible

2023-02-21 12:16:48 - [MESSAGE][WARNING] - Timeout '0' is invalid. Using default page load timeout: '30'

2023-02-21 12:16:48 - [MESSAGE][PASSED] - Element 'Object Repository/Page_login/text_email' is visible

2023-02-21 12:16:48 - [TEST_STEP][PASSED] - verifyElementVisible(findTestObject("Page_login/textfield_email"), 0): Element 'Object Repository/Page_login/textfield_email' is visible

2023-02-21 12:16:48 - [MESSAGE][WARNING] - Timeout '0' is invalid. Using default page load timeout: '30'

2023-02-21 12:16:48 - [MESSAGE][PASSED] - Element 'Object Repository/Page_login/textfield_email' is visible

2023-02-21 12:16:48 - [TEST_STEP][PASSED] - verifyElementVisible(findTestObject("Page_login/text_password"), 0): Element 'Object Repository/Page_login/text_password' is visible

2023-02-21 12:16:48 - [MESSAGE][WARNING] - Timeout '0' is invalid. Using default page load timeout: '30'

2023-02-21 12:16:48 - [MESSAGE][PASSED] - Element 'Object Repository/Page_login/text_password' is visible

2023-02-21 12:16:48 - [TEST_STEP][PASSED] - verifyElementVisible(findTestObject("Page_login/textfield_password"), 0): Element 'Object Repository/Page_login/textfield_password' is visible

2023-02-21 12:16:48 - [MESSAGE][WARNING] - Timeout '0' is invalid. Using default page load timeout: '30'

2023-02-21 12:16:49 - [MESSAGE][PASSED] - Element 'Object Repository/Page_login/textfield_password' is visible

2023-02-21 12:16:49 - [TEST_STEP][PASSED] - verifyElementVisible(findTestObject("Page_login/icon_eyes_open"), 0): Element 'Object Repository/Page_login/icon_eyes_open' is visible

2023-02-21 12:16:49 - [MESSAGE][WARNING] - Timeout '0' is invalid. Using default page load timeout: '30'

2023-02-21 12:16:49 - [MESSAGE][PASSED] - Element 'Object Repository/Page_login/icon_eyes_open' is visible

2023-02-21 12:16:49 - [TEST_STEP][PASSED] - verifyElementVisible(findTestObject("Page_login/btn_masuk_login"), 0): Element 'Object Repository/Page_login/btn_masuk_login' is visible

2023-02-21 12:16:49 - [MESSAGE][WARNING] - Timeout '0' is invalid. Using default page load timeout: '30'

2023-02-21 12:16:49 - [MESSAGE][PASSED] - Element 'Object Repository/Page_login/btn_masuk_login' is visible

2023-02-21 12:16:49 - [TEST_STEP][PASSED] - verifyElementVisible(findTestObject("Page_login/linktext_daftar"), 0): Element 'Object Repository/Page_login/linktext_daftar' is visible

2023-02-21 12:16:49 - [MESSAGE][WARNING] - Timeout '0' is invalid. Using default page load timeout: '30'

2023-02-21 12:16:49 - [MESSAGE][PASSED] - Element 'Object Repository/Page_login/linktext_daftar' is visible

2023-02-21 12:16:49 - [MESSAGE][PASSED] - Call Test Case 'Test Cases/Pages/Page_login/Verify Content' successfully

2023-02-21 12:16:49 - [TEST_STEP][PASSED] - callTestCase(findTestCase("Pages/Page_login/Click Masuk"), [:], STOP_ON_FAILURE): Call Test Case 'Test Cases/Pages/Page_login/Click Masuk' successfully

2023-02-21 12:16:49 - [TEST_CASE][PASSED] - Test Cases/Pages/Page_login/Click Masuk: Test Cases/Pages/Page_login/Click Masuk

2023-02-21 12:16:49 - [TEST_STEP][PASSED] - waitForElementPresent(findTestObject("Page_login/btn_login"), 2): Element 'Object Repository/Page_login/btn_login' is present

2023-02-21 12:16:50 - [MESSAGE][PASSED] - Element 'Object Repository/Page_login/btn_login' is present

2023-02-21 12:16:50 - [TEST_STEP][PASSED] - tap(findTestObject("Page_login/btn_login"), 2): Tapped on element 'Object Repository/Page_login/btn_login'

2023-02-21 12:16:51 - [MESSAGE][PASSED] - Tapped on element 'Object Repository/Page_login/btn_login'

2023-02-21 12:16:51 - [MESSAGE][PASSED] - Call Test Case 'Test Cases/Pages/Page_login/Click Masuk' successfully]]></system-out>
         <system-err><![CDATA[]]></system-err>
      </testcase>
      <testcase name="Test Cases/Step Definition/Feature Login/LGI003 - User want to login by using incorrect email credential" time="22.653" classname="Test Cases/Step Definition/Feature Login/LGI003 - User want to login by using incorrect email credential" status="PASSED">
         <system-out><![CDATA[2023-02-21 12:16:51 - [TEST_CASE][PASSED] - Test Cases/Step Definition/Feature Login/LGI003 - User want to login by using incorrect email credential: Test Cases/Step Definition/Feature Login/LGI003 - User want to login by using incorrect email credential

2023-02-21 12:16:51 - [TEST_STEP][PASSED] - callTestCase(findTestCase("Pages/Page_login/Navigate to Login Page"), [:], STOP_ON_FAILURE): Call Test Case 'Test Cases/Pages/Page_login/Navigate to Login Page' successfully

2023-02-21 12:16:51 - [TEST_CASE][PASSED] - Test Cases/Pages/Page_login/Navigate to Login Page: Test Cases/Pages/Page_login/Navigate to Login Page

2023-02-21 12:16:51 - [TEST_STEP][PASSED] - startApplication("APK/app-release.apk", false): Started app at: 'D:\android-automation-testing-kelompok-1.git\APK\app-release.apk'

2023-02-21 12:16:59 - [MESSAGE][PASSED] - Started app at: 'D:\android-automation-testing-kelompok-1.git\APK\app-release.apk'

2023-02-21 12:16:59 - [TEST_STEP][PASSED] - tap(findTestObject("Page_home/nav_menu_akun"), 2): Tapped on element 'Object Repository/Page_home/nav_menu_akun'

2023-02-21 12:17:03 - [MESSAGE][PASSED] - Tapped on element 'Object Repository/Page_home/nav_menu_akun'

2023-02-21 12:17:03 - [TEST_STEP][PASSED] - tap(findTestObject("Page_home/btn_masuk"), 2): Tapped on element 'Object Repository/Page_home/btn_masuk'

2023-02-21 12:17:03 - [MESSAGE][PASSED] - Tapped on element 'Object Repository/Page_home/btn_masuk'

2023-02-21 12:17:03 - [MESSAGE][PASSED] - Call Test Case 'Test Cases/Pages/Page_login/Navigate to Login Page' successfully

2023-02-21 12:17:03 - [TEST_STEP][PASSED] - callTestCase(findTestCase("Pages/Page_login/Verify Content"), [:], STOP_ON_FAILURE): Call Test Case 'Test Cases/Pages/Page_login/Verify Content' successfully

2023-02-21 12:17:03 - [TEST_CASE][PASSED] - Test Cases/Pages/Page_login/Verify Content: Test Cases/Pages/Page_login/Verify Content

2023-02-21 12:17:03 - [TEST_STEP][PASSED] - verifyElementVisible(findTestObject("Page_login/text_masuk"), 0): Element 'Object Repository/Page_login/text_masuk' is visible

2023-02-21 12:17:03 - [MESSAGE][WARNING] - Timeout '0' is invalid. Using default page load timeout: '30'

2023-02-21 12:17:04 - [MESSAGE][PASSED] - Element 'Object Repository/Page_login/text_masuk' is visible

2023-02-21 12:17:04 - [TEST_STEP][PASSED] - verifyElementVisible(findTestObject("Page_login/text_email"), 0): Element 'Object Repository/Page_login/text_email' is visible

2023-02-21 12:17:05 - [MESSAGE][WARNING] - Timeout '0' is invalid. Using default page load timeout: '30'

2023-02-21 12:17:06 - [MESSAGE][PASSED] - Element 'Object Repository/Page_login/text_email' is visible

2023-02-21 12:17:06 - [TEST_STEP][PASSED] - verifyElementVisible(findTestObject("Page_login/textfield_email"), 0): Element 'Object Repository/Page_login/textfield_email' is visible

2023-02-21 12:17:06 - [MESSAGE][WARNING] - Timeout '0' is invalid. Using default page load timeout: '30'

2023-02-21 12:17:06 - [MESSAGE][PASSED] - Element 'Object Repository/Page_login/textfield_email' is visible

2023-02-21 12:17:06 - [TEST_STEP][PASSED] - verifyElementVisible(findTestObject("Page_login/text_password"), 0): Element 'Object Repository/Page_login/text_password' is visible

2023-02-21 12:17:06 - [MESSAGE][WARNING] - Timeout '0' is invalid. Using default page load timeout: '30'

2023-02-21 12:17:07 - [MESSAGE][PASSED] - Element 'Object Repository/Page_login/text_password' is visible

2023-02-21 12:17:07 - [TEST_STEP][PASSED] - verifyElementVisible(findTestObject("Page_login/textfield_password"), 0): Element 'Object Repository/Page_login/textfield_password' is visible

2023-02-21 12:17:07 - [MESSAGE][WARNING] - Timeout '0' is invalid. Using default page load timeout: '30'

2023-02-21 12:17:07 - [MESSAGE][PASSED] - Element 'Object Repository/Page_login/textfield_password' is visible

2023-02-21 12:17:07 - [TEST_STEP][PASSED] - verifyElementVisible(findTestObject("Page_login/icon_eyes_open"), 0): Element 'Object Repository/Page_login/icon_eyes_open' is visible

2023-02-21 12:17:07 - [MESSAGE][WARNING] - Timeout '0' is invalid. Using default page load timeout: '30'

2023-02-21 12:17:07 - [MESSAGE][PASSED] - Element 'Object Repository/Page_login/icon_eyes_open' is visible

2023-02-21 12:17:07 - [TEST_STEP][PASSED] - verifyElementVisible(findTestObject("Page_login/btn_masuk_login"), 0): Element 'Object Repository/Page_login/btn_masuk_login' is visible

2023-02-21 12:17:07 - [MESSAGE][WARNING] - Timeout '0' is invalid. Using default page load timeout: '30'

2023-02-21 12:17:07 - [MESSAGE][PASSED] - Element 'Object Repository/Page_login/btn_masuk_login' is visible

2023-02-21 12:17:07 - [TEST_STEP][PASSED] - verifyElementVisible(findTestObject("Page_login/linktext_daftar"), 0): Element 'Object Repository/Page_login/linktext_daftar' is visible

2023-02-21 12:17:07 - [MESSAGE][WARNING] - Timeout '0' is invalid. Using default page load timeout: '30'

2023-02-21 12:17:08 - [MESSAGE][PASSED] - Element 'Object Repository/Page_login/linktext_daftar' is visible

2023-02-21 12:17:08 - [MESSAGE][PASSED] - Call Test Case 'Test Cases/Pages/Page_login/Verify Content' successfully

2023-02-21 12:17:08 - [TEST_STEP][PASSED] - callTestCase(findTestCase("Pages/Page_login/Input Email"), ["email":"mayorey2@gmail.com"], STOP_ON_FAILURE): Call Test Case 'Test Cases/Pages/Page_login/Input Email' successfully

2023-02-21 12:17:08 - [TEST_CASE][PASSED] - Test Cases/Pages/Page_login/Input Email: Test Cases/Pages/Page_login/Input Email

2023-02-21 12:17:08 - [TEST_STEP][PASSED] - clearText(findTestObject("Page_login/textfield_email"), 3): Element 'Object Repository/Page_login/textfield_email' text is cleared

2023-02-21 12:17:08 - [MESSAGE][PASSED] - Element 'Object Repository/Page_login/textfield_email' text is cleared

2023-02-21 12:17:08 - [TEST_STEP][PASSED] - setText(findTestObject("Page_login/textfield_email"), email, 0): Text 'mayorey2@gmail.com' has been set to element 'Object Repository/Page_login/textfield_email'

2023-02-21 12:17:08 - [MESSAGE][WARNING] - Timeout '0' is invalid. Using default page load timeout: '30'

2023-02-21 12:17:10 - [MESSAGE][PASSED] - Text 'mayorey2@gmail.com' has been set to element 'Object Repository/Page_login/textfield_email'

2023-02-21 12:17:10 - [MESSAGE][PASSED] - Call Test Case 'Test Cases/Pages/Page_login/Input Email' successfully

2023-02-21 12:17:10 - [TEST_STEP][PASSED] - callTestCase(findTestCase("Pages/Page_login/Input Password"), ["password":"Sooyan321"], STOP_ON_FAILURE): Call Test Case 'Test Cases/Pages/Page_login/Input Password' successfully

2023-02-21 12:17:10 - [TEST_CASE][PASSED] - Test Cases/Pages/Page_login/Input Password: Test Cases/Pages/Page_login/Input Password

2023-02-21 12:17:10 - [TEST_STEP][PASSED] - clearText(findTestObject("Page_login/textfield_password"), 3): Element 'Object Repository/Page_login/textfield_password' text is cleared

2023-02-21 12:17:11 - [MESSAGE][PASSED] - Element 'Object Repository/Page_login/textfield_password' text is cleared

2023-02-21 12:17:11 - [TEST_STEP][PASSED] - setText(findTestObject("Page_login/textfield_password"), password, 0): Text 'Sooyan321' has been set to element 'Object Repository/Page_login/textfield_password'

2023-02-21 12:17:11 - [MESSAGE][WARNING] - Timeout '0' is invalid. Using default page load timeout: '30'

2023-02-21 12:17:12 - [MESSAGE][PASSED] - Text 'Sooyan321' has been set to element 'Object Repository/Page_login/textfield_password'

2023-02-21 12:17:12 - [MESSAGE][PASSED] - Call Test Case 'Test Cases/Pages/Page_login/Input Password' successfully

2023-02-21 12:17:12 - [TEST_STEP][PASSED] - callTestCase(findTestCase("Pages/Page_login/Click Masuk"), [:], STOP_ON_FAILURE): Call Test Case 'Test Cases/Pages/Page_login/Click Masuk' successfully

2023-02-21 12:17:12 - [TEST_CASE][PASSED] - Test Cases/Pages/Page_login/Click Masuk: Test Cases/Pages/Page_login/Click Masuk

2023-02-21 12:17:12 - [TEST_STEP][PASSED] - waitForElementPresent(findTestObject("Page_login/btn_login"), 2): Element 'Object Repository/Page_login/btn_login' is present

2023-02-21 12:17:13 - [MESSAGE][PASSED] - Element 'Object Repository/Page_login/btn_login' is present

2023-02-21 12:17:13 - [TEST_STEP][PASSED] - tap(findTestObject("Page_login/btn_login"), 2): Tapped on element 'Object Repository/Page_login/btn_login'

2023-02-21 12:17:13 - [MESSAGE][PASSED] - Tapped on element 'Object Repository/Page_login/btn_login'

2023-02-21 12:17:13 - [MESSAGE][PASSED] - Call Test Case 'Test Cases/Pages/Page_login/Click Masuk' successfully]]></system-out>
         <system-err><![CDATA[]]></system-err>
      </testcase>
      <testcase name="Test Cases/Step Definition/Feature Login/LGI004 - User want to login by using incorrect password credential" time="20.648" classname="Test Cases/Step Definition/Feature Login/LGI004 - User want to login by using incorrect password credential" status="PASSED">
         <system-out><![CDATA[2023-02-21 12:17:13 - [TEST_CASE][PASSED] - Test Cases/Step Definition/Feature Login/LGI004 - User want to login by using incorrect password credential: Test Cases/Step Definition/Feature Login/LGI004 - User want to login by using incorrect password credential

2023-02-21 12:17:14 - [TEST_STEP][PASSED] - callTestCase(findTestCase("Pages/Page_login/Navigate to Login Page"), [:], STOP_ON_FAILURE): Call Test Case 'Test Cases/Pages/Page_login/Navigate to Login Page' successfully

2023-02-21 12:17:14 - [TEST_CASE][PASSED] - Test Cases/Pages/Page_login/Navigate to Login Page: Test Cases/Pages/Page_login/Navigate to Login Page

2023-02-21 12:17:14 - [TEST_STEP][PASSED] - startApplication("APK/app-release.apk", false): Started app at: 'D:\android-automation-testing-kelompok-1.git\APK\app-release.apk'

2023-02-21 12:17:22 - [MESSAGE][PASSED] - Started app at: 'D:\android-automation-testing-kelompok-1.git\APK\app-release.apk'

2023-02-21 12:17:22 - [TEST_STEP][PASSED] - tap(findTestObject("Page_home/nav_menu_akun"), 2): Tapped on element 'Object Repository/Page_home/nav_menu_akun'

2023-02-21 12:17:24 - [MESSAGE][PASSED] - Tapped on element 'Object Repository/Page_home/nav_menu_akun'

2023-02-21 12:17:24 - [TEST_STEP][PASSED] - tap(findTestObject("Page_home/btn_masuk"), 2): Tapped on element 'Object Repository/Page_home/btn_masuk'

2023-02-21 12:17:25 - [MESSAGE][PASSED] - Tapped on element 'Object Repository/Page_home/btn_masuk'

2023-02-21 12:17:25 - [MESSAGE][PASSED] - Call Test Case 'Test Cases/Pages/Page_login/Navigate to Login Page' successfully

2023-02-21 12:17:25 - [TEST_STEP][PASSED] - callTestCase(findTestCase("Pages/Page_login/Verify Content"), [:], STOP_ON_FAILURE): Call Test Case 'Test Cases/Pages/Page_login/Verify Content' successfully

2023-02-21 12:17:25 - [TEST_CASE][PASSED] - Test Cases/Pages/Page_login/Verify Content: Test Cases/Pages/Page_login/Verify Content

2023-02-21 12:17:25 - [TEST_STEP][PASSED] - verifyElementVisible(findTestObject("Page_login/text_masuk"), 0): Element 'Object Repository/Page_login/text_masuk' is visible

2023-02-21 12:17:25 - [MESSAGE][WARNING] - Timeout '0' is invalid. Using default page load timeout: '30'

2023-02-21 12:17:26 - [MESSAGE][PASSED] - Element 'Object Repository/Page_login/text_masuk' is visible

2023-02-21 12:17:26 - [TEST_STEP][PASSED] - verifyElementVisible(findTestObject("Page_login/text_email"), 0): Element 'Object Repository/Page_login/text_email' is visible

2023-02-21 12:17:26 - [MESSAGE][WARNING] - Timeout '0' is invalid. Using default page load timeout: '30'

2023-02-21 12:17:26 - [MESSAGE][PASSED] - Element 'Object Repository/Page_login/text_email' is visible

2023-02-21 12:17:26 - [TEST_STEP][PASSED] - verifyElementVisible(findTestObject("Page_login/textfield_email"), 0): Element 'Object Repository/Page_login/textfield_email' is visible

2023-02-21 12:17:26 - [MESSAGE][WARNING] - Timeout '0' is invalid. Using default page load timeout: '30'

2023-02-21 12:17:26 - [MESSAGE][PASSED] - Element 'Object Repository/Page_login/textfield_email' is visible

2023-02-21 12:17:26 - [TEST_STEP][PASSED] - verifyElementVisible(findTestObject("Page_login/text_password"), 0): Element 'Object Repository/Page_login/text_password' is visible

2023-02-21 12:17:26 - [MESSAGE][WARNING] - Timeout '0' is invalid. Using default page load timeout: '30'

2023-02-21 12:17:27 - [MESSAGE][PASSED] - Element 'Object Repository/Page_login/text_password' is visible

2023-02-21 12:17:27 - [TEST_STEP][PASSED] - verifyElementVisible(findTestObject("Page_login/textfield_password"), 0): Element 'Object Repository/Page_login/textfield_password' is visible

2023-02-21 12:17:27 - [MESSAGE][WARNING] - Timeout '0' is invalid. Using default page load timeout: '30'

2023-02-21 12:17:27 - [MESSAGE][PASSED] - Element 'Object Repository/Page_login/textfield_password' is visible

2023-02-21 12:17:27 - [TEST_STEP][PASSED] - verifyElementVisible(findTestObject("Page_login/icon_eyes_open"), 0): Element 'Object Repository/Page_login/icon_eyes_open' is visible

2023-02-21 12:17:27 - [MESSAGE][WARNING] - Timeout '0' is invalid. Using default page load timeout: '30'

2023-02-21 12:17:27 - [MESSAGE][PASSED] - Element 'Object Repository/Page_login/icon_eyes_open' is visible

2023-02-21 12:17:27 - [TEST_STEP][PASSED] - verifyElementVisible(findTestObject("Page_login/btn_masuk_login"), 0): Element 'Object Repository/Page_login/btn_masuk_login' is visible

2023-02-21 12:17:27 - [MESSAGE][WARNING] - Timeout '0' is invalid. Using default page load timeout: '30'

2023-02-21 12:17:27 - [MESSAGE][PASSED] - Element 'Object Repository/Page_login/btn_masuk_login' is visible

2023-02-21 12:17:27 - [TEST_STEP][PASSED] - verifyElementVisible(findTestObject("Page_login/linktext_daftar"), 0): Element 'Object Repository/Page_login/linktext_daftar' is visible

2023-02-21 12:17:27 - [MESSAGE][WARNING] - Timeout '0' is invalid. Using default page load timeout: '30'

2023-02-21 12:17:28 - [MESSAGE][PASSED] - Element 'Object Repository/Page_login/linktext_daftar' is visible

2023-02-21 12:17:28 - [MESSAGE][PASSED] - Call Test Case 'Test Cases/Pages/Page_login/Verify Content' successfully

2023-02-21 12:17:28 - [TEST_STEP][PASSED] - callTestCase(findTestCase("Pages/Page_login/Input Email"), ["email":"mayorey@gmail.com"], STOP_ON_FAILURE): Call Test Case 'Test Cases/Pages/Page_login/Input Email' successfully

2023-02-21 12:17:28 - [TEST_CASE][PASSED] - Test Cases/Pages/Page_login/Input Email: Test Cases/Pages/Page_login/Input Email

2023-02-21 12:17:28 - [TEST_STEP][PASSED] - clearText(findTestObject("Page_login/textfield_email"), 3): Element 'Object Repository/Page_login/textfield_email' text is cleared

2023-02-21 12:17:28 - [MESSAGE][PASSED] - Element 'Object Repository/Page_login/textfield_email' text is cleared

2023-02-21 12:17:28 - [TEST_STEP][PASSED] - setText(findTestObject("Page_login/textfield_email"), email, 0): Text 'mayorey@gmail.com' has been set to element 'Object Repository/Page_login/textfield_email'

2023-02-21 12:17:28 - [MESSAGE][WARNING] - Timeout '0' is invalid. Using default page load timeout: '30'

2023-02-21 12:17:30 - [MESSAGE][PASSED] - Text 'mayorey@gmail.com' has been set to element 'Object Repository/Page_login/textfield_email'

2023-02-21 12:17:30 - [MESSAGE][PASSED] - Call Test Case 'Test Cases/Pages/Page_login/Input Email' successfully

2023-02-21 12:17:30 - [TEST_STEP][PASSED] - callTestCase(findTestCase("Pages/Page_login/Input Password"), ["password":"Soo1yan32"], STOP_ON_FAILURE): Call Test Case 'Test Cases/Pages/Page_login/Input Password' successfully

2023-02-21 12:17:30 - [TEST_CASE][PASSED] - Test Cases/Pages/Page_login/Input Password: Test Cases/Pages/Page_login/Input Password

2023-02-21 12:17:30 - [TEST_STEP][PASSED] - clearText(findTestObject("Page_login/textfield_password"), 3): Element 'Object Repository/Page_login/textfield_password' text is cleared

2023-02-21 12:17:30 - [MESSAGE][PASSED] - Element 'Object Repository/Page_login/textfield_password' text is cleared

2023-02-21 12:17:30 - [TEST_STEP][PASSED] - setText(findTestObject("Page_login/textfield_password"), password, 0): Text 'Soo1yan32' has been set to element 'Object Repository/Page_login/textfield_password'

2023-02-21 12:17:30 - [MESSAGE][WARNING] - Timeout '0' is invalid. Using default page load timeout: '30'

2023-02-21 12:17:32 - [MESSAGE][PASSED] - Text 'Soo1yan32' has been set to element 'Object Repository/Page_login/textfield_password'

2023-02-21 12:17:32 - [MESSAGE][PASSED] - Call Test Case 'Test Cases/Pages/Page_login/Input Password' successfully

2023-02-21 12:17:32 - [TEST_STEP][PASSED] - callTestCase(findTestCase("Pages/Page_login/Click Masuk"), [:], STOP_ON_FAILURE): Call Test Case 'Test Cases/Pages/Page_login/Click Masuk' successfully

2023-02-21 12:17:32 - [TEST_CASE][PASSED] - Test Cases/Pages/Page_login/Click Masuk: Test Cases/Pages/Page_login/Click Masuk

2023-02-21 12:17:32 - [TEST_STEP][PASSED] - waitForElementPresent(findTestObject("Page_login/btn_login"), 2): Element 'Object Repository/Page_login/btn_login' is present

2023-02-21 12:17:33 - [MESSAGE][PASSED] - Element 'Object Repository/Page_login/btn_login' is present

2023-02-21 12:17:33 - [TEST_STEP][PASSED] - tap(findTestObject("Page_login/btn_login"), 2): Tapped on element 'Object Repository/Page_login/btn_login'

2023-02-21 12:17:34 - [MESSAGE][PASSED] - Tapped on element 'Object Repository/Page_login/btn_login'

2023-02-21 12:17:34 - [MESSAGE][PASSED] - Call Test Case 'Test Cases/Pages/Page_login/Click Masuk' successfully]]></system-out>
         <system-err><![CDATA[]]></system-err>
      </testcase>
      <testcase name="Test Cases/Step Definition/Feature Login/LGI005 - User want to login by input incorrect email format on email textfield" time="20.831" classname="Test Cases/Step Definition/Feature Login/LGI005 - User want to login by input incorrect email format on email textfield" status="PASSED">
         <system-out><![CDATA[2023-02-21 12:17:34 - [TEST_CASE][PASSED] - Test Cases/Step Definition/Feature Login/LGI005 - User want to login by input incorrect email format on email textfield: Test Cases/Step Definition/Feature Login/LGI005 - User want to login by input incorrect email format on email textfield

2023-02-21 12:17:34 - [TEST_STEP][PASSED] - callTestCase(findTestCase("Pages/Page_login/Navigate to Login Page"), [:], STOP_ON_FAILURE): Call Test Case 'Test Cases/Pages/Page_login/Navigate to Login Page' successfully

2023-02-21 12:17:34 - [TEST_CASE][PASSED] - Test Cases/Pages/Page_login/Navigate to Login Page: Test Cases/Pages/Page_login/Navigate to Login Page

2023-02-21 12:17:34 - [TEST_STEP][PASSED] - startApplication("APK/app-release.apk", false): Started app at: 'D:\android-automation-testing-kelompok-1.git\APK\app-release.apk'

2023-02-21 12:17:43 - [MESSAGE][PASSED] - Started app at: 'D:\android-automation-testing-kelompok-1.git\APK\app-release.apk'

2023-02-21 12:17:43 - [TEST_STEP][PASSED] - tap(findTestObject("Page_home/nav_menu_akun"), 2): Tapped on element 'Object Repository/Page_home/nav_menu_akun'

2023-02-21 12:17:45 - [MESSAGE][PASSED] - Tapped on element 'Object Repository/Page_home/nav_menu_akun'

2023-02-21 12:17:45 - [TEST_STEP][PASSED] - tap(findTestObject("Page_home/btn_masuk"), 2): Tapped on element 'Object Repository/Page_home/btn_masuk'

2023-02-21 12:17:46 - [MESSAGE][PASSED] - Tapped on element 'Object Repository/Page_home/btn_masuk'

2023-02-21 12:17:46 - [MESSAGE][PASSED] - Call Test Case 'Test Cases/Pages/Page_login/Navigate to Login Page' successfully

2023-02-21 12:17:46 - [TEST_STEP][PASSED] - callTestCase(findTestCase("Pages/Page_login/Verify Content"), [:], STOP_ON_FAILURE): Call Test Case 'Test Cases/Pages/Page_login/Verify Content' successfully

2023-02-21 12:17:46 - [TEST_CASE][PASSED] - Test Cases/Pages/Page_login/Verify Content: Test Cases/Pages/Page_login/Verify Content

2023-02-21 12:17:46 - [TEST_STEP][PASSED] - verifyElementVisible(findTestObject("Page_login/text_masuk"), 0): Element 'Object Repository/Page_login/text_masuk' is visible

2023-02-21 12:17:46 - [MESSAGE][WARNING] - Timeout '0' is invalid. Using default page load timeout: '30'

2023-02-21 12:17:47 - [MESSAGE][PASSED] - Element 'Object Repository/Page_login/text_masuk' is visible

2023-02-21 12:17:47 - [TEST_STEP][PASSED] - verifyElementVisible(findTestObject("Page_login/text_email"), 0): Element 'Object Repository/Page_login/text_email' is visible

2023-02-21 12:17:47 - [MESSAGE][WARNING] - Timeout '0' is invalid. Using default page load timeout: '30'

2023-02-21 12:17:48 - [MESSAGE][PASSED] - Element 'Object Repository/Page_login/text_email' is visible

2023-02-21 12:17:48 - [TEST_STEP][PASSED] - verifyElementVisible(findTestObject("Page_login/textfield_email"), 0): Element 'Object Repository/Page_login/textfield_email' is visible

2023-02-21 12:17:48 - [MESSAGE][WARNING] - Timeout '0' is invalid. Using default page load timeout: '30'

2023-02-21 12:17:48 - [MESSAGE][PASSED] - Element 'Object Repository/Page_login/textfield_email' is visible

2023-02-21 12:17:48 - [TEST_STEP][PASSED] - verifyElementVisible(findTestObject("Page_login/text_password"), 0): Element 'Object Repository/Page_login/text_password' is visible

2023-02-21 12:17:48 - [MESSAGE][WARNING] - Timeout '0' is invalid. Using default page load timeout: '30'

2023-02-21 12:17:48 - [MESSAGE][PASSED] - Element 'Object Repository/Page_login/text_password' is visible

2023-02-21 12:17:48 - [TEST_STEP][PASSED] - verifyElementVisible(findTestObject("Page_login/textfield_password"), 0): Element 'Object Repository/Page_login/textfield_password' is visible

2023-02-21 12:17:48 - [MESSAGE][WARNING] - Timeout '0' is invalid. Using default page load timeout: '30'

2023-02-21 12:17:48 - [MESSAGE][PASSED] - Element 'Object Repository/Page_login/textfield_password' is visible

2023-02-21 12:17:48 - [TEST_STEP][PASSED] - verifyElementVisible(findTestObject("Page_login/icon_eyes_open"), 0): Element 'Object Repository/Page_login/icon_eyes_open' is visible

2023-02-21 12:17:48 - [MESSAGE][WARNING] - Timeout '0' is invalid. Using default page load timeout: '30'

2023-02-21 12:17:49 - [MESSAGE][PASSED] - Element 'Object Repository/Page_login/icon_eyes_open' is visible

2023-02-21 12:17:49 - [TEST_STEP][PASSED] - verifyElementVisible(findTestObject("Page_login/btn_masuk_login"), 0): Element 'Object Repository/Page_login/btn_masuk_login' is visible

2023-02-21 12:17:49 - [MESSAGE][WARNING] - Timeout '0' is invalid. Using default page load timeout: '30'

2023-02-21 12:17:49 - [MESSAGE][PASSED] - Element 'Object Repository/Page_login/btn_masuk_login' is visible

2023-02-21 12:17:49 - [TEST_STEP][PASSED] - verifyElementVisible(findTestObject("Page_login/linktext_daftar"), 0): Element 'Object Repository/Page_login/linktext_daftar' is visible

2023-02-21 12:17:49 - [MESSAGE][WARNING] - Timeout '0' is invalid. Using default page load timeout: '30'

2023-02-21 12:17:49 - [MESSAGE][PASSED] - Element 'Object Repository/Page_login/linktext_daftar' is visible

2023-02-21 12:17:49 - [MESSAGE][PASSED] - Call Test Case 'Test Cases/Pages/Page_login/Verify Content' successfully

2023-02-21 12:17:49 - [TEST_STEP][PASSED] - callTestCase(findTestCase("Pages/Page_login/Input Email"), ["email":"mayoreygmail.com"], STOP_ON_FAILURE): Call Test Case 'Test Cases/Pages/Page_login/Input Email' successfully

2023-02-21 12:17:49 - [TEST_CASE][PASSED] - Test Cases/Pages/Page_login/Input Email: Test Cases/Pages/Page_login/Input Email

2023-02-21 12:17:49 - [TEST_STEP][PASSED] - clearText(findTestObject("Page_login/textfield_email"), 3): Element 'Object Repository/Page_login/textfield_email' text is cleared

2023-02-21 12:17:49 - [MESSAGE][PASSED] - Element 'Object Repository/Page_login/textfield_email' text is cleared

2023-02-21 12:17:49 - [TEST_STEP][PASSED] - setText(findTestObject("Page_login/textfield_email"), email, 0): Text 'mayoreygmail.com' has been set to element 'Object Repository/Page_login/textfield_email'

2023-02-21 12:17:49 - [MESSAGE][WARNING] - Timeout '0' is invalid. Using default page load timeout: '30'

2023-02-21 12:17:51 - [MESSAGE][PASSED] - Text 'mayoreygmail.com' has been set to element 'Object Repository/Page_login/textfield_email'

2023-02-21 12:17:51 - [MESSAGE][PASSED] - Call Test Case 'Test Cases/Pages/Page_login/Input Email' successfully

2023-02-21 12:17:51 - [TEST_STEP][PASSED] - callTestCase(findTestCase("Pages/Page_login/Input Password"), ["password":"Sooyan321"], STOP_ON_FAILURE): Call Test Case 'Test Cases/Pages/Page_login/Input Password' successfully

2023-02-21 12:17:51 - [TEST_CASE][PASSED] - Test Cases/Pages/Page_login/Input Password: Test Cases/Pages/Page_login/Input Password

2023-02-21 12:17:51 - [TEST_STEP][PASSED] - clearText(findTestObject("Page_login/textfield_password"), 3): Element 'Object Repository/Page_login/textfield_password' text is cleared

2023-02-21 12:17:52 - [MESSAGE][PASSED] - Element 'Object Repository/Page_login/textfield_password' text is cleared

2023-02-21 12:17:52 - [TEST_STEP][PASSED] - setText(findTestObject("Page_login/textfield_password"), password, 0): Text 'Sooyan321' has been set to element 'Object Repository/Page_login/textfield_password'

2023-02-21 12:17:52 - [MESSAGE][WARNING] - Timeout '0' is invalid. Using default page load timeout: '30'

2023-02-21 12:17:53 - [MESSAGE][PASSED] - Text 'Sooyan321' has been set to element 'Object Repository/Page_login/textfield_password'

2023-02-21 12:17:53 - [MESSAGE][PASSED] - Call Test Case 'Test Cases/Pages/Page_login/Input Password' successfully

2023-02-21 12:17:53 - [TEST_STEP][PASSED] - callTestCase(findTestCase("Pages/Page_login/Click Masuk"), [:], STOP_ON_FAILURE): Call Test Case 'Test Cases/Pages/Page_login/Click Masuk' successfully

2023-02-21 12:17:53 - [TEST_CASE][PASSED] - Test Cases/Pages/Page_login/Click Masuk: Test Cases/Pages/Page_login/Click Masuk

2023-02-21 12:17:53 - [TEST_STEP][PASSED] - waitForElementPresent(findTestObject("Page_login/btn_login"), 2): Element 'Object Repository/Page_login/btn_login' is present

2023-02-21 12:17:54 - [MESSAGE][PASSED] - Element 'Object Repository/Page_login/btn_login' is present

2023-02-21 12:17:54 - [TEST_STEP][PASSED] - tap(findTestObject("Page_login/btn_login"), 2): Tapped on element 'Object Repository/Page_login/btn_login'

2023-02-21 12:17:55 - [MESSAGE][PASSED] - Tapped on element 'Object Repository/Page_login/btn_login'

2023-02-21 12:17:55 - [MESSAGE][PASSED] - Call Test Case 'Test Cases/Pages/Page_login/Click Masuk' successfully]]></system-out>
         <system-err><![CDATA[]]></system-err>
      </testcase>
      <testcase name="Test Cases/Step Definition/Feature Login/LGI006 - User want to login by input incorrect password format on password textfield" time="20.341" classname="Test Cases/Step Definition/Feature Login/LGI006 - User want to login by input incorrect password format on password textfield" status="PASSED">
         <system-out><![CDATA[2023-02-21 12:17:55 - [TEST_CASE][PASSED] - Test Cases/Step Definition/Feature Login/LGI006 - User want to login by input incorrect password format on password textfield: Test Cases/Step Definition/Feature Login/LGI006 - User want to login by input incorrect password format on password textfield

2023-02-21 12:17:55 - [TEST_STEP][PASSED] - callTestCase(findTestCase("Pages/Page_login/Navigate to Login Page"), [:], STOP_ON_FAILURE): Call Test Case 'Test Cases/Pages/Page_login/Navigate to Login Page' successfully

2023-02-21 12:17:55 - [TEST_CASE][PASSED] - Test Cases/Pages/Page_login/Navigate to Login Page: Test Cases/Pages/Page_login/Navigate to Login Page

2023-02-21 12:17:55 - [TEST_STEP][PASSED] - startApplication("APK/app-release.apk", false): Started app at: 'D:\android-automation-testing-kelompok-1.git\APK\app-release.apk'

2023-02-21 12:18:03 - [MESSAGE][PASSED] - Started app at: 'D:\android-automation-testing-kelompok-1.git\APK\app-release.apk'

2023-02-21 12:18:03 - [TEST_STEP][PASSED] - tap(findTestObject("Page_home/nav_menu_akun"), 2): Tapped on element 'Object Repository/Page_home/nav_menu_akun'

2023-02-21 12:18:06 - [MESSAGE][PASSED] - Tapped on element 'Object Repository/Page_home/nav_menu_akun'

2023-02-21 12:18:06 - [TEST_STEP][PASSED] - tap(findTestObject("Page_home/btn_masuk"), 2): Tapped on element 'Object Repository/Page_home/btn_masuk'

2023-02-21 12:18:07 - [MESSAGE][PASSED] - Tapped on element 'Object Repository/Page_home/btn_masuk'

2023-02-21 12:18:07 - [MESSAGE][PASSED] - Call Test Case 'Test Cases/Pages/Page_login/Navigate to Login Page' successfully

2023-02-21 12:18:07 - [TEST_STEP][PASSED] - callTestCase(findTestCase("Pages/Page_login/Verify Content"), [:], STOP_ON_FAILURE): Call Test Case 'Test Cases/Pages/Page_login/Verify Content' successfully

2023-02-21 12:18:07 - [TEST_CASE][PASSED] - Test Cases/Pages/Page_login/Verify Content: Test Cases/Pages/Page_login/Verify Content

2023-02-21 12:18:07 - [TEST_STEP][PASSED] - verifyElementVisible(findTestObject("Page_login/text_masuk"), 0): Element 'Object Repository/Page_login/text_masuk' is visible

2023-02-21 12:18:07 - [MESSAGE][WARNING] - Timeout '0' is invalid. Using default page load timeout: '30'

2023-02-21 12:18:08 - [MESSAGE][PASSED] - Element 'Object Repository/Page_login/text_masuk' is visible

2023-02-21 12:18:08 - [TEST_STEP][PASSED] - verifyElementVisible(findTestObject("Page_login/text_email"), 0): Element 'Object Repository/Page_login/text_email' is visible

2023-02-21 12:18:08 - [MESSAGE][WARNING] - Timeout '0' is invalid. Using default page load timeout: '30'

2023-02-21 12:18:09 - [MESSAGE][PASSED] - Element 'Object Repository/Page_login/text_email' is visible

2023-02-21 12:18:09 - [TEST_STEP][PASSED] - verifyElementVisible(findTestObject("Page_login/textfield_email"), 0): Element 'Object Repository/Page_login/textfield_email' is visible

2023-02-21 12:18:09 - [MESSAGE][WARNING] - Timeout '0' is invalid. Using default page load timeout: '30'

2023-02-21 12:18:09 - [MESSAGE][PASSED] - Element 'Object Repository/Page_login/textfield_email' is visible

2023-02-21 12:18:09 - [TEST_STEP][PASSED] - verifyElementVisible(findTestObject("Page_login/text_password"), 0): Element 'Object Repository/Page_login/text_password' is visible

2023-02-21 12:18:09 - [MESSAGE][WARNING] - Timeout '0' is invalid. Using default page load timeout: '30'

2023-02-21 12:18:09 - [MESSAGE][PASSED] - Element 'Object Repository/Page_login/text_password' is visible

2023-02-21 12:18:09 - [TEST_STEP][PASSED] - verifyElementVisible(findTestObject("Page_login/textfield_password"), 0): Element 'Object Repository/Page_login/textfield_password' is visible

2023-02-21 12:18:09 - [MESSAGE][WARNING] - Timeout '0' is invalid. Using default page load timeout: '30'

2023-02-21 12:18:10 - [MESSAGE][PASSED] - Element 'Object Repository/Page_login/textfield_password' is visible

2023-02-21 12:18:10 - [TEST_STEP][PASSED] - verifyElementVisible(findTestObject("Page_login/icon_eyes_open"), 0): Element 'Object Repository/Page_login/icon_eyes_open' is visible

2023-02-21 12:18:10 - [MESSAGE][WARNING] - Timeout '0' is invalid. Using default page load timeout: '30'

2023-02-21 12:18:10 - [MESSAGE][PASSED] - Element 'Object Repository/Page_login/icon_eyes_open' is visible

2023-02-21 12:18:10 - [TEST_STEP][PASSED] - verifyElementVisible(findTestObject("Page_login/btn_masuk_login"), 0): Element 'Object Repository/Page_login/btn_masuk_login' is visible

2023-02-21 12:18:10 - [MESSAGE][WARNING] - Timeout '0' is invalid. Using default page load timeout: '30'

2023-02-21 12:18:10 - [MESSAGE][PASSED] - Element 'Object Repository/Page_login/btn_masuk_login' is visible

2023-02-21 12:18:10 - [TEST_STEP][PASSED] - verifyElementVisible(findTestObject("Page_login/linktext_daftar"), 0): Element 'Object Repository/Page_login/linktext_daftar' is visible

2023-02-21 12:18:10 - [MESSAGE][WARNING] - Timeout '0' is invalid. Using default page load timeout: '30'

2023-02-21 12:18:10 - [MESSAGE][PASSED] - Element 'Object Repository/Page_login/linktext_daftar' is visible

2023-02-21 12:18:10 - [MESSAGE][PASSED] - Call Test Case 'Test Cases/Pages/Page_login/Verify Content' successfully

2023-02-21 12:18:10 - [TEST_STEP][PASSED] - callTestCase(findTestCase("Pages/Page_login/Input Email"), ["email":"mayorey@gmail.com"], STOP_ON_FAILURE): Call Test Case 'Test Cases/Pages/Page_login/Input Email' successfully

2023-02-21 12:18:10 - [TEST_CASE][PASSED] - Test Cases/Pages/Page_login/Input Email: Test Cases/Pages/Page_login/Input Email

2023-02-21 12:18:10 - [TEST_STEP][PASSED] - clearText(findTestObject("Page_login/textfield_email"), 3): Element 'Object Repository/Page_login/textfield_email' text is cleared

2023-02-21 12:18:11 - [MESSAGE][PASSED] - Element 'Object Repository/Page_login/textfield_email' text is cleared

2023-02-21 12:18:11 - [TEST_STEP][PASSED] - setText(findTestObject("Page_login/textfield_email"), email, 0): Text 'mayorey@gmail.com' has been set to element 'Object Repository/Page_login/textfield_email'

2023-02-21 12:18:11 - [MESSAGE][WARNING] - Timeout '0' is invalid. Using default page load timeout: '30'

2023-02-21 12:18:12 - [MESSAGE][PASSED] - Text 'mayorey@gmail.com' has been set to element 'Object Repository/Page_login/textfield_email'

2023-02-21 12:18:12 - [MESSAGE][PASSED] - Call Test Case 'Test Cases/Pages/Page_login/Input Email' successfully

2023-02-21 12:18:12 - [TEST_STEP][PASSED] - callTestCase(findTestCase("Pages/Page_login/Input Password"), ["password":"So"], STOP_ON_FAILURE): Call Test Case 'Test Cases/Pages/Page_login/Input Password' successfully

2023-02-21 12:18:12 - [TEST_CASE][PASSED] - Test Cases/Pages/Page_login/Input Password: Test Cases/Pages/Page_login/Input Password

2023-02-21 12:18:12 - [TEST_STEP][PASSED] - clearText(findTestObject("Page_login/textfield_password"), 3): Element 'Object Repository/Page_login/textfield_password' text is cleared

2023-02-21 12:18:12 - [MESSAGE][PASSED] - Element 'Object Repository/Page_login/textfield_password' text is cleared

2023-02-21 12:18:12 - [TEST_STEP][PASSED] - setText(findTestObject("Page_login/textfield_password"), password, 0): Text 'So' has been set to element 'Object Repository/Page_login/textfield_password'

2023-02-21 12:18:13 - [MESSAGE][WARNING] - Timeout '0' is invalid. Using default page load timeout: '30'

2023-02-21 12:18:14 - [MESSAGE][PASSED] - Text 'So' has been set to element 'Object Repository/Page_login/textfield_password'

2023-02-21 12:18:14 - [MESSAGE][PASSED] - Call Test Case 'Test Cases/Pages/Page_login/Input Password' successfully

2023-02-21 12:18:14 - [TEST_STEP][PASSED] - callTestCase(findTestCase("Pages/Page_login/Click Masuk"), [:], STOP_ON_FAILURE): Call Test Case 'Test Cases/Pages/Page_login/Click Masuk' successfully

2023-02-21 12:18:14 - [TEST_CASE][PASSED] - Test Cases/Pages/Page_login/Click Masuk: Test Cases/Pages/Page_login/Click Masuk

2023-02-21 12:18:14 - [TEST_STEP][PASSED] - waitForElementPresent(findTestObject("Page_login/btn_login"), 2): Element 'Object Repository/Page_login/btn_login' is present

2023-02-21 12:18:15 - [MESSAGE][PASSED] - Element 'Object Repository/Page_login/btn_login' is present

2023-02-21 12:18:15 - [TEST_STEP][PASSED] - tap(findTestObject("Page_login/btn_login"), 2): Tapped on element 'Object Repository/Page_login/btn_login'

2023-02-21 12:18:15 - [MESSAGE][PASSED] - Tapped on element 'Object Repository/Page_login/btn_login'

2023-02-21 12:18:15 - [MESSAGE][PASSED] - Call Test Case 'Test Cases/Pages/Page_login/Click Masuk' successfully]]></system-out>
         <system-err><![CDATA[]]></system-err>
      </testcase>
      <testcase name="Test Cases/Step Definition/Feature Login/LGI007 - User want to login by reveal his password" time="32.232" classname="Test Cases/Step Definition/Feature Login/LGI007 - User want to login by reveal his password" status="PASSED">
         <system-out><![CDATA[2023-02-21 12:18:15 - [TEST_CASE][PASSED] - Test Cases/Step Definition/Feature Login/LGI007 - User want to login by reveal his password: Test Cases/Step Definition/Feature Login/LGI007 - User want to login by reveal his password

2023-02-21 12:18:15 - [TEST_STEP][PASSED] - callTestCase(findTestCase("Pages/Page_login/Navigate to Login Page"), [:], STOP_ON_FAILURE): Call Test Case 'Test Cases/Pages/Page_login/Navigate to Login Page' successfully

2023-02-21 12:18:15 - [TEST_CASE][PASSED] - Test Cases/Pages/Page_login/Navigate to Login Page: Test Cases/Pages/Page_login/Navigate to Login Page

2023-02-21 12:18:15 - [TEST_STEP][PASSED] - startApplication("APK/app-release.apk", false): Started app at: 'D:\android-automation-testing-kelompok-1.git\APK\app-release.apk'

2023-02-21 12:18:24 - [MESSAGE][PASSED] - Started app at: 'D:\android-automation-testing-kelompok-1.git\APK\app-release.apk'

2023-02-21 12:18:24 - [TEST_STEP][PASSED] - tap(findTestObject("Page_home/nav_menu_akun"), 2): Tapped on element 'Object Repository/Page_home/nav_menu_akun'

2023-02-21 12:18:27 - [MESSAGE][PASSED] - Tapped on element 'Object Repository/Page_home/nav_menu_akun'

2023-02-21 12:18:27 - [TEST_STEP][PASSED] - tap(findTestObject("Page_home/btn_masuk"), 2): Tapped on element 'Object Repository/Page_home/btn_masuk'

2023-02-21 12:18:28 - [MESSAGE][PASSED] - Tapped on element 'Object Repository/Page_home/btn_masuk'

2023-02-21 12:18:28 - [MESSAGE][PASSED] - Call Test Case 'Test Cases/Pages/Page_login/Navigate to Login Page' successfully

2023-02-21 12:18:28 - [TEST_STEP][PASSED] - callTestCase(findTestCase("Pages/Page_login/Verify Content"), [:], STOP_ON_FAILURE): Call Test Case 'Test Cases/Pages/Page_login/Verify Content' successfully

2023-02-21 12:18:28 - [TEST_CASE][PASSED] - Test Cases/Pages/Page_login/Verify Content: Test Cases/Pages/Page_login/Verify Content

2023-02-21 12:18:28 - [TEST_STEP][PASSED] - verifyElementVisible(findTestObject("Page_login/text_masuk"), 0): Element 'Object Repository/Page_login/text_masuk' is visible

2023-02-21 12:18:28 - [MESSAGE][WARNING] - Timeout '0' is invalid. Using default page load timeout: '30'

2023-02-21 12:18:29 - [MESSAGE][PASSED] - Element 'Object Repository/Page_login/text_masuk' is visible

2023-02-21 12:18:29 - [TEST_STEP][PASSED] - verifyElementVisible(findTestObject("Page_login/text_email"), 0): Element 'Object Repository/Page_login/text_email' is visible

2023-02-21 12:18:29 - [MESSAGE][WARNING] - Timeout '0' is invalid. Using default page load timeout: '30'

2023-02-21 12:18:29 - [MESSAGE][PASSED] - Element 'Object Repository/Page_login/text_email' is visible

2023-02-21 12:18:29 - [TEST_STEP][PASSED] - verifyElementVisible(findTestObject("Page_login/textfield_email"), 0): Element 'Object Repository/Page_login/textfield_email' is visible

2023-02-21 12:18:29 - [MESSAGE][WARNING] - Timeout '0' is invalid. Using default page load timeout: '30'

2023-02-21 12:18:30 - [MESSAGE][PASSED] - Element 'Object Repository/Page_login/textfield_email' is visible

2023-02-21 12:18:30 - [TEST_STEP][PASSED] - verifyElementVisible(findTestObject("Page_login/text_password"), 0): Element 'Object Repository/Page_login/text_password' is visible

2023-02-21 12:18:30 - [MESSAGE][WARNING] - Timeout '0' is invalid. Using default page load timeout: '30'

2023-02-21 12:18:30 - [MESSAGE][PASSED] - Element 'Object Repository/Page_login/text_password' is visible

2023-02-21 12:18:30 - [TEST_STEP][PASSED] - verifyElementVisible(findTestObject("Page_login/textfield_password"), 0): Element 'Object Repository/Page_login/textfield_password' is visible

2023-02-21 12:18:30 - [MESSAGE][WARNING] - Timeout '0' is invalid. Using default page load timeout: '30'

2023-02-21 12:18:30 - [MESSAGE][PASSED] - Element 'Object Repository/Page_login/textfield_password' is visible

2023-02-21 12:18:30 - [TEST_STEP][PASSED] - verifyElementVisible(findTestObject("Page_login/icon_eyes_open"), 0): Element 'Object Repository/Page_login/icon_eyes_open' is visible

2023-02-21 12:18:30 - [MESSAGE][WARNING] - Timeout '0' is invalid. Using default page load timeout: '30'

2023-02-21 12:18:30 - [MESSAGE][PASSED] - Element 'Object Repository/Page_login/icon_eyes_open' is visible

2023-02-21 12:18:30 - [TEST_STEP][PASSED] - verifyElementVisible(findTestObject("Page_login/btn_masuk_login"), 0): Element 'Object Repository/Page_login/btn_masuk_login' is visible

2023-02-21 12:18:30 - [MESSAGE][WARNING] - Timeout '0' is invalid. Using default page load timeout: '30'

2023-02-21 12:18:31 - [MESSAGE][PASSED] - Element 'Object Repository/Page_login/btn_masuk_login' is visible

2023-02-21 12:18:31 - [TEST_STEP][PASSED] - verifyElementVisible(findTestObject("Page_login/linktext_daftar"), 0): Element 'Object Repository/Page_login/linktext_daftar' is visible

2023-02-21 12:18:31 - [MESSAGE][WARNING] - Timeout '0' is invalid. Using default page load timeout: '30'

2023-02-21 12:18:31 - [MESSAGE][PASSED] - Element 'Object Repository/Page_login/linktext_daftar' is visible

2023-02-21 12:18:31 - [MESSAGE][PASSED] - Call Test Case 'Test Cases/Pages/Page_login/Verify Content' successfully

2023-02-21 12:18:31 - [TEST_STEP][PASSED] - callTestCase(findTestCase("Pages/Page_login/Input Email"), ["email":"mayorey@gmail.com"], STOP_ON_FAILURE): Call Test Case 'Test Cases/Pages/Page_login/Input Email' successfully

2023-02-21 12:18:31 - [TEST_CASE][PASSED] - Test Cases/Pages/Page_login/Input Email: Test Cases/Pages/Page_login/Input Email

2023-02-21 12:18:31 - [TEST_STEP][PASSED] - clearText(findTestObject("Page_login/textfield_email"), 3): Element 'Object Repository/Page_login/textfield_email' text is cleared

2023-02-21 12:18:31 - [MESSAGE][PASSED] - Element 'Object Repository/Page_login/textfield_email' text is cleared

2023-02-21 12:18:31 - [TEST_STEP][PASSED] - setText(findTestObject("Page_login/textfield_email"), email, 0): Text 'mayorey@gmail.com' has been set to element 'Object Repository/Page_login/textfield_email'

2023-02-21 12:18:31 - [MESSAGE][WARNING] - Timeout '0' is invalid. Using default page load timeout: '30'

2023-02-21 12:18:33 - [MESSAGE][PASSED] - Text 'mayorey@gmail.com' has been set to element 'Object Repository/Page_login/textfield_email'

2023-02-21 12:18:33 - [MESSAGE][PASSED] - Call Test Case 'Test Cases/Pages/Page_login/Input Email' successfully

2023-02-21 12:18:33 - [TEST_STEP][PASSED] - callTestCase(findTestCase("Pages/Page_login/Input Password"), ["password":"Sooyan321"], STOP_ON_FAILURE): Call Test Case 'Test Cases/Pages/Page_login/Input Password' successfully

2023-02-21 12:18:33 - [TEST_CASE][PASSED] - Test Cases/Pages/Page_login/Input Password: Test Cases/Pages/Page_login/Input Password

2023-02-21 12:18:33 - [TEST_STEP][PASSED] - clearText(findTestObject("Page_login/textfield_password"), 3): Element 'Object Repository/Page_login/textfield_password' text is cleared

2023-02-21 12:18:33 - [MESSAGE][PASSED] - Element 'Object Repository/Page_login/textfield_password' text is cleared

2023-02-21 12:18:33 - [TEST_STEP][PASSED] - setText(findTestObject("Page_login/textfield_password"), password, 0): Text 'Sooyan321' has been set to element 'Object Repository/Page_login/textfield_password'

2023-02-21 12:18:34 - [MESSAGE][WARNING] - Timeout '0' is invalid. Using default page load timeout: '30'

2023-02-21 12:18:35 - [MESSAGE][PASSED] - Text 'Sooyan321' has been set to element 'Object Repository/Page_login/textfield_password'

2023-02-21 12:18:35 - [MESSAGE][PASSED] - Call Test Case 'Test Cases/Pages/Page_login/Input Password' successfully

2023-02-21 12:18:35 - [TEST_STEP][PASSED] - callTestCase(findTestCase("Pages/Page_login/Reveal Password"), [:], STOP_ON_FAILURE): Call Test Case 'Test Cases/Pages/Page_login/Reveal Password' successfully

2023-02-21 12:18:35 - [TEST_CASE][PASSED] - Test Cases/Pages/Page_login/Reveal Password: Test Cases/Pages/Page_login/Reveal Password

2023-02-21 12:18:35 - [TEST_STEP][PASSED] - tap(findTestObject("Page_login/icon_eyes_open"), 2): Tapped on element 'Object Repository/Page_login/icon_eyes_open'

2023-02-21 12:18:36 - [MESSAGE][PASSED] - Tapped on element 'Object Repository/Page_login/icon_eyes_open'

2023-02-21 12:18:36 - [MESSAGE][PASSED] - Call Test Case 'Test Cases/Pages/Page_login/Reveal Password' successfully

2023-02-21 12:18:36 - [TEST_STEP][PASSED] - callTestCase(findTestCase("Pages/Page_login/Click Masuk"), [:], STOP_ON_FAILURE): Call Test Case 'Test Cases/Pages/Page_login/Click Masuk' successfully

2023-02-21 12:18:36 - [TEST_CASE][PASSED] - Test Cases/Pages/Page_login/Click Masuk: Test Cases/Pages/Page_login/Click Masuk

2023-02-21 12:18:36 - [TEST_STEP][PASSED] - waitForElementPresent(findTestObject("Page_login/btn_login"), 2): Element 'Object Repository/Page_login/btn_login' is present

2023-02-21 12:18:37 - [MESSAGE][PASSED] - Element 'Object Repository/Page_login/btn_login' is present

2023-02-21 12:18:37 - [TEST_STEP][PASSED] - tap(findTestObject("Page_login/btn_login"), 2): Tapped on element 'Object Repository/Page_login/btn_login'

2023-02-21 12:18:37 - [MESSAGE][PASSED] - Tapped on element 'Object Repository/Page_login/btn_login'

2023-02-21 12:18:37 - [MESSAGE][PASSED] - Call Test Case 'Test Cases/Pages/Page_login/Click Masuk' successfully

2023-02-21 12:18:37 - [TEST_STEP][PASSED] - callTestCase(findTestCase("Pages/Page_home/Navigate to Menu Akun"), [:], STOP_ON_FAILURE): Call Test Case 'Test Cases/Pages/Page_home/Navigate to Menu Akun' successfully

2023-02-21 12:18:37 - [TEST_CASE][PASSED] - Test Cases/Pages/Page_home/Navigate to Menu Akun: Test Cases/Pages/Page_home/Navigate to Menu Akun

2023-02-21 12:18:37 - [TEST_STEP][PASSED] - waitForElementPresent(findTestObject("Page_home/nav_menu_akun"), 2): Element 'Object Repository/Page_home/nav_menu_akun' is present

2023-02-21 12:18:39 - [MESSAGE][PASSED] - Element 'Object Repository/Page_home/nav_menu_akun' is present

2023-02-21 12:18:39 - [TEST_STEP][PASSED] - tap(findTestObject("Page_home/nav_menu_akun"), 2): Tapped on element 'Object Repository/Page_home/nav_menu_akun'

2023-02-21 12:18:41 - [MESSAGE][PASSED] - Tapped on element 'Object Repository/Page_home/nav_menu_akun'

2023-02-21 12:18:41 - [MESSAGE][PASSED] - Call Test Case 'Test Cases/Pages/Page_home/Navigate to Menu Akun' successfully

2023-02-21 12:18:41 - [TEST_STEP][PASSED] - callTestCase(findTestCase("Pages/Page_akun/Log Out Account"), [:], STOP_ON_FAILURE): Call Test Case 'Test Cases/Pages/Page_akun/Log Out Account' successfully

2023-02-21 12:18:42 - [TEST_CASE][PASSED] - Test Cases/Pages/Page_akun/Log Out Account: Test Cases/Pages/Page_akun/Log Out Account

2023-02-21 12:18:42 - [TEST_STEP][PASSED] - callTestCase(findTestCase("Pages/Page_home/Navigate to Menu Akun"), [:], STOP_ON_FAILURE): Call Test Case 'Test Cases/Pages/Page_home/Navigate to Menu Akun' successfully

2023-02-21 12:18:42 - [TEST_CASE][PASSED] - Test Cases/Pages/Page_home/Navigate to Menu Akun: Test Cases/Pages/Page_home/Navigate to Menu Akun

2023-02-21 12:18:42 - [TEST_STEP][PASSED] - waitForElementPresent(findTestObject("Page_home/nav_menu_akun"), 2): Element 'Object Repository/Page_home/nav_menu_akun' is present

2023-02-21 12:18:44 - [MESSAGE][PASSED] - Element 'Object Repository/Page_home/nav_menu_akun' is present

2023-02-21 12:18:44 - [TEST_STEP][PASSED] - tap(findTestObject("Page_home/nav_menu_akun"), 2): Tapped on element 'Object Repository/Page_home/nav_menu_akun'

2023-02-21 12:18:46 - [MESSAGE][PASSED] - Tapped on element 'Object Repository/Page_home/nav_menu_akun'

2023-02-21 12:18:46 - [MESSAGE][PASSED] - Call Test Case 'Test Cases/Pages/Page_home/Navigate to Menu Akun' successfully

2023-02-21 12:18:46 - [TEST_STEP][PASSED] - callTestCase(findTestCase("Pages/Page_home/Click button log out"), [:], STOP_ON_FAILURE): Call Test Case 'Test Cases/Pages/Page_home/Click button log out' successfully

2023-02-21 12:18:46 - [TEST_CASE][PASSED] - Test Cases/Pages/Page_home/Click button log out: Test Cases/Pages/Page_home/Click button log out

2023-02-21 12:18:46 - [TEST_STEP][PASSED] - verifyElementVisible(findTestObject("Page_home/btn_keluar"), 2): Element 'Object Repository/Page_home/btn_keluar' is visible

2023-02-21 12:18:47 - [MESSAGE][PASSED] - Element 'Object Repository/Page_home/btn_keluar' is visible

2023-02-21 12:18:47 - [TEST_STEP][PASSED] - checkElement(findTestObject("Page_home/btn_keluar"), 2): Element 'Object Repository/Page_home/btn_keluar' is checked

2023-02-21 12:18:47 - [MESSAGE][PASSED] - Element 'Object Repository/Page_home/btn_keluar' is checked

2023-02-21 12:18:47 - [MESSAGE][PASSED] - Call Test Case 'Test Cases/Pages/Page_home/Click button log out' successfully

2023-02-21 12:18:47 - [MESSAGE][PASSED] - Call Test Case 'Test Cases/Pages/Page_akun/Log Out Account' successfully]]></system-out>
         <system-err><![CDATA[]]></system-err>
      </testcase>
      <testcase name="Test Cases/Step Definition/Feature Login/LGI008 - User want to login by hide his password" time="35.026" classname="Test Cases/Step Definition/Feature Login/LGI008 - User want to login by hide his password" status="PASSED">
         <system-out><![CDATA[2023-02-21 12:18:47 - [TEST_CASE][PASSED] - Test Cases/Step Definition/Feature Login/LGI008 - User want to login by hide his password: Test Cases/Step Definition/Feature Login/LGI008 - User want to login by hide his password

2023-02-21 12:18:48 - [TEST_STEP][PASSED] - callTestCase(findTestCase("Pages/Page_login/Navigate to Login Page"), [:], STOP_ON_FAILURE): Call Test Case 'Test Cases/Pages/Page_login/Navigate to Login Page' successfully

2023-02-21 12:18:48 - [TEST_CASE][PASSED] - Test Cases/Pages/Page_login/Navigate to Login Page: Test Cases/Pages/Page_login/Navigate to Login Page

2023-02-21 12:18:48 - [TEST_STEP][PASSED] - startApplication("APK/app-release.apk", false): Started app at: 'D:\android-automation-testing-kelompok-1.git\APK\app-release.apk'

2023-02-21 12:18:57 - [MESSAGE][PASSED] - Started app at: 'D:\android-automation-testing-kelompok-1.git\APK\app-release.apk'

2023-02-21 12:18:57 - [TEST_STEP][PASSED] - tap(findTestObject("Page_home/nav_menu_akun"), 2): Tapped on element 'Object Repository/Page_home/nav_menu_akun'

2023-02-21 12:19:00 - [MESSAGE][PASSED] - Tapped on element 'Object Repository/Page_home/nav_menu_akun'

2023-02-21 12:19:00 - [TEST_STEP][PASSED] - tap(findTestObject("Page_home/btn_masuk"), 2): Tapped on element 'Object Repository/Page_home/btn_masuk'

2023-02-21 12:19:01 - [MESSAGE][PASSED] - Tapped on element 'Object Repository/Page_home/btn_masuk'

2023-02-21 12:19:01 - [MESSAGE][PASSED] - Call Test Case 'Test Cases/Pages/Page_login/Navigate to Login Page' successfully

2023-02-21 12:19:01 - [TEST_STEP][PASSED] - callTestCase(findTestCase("Pages/Page_login/Verify Content"), [:], STOP_ON_FAILURE): Call Test Case 'Test Cases/Pages/Page_login/Verify Content' successfully

2023-02-21 12:19:01 - [TEST_CASE][PASSED] - Test Cases/Pages/Page_login/Verify Content: Test Cases/Pages/Page_login/Verify Content

2023-02-21 12:19:01 - [TEST_STEP][PASSED] - verifyElementVisible(findTestObject("Page_login/text_masuk"), 0): Element 'Object Repository/Page_login/text_masuk' is visible

2023-02-21 12:19:01 - [MESSAGE][WARNING] - Timeout '0' is invalid. Using default page load timeout: '30'

2023-02-21 12:19:02 - [MESSAGE][PASSED] - Element 'Object Repository/Page_login/text_masuk' is visible

2023-02-21 12:19:02 - [TEST_STEP][PASSED] - verifyElementVisible(findTestObject("Page_login/text_email"), 0): Element 'Object Repository/Page_login/text_email' is visible

2023-02-21 12:19:02 - [MESSAGE][WARNING] - Timeout '0' is invalid. Using default page load timeout: '30'

2023-02-21 12:19:02 - [MESSAGE][PASSED] - Element 'Object Repository/Page_login/text_email' is visible

2023-02-21 12:19:02 - [TEST_STEP][PASSED] - verifyElementVisible(findTestObject("Page_login/textfield_email"), 0): Element 'Object Repository/Page_login/textfield_email' is visible

2023-02-21 12:19:02 - [MESSAGE][WARNING] - Timeout '0' is invalid. Using default page load timeout: '30'

2023-02-21 12:19:02 - [MESSAGE][PASSED] - Element 'Object Repository/Page_login/textfield_email' is visible

2023-02-21 12:19:02 - [TEST_STEP][PASSED] - verifyElementVisible(findTestObject("Page_login/text_password"), 0): Element 'Object Repository/Page_login/text_password' is visible

2023-02-21 12:19:02 - [MESSAGE][WARNING] - Timeout '0' is invalid. Using default page load timeout: '30'

2023-02-21 12:19:02 - [MESSAGE][PASSED] - Element 'Object Repository/Page_login/text_password' is visible

2023-02-21 12:19:02 - [TEST_STEP][PASSED] - verifyElementVisible(findTestObject("Page_login/textfield_password"), 0): Element 'Object Repository/Page_login/textfield_password' is visible

2023-02-21 12:19:02 - [MESSAGE][WARNING] - Timeout '0' is invalid. Using default page load timeout: '30'

2023-02-21 12:19:03 - [MESSAGE][PASSED] - Element 'Object Repository/Page_login/textfield_password' is visible

2023-02-21 12:19:03 - [TEST_STEP][PASSED] - verifyElementVisible(findTestObject("Page_login/icon_eyes_open"), 0): Element 'Object Repository/Page_login/icon_eyes_open' is visible

2023-02-21 12:19:03 - [MESSAGE][WARNING] - Timeout '0' is invalid. Using default page load timeout: '30'

2023-02-21 12:19:03 - [MESSAGE][PASSED] - Element 'Object Repository/Page_login/icon_eyes_open' is visible

2023-02-21 12:19:03 - [TEST_STEP][PASSED] - verifyElementVisible(findTestObject("Page_login/btn_masuk_login"), 0): Element 'Object Repository/Page_login/btn_masuk_login' is visible

2023-02-21 12:19:03 - [MESSAGE][WARNING] - Timeout '0' is invalid. Using default page load timeout: '30'

2023-02-21 12:19:03 - [MESSAGE][PASSED] - Element 'Object Repository/Page_login/btn_masuk_login' is visible

2023-02-21 12:19:03 - [TEST_STEP][PASSED] - verifyElementVisible(findTestObject("Page_login/linktext_daftar"), 0): Element 'Object Repository/Page_login/linktext_daftar' is visible

2023-02-21 12:19:03 - [MESSAGE][WARNING] - Timeout '0' is invalid. Using default page load timeout: '30'

2023-02-21 12:19:03 - [MESSAGE][PASSED] - Element 'Object Repository/Page_login/linktext_daftar' is visible

2023-02-21 12:19:03 - [MESSAGE][PASSED] - Call Test Case 'Test Cases/Pages/Page_login/Verify Content' successfully

2023-02-21 12:19:03 - [TEST_STEP][PASSED] - callTestCase(findTestCase("Pages/Page_login/Input Email"), ["email":"mayorey@gmail.com"], STOP_ON_FAILURE): Call Test Case 'Test Cases/Pages/Page_login/Input Email' successfully

2023-02-21 12:19:03 - [TEST_CASE][PASSED] - Test Cases/Pages/Page_login/Input Email: Test Cases/Pages/Page_login/Input Email

2023-02-21 12:19:03 - [TEST_STEP][PASSED] - clearText(findTestObject("Page_login/textfield_email"), 3): Element 'Object Repository/Page_login/textfield_email' text is cleared

2023-02-21 12:19:03 - [MESSAGE][PASSED] - Element 'Object Repository/Page_login/textfield_email' text is cleared

2023-02-21 12:19:03 - [TEST_STEP][PASSED] - setText(findTestObject("Page_login/textfield_email"), email, 0): Text 'mayorey@gmail.com' has been set to element 'Object Repository/Page_login/textfield_email'

2023-02-21 12:19:03 - [MESSAGE][WARNING] - Timeout '0' is invalid. Using default page load timeout: '30'

2023-02-21 12:19:05 - [MESSAGE][PASSED] - Text 'mayorey@gmail.com' has been set to element 'Object Repository/Page_login/textfield_email'

2023-02-21 12:19:05 - [MESSAGE][PASSED] - Call Test Case 'Test Cases/Pages/Page_login/Input Email' successfully

2023-02-21 12:19:05 - [TEST_STEP][PASSED] - callTestCase(findTestCase("Pages/Page_login/Input Password"), ["password":"Sooyan321"], STOP_ON_FAILURE): Call Test Case 'Test Cases/Pages/Page_login/Input Password' successfully

2023-02-21 12:19:05 - [TEST_CASE][PASSED] - Test Cases/Pages/Page_login/Input Password: Test Cases/Pages/Page_login/Input Password

2023-02-21 12:19:05 - [TEST_STEP][PASSED] - clearText(findTestObject("Page_login/textfield_password"), 3): Element 'Object Repository/Page_login/textfield_password' text is cleared

2023-02-21 12:19:05 - [MESSAGE][PASSED] - Element 'Object Repository/Page_login/textfield_password' text is cleared

2023-02-21 12:19:05 - [TEST_STEP][PASSED] - setText(findTestObject("Page_login/textfield_password"), password, 0): Text 'Sooyan321' has been set to element 'Object Repository/Page_login/textfield_password'

2023-02-21 12:19:05 - [MESSAGE][WARNING] - Timeout '0' is invalid. Using default page load timeout: '30'

2023-02-21 12:19:07 - [MESSAGE][PASSED] - Text 'Sooyan321' has been set to element 'Object Repository/Page_login/textfield_password'

2023-02-21 12:19:07 - [MESSAGE][PASSED] - Call Test Case 'Test Cases/Pages/Page_login/Input Password' successfully

2023-02-21 12:19:07 - [TEST_STEP][PASSED] - callTestCase(findTestCase("Pages/Page_login/Hide Password"), [:], STOP_ON_FAILURE): Call Test Case 'Test Cases/Pages/Page_login/Hide Password' successfully

2023-02-21 12:19:07 - [TEST_CASE][PASSED] - Test Cases/Pages/Page_login/Hide Password: Test Cases/Pages/Page_login/Hide Password

2023-02-21 12:19:07 - [TEST_STEP][PASSED] - tap(findTestObject("Page_login/icon_eyes_open"), 2): Tapped on element 'Object Repository/Page_login/icon_eyes_open'

2023-02-21 12:19:08 - [MESSAGE][PASSED] - Tapped on element 'Object Repository/Page_login/icon_eyes_open'

2023-02-21 12:19:08 - [TEST_STEP][PASSED] - tap(findTestObject("Page_login/icon_eyes_close"), 2): Tapped on element 'Object Repository/Page_login/icon_eyes_close'

2023-02-21 12:19:09 - [MESSAGE][PASSED] - Tapped on element 'Object Repository/Page_login/icon_eyes_close'

2023-02-21 12:19:09 - [MESSAGE][PASSED] - Call Test Case 'Test Cases/Pages/Page_login/Hide Password' successfully

2023-02-21 12:19:09 - [TEST_STEP][PASSED] - callTestCase(findTestCase("Pages/Page_login/Click Masuk"), [:], STOP_ON_FAILURE): Call Test Case 'Test Cases/Pages/Page_login/Click Masuk' successfully

2023-02-21 12:19:09 - [TEST_CASE][PASSED] - Test Cases/Pages/Page_login/Click Masuk: Test Cases/Pages/Page_login/Click Masuk

2023-02-21 12:19:09 - [TEST_STEP][PASSED] - waitForElementPresent(findTestObject("Page_login/btn_login"), 2): Element 'Object Repository/Page_login/btn_login' is present

2023-02-21 12:19:09 - [MESSAGE][PASSED] - Element 'Object Repository/Page_login/btn_login' is present

2023-02-21 12:19:09 - [TEST_STEP][PASSED] - tap(findTestObject("Page_login/btn_login"), 2): Tapped on element 'Object Repository/Page_login/btn_login'

2023-02-21 12:19:11 - [MESSAGE][PASSED] - Tapped on element 'Object Repository/Page_login/btn_login'

2023-02-21 12:19:11 - [MESSAGE][PASSED] - Call Test Case 'Test Cases/Pages/Page_login/Click Masuk' successfully

2023-02-21 12:19:11 - [TEST_STEP][PASSED] - callTestCase(findTestCase("Pages/Page_home/Navigate to Menu Akun"), [:], STOP_ON_FAILURE): Call Test Case 'Test Cases/Pages/Page_home/Navigate to Menu Akun' successfully

2023-02-21 12:19:11 - [TEST_CASE][PASSED] - Test Cases/Pages/Page_home/Navigate to Menu Akun: Test Cases/Pages/Page_home/Navigate to Menu Akun

2023-02-21 12:19:11 - [TEST_STEP][PASSED] - waitForElementPresent(findTestObject("Page_home/nav_menu_akun"), 2): Element 'Object Repository/Page_home/nav_menu_akun' is present

2023-02-21 12:19:14 - [MESSAGE][PASSED] - Element 'Object Repository/Page_home/nav_menu_akun' is present

2023-02-21 12:19:14 - [TEST_STEP][PASSED] - tap(findTestObject("Page_home/nav_menu_akun"), 2): Tapped on element 'Object Repository/Page_home/nav_menu_akun'

2023-02-21 12:19:17 - [MESSAGE][PASSED] - Tapped on element 'Object Repository/Page_home/nav_menu_akun'

2023-02-21 12:19:17 - [MESSAGE][PASSED] - Call Test Case 'Test Cases/Pages/Page_home/Navigate to Menu Akun' successfully

2023-02-21 12:19:17 - [TEST_STEP][PASSED] - callTestCase(findTestCase("Pages/Page_akun/Log Out Account"), [:], STOP_ON_FAILURE): Call Test Case 'Test Cases/Pages/Page_akun/Log Out Account' successfully

2023-02-21 12:19:17 - [TEST_CASE][PASSED] - Test Cases/Pages/Page_akun/Log Out Account: Test Cases/Pages/Page_akun/Log Out Account

2023-02-21 12:19:17 - [TEST_STEP][PASSED] - callTestCase(findTestCase("Pages/Page_home/Navigate to Menu Akun"), [:], STOP_ON_FAILURE): Call Test Case 'Test Cases/Pages/Page_home/Navigate to Menu Akun' successfully

2023-02-21 12:19:17 - [TEST_CASE][PASSED] - Test Cases/Pages/Page_home/Navigate to Menu Akun: Test Cases/Pages/Page_home/Navigate to Menu Akun

2023-02-21 12:19:17 - [TEST_STEP][PASSED] - waitForElementPresent(findTestObject("Page_home/nav_menu_akun"), 2): Element 'Object Repository/Page_home/nav_menu_akun' is present

2023-02-21 12:19:19 - [MESSAGE][PASSED] - Element 'Object Repository/Page_home/nav_menu_akun' is present

2023-02-21 12:19:19 - [TEST_STEP][PASSED] - tap(findTestObject("Page_home/nav_menu_akun"), 2): Tapped on element 'Object Repository/Page_home/nav_menu_akun'

2023-02-21 12:19:21 - [MESSAGE][PASSED] - Tapped on element 'Object Repository/Page_home/nav_menu_akun'

2023-02-21 12:19:21 - [MESSAGE][PASSED] - Call Test Case 'Test Cases/Pages/Page_home/Navigate to Menu Akun' successfully

2023-02-21 12:19:21 - [TEST_STEP][PASSED] - callTestCase(findTestCase("Pages/Page_home/Click button log out"), [:], STOP_ON_FAILURE): Call Test Case 'Test Cases/Pages/Page_home/Click button log out' successfully

2023-02-21 12:19:21 - [TEST_CASE][PASSED] - Test Cases/Pages/Page_home/Click button log out: Test Cases/Pages/Page_home/Click button log out

2023-02-21 12:19:21 - [TEST_STEP][PASSED] - verifyElementVisible(findTestObject("Page_home/btn_keluar"), 2): Element 'Object Repository/Page_home/btn_keluar' is visible

2023-02-21 12:19:22 - [MESSAGE][PASSED] - Element 'Object Repository/Page_home/btn_keluar' is visible

2023-02-21 12:19:22 - [TEST_STEP][PASSED] - checkElement(findTestObject("Page_home/btn_keluar"), 2): Element 'Object Repository/Page_home/btn_keluar' is checked

2023-02-21 12:19:22 - [MESSAGE][PASSED] - Element 'Object Repository/Page_home/btn_keluar' is checked

2023-02-21 12:19:22 - [MESSAGE][PASSED] - Call Test Case 'Test Cases/Pages/Page_home/Click button log out' successfully

2023-02-21 12:19:22 - [MESSAGE][PASSED] - Call Test Case 'Test Cases/Pages/Page_akun/Log Out Account' successfully]]></system-out>
         <system-err><![CDATA[]]></system-err>
      </testcase>
      <system-out><![CDATA[2023-02-21 12:15:52 - [TEST_SUITE][PASSED] - Feature Login: Test Cases/Step Definition/Feature Login/LGI008 - User want to login by hide his password]]></system-out>
      <system-err><![CDATA[]]></system-err>
   </testsuite>
</testsuites>
