<?xml version="1.0" encoding="UTF-8"?>
<testsuites name="Feature Register" time="487.24" tests="12" failures="0" errors="0">
   <testsuite name="Feature Register" tests="12" failures="0" errors="0" time="487.24" skipped="0" timestamp="2023-02-21 12:07:03" hostname="ADITIA ARGA PRATAMA - LAPTOP-L0K8P5OF" id="Test Suites/Feature Register">
      <properties>
         <property name="deviceName" value="samsung SM-A525F (Android 13)"/>
         <property name="devicePlatform" value=""/>
         <property name="logFolder" value="D:\\android-automation-testing-kelompok-1.git\\Reports\\20230221_120605\\Feature Register\\20230221_120609"/>
         <property name="logFiles" value="D:\\android-automation-testing-kelompok-1.git\\Reports\\20230221_120605\\Feature Register\\20230221_120609\\appium.log, D:\\android-automation-testing-kelompok-1.git\\Reports\\20230221_120605\\Feature Register\\20230221_120609\\execution0.log"/>
         <property name="attachments" value=""/>
         <property name="hostName" value="ADITIA ARGA PRATAMA - LAPTOP-L0K8P5OF"/>
         <property name="os" value="Windows 10 64bit"/>
         <property name="appiumServerStatus" value="{&quot;value&quot;:{&quot;build&quot;:{&quot;version&quot;:&quot;1.22.3&quot;}},&quot;sessionId&quot;:null,&quot;status&quot;:0}"/>
         <property name="katalonVersion" value="8.5.5.208"/>
         <property name="deviceOS" value="Android"/>
         <property name="appiumVersion" value="1.22.3"/>
         <property name="deviceModel" value="SM-A525F"/>
         <property name="hostAddress" value="192.168.0.139"/>
         <property name="deviceManufacturer" value="samsung"/>
         <property name="deviceId" value="RR8R602SN8Y"/>
         <property name="deviceName" value="samsung SM-A525F (Android 13)"/>
         <property name="deviceOSVersion" value="13"/>
      </properties>
      <testcase name="Test Cases/Step Definition/Feature Register/RGT001 - User want to register by filling all field" time="58.805" classname="Test Cases/Step Definition/Feature Register/RGT001 - User want to register by filling all field" status="PASSED">
         <system-out><![CDATA[2023-02-21 12:07:17 - [TEST_CASE][PASSED] - Test Cases/Step Definition/Feature Register/RGT001 - User want to register by filling all field: Test Cases/Step Definition/Feature Register/RGT001 - User want to register by filling all field

2023-02-21 12:07:17 - [TEST_STEP][PASSED] - callTestCase(findTestCase("Pages/Page_register/Navigate to Register Page"), [:], STOP_ON_FAILURE): Call Test Case 'Test Cases/Pages/Page_register/Navigate to Register Page' successfully

2023-02-21 12:07:17 - [TEST_CASE][PASSED] - Test Cases/Pages/Page_register/Navigate to Register Page: Test Cases/Pages/Page_register/Navigate to Register Page

2023-02-21 12:07:17 - [TEST_STEP][PASSED] - startApplication("APK/app-release.apk", false): Started app at: 'D:\android-automation-testing-kelompok-1.git\APK\app-release.apk'

2023-02-21 12:07:26 - [MESSAGE][PASSED] - Started app at: 'D:\android-automation-testing-kelompok-1.git\APK\app-release.apk'

2023-02-21 12:07:26 - [TEST_STEP][PASSED] - tap(findTestObject("Page_home/nav_menu_akun"), 2): Tapped on element 'Object Repository/Page_home/nav_menu_akun'

2023-02-21 12:07:29 - [MESSAGE][PASSED] - Tapped on element 'Object Repository/Page_home/nav_menu_akun'

2023-02-21 12:07:29 - [TEST_STEP][PASSED] - tap(findTestObject("Page_home/btn_masuk"), 2): Tapped on element 'Object Repository/Page_home/btn_masuk'

2023-02-21 12:07:29 - [MESSAGE][PASSED] - Tapped on element 'Object Repository/Page_home/btn_masuk'

2023-02-21 12:07:29 - [TEST_STEP][PASSED] - tap(findTestObject("Page_login/linktext_daftar"), 2): Tapped on element 'Object Repository/Page_login/linktext_daftar'

2023-02-21 12:07:31 - [MESSAGE][PASSED] - Tapped on element 'Object Repository/Page_login/linktext_daftar'

2023-02-21 12:07:31 - [TEST_STEP][PASSED] - scrollToText("sudah", STOP_ON_FAILURE): Scrolling to text 'sudah' successfully

2023-02-21 12:07:34 - [MESSAGE][PASSED] - Scrolling to text 'sudah' successfully

2023-02-21 12:07:35 - [MESSAGE][PASSED] - Call Test Case 'Test Cases/Pages/Page_register/Navigate to Register Page' successfully

2023-02-21 12:07:35 - [TEST_STEP][PASSED] - callTestCase(findTestCase("Pages/Page_register/Input Nama"), ["nama":"Mayorey237"], STOP_ON_FAILURE): Call Test Case 'Test Cases/Pages/Page_register/Input Nama' successfully

2023-02-21 12:07:35 - [TEST_CASE][PASSED] - Test Cases/Pages/Page_register/Input Nama: Test Cases/Pages/Page_register/Input Nama

2023-02-21 12:07:35 - [TEST_STEP][PASSED] - clearText(findTestObject("Page_register/textfield_nama"), 3): Element 'Object Repository/Page_register/textfield_nama' text is cleared

2023-02-21 12:07:35 - [MESSAGE][PASSED] - Element 'Object Repository/Page_register/textfield_nama' text is cleared

2023-02-21 12:07:35 - [TEST_STEP][PASSED] - setText(findTestObject("Page_register/textfield_nama"), nama, 0): Text 'Mayorey237' has been set to element 'Object Repository/Page_register/textfield_nama'

2023-02-21 12:07:35 - [MESSAGE][WARNING] - Timeout '0' is invalid. Using default page load timeout: '30'

2023-02-21 12:07:36 - [MESSAGE][PASSED] - Text 'Mayorey237' has been set to element 'Object Repository/Page_register/textfield_nama'

2023-02-21 12:07:36 - [MESSAGE][PASSED] - Call Test Case 'Test Cases/Pages/Page_register/Input Nama' successfully

2023-02-21 12:07:36 - [TEST_STEP][PASSED] - callTestCase(findTestCase("Pages/Page_register/Input Email"), ["email":"mayorey0s5a51@gmail.com"], STOP_ON_FAILURE): Call Test Case 'Test Cases/Pages/Page_register/Input Email' successfully

2023-02-21 12:07:36 - [TEST_CASE][PASSED] - Test Cases/Pages/Page_register/Input Email: Test Cases/Pages/Page_register/Input Email

2023-02-21 12:07:37 - [TEST_STEP][PASSED] - clearText(findTestObject("Page_register/textfield_email"), 3): Element 'Object Repository/Page_register/textfield_email' text is cleared

2023-02-21 12:07:37 - [MESSAGE][PASSED] - Element 'Object Repository/Page_register/textfield_email' text is cleared

2023-02-21 12:07:37 - [TEST_STEP][PASSED] - setText(findTestObject("Page_register/textfield_email"), email, 0): Text 'mayorey0s5a51@gmail.com' has been set to element 'Object Repository/Page_register/textfield_email'

2023-02-21 12:07:37 - [MESSAGE][WARNING] - Timeout '0' is invalid. Using default page load timeout: '30'

2023-02-21 12:07:39 - [MESSAGE][PASSED] - Text 'mayorey0s5a51@gmail.com' has been set to element 'Object Repository/Page_register/textfield_email'

2023-02-21 12:07:39 - [MESSAGE][PASSED] - Call Test Case 'Test Cases/Pages/Page_register/Input Email' successfully

2023-02-21 12:07:39 - [TEST_STEP][PASSED] - callTestCase(findTestCase("Pages/Page_register/Input Password"), ["password":"Mayorey237"], STOP_ON_FAILURE): Call Test Case 'Test Cases/Pages/Page_register/Input Password' successfully

2023-02-21 12:07:39 - [TEST_CASE][PASSED] - Test Cases/Pages/Page_register/Input Password: Test Cases/Pages/Page_register/Input Password

2023-02-21 12:07:39 - [TEST_STEP][PASSED] - clearText(findTestObject("Page_register/textfield_password"), 3): Element 'Object Repository/Page_register/textfield_password' text is cleared

2023-02-21 12:07:40 - [MESSAGE][PASSED] - Element 'Object Repository/Page_register/textfield_password' text is cleared

2023-02-21 12:07:40 - [TEST_STEP][PASSED] - setText(findTestObject("Page_register/textfield_password"), password, 0): Text 'Mayorey237' has been set to element 'Object Repository/Page_register/textfield_password'

2023-02-21 12:07:40 - [MESSAGE][WARNING] - Timeout '0' is invalid. Using default page load timeout: '30'

2023-02-21 12:07:41 - [MESSAGE][PASSED] - Text 'Mayorey237' has been set to element 'Object Repository/Page_register/textfield_password'

2023-02-21 12:07:41 - [MESSAGE][PASSED] - Call Test Case 'Test Cases/Pages/Page_register/Input Password' successfully

2023-02-21 12:07:41 - [TEST_STEP][PASSED] - callTestCase(findTestCase("Pages/Page_register/Input Nomor HP"), ["nomorhp":"08218929391"], STOP_ON_FAILURE): Call Test Case 'Test Cases/Pages/Page_register/Input Nomor HP' successfully

2023-02-21 12:07:41 - [TEST_CASE][PASSED] - Test Cases/Pages/Page_register/Input Nomor HP: Test Cases/Pages/Page_register/Input Nomor HP

2023-02-21 12:07:42 - [TEST_STEP][PASSED] - clearText(findTestObject("Page_register/textfield_nomor_hp"), 3): Element 'Object Repository/Page_register/textfield_nomor_hp' text is cleared

2023-02-21 12:07:42 - [MESSAGE][PASSED] - Element 'Object Repository/Page_register/textfield_nomor_hp' text is cleared

2023-02-21 12:07:42 - [TEST_STEP][PASSED] - setText(findTestObject("Page_register/textfield_nomor_hp"), nomorhp, 0): Text '08218929391' has been set to element 'Object Repository/Page_register/textfield_nomor_hp'

2023-02-21 12:07:42 - [MESSAGE][WARNING] - Timeout '0' is invalid. Using default page load timeout: '30'

2023-02-21 12:07:44 - [MESSAGE][PASSED] - Text '08218929391' has been set to element 'Object Repository/Page_register/textfield_nomor_hp'

2023-02-21 12:07:44 - [MESSAGE][PASSED] - Call Test Case 'Test Cases/Pages/Page_register/Input Nomor HP' successfully

2023-02-21 12:07:44 - [TEST_STEP][PASSED] - callTestCase(findTestCase("Pages/Page_register/Input Kota"), ["kota":"Jakarta Pusat"], STOP_ON_FAILURE): Call Test Case 'Test Cases/Pages/Page_register/Input Kota' successfully

2023-02-21 12:07:44 - [TEST_CASE][PASSED] - Test Cases/Pages/Page_register/Input Kota: Test Cases/Pages/Page_register/Input Kota

2023-02-21 12:07:44 - [TEST_STEP][PASSED] - clearText(findTestObject("Page_register/textfield_kota"), 3): Element 'Object Repository/Page_register/textfield_kota' text is cleared

2023-02-21 12:07:45 - [MESSAGE][PASSED] - Element 'Object Repository/Page_register/textfield_kota' text is cleared

2023-02-21 12:07:45 - [TEST_STEP][PASSED] - setText(findTestObject("Page_register/textfield_kota"), kota, 0): Text 'Jakarta Pusat' has been set to element 'Object Repository/Page_register/textfield_kota'

2023-02-21 12:07:45 - [MESSAGE][WARNING] - Timeout '0' is invalid. Using default page load timeout: '30'

2023-02-21 12:07:46 - [MESSAGE][PASSED] - Text 'Jakarta Pusat' has been set to element 'Object Repository/Page_register/textfield_kota'

2023-02-21 12:07:46 - [MESSAGE][PASSED] - Call Test Case 'Test Cases/Pages/Page_register/Input Kota' successfully

2023-02-21 12:07:46 - [TEST_STEP][PASSED] - callTestCase(findTestCase("Pages/Page_register/Input Alamat"), ["alamat":"Jl. Sooyay No.54"], STOP_ON_FAILURE): Call Test Case 'Test Cases/Pages/Page_register/Input Alamat' successfully

2023-02-21 12:07:46 - [TEST_CASE][PASSED] - Test Cases/Pages/Page_register/Input Alamat: Test Cases/Pages/Page_register/Input Alamat

2023-02-21 12:07:47 - [TEST_STEP][PASSED] - clearText(findTestObject("Page_register/textfield_alamat"), 3): Element 'Object Repository/Page_register/textfield_alamat' text is cleared

2023-02-21 12:07:47 - [MESSAGE][PASSED] - Element 'Object Repository/Page_register/textfield_alamat' text is cleared

2023-02-21 12:07:47 - [TEST_STEP][PASSED] - setText(findTestObject("Page_register/textfield_alamat"), alamat, 0): Text 'Jl. Sooyay No.54' has been set to element 'Object Repository/Page_register/textfield_alamat'

2023-02-21 12:07:47 - [MESSAGE][WARNING] - Timeout '0' is invalid. Using default page load timeout: '30'

2023-02-21 12:07:48 - [MESSAGE][PASSED] - Text 'Jl. Sooyay No.54' has been set to element 'Object Repository/Page_register/textfield_alamat'

2023-02-21 12:07:48 - [MESSAGE][PASSED] - Call Test Case 'Test Cases/Pages/Page_register/Input Alamat' successfully

2023-02-21 12:07:48 - [TEST_STEP][PASSED] - callTestCase(findTestCase("Pages/Page_register/Verify Content"), [:], STOP_ON_FAILURE): Call Test Case 'Test Cases/Pages/Page_register/Verify Content' successfully

2023-02-21 12:07:48 - [TEST_CASE][PASSED] - Test Cases/Pages/Page_register/Verify Content: Test Cases/Pages/Page_register/Verify Content

2023-02-21 12:07:49 - [TEST_STEP][PASSED] - waitForElementPresent(findTestObject("Page_register/text_nama"), 6): Element 'Object Repository/Page_register/text_nama' is present

2023-02-21 12:07:49 - [MESSAGE][PASSED] - Element 'Object Repository/Page_register/text_nama' is present

2023-02-21 12:07:49 - [TEST_STEP][PASSED] - verifyElementVisible(findTestObject("Page_register/text_nama"), 6): Element 'Object Repository/Page_register/text_nama' is visible

2023-02-21 12:07:49 - [MESSAGE][PASSED] - Element 'Object Repository/Page_register/text_nama' is visible

2023-02-21 12:07:49 - [TEST_STEP][PASSED] - waitForElementPresent(findTestObject("Page_register/textfield_nama"), 6): Element 'Object Repository/Page_register/textfield_nama' is present

2023-02-21 12:07:50 - [MESSAGE][PASSED] - Element 'Object Repository/Page_register/textfield_nama' is present

2023-02-21 12:07:50 - [TEST_STEP][PASSED] - verifyElementVisible(findTestObject("Page_register/textfield_nama"), 6): Element 'Object Repository/Page_register/textfield_nama' is visible

2023-02-21 12:07:50 - [MESSAGE][PASSED] - Element 'Object Repository/Page_register/textfield_nama' is visible

2023-02-21 12:07:50 - [TEST_STEP][PASSED] - waitForElementPresent(findTestObject("Page_register/text_email"), 6): Element 'Object Repository/Page_register/text_email' is present

2023-02-21 12:07:50 - [MESSAGE][PASSED] - Element 'Object Repository/Page_register/text_email' is present

2023-02-21 12:07:50 - [TEST_STEP][PASSED] - verifyElementVisible(findTestObject("Page_register/text_email"), 6): Element 'Object Repository/Page_register/text_email' is visible

2023-02-21 12:07:51 - [MESSAGE][PASSED] - Element 'Object Repository/Page_register/text_email' is visible

2023-02-21 12:07:51 - [TEST_STEP][PASSED] - waitForElementPresent(findTestObject("Page_register/textfield_email"), 6): Element 'Object Repository/Page_register/textfield_email' is present

2023-02-21 12:07:51 - [MESSAGE][PASSED] - Element 'Object Repository/Page_register/textfield_email' is present

2023-02-21 12:07:51 - [TEST_STEP][PASSED] - verifyElementVisible(findTestObject("Page_register/textfield_email"), 6): Element 'Object Repository/Page_register/textfield_email' is visible

2023-02-21 12:07:51 - [MESSAGE][PASSED] - Element 'Object Repository/Page_register/textfield_email' is visible

2023-02-21 12:07:51 - [TEST_STEP][PASSED] - waitForElementPresent(findTestObject("Page_register/text_password"), 6): Element 'Object Repository/Page_register/text_password' is present

2023-02-21 12:07:51 - [MESSAGE][PASSED] - Element 'Object Repository/Page_register/text_password' is present

2023-02-21 12:07:51 - [TEST_STEP][PASSED] - verifyElementVisible(findTestObject("Page_register/text_password"), 6): Element 'Object Repository/Page_register/text_password' is visible

2023-02-21 12:07:52 - [MESSAGE][PASSED] - Element 'Object Repository/Page_register/text_password' is visible

2023-02-21 12:07:52 - [TEST_STEP][PASSED] - waitForElementPresent(findTestObject("Page_register/textfield_password"), 6): Element 'Object Repository/Page_register/textfield_password' is present

2023-02-21 12:07:52 - [MESSAGE][PASSED] - Element 'Object Repository/Page_register/textfield_password' is present

2023-02-21 12:07:52 - [TEST_STEP][PASSED] - verifyElementVisible(findTestObject("Page_register/textfield_password"), 6): Element 'Object Repository/Page_register/textfield_password' is visible

2023-02-21 12:07:52 - [MESSAGE][PASSED] - Element 'Object Repository/Page_register/textfield_password' is visible

2023-02-21 12:07:52 - [TEST_STEP][PASSED] - waitForElementPresent(findTestObject("Page_register/icon_eyes_open"), 6): Element 'Object Repository/Page_register/icon_eyes_open' is present

2023-02-21 12:07:52 - [MESSAGE][PASSED] - Element 'Object Repository/Page_register/icon_eyes_open' is present

2023-02-21 12:07:52 - [TEST_STEP][PASSED] - verifyElementVisible(findTestObject("Page_register/icon_eyes_open"), 6): Element 'Object Repository/Page_register/icon_eyes_open' is visible

2023-02-21 12:07:53 - [MESSAGE][PASSED] - Element 'Object Repository/Page_register/icon_eyes_open' is visible

2023-02-21 12:07:53 - [TEST_STEP][PASSED] - waitForElementPresent(findTestObject("Page_register/text_nomor_hp"), 6): Element 'Object Repository/Page_register/text_nomor_hp' is present

2023-02-21 12:07:53 - [MESSAGE][PASSED] - Element 'Object Repository/Page_register/text_nomor_hp' is present

2023-02-21 12:07:53 - [TEST_STEP][PASSED] - verifyElementVisible(findTestObject("Page_register/text_nomor_hp"), 6): Element 'Object Repository/Page_register/text_nomor_hp' is visible

2023-02-21 12:07:53 - [MESSAGE][PASSED] - Element 'Object Repository/Page_register/text_nomor_hp' is visible

2023-02-21 12:07:53 - [TEST_STEP][PASSED] - waitForElementPresent(findTestObject("Page_register/textfield_nomor_hp"), 6): Element 'Object Repository/Page_register/textfield_nomor_hp' is present

2023-02-21 12:07:53 - [MESSAGE][PASSED] - Element 'Object Repository/Page_register/textfield_nomor_hp' is present

2023-02-21 12:07:53 - [TEST_STEP][PASSED] - verifyElementVisible(findTestObject("Page_register/textfield_nomor_hp"), 6): Element 'Object Repository/Page_register/textfield_nomor_hp' is visible

2023-02-21 12:07:54 - [MESSAGE][PASSED] - Element 'Object Repository/Page_register/textfield_nomor_hp' is visible

2023-02-21 12:07:54 - [TEST_STEP][PASSED] - waitForElementPresent(findTestObject("Page_register/text_kota"), 6): Element 'Object Repository/Page_register/text_kota' is present

2023-02-21 12:07:54 - [MESSAGE][PASSED] - Element 'Object Repository/Page_register/text_kota' is present

2023-02-21 12:07:54 - [TEST_STEP][PASSED] - verifyElementVisible(findTestObject("Page_register/text_kota"), 6): Element 'Object Repository/Page_register/text_kota' is visible

2023-02-21 12:07:54 - [MESSAGE][PASSED] - Element 'Object Repository/Page_register/text_kota' is visible

2023-02-21 12:07:54 - [TEST_STEP][PASSED] - waitForElementPresent(findTestObject("Page_register/textfield_kota"), 6): Element 'Object Repository/Page_register/textfield_kota' is present

2023-02-21 12:07:55 - [MESSAGE][PASSED] - Element 'Object Repository/Page_register/textfield_kota' is present

2023-02-21 12:07:55 - [TEST_STEP][PASSED] - verifyElementVisible(findTestObject("Page_register/textfield_kota"), 6): Element 'Object Repository/Page_register/textfield_kota' is visible

2023-02-21 12:07:55 - [MESSAGE][PASSED] - Element 'Object Repository/Page_register/textfield_kota' is visible

2023-02-21 12:07:55 - [TEST_STEP][PASSED] - waitForElementPresent(findTestObject("Page_register/text_alamat"), 6): Element 'Object Repository/Page_register/text_alamat' is present

2023-02-21 12:07:55 - [MESSAGE][PASSED] - Element 'Object Repository/Page_register/text_alamat' is present

2023-02-21 12:07:55 - [TEST_STEP][PASSED] - verifyElementVisible(findTestObject("Page_register/text_alamat"), 6): Element 'Object Repository/Page_register/text_alamat' is visible

2023-02-21 12:07:55 - [MESSAGE][PASSED] - Element 'Object Repository/Page_register/text_alamat' is visible

2023-02-21 12:07:55 - [TEST_STEP][PASSED] - waitForElementPresent(findTestObject("Page_register/textfield_alamat"), 6): Element 'Object Repository/Page_register/textfield_alamat' is present

2023-02-21 12:07:56 - [MESSAGE][PASSED] - Element 'Object Repository/Page_register/textfield_alamat' is present

2023-02-21 12:07:56 - [TEST_STEP][PASSED] - verifyElementVisible(findTestObject("Page_register/textfield_alamat"), 6): Element 'Object Repository/Page_register/textfield_alamat' is visible

2023-02-21 12:07:56 - [MESSAGE][PASSED] - Element 'Object Repository/Page_register/textfield_alamat' is visible

2023-02-21 12:07:56 - [TEST_STEP][PASSED] - waitForElementPresent(findTestObject("Page_register/btn_daftar"), 6): Element 'Object Repository/Page_register/btn_daftar' is present

2023-02-21 12:07:56 - [MESSAGE][PASSED] - Element 'Object Repository/Page_register/btn_daftar' is present

2023-02-21 12:07:56 - [TEST_STEP][PASSED] - verifyElementVisible(findTestObject("Page_register/btn_daftar"), 6): Element 'Object Repository/Page_register/btn_daftar' is visible

2023-02-21 12:07:56 - [MESSAGE][PASSED] - Element 'Object Repository/Page_register/btn_daftar' is visible

2023-02-21 12:07:56 - [MESSAGE][PASSED] - Call Test Case 'Test Cases/Pages/Page_register/Verify Content' successfully

2023-02-21 12:07:56 - [TEST_STEP][PASSED] - callTestCase(findTestCase("Pages/Page_register/Click Daftar"), [:], STOP_ON_FAILURE): Call Test Case 'Test Cases/Pages/Page_register/Click Daftar' successfully

2023-02-21 12:07:57 - [TEST_CASE][PASSED] - Test Cases/Pages/Page_register/Click Daftar: Test Cases/Pages/Page_register/Click Daftar

2023-02-21 12:07:57 - [TEST_STEP][PASSED] - waitForElementPresent(findTestObject("Page_register/btn_daftar"), 2): Element 'Object Repository/Page_register/btn_daftar' is present

2023-02-21 12:07:57 - [MESSAGE][PASSED] - Element 'Object Repository/Page_register/btn_daftar' is present

2023-02-21 12:07:57 - [TEST_STEP][PASSED] - tap(findTestObject("Page_register/btn_daftar"), 2): Tapped on element 'Object Repository/Page_register/btn_daftar'

2023-02-21 12:07:58 - [MESSAGE][PASSED] - Tapped on element 'Object Repository/Page_register/btn_daftar'

2023-02-21 12:07:58 - [MESSAGE][PASSED] - Call Test Case 'Test Cases/Pages/Page_register/Click Daftar' successfully

2023-02-21 12:07:58 - [TEST_STEP][PASSED] - delay(5, STOP_ON_FAILURE): Delayed 5 second(s)

2023-02-21 12:08:03 - [MESSAGE][PASSED] - Delayed 5 second(s)

2023-02-21 12:08:03 - [TEST_STEP][PASSED] - callTestCase(findTestCase("Pages/Page_home/Navigate to Menu Akun"), [:], STOP_ON_FAILURE): Call Test Case 'Test Cases/Pages/Page_home/Navigate to Menu Akun' successfully

2023-02-21 12:08:03 - [TEST_CASE][PASSED] - Test Cases/Pages/Page_home/Navigate to Menu Akun: Test Cases/Pages/Page_home/Navigate to Menu Akun

2023-02-21 12:08:03 - [TEST_STEP][PASSED] - waitForElementPresent(findTestObject("Page_home/nav_menu_akun"), 2): Element 'Object Repository/Page_home/nav_menu_akun' is present

2023-02-21 12:08:05 - [MESSAGE][PASSED] - Element 'Object Repository/Page_home/nav_menu_akun' is present

2023-02-21 12:08:05 - [TEST_STEP][PASSED] - tap(findTestObject("Page_home/nav_menu_akun"), 2): Tapped on element 'Object Repository/Page_home/nav_menu_akun'

2023-02-21 12:08:08 - [MESSAGE][PASSED] - Tapped on element 'Object Repository/Page_home/nav_menu_akun'

2023-02-21 12:08:08 - [MESSAGE][PASSED] - Call Test Case 'Test Cases/Pages/Page_home/Navigate to Menu Akun' successfully

2023-02-21 12:08:08 - [TEST_STEP][PASSED] - callTestCase(findTestCase("Pages/Page_akun/Log Out Account"), [:], STOP_ON_FAILURE): Call Test Case 'Test Cases/Pages/Page_akun/Log Out Account' successfully

2023-02-21 12:08:08 - [TEST_CASE][PASSED] - Test Cases/Pages/Page_akun/Log Out Account: Test Cases/Pages/Page_akun/Log Out Account

2023-02-21 12:08:08 - [TEST_STEP][PASSED] - callTestCase(findTestCase("Pages/Page_home/Navigate to Menu Akun"), [:], STOP_ON_FAILURE): Call Test Case 'Test Cases/Pages/Page_home/Navigate to Menu Akun' successfully

2023-02-21 12:08:08 - [TEST_CASE][PASSED] - Test Cases/Pages/Page_home/Navigate to Menu Akun: Test Cases/Pages/Page_home/Navigate to Menu Akun

2023-02-21 12:08:08 - [TEST_STEP][PASSED] - waitForElementPresent(findTestObject("Page_home/nav_menu_akun"), 2): Element 'Object Repository/Page_home/nav_menu_akun' is present

2023-02-21 12:08:10 - [MESSAGE][PASSED] - Element 'Object Repository/Page_home/nav_menu_akun' is present

2023-02-21 12:08:10 - [TEST_STEP][PASSED] - tap(findTestObject("Page_home/nav_menu_akun"), 2): Tapped on element 'Object Repository/Page_home/nav_menu_akun'

2023-02-21 12:08:13 - [MESSAGE][PASSED] - Tapped on element 'Object Repository/Page_home/nav_menu_akun'

2023-02-21 12:08:13 - [MESSAGE][PASSED] - Call Test Case 'Test Cases/Pages/Page_home/Navigate to Menu Akun' successfully

2023-02-21 12:08:13 - [TEST_STEP][PASSED] - callTestCase(findTestCase("Pages/Page_home/Click button log out"), [:], STOP_ON_FAILURE): Call Test Case 'Test Cases/Pages/Page_home/Click button log out' successfully

2023-02-21 12:08:13 - [TEST_CASE][PASSED] - Test Cases/Pages/Page_home/Click button log out: Test Cases/Pages/Page_home/Click button log out

2023-02-21 12:08:13 - [TEST_STEP][PASSED] - verifyElementVisible(findTestObject("Page_home/btn_keluar"), 2): Element 'Object Repository/Page_home/btn_keluar' is visible

2023-02-21 12:08:13 - [MESSAGE][PASSED] - Element 'Object Repository/Page_home/btn_keluar' is visible

2023-02-21 12:08:13 - [TEST_STEP][PASSED] - checkElement(findTestObject("Page_home/btn_keluar"), 2): Element 'Object Repository/Page_home/btn_keluar' is checked

2023-02-21 12:08:16 - [MESSAGE][PASSED] - Element 'Object Repository/Page_home/btn_keluar' is checked

2023-02-21 12:08:16 - [MESSAGE][PASSED] - Call Test Case 'Test Cases/Pages/Page_home/Click button log out' successfully

2023-02-21 12:08:16 - [MESSAGE][PASSED] - Call Test Case 'Test Cases/Pages/Page_akun/Log Out Account' successfully]]></system-out>
         <system-err><![CDATA[]]></system-err>
      </testcase>
      <testcase name="Test Cases/Step Definition/Feature Register/RGT002 - User want to register by not filling all field" time="24.414" classname="Test Cases/Step Definition/Feature Register/RGT002 - User want to register by not filling all field" status="PASSED">
         <system-out><![CDATA[2023-02-21 12:08:16 - [TEST_CASE][PASSED] - Test Cases/Step Definition/Feature Register/RGT002 - User want to register by not filling all field: Test Cases/Step Definition/Feature Register/RGT002 - User want to register by not filling all field

2023-02-21 12:08:16 - [TEST_STEP][PASSED] - callTestCase(findTestCase("Pages/Page_register/Navigate to Register Page"), [:], STOP_ON_FAILURE): Call Test Case 'Test Cases/Pages/Page_register/Navigate to Register Page' successfully

2023-02-21 12:08:16 - [TEST_CASE][PASSED] - Test Cases/Pages/Page_register/Navigate to Register Page: Test Cases/Pages/Page_register/Navigate to Register Page

2023-02-21 12:08:16 - [TEST_STEP][PASSED] - startApplication("APK/app-release.apk", false): Started app at: 'D:\android-automation-testing-kelompok-1.git\APK\app-release.apk'

2023-02-21 12:08:24 - [MESSAGE][PASSED] - Started app at: 'D:\android-automation-testing-kelompok-1.git\APK\app-release.apk'

2023-02-21 12:08:24 - [TEST_STEP][PASSED] - tap(findTestObject("Page_home/nav_menu_akun"), 2): Tapped on element 'Object Repository/Page_home/nav_menu_akun'

2023-02-21 12:08:26 - [MESSAGE][PASSED] - Tapped on element 'Object Repository/Page_home/nav_menu_akun'

2023-02-21 12:08:26 - [TEST_STEP][PASSED] - tap(findTestObject("Page_home/btn_masuk"), 2): Tapped on element 'Object Repository/Page_home/btn_masuk'

2023-02-21 12:08:27 - [MESSAGE][PASSED] - Tapped on element 'Object Repository/Page_home/btn_masuk'

2023-02-21 12:08:27 - [TEST_STEP][PASSED] - tap(findTestObject("Page_login/linktext_daftar"), 2): Tapped on element 'Object Repository/Page_login/linktext_daftar'

2023-02-21 12:08:29 - [MESSAGE][PASSED] - Tapped on element 'Object Repository/Page_login/linktext_daftar'

2023-02-21 12:08:29 - [TEST_STEP][PASSED] - scrollToText("sudah", STOP_ON_FAILURE): Scrolling to text 'sudah' successfully

2023-02-21 12:08:32 - [MESSAGE][PASSED] - Scrolling to text 'sudah' successfully

2023-02-21 12:08:32 - [MESSAGE][PASSED] - Call Test Case 'Test Cases/Pages/Page_register/Navigate to Register Page' successfully

2023-02-21 12:08:32 - [TEST_STEP][PASSED] - callTestCase(findTestCase("Pages/Page_register/Verify Content"), [:], STOP_ON_FAILURE): Call Test Case 'Test Cases/Pages/Page_register/Verify Content' successfully

2023-02-21 12:08:32 - [TEST_CASE][PASSED] - Test Cases/Pages/Page_register/Verify Content: Test Cases/Pages/Page_register/Verify Content

2023-02-21 12:08:32 - [TEST_STEP][PASSED] - waitForElementPresent(findTestObject("Page_register/text_nama"), 6): Element 'Object Repository/Page_register/text_nama' is present

2023-02-21 12:08:33 - [MESSAGE][PASSED] - Element 'Object Repository/Page_register/text_nama' is present

2023-02-21 12:08:33 - [TEST_STEP][PASSED] - verifyElementVisible(findTestObject("Page_register/text_nama"), 6): Element 'Object Repository/Page_register/text_nama' is visible

2023-02-21 12:08:33 - [MESSAGE][PASSED] - Element 'Object Repository/Page_register/text_nama' is visible

2023-02-21 12:08:33 - [TEST_STEP][PASSED] - waitForElementPresent(findTestObject("Page_register/textfield_nama"), 6): Element 'Object Repository/Page_register/textfield_nama' is present

2023-02-21 12:08:33 - [MESSAGE][PASSED] - Element 'Object Repository/Page_register/textfield_nama' is present

2023-02-21 12:08:33 - [TEST_STEP][PASSED] - verifyElementVisible(findTestObject("Page_register/textfield_nama"), 6): Element 'Object Repository/Page_register/textfield_nama' is visible

2023-02-21 12:08:33 - [MESSAGE][PASSED] - Element 'Object Repository/Page_register/textfield_nama' is visible

2023-02-21 12:08:33 - [TEST_STEP][PASSED] - waitForElementPresent(findTestObject("Page_register/text_email"), 6): Element 'Object Repository/Page_register/text_email' is present

2023-02-21 12:08:33 - [MESSAGE][PASSED] - Element 'Object Repository/Page_register/text_email' is present

2023-02-21 12:08:33 - [TEST_STEP][PASSED] - verifyElementVisible(findTestObject("Page_register/text_email"), 6): Element 'Object Repository/Page_register/text_email' is visible

2023-02-21 12:08:34 - [MESSAGE][PASSED] - Element 'Object Repository/Page_register/text_email' is visible

2023-02-21 12:08:34 - [TEST_STEP][PASSED] - waitForElementPresent(findTestObject("Page_register/textfield_email"), 6): Element 'Object Repository/Page_register/textfield_email' is present

2023-02-21 12:08:34 - [MESSAGE][PASSED] - Element 'Object Repository/Page_register/textfield_email' is present

2023-02-21 12:08:34 - [TEST_STEP][PASSED] - verifyElementVisible(findTestObject("Page_register/textfield_email"), 6): Element 'Object Repository/Page_register/textfield_email' is visible

2023-02-21 12:08:34 - [MESSAGE][PASSED] - Element 'Object Repository/Page_register/textfield_email' is visible

2023-02-21 12:08:34 - [TEST_STEP][PASSED] - waitForElementPresent(findTestObject("Page_register/text_password"), 6): Element 'Object Repository/Page_register/text_password' is present

2023-02-21 12:08:34 - [MESSAGE][PASSED] - Element 'Object Repository/Page_register/text_password' is present

2023-02-21 12:08:34 - [TEST_STEP][PASSED] - verifyElementVisible(findTestObject("Page_register/text_password"), 6): Element 'Object Repository/Page_register/text_password' is visible

2023-02-21 12:08:35 - [MESSAGE][PASSED] - Element 'Object Repository/Page_register/text_password' is visible

2023-02-21 12:08:35 - [TEST_STEP][PASSED] - waitForElementPresent(findTestObject("Page_register/textfield_password"), 6): Element 'Object Repository/Page_register/textfield_password' is present

2023-02-21 12:08:35 - [MESSAGE][PASSED] - Element 'Object Repository/Page_register/textfield_password' is present

2023-02-21 12:08:35 - [TEST_STEP][PASSED] - verifyElementVisible(findTestObject("Page_register/textfield_password"), 6): Element 'Object Repository/Page_register/textfield_password' is visible

2023-02-21 12:08:35 - [MESSAGE][PASSED] - Element 'Object Repository/Page_register/textfield_password' is visible

2023-02-21 12:08:35 - [TEST_STEP][PASSED] - waitForElementPresent(findTestObject("Page_register/icon_eyes_open"), 6): Element 'Object Repository/Page_register/icon_eyes_open' is present

2023-02-21 12:08:35 - [MESSAGE][PASSED] - Element 'Object Repository/Page_register/icon_eyes_open' is present

2023-02-21 12:08:35 - [TEST_STEP][PASSED] - verifyElementVisible(findTestObject("Page_register/icon_eyes_open"), 6): Element 'Object Repository/Page_register/icon_eyes_open' is visible

2023-02-21 12:08:36 - [MESSAGE][PASSED] - Element 'Object Repository/Page_register/icon_eyes_open' is visible

2023-02-21 12:08:36 - [TEST_STEP][PASSED] - waitForElementPresent(findTestObject("Page_register/text_nomor_hp"), 6): Element 'Object Repository/Page_register/text_nomor_hp' is present

2023-02-21 12:08:36 - [MESSAGE][PASSED] - Element 'Object Repository/Page_register/text_nomor_hp' is present

2023-02-21 12:08:36 - [TEST_STEP][PASSED] - verifyElementVisible(findTestObject("Page_register/text_nomor_hp"), 6): Element 'Object Repository/Page_register/text_nomor_hp' is visible

2023-02-21 12:08:36 - [MESSAGE][PASSED] - Element 'Object Repository/Page_register/text_nomor_hp' is visible

2023-02-21 12:08:36 - [TEST_STEP][PASSED] - waitForElementPresent(findTestObject("Page_register/textfield_nomor_hp"), 6): Element 'Object Repository/Page_register/textfield_nomor_hp' is present

2023-02-21 12:08:36 - [MESSAGE][PASSED] - Element 'Object Repository/Page_register/textfield_nomor_hp' is present

2023-02-21 12:08:36 - [TEST_STEP][PASSED] - verifyElementVisible(findTestObject("Page_register/textfield_nomor_hp"), 6): Element 'Object Repository/Page_register/textfield_nomor_hp' is visible

2023-02-21 12:08:37 - [MESSAGE][PASSED] - Element 'Object Repository/Page_register/textfield_nomor_hp' is visible

2023-02-21 12:08:37 - [TEST_STEP][PASSED] - waitForElementPresent(findTestObject("Page_register/text_kota"), 6): Element 'Object Repository/Page_register/text_kota' is present

2023-02-21 12:08:37 - [MESSAGE][PASSED] - Element 'Object Repository/Page_register/text_kota' is present

2023-02-21 12:08:37 - [TEST_STEP][PASSED] - verifyElementVisible(findTestObject("Page_register/text_kota"), 6): Element 'Object Repository/Page_register/text_kota' is visible

2023-02-21 12:08:37 - [MESSAGE][PASSED] - Element 'Object Repository/Page_register/text_kota' is visible

2023-02-21 12:08:37 - [TEST_STEP][PASSED] - waitForElementPresent(findTestObject("Page_register/textfield_kota"), 6): Element 'Object Repository/Page_register/textfield_kota' is present

2023-02-21 12:08:37 - [MESSAGE][PASSED] - Element 'Object Repository/Page_register/textfield_kota' is present

2023-02-21 12:08:37 - [TEST_STEP][PASSED] - verifyElementVisible(findTestObject("Page_register/textfield_kota"), 6): Element 'Object Repository/Page_register/textfield_kota' is visible

2023-02-21 12:08:38 - [MESSAGE][PASSED] - Element 'Object Repository/Page_register/textfield_kota' is visible

2023-02-21 12:08:38 - [TEST_STEP][PASSED] - waitForElementPresent(findTestObject("Page_register/text_alamat"), 6): Element 'Object Repository/Page_register/text_alamat' is present

2023-02-21 12:08:38 - [MESSAGE][PASSED] - Element 'Object Repository/Page_register/text_alamat' is present

2023-02-21 12:08:38 - [TEST_STEP][PASSED] - verifyElementVisible(findTestObject("Page_register/text_alamat"), 6): Element 'Object Repository/Page_register/text_alamat' is visible

2023-02-21 12:08:38 - [MESSAGE][PASSED] - Element 'Object Repository/Page_register/text_alamat' is visible

2023-02-21 12:08:38 - [TEST_STEP][PASSED] - waitForElementPresent(findTestObject("Page_register/textfield_alamat"), 6): Element 'Object Repository/Page_register/textfield_alamat' is present

2023-02-21 12:08:38 - [MESSAGE][PASSED] - Element 'Object Repository/Page_register/textfield_alamat' is present

2023-02-21 12:08:38 - [TEST_STEP][PASSED] - verifyElementVisible(findTestObject("Page_register/textfield_alamat"), 6): Element 'Object Repository/Page_register/textfield_alamat' is visible

2023-02-21 12:08:39 - [MESSAGE][PASSED] - Element 'Object Repository/Page_register/textfield_alamat' is visible

2023-02-21 12:08:39 - [TEST_STEP][PASSED] - waitForElementPresent(findTestObject("Page_register/btn_daftar"), 6): Element 'Object Repository/Page_register/btn_daftar' is present

2023-02-21 12:08:39 - [MESSAGE][PASSED] - Element 'Object Repository/Page_register/btn_daftar' is present

2023-02-21 12:08:39 - [TEST_STEP][PASSED] - verifyElementVisible(findTestObject("Page_register/btn_daftar"), 6): Element 'Object Repository/Page_register/btn_daftar' is visible

2023-02-21 12:08:39 - [MESSAGE][PASSED] - Element 'Object Repository/Page_register/btn_daftar' is visible

2023-02-21 12:08:39 - [MESSAGE][PASSED] - Call Test Case 'Test Cases/Pages/Page_register/Verify Content' successfully

2023-02-21 12:08:39 - [TEST_STEP][PASSED] - callTestCase(findTestCase("Pages/Page_register/Click Daftar"), [:], STOP_ON_FAILURE): Call Test Case 'Test Cases/Pages/Page_register/Click Daftar' successfully

2023-02-21 12:08:39 - [TEST_CASE][PASSED] - Test Cases/Pages/Page_register/Click Daftar: Test Cases/Pages/Page_register/Click Daftar

2023-02-21 12:08:39 - [TEST_STEP][PASSED] - waitForElementPresent(findTestObject("Page_register/btn_daftar"), 2): Element 'Object Repository/Page_register/btn_daftar' is present

2023-02-21 12:08:40 - [MESSAGE][PASSED] - Element 'Object Repository/Page_register/btn_daftar' is present

2023-02-21 12:08:40 - [TEST_STEP][PASSED] - tap(findTestObject("Page_register/btn_daftar"), 2): Tapped on element 'Object Repository/Page_register/btn_daftar'

2023-02-21 12:08:40 - [MESSAGE][PASSED] - Tapped on element 'Object Repository/Page_register/btn_daftar'

2023-02-21 12:08:40 - [MESSAGE][PASSED] - Call Test Case 'Test Cases/Pages/Page_register/Click Daftar' successfully]]></system-out>
         <system-err><![CDATA[]]></system-err>
      </testcase>
      <testcase name="Test Cases/Step Definition/Feature Register/RGT003 - User want to register by only filling Nama field" time="27.594" classname="Test Cases/Step Definition/Feature Register/RGT003 - User want to register by only filling Nama field" status="PASSED">
         <system-out><![CDATA[2023-02-21 12:08:40 - [TEST_CASE][PASSED] - Test Cases/Step Definition/Feature Register/RGT003 - User want to register by only filling Nama field: Test Cases/Step Definition/Feature Register/RGT003 - User want to register by only filling Nama field

2023-02-21 12:08:40 - [TEST_STEP][PASSED] - callTestCase(findTestCase("Pages/Page_register/Navigate to Register Page"), [:], STOP_ON_FAILURE): Call Test Case 'Test Cases/Pages/Page_register/Navigate to Register Page' successfully

2023-02-21 12:08:40 - [TEST_CASE][PASSED] - Test Cases/Pages/Page_register/Navigate to Register Page: Test Cases/Pages/Page_register/Navigate to Register Page

2023-02-21 12:08:40 - [TEST_STEP][PASSED] - startApplication("APK/app-release.apk", false): Started app at: 'D:\android-automation-testing-kelompok-1.git\APK\app-release.apk'

2023-02-21 12:08:48 - [MESSAGE][PASSED] - Started app at: 'D:\android-automation-testing-kelompok-1.git\APK\app-release.apk'

2023-02-21 12:08:48 - [TEST_STEP][PASSED] - tap(findTestObject("Page_home/nav_menu_akun"), 2): Tapped on element 'Object Repository/Page_home/nav_menu_akun'

2023-02-21 12:08:51 - [MESSAGE][PASSED] - Tapped on element 'Object Repository/Page_home/nav_menu_akun'

2023-02-21 12:08:51 - [TEST_STEP][PASSED] - tap(findTestObject("Page_home/btn_masuk"), 2): Tapped on element 'Object Repository/Page_home/btn_masuk'

2023-02-21 12:08:52 - [MESSAGE][PASSED] - Tapped on element 'Object Repository/Page_home/btn_masuk'

2023-02-21 12:08:52 - [TEST_STEP][PASSED] - tap(findTestObject("Page_login/linktext_daftar"), 2): Tapped on element 'Object Repository/Page_login/linktext_daftar'

2023-02-21 12:08:53 - [MESSAGE][PASSED] - Tapped on element 'Object Repository/Page_login/linktext_daftar'

2023-02-21 12:08:53 - [TEST_STEP][PASSED] - scrollToText("sudah", STOP_ON_FAILURE): Scrolling to text 'sudah' successfully

2023-02-21 12:08:57 - [MESSAGE][PASSED] - Scrolling to text 'sudah' successfully

2023-02-21 12:08:57 - [MESSAGE][PASSED] - Call Test Case 'Test Cases/Pages/Page_register/Navigate to Register Page' successfully

2023-02-21 12:08:57 - [TEST_STEP][PASSED] - callTestCase(findTestCase("Pages/Page_register/Input Nama"), ["nama":"Mayorey2"], STOP_ON_FAILURE): Call Test Case 'Test Cases/Pages/Page_register/Input Nama' successfully

2023-02-21 12:08:57 - [TEST_CASE][PASSED] - Test Cases/Pages/Page_register/Input Nama: Test Cases/Pages/Page_register/Input Nama

2023-02-21 12:08:57 - [TEST_STEP][PASSED] - clearText(findTestObject("Page_register/textfield_nama"), 3): Element 'Object Repository/Page_register/textfield_nama' text is cleared

2023-02-21 12:08:57 - [MESSAGE][PASSED] - Element 'Object Repository/Page_register/textfield_nama' text is cleared

2023-02-21 12:08:57 - [TEST_STEP][PASSED] - setText(findTestObject("Page_register/textfield_nama"), nama, 0): Text 'Mayorey2' has been set to element 'Object Repository/Page_register/textfield_nama'

2023-02-21 12:08:57 - [MESSAGE][WARNING] - Timeout '0' is invalid. Using default page load timeout: '30'

2023-02-21 12:08:58 - [MESSAGE][PASSED] - Text 'Mayorey2' has been set to element 'Object Repository/Page_register/textfield_nama'

2023-02-21 12:08:58 - [MESSAGE][PASSED] - Call Test Case 'Test Cases/Pages/Page_register/Input Nama' successfully

2023-02-21 12:08:58 - [TEST_STEP][PASSED] - callTestCase(findTestCase("Pages/Page_register/Verify Content"), [:], STOP_ON_FAILURE): Call Test Case 'Test Cases/Pages/Page_register/Verify Content' successfully

2023-02-21 12:08:58 - [TEST_CASE][PASSED] - Test Cases/Pages/Page_register/Verify Content: Test Cases/Pages/Page_register/Verify Content

2023-02-21 12:08:58 - [TEST_STEP][PASSED] - waitForElementPresent(findTestObject("Page_register/text_nama"), 6): Element 'Object Repository/Page_register/text_nama' is present

2023-02-21 12:08:59 - [MESSAGE][PASSED] - Element 'Object Repository/Page_register/text_nama' is present

2023-02-21 12:08:59 - [TEST_STEP][PASSED] - verifyElementVisible(findTestObject("Page_register/text_nama"), 6): Element 'Object Repository/Page_register/text_nama' is visible

2023-02-21 12:08:59 - [MESSAGE][PASSED] - Element 'Object Repository/Page_register/text_nama' is visible

2023-02-21 12:08:59 - [TEST_STEP][PASSED] - waitForElementPresent(findTestObject("Page_register/textfield_nama"), 6): Element 'Object Repository/Page_register/textfield_nama' is present

2023-02-21 12:09:00 - [MESSAGE][PASSED] - Element 'Object Repository/Page_register/textfield_nama' is present

2023-02-21 12:09:00 - [TEST_STEP][PASSED] - verifyElementVisible(findTestObject("Page_register/textfield_nama"), 6): Element 'Object Repository/Page_register/textfield_nama' is visible

2023-02-21 12:09:00 - [MESSAGE][PASSED] - Element 'Object Repository/Page_register/textfield_nama' is visible

2023-02-21 12:09:00 - [TEST_STEP][PASSED] - waitForElementPresent(findTestObject("Page_register/text_email"), 6): Element 'Object Repository/Page_register/text_email' is present

2023-02-21 12:09:00 - [MESSAGE][PASSED] - Element 'Object Repository/Page_register/text_email' is present

2023-02-21 12:09:00 - [TEST_STEP][PASSED] - verifyElementVisible(findTestObject("Page_register/text_email"), 6): Element 'Object Repository/Page_register/text_email' is visible

2023-02-21 12:09:00 - [MESSAGE][PASSED] - Element 'Object Repository/Page_register/text_email' is visible

2023-02-21 12:09:00 - [TEST_STEP][PASSED] - waitForElementPresent(findTestObject("Page_register/textfield_email"), 6): Element 'Object Repository/Page_register/textfield_email' is present

2023-02-21 12:09:01 - [MESSAGE][PASSED] - Element 'Object Repository/Page_register/textfield_email' is present

2023-02-21 12:09:01 - [TEST_STEP][PASSED] - verifyElementVisible(findTestObject("Page_register/textfield_email"), 6): Element 'Object Repository/Page_register/textfield_email' is visible

2023-02-21 12:09:01 - [MESSAGE][PASSED] - Element 'Object Repository/Page_register/textfield_email' is visible

2023-02-21 12:09:01 - [TEST_STEP][PASSED] - waitForElementPresent(findTestObject("Page_register/text_password"), 6): Element 'Object Repository/Page_register/text_password' is present

2023-02-21 12:09:01 - [MESSAGE][PASSED] - Element 'Object Repository/Page_register/text_password' is present

2023-02-21 12:09:01 - [TEST_STEP][PASSED] - verifyElementVisible(findTestObject("Page_register/text_password"), 6): Element 'Object Repository/Page_register/text_password' is visible

2023-02-21 12:09:01 - [MESSAGE][PASSED] - Element 'Object Repository/Page_register/text_password' is visible

2023-02-21 12:09:01 - [TEST_STEP][PASSED] - waitForElementPresent(findTestObject("Page_register/textfield_password"), 6): Element 'Object Repository/Page_register/textfield_password' is present

2023-02-21 12:09:02 - [MESSAGE][PASSED] - Element 'Object Repository/Page_register/textfield_password' is present

2023-02-21 12:09:02 - [TEST_STEP][PASSED] - verifyElementVisible(findTestObject("Page_register/textfield_password"), 6): Element 'Object Repository/Page_register/textfield_password' is visible

2023-02-21 12:09:02 - [MESSAGE][PASSED] - Element 'Object Repository/Page_register/textfield_password' is visible

2023-02-21 12:09:02 - [TEST_STEP][PASSED] - waitForElementPresent(findTestObject("Page_register/icon_eyes_open"), 6): Element 'Object Repository/Page_register/icon_eyes_open' is present

2023-02-21 12:09:02 - [MESSAGE][PASSED] - Element 'Object Repository/Page_register/icon_eyes_open' is present

2023-02-21 12:09:02 - [TEST_STEP][PASSED] - verifyElementVisible(findTestObject("Page_register/icon_eyes_open"), 6): Element 'Object Repository/Page_register/icon_eyes_open' is visible

2023-02-21 12:09:03 - [MESSAGE][PASSED] - Element 'Object Repository/Page_register/icon_eyes_open' is visible

2023-02-21 12:09:03 - [TEST_STEP][PASSED] - waitForElementPresent(findTestObject("Page_register/text_nomor_hp"), 6): Element 'Object Repository/Page_register/text_nomor_hp' is present

2023-02-21 12:09:03 - [MESSAGE][PASSED] - Element 'Object Repository/Page_register/text_nomor_hp' is present

2023-02-21 12:09:03 - [TEST_STEP][PASSED] - verifyElementVisible(findTestObject("Page_register/text_nomor_hp"), 6): Element 'Object Repository/Page_register/text_nomor_hp' is visible

2023-02-21 12:09:03 - [MESSAGE][PASSED] - Element 'Object Repository/Page_register/text_nomor_hp' is visible

2023-02-21 12:09:03 - [TEST_STEP][PASSED] - waitForElementPresent(findTestObject("Page_register/textfield_nomor_hp"), 6): Element 'Object Repository/Page_register/textfield_nomor_hp' is present

2023-02-21 12:09:03 - [MESSAGE][PASSED] - Element 'Object Repository/Page_register/textfield_nomor_hp' is present

2023-02-21 12:09:03 - [TEST_STEP][PASSED] - verifyElementVisible(findTestObject("Page_register/textfield_nomor_hp"), 6): Element 'Object Repository/Page_register/textfield_nomor_hp' is visible

2023-02-21 12:09:04 - [MESSAGE][PASSED] - Element 'Object Repository/Page_register/textfield_nomor_hp' is visible

2023-02-21 12:09:04 - [TEST_STEP][PASSED] - waitForElementPresent(findTestObject("Page_register/text_kota"), 6): Element 'Object Repository/Page_register/text_kota' is present

2023-02-21 12:09:04 - [MESSAGE][PASSED] - Element 'Object Repository/Page_register/text_kota' is present

2023-02-21 12:09:04 - [TEST_STEP][PASSED] - verifyElementVisible(findTestObject("Page_register/text_kota"), 6): Element 'Object Repository/Page_register/text_kota' is visible

2023-02-21 12:09:04 - [MESSAGE][PASSED] - Element 'Object Repository/Page_register/text_kota' is visible

2023-02-21 12:09:04 - [TEST_STEP][PASSED] - waitForElementPresent(findTestObject("Page_register/textfield_kota"), 6): Element 'Object Repository/Page_register/textfield_kota' is present

2023-02-21 12:09:04 - [MESSAGE][PASSED] - Element 'Object Repository/Page_register/textfield_kota' is present

2023-02-21 12:09:04 - [TEST_STEP][PASSED] - verifyElementVisible(findTestObject("Page_register/textfield_kota"), 6): Element 'Object Repository/Page_register/textfield_kota' is visible

2023-02-21 12:09:05 - [MESSAGE][PASSED] - Element 'Object Repository/Page_register/textfield_kota' is visible

2023-02-21 12:09:05 - [TEST_STEP][PASSED] - waitForElementPresent(findTestObject("Page_register/text_alamat"), 6): Element 'Object Repository/Page_register/text_alamat' is present

2023-02-21 12:09:05 - [MESSAGE][PASSED] - Element 'Object Repository/Page_register/text_alamat' is present

2023-02-21 12:09:05 - [TEST_STEP][PASSED] - verifyElementVisible(findTestObject("Page_register/text_alamat"), 6): Element 'Object Repository/Page_register/text_alamat' is visible

2023-02-21 12:09:05 - [MESSAGE][PASSED] - Element 'Object Repository/Page_register/text_alamat' is visible

2023-02-21 12:09:05 - [TEST_STEP][PASSED] - waitForElementPresent(findTestObject("Page_register/textfield_alamat"), 6): Element 'Object Repository/Page_register/textfield_alamat' is present

2023-02-21 12:09:05 - [MESSAGE][PASSED] - Element 'Object Repository/Page_register/textfield_alamat' is present

2023-02-21 12:09:05 - [TEST_STEP][PASSED] - verifyElementVisible(findTestObject("Page_register/textfield_alamat"), 6): Element 'Object Repository/Page_register/textfield_alamat' is visible

2023-02-21 12:09:06 - [MESSAGE][PASSED] - Element 'Object Repository/Page_register/textfield_alamat' is visible

2023-02-21 12:09:06 - [TEST_STEP][PASSED] - waitForElementPresent(findTestObject("Page_register/btn_daftar"), 6): Element 'Object Repository/Page_register/btn_daftar' is present

2023-02-21 12:09:06 - [MESSAGE][PASSED] - Element 'Object Repository/Page_register/btn_daftar' is present

2023-02-21 12:09:06 - [TEST_STEP][PASSED] - verifyElementVisible(findTestObject("Page_register/btn_daftar"), 6): Element 'Object Repository/Page_register/btn_daftar' is visible

2023-02-21 12:09:06 - [MESSAGE][PASSED] - Element 'Object Repository/Page_register/btn_daftar' is visible

2023-02-21 12:09:06 - [MESSAGE][PASSED] - Call Test Case 'Test Cases/Pages/Page_register/Verify Content' successfully

2023-02-21 12:09:06 - [TEST_STEP][PASSED] - callTestCase(findTestCase("Pages/Page_register/Click Daftar"), [:], STOP_ON_FAILURE): Call Test Case 'Test Cases/Pages/Page_register/Click Daftar' successfully

2023-02-21 12:09:06 - [TEST_CASE][PASSED] - Test Cases/Pages/Page_register/Click Daftar: Test Cases/Pages/Page_register/Click Daftar

2023-02-21 12:09:06 - [TEST_STEP][PASSED] - waitForElementPresent(findTestObject("Page_register/btn_daftar"), 2): Element 'Object Repository/Page_register/btn_daftar' is present

2023-02-21 12:09:06 - [MESSAGE][PASSED] - Element 'Object Repository/Page_register/btn_daftar' is present

2023-02-21 12:09:06 - [TEST_STEP][PASSED] - tap(findTestObject("Page_register/btn_daftar"), 2): Tapped on element 'Object Repository/Page_register/btn_daftar'

2023-02-21 12:09:08 - [MESSAGE][PASSED] - Tapped on element 'Object Repository/Page_register/btn_daftar'

2023-02-21 12:09:08 - [MESSAGE][PASSED] - Call Test Case 'Test Cases/Pages/Page_register/Click Daftar' successfully]]></system-out>
         <system-err><![CDATA[]]></system-err>
      </testcase>
      <testcase name="Test Cases/Step Definition/Feature Register/RGT004 - User want to register by only filling Name and Email field" time="29.823" classname="Test Cases/Step Definition/Feature Register/RGT004 - User want to register by only filling Name and Email field" status="PASSED">
         <system-out><![CDATA[2023-02-21 12:09:08 - [TEST_CASE][PASSED] - Test Cases/Step Definition/Feature Register/RGT004 - User want to register by only filling Name and Email field: Test Cases/Step Definition/Feature Register/RGT004 - User want to register by only filling Name and Email field

2023-02-21 12:09:08 - [TEST_STEP][PASSED] - callTestCase(findTestCase("Pages/Page_register/Navigate to Register Page"), [:], STOP_ON_FAILURE): Call Test Case 'Test Cases/Pages/Page_register/Navigate to Register Page' successfully

2023-02-21 12:09:08 - [TEST_CASE][PASSED] - Test Cases/Pages/Page_register/Navigate to Register Page: Test Cases/Pages/Page_register/Navigate to Register Page

2023-02-21 12:09:08 - [TEST_STEP][PASSED] - startApplication("APK/app-release.apk", false): Started app at: 'D:\android-automation-testing-kelompok-1.git\APK\app-release.apk'

2023-02-21 12:09:16 - [MESSAGE][PASSED] - Started app at: 'D:\android-automation-testing-kelompok-1.git\APK\app-release.apk'

2023-02-21 12:09:16 - [TEST_STEP][PASSED] - tap(findTestObject("Page_home/nav_menu_akun"), 2): Tapped on element 'Object Repository/Page_home/nav_menu_akun'

2023-02-21 12:09:19 - [MESSAGE][PASSED] - Tapped on element 'Object Repository/Page_home/nav_menu_akun'

2023-02-21 12:09:19 - [TEST_STEP][PASSED] - tap(findTestObject("Page_home/btn_masuk"), 2): Tapped on element 'Object Repository/Page_home/btn_masuk'

2023-02-21 12:09:19 - [MESSAGE][PASSED] - Tapped on element 'Object Repository/Page_home/btn_masuk'

2023-02-21 12:09:19 - [TEST_STEP][PASSED] - tap(findTestObject("Page_login/linktext_daftar"), 2): Tapped on element 'Object Repository/Page_login/linktext_daftar'

2023-02-21 12:09:21 - [MESSAGE][PASSED] - Tapped on element 'Object Repository/Page_login/linktext_daftar'

2023-02-21 12:09:21 - [TEST_STEP][PASSED] - scrollToText("sudah", STOP_ON_FAILURE): Scrolling to text 'sudah' successfully

2023-02-21 12:09:25 - [MESSAGE][PASSED] - Scrolling to text 'sudah' successfully

2023-02-21 12:09:25 - [MESSAGE][PASSED] - Call Test Case 'Test Cases/Pages/Page_register/Navigate to Register Page' successfully

2023-02-21 12:09:25 - [TEST_STEP][PASSED] - callTestCase(findTestCase("Pages/Page_register/Input Nama"), ["nama":"Mayorey2"], STOP_ON_FAILURE): Call Test Case 'Test Cases/Pages/Page_register/Input Nama' successfully

2023-02-21 12:09:25 - [TEST_CASE][PASSED] - Test Cases/Pages/Page_register/Input Nama: Test Cases/Pages/Page_register/Input Nama

2023-02-21 12:09:25 - [TEST_STEP][PASSED] - clearText(findTestObject("Page_register/textfield_nama"), 3): Element 'Object Repository/Page_register/textfield_nama' text is cleared

2023-02-21 12:09:25 - [MESSAGE][PASSED] - Element 'Object Repository/Page_register/textfield_nama' text is cleared

2023-02-21 12:09:25 - [TEST_STEP][PASSED] - setText(findTestObject("Page_register/textfield_nama"), nama, 0): Text 'Mayorey2' has been set to element 'Object Repository/Page_register/textfield_nama'

2023-02-21 12:09:25 - [MESSAGE][WARNING] - Timeout '0' is invalid. Using default page load timeout: '30'

2023-02-21 12:09:27 - [MESSAGE][PASSED] - Text 'Mayorey2' has been set to element 'Object Repository/Page_register/textfield_nama'

2023-02-21 12:09:27 - [MESSAGE][PASSED] - Call Test Case 'Test Cases/Pages/Page_register/Input Nama' successfully

2023-02-21 12:09:27 - [TEST_STEP][PASSED] - callTestCase(findTestCase("Pages/Page_register/Input Email"), ["email":"mayorey2@gmail.com"], STOP_ON_FAILURE): Call Test Case 'Test Cases/Pages/Page_register/Input Email' successfully

2023-02-21 12:09:27 - [TEST_CASE][PASSED] - Test Cases/Pages/Page_register/Input Email: Test Cases/Pages/Page_register/Input Email

2023-02-21 12:09:27 - [TEST_STEP][PASSED] - clearText(findTestObject("Page_register/textfield_email"), 3): Element 'Object Repository/Page_register/textfield_email' text is cleared

2023-02-21 12:09:28 - [MESSAGE][PASSED] - Element 'Object Repository/Page_register/textfield_email' text is cleared

2023-02-21 12:09:28 - [TEST_STEP][PASSED] - setText(findTestObject("Page_register/textfield_email"), email, 0): Text 'mayorey2@gmail.com' has been set to element 'Object Repository/Page_register/textfield_email'

2023-02-21 12:09:28 - [MESSAGE][WARNING] - Timeout '0' is invalid. Using default page load timeout: '30'

2023-02-21 12:09:29 - [MESSAGE][PASSED] - Text 'mayorey2@gmail.com' has been set to element 'Object Repository/Page_register/textfield_email'

2023-02-21 12:09:29 - [MESSAGE][PASSED] - Call Test Case 'Test Cases/Pages/Page_register/Input Email' successfully

2023-02-21 12:09:29 - [TEST_STEP][PASSED] - callTestCase(findTestCase("Pages/Page_register/Verify Content"), [:], STOP_ON_FAILURE): Call Test Case 'Test Cases/Pages/Page_register/Verify Content' successfully

2023-02-21 12:09:29 - [TEST_CASE][PASSED] - Test Cases/Pages/Page_register/Verify Content: Test Cases/Pages/Page_register/Verify Content

2023-02-21 12:09:29 - [TEST_STEP][PASSED] - waitForElementPresent(findTestObject("Page_register/text_nama"), 6): Element 'Object Repository/Page_register/text_nama' is present

2023-02-21 12:09:29 - [MESSAGE][PASSED] - Element 'Object Repository/Page_register/text_nama' is present

2023-02-21 12:09:29 - [TEST_STEP][PASSED] - verifyElementVisible(findTestObject("Page_register/text_nama"), 6): Element 'Object Repository/Page_register/text_nama' is visible

2023-02-21 12:09:30 - [MESSAGE][PASSED] - Element 'Object Repository/Page_register/text_nama' is visible

2023-02-21 12:09:30 - [TEST_STEP][PASSED] - waitForElementPresent(findTestObject("Page_register/textfield_nama"), 6): Element 'Object Repository/Page_register/textfield_nama' is present

2023-02-21 12:09:30 - [MESSAGE][PASSED] - Element 'Object Repository/Page_register/textfield_nama' is present

2023-02-21 12:09:30 - [TEST_STEP][PASSED] - verifyElementVisible(findTestObject("Page_register/textfield_nama"), 6): Element 'Object Repository/Page_register/textfield_nama' is visible

2023-02-21 12:09:30 - [MESSAGE][PASSED] - Element 'Object Repository/Page_register/textfield_nama' is visible

2023-02-21 12:09:30 - [TEST_STEP][PASSED] - waitForElementPresent(findTestObject("Page_register/text_email"), 6): Element 'Object Repository/Page_register/text_email' is present

2023-02-21 12:09:31 - [MESSAGE][PASSED] - Element 'Object Repository/Page_register/text_email' is present

2023-02-21 12:09:31 - [TEST_STEP][PASSED] - verifyElementVisible(findTestObject("Page_register/text_email"), 6): Element 'Object Repository/Page_register/text_email' is visible

2023-02-21 12:09:31 - [MESSAGE][PASSED] - Element 'Object Repository/Page_register/text_email' is visible

2023-02-21 12:09:31 - [TEST_STEP][PASSED] - waitForElementPresent(findTestObject("Page_register/textfield_email"), 6): Element 'Object Repository/Page_register/textfield_email' is present

2023-02-21 12:09:31 - [MESSAGE][PASSED] - Element 'Object Repository/Page_register/textfield_email' is present

2023-02-21 12:09:31 - [TEST_STEP][PASSED] - verifyElementVisible(findTestObject("Page_register/textfield_email"), 6): Element 'Object Repository/Page_register/textfield_email' is visible

2023-02-21 12:09:31 - [MESSAGE][PASSED] - Element 'Object Repository/Page_register/textfield_email' is visible

2023-02-21 12:09:31 - [TEST_STEP][PASSED] - waitForElementPresent(findTestObject("Page_register/text_password"), 6): Element 'Object Repository/Page_register/text_password' is present

2023-02-21 12:09:32 - [MESSAGE][PASSED] - Element 'Object Repository/Page_register/text_password' is present

2023-02-21 12:09:32 - [TEST_STEP][PASSED] - verifyElementVisible(findTestObject("Page_register/text_password"), 6): Element 'Object Repository/Page_register/text_password' is visible

2023-02-21 12:09:32 - [MESSAGE][PASSED] - Element 'Object Repository/Page_register/text_password' is visible

2023-02-21 12:09:32 - [TEST_STEP][PASSED] - waitForElementPresent(findTestObject("Page_register/textfield_password"), 6): Element 'Object Repository/Page_register/textfield_password' is present

2023-02-21 12:09:32 - [MESSAGE][PASSED] - Element 'Object Repository/Page_register/textfield_password' is present

2023-02-21 12:09:32 - [TEST_STEP][PASSED] - verifyElementVisible(findTestObject("Page_register/textfield_password"), 6): Element 'Object Repository/Page_register/textfield_password' is visible

2023-02-21 12:09:32 - [MESSAGE][PASSED] - Element 'Object Repository/Page_register/textfield_password' is visible

2023-02-21 12:09:32 - [TEST_STEP][PASSED] - waitForElementPresent(findTestObject("Page_register/icon_eyes_open"), 6): Element 'Object Repository/Page_register/icon_eyes_open' is present

2023-02-21 12:09:33 - [MESSAGE][PASSED] - Element 'Object Repository/Page_register/icon_eyes_open' is present

2023-02-21 12:09:33 - [TEST_STEP][PASSED] - verifyElementVisible(findTestObject("Page_register/icon_eyes_open"), 6): Element 'Object Repository/Page_register/icon_eyes_open' is visible

2023-02-21 12:09:33 - [MESSAGE][PASSED] - Element 'Object Repository/Page_register/icon_eyes_open' is visible

2023-02-21 12:09:33 - [TEST_STEP][PASSED] - waitForElementPresent(findTestObject("Page_register/text_nomor_hp"), 6): Element 'Object Repository/Page_register/text_nomor_hp' is present

2023-02-21 12:09:33 - [MESSAGE][PASSED] - Element 'Object Repository/Page_register/text_nomor_hp' is present

2023-02-21 12:09:33 - [TEST_STEP][PASSED] - verifyElementVisible(findTestObject("Page_register/text_nomor_hp"), 6): Element 'Object Repository/Page_register/text_nomor_hp' is visible

2023-02-21 12:09:34 - [MESSAGE][PASSED] - Element 'Object Repository/Page_register/text_nomor_hp' is visible

2023-02-21 12:09:34 - [TEST_STEP][PASSED] - waitForElementPresent(findTestObject("Page_register/textfield_nomor_hp"), 6): Element 'Object Repository/Page_register/textfield_nomor_hp' is present

2023-02-21 12:09:34 - [MESSAGE][PASSED] - Element 'Object Repository/Page_register/textfield_nomor_hp' is present

2023-02-21 12:09:34 - [TEST_STEP][PASSED] - verifyElementVisible(findTestObject("Page_register/textfield_nomor_hp"), 6): Element 'Object Repository/Page_register/textfield_nomor_hp' is visible

2023-02-21 12:09:34 - [MESSAGE][PASSED] - Element 'Object Repository/Page_register/textfield_nomor_hp' is visible

2023-02-21 12:09:34 - [TEST_STEP][PASSED] - waitForElementPresent(findTestObject("Page_register/text_kota"), 6): Element 'Object Repository/Page_register/text_kota' is present

2023-02-21 12:09:34 - [MESSAGE][PASSED] - Element 'Object Repository/Page_register/text_kota' is present

2023-02-21 12:09:34 - [TEST_STEP][PASSED] - verifyElementVisible(findTestObject("Page_register/text_kota"), 6): Element 'Object Repository/Page_register/text_kota' is visible

2023-02-21 12:09:35 - [MESSAGE][PASSED] - Element 'Object Repository/Page_register/text_kota' is visible

2023-02-21 12:09:35 - [TEST_STEP][PASSED] - waitForElementPresent(findTestObject("Page_register/textfield_kota"), 6): Element 'Object Repository/Page_register/textfield_kota' is present

2023-02-21 12:09:35 - [MESSAGE][PASSED] - Element 'Object Repository/Page_register/textfield_kota' is present

2023-02-21 12:09:35 - [TEST_STEP][PASSED] - verifyElementVisible(findTestObject("Page_register/textfield_kota"), 6): Element 'Object Repository/Page_register/textfield_kota' is visible

2023-02-21 12:09:35 - [MESSAGE][PASSED] - Element 'Object Repository/Page_register/textfield_kota' is visible

2023-02-21 12:09:35 - [TEST_STEP][PASSED] - waitForElementPresent(findTestObject("Page_register/text_alamat"), 6): Element 'Object Repository/Page_register/text_alamat' is present

2023-02-21 12:09:35 - [MESSAGE][PASSED] - Element 'Object Repository/Page_register/text_alamat' is present

2023-02-21 12:09:35 - [TEST_STEP][PASSED] - verifyElementVisible(findTestObject("Page_register/text_alamat"), 6): Element 'Object Repository/Page_register/text_alamat' is visible

2023-02-21 12:09:36 - [MESSAGE][PASSED] - Element 'Object Repository/Page_register/text_alamat' is visible

2023-02-21 12:09:36 - [TEST_STEP][PASSED] - waitForElementPresent(findTestObject("Page_register/textfield_alamat"), 6): Element 'Object Repository/Page_register/textfield_alamat' is present

2023-02-21 12:09:36 - [MESSAGE][PASSED] - Element 'Object Repository/Page_register/textfield_alamat' is present

2023-02-21 12:09:36 - [TEST_STEP][PASSED] - verifyElementVisible(findTestObject("Page_register/textfield_alamat"), 6): Element 'Object Repository/Page_register/textfield_alamat' is visible

2023-02-21 12:09:36 - [MESSAGE][PASSED] - Element 'Object Repository/Page_register/textfield_alamat' is visible

2023-02-21 12:09:36 - [TEST_STEP][PASSED] - waitForElementPresent(findTestObject("Page_register/btn_daftar"), 6): Element 'Object Repository/Page_register/btn_daftar' is present

2023-02-21 12:09:37 - [MESSAGE][PASSED] - Element 'Object Repository/Page_register/btn_daftar' is present

2023-02-21 12:09:37 - [TEST_STEP][PASSED] - verifyElementVisible(findTestObject("Page_register/btn_daftar"), 6): Element 'Object Repository/Page_register/btn_daftar' is visible

2023-02-21 12:09:37 - [MESSAGE][PASSED] - Element 'Object Repository/Page_register/btn_daftar' is visible

2023-02-21 12:09:37 - [MESSAGE][PASSED] - Call Test Case 'Test Cases/Pages/Page_register/Verify Content' successfully

2023-02-21 12:09:37 - [TEST_STEP][PASSED] - callTestCase(findTestCase("Pages/Page_register/Click Daftar"), [:], STOP_ON_FAILURE): Call Test Case 'Test Cases/Pages/Page_register/Click Daftar' successfully

2023-02-21 12:09:37 - [TEST_CASE][PASSED] - Test Cases/Pages/Page_register/Click Daftar: Test Cases/Pages/Page_register/Click Daftar

2023-02-21 12:09:37 - [TEST_STEP][PASSED] - waitForElementPresent(findTestObject("Page_register/btn_daftar"), 2): Element 'Object Repository/Page_register/btn_daftar' is present

2023-02-21 12:09:37 - [MESSAGE][PASSED] - Element 'Object Repository/Page_register/btn_daftar' is present

2023-02-21 12:09:37 - [TEST_STEP][PASSED] - tap(findTestObject("Page_register/btn_daftar"), 2): Tapped on element 'Object Repository/Page_register/btn_daftar'

2023-02-21 12:09:37 - [MESSAGE][PASSED] - Tapped on element 'Object Repository/Page_register/btn_daftar'

2023-02-21 12:09:37 - [MESSAGE][PASSED] - Call Test Case 'Test Cases/Pages/Page_register/Click Daftar' successfully]]></system-out>
         <system-err><![CDATA[]]></system-err>
      </testcase>
      <testcase name="Test Cases/Step Definition/Feature Register/RGT005 - User want to register by only filling Name, Email, and password field" time="32.776" classname="Test Cases/Step Definition/Feature Register/RGT005 - User want to register by only filling Name, Email, and password field" status="PASSED">
         <system-out><![CDATA[2023-02-21 12:09:37 - [TEST_CASE][PASSED] - Test Cases/Step Definition/Feature Register/RGT005 - User want to register by only filling Name, Email, and password field: Test Cases/Step Definition/Feature Register/RGT005 - User want to register by only filling Name, Email, and password field

2023-02-21 12:09:38 - [TEST_STEP][PASSED] - callTestCase(findTestCase("Pages/Page_register/Navigate to Register Page"), [:], STOP_ON_FAILURE): Call Test Case 'Test Cases/Pages/Page_register/Navigate to Register Page' successfully

2023-02-21 12:09:38 - [TEST_CASE][PASSED] - Test Cases/Pages/Page_register/Navigate to Register Page: Test Cases/Pages/Page_register/Navigate to Register Page

2023-02-21 12:09:38 - [TEST_STEP][PASSED] - startApplication("APK/app-release.apk", false): Started app at: 'D:\android-automation-testing-kelompok-1.git\APK\app-release.apk'

2023-02-21 12:09:46 - [MESSAGE][PASSED] - Started app at: 'D:\android-automation-testing-kelompok-1.git\APK\app-release.apk'

2023-02-21 12:09:46 - [TEST_STEP][PASSED] - tap(findTestObject("Page_home/nav_menu_akun"), 2): Tapped on element 'Object Repository/Page_home/nav_menu_akun'

2023-02-21 12:09:49 - [MESSAGE][PASSED] - Tapped on element 'Object Repository/Page_home/nav_menu_akun'

2023-02-21 12:09:49 - [TEST_STEP][PASSED] - tap(findTestObject("Page_home/btn_masuk"), 2): Tapped on element 'Object Repository/Page_home/btn_masuk'

2023-02-21 12:09:49 - [MESSAGE][PASSED] - Tapped on element 'Object Repository/Page_home/btn_masuk'

2023-02-21 12:09:49 - [TEST_STEP][PASSED] - tap(findTestObject("Page_login/linktext_daftar"), 2): Tapped on element 'Object Repository/Page_login/linktext_daftar'

2023-02-21 12:09:51 - [MESSAGE][PASSED] - Tapped on element 'Object Repository/Page_login/linktext_daftar'

2023-02-21 12:09:51 - [TEST_STEP][PASSED] - scrollToText("sudah", STOP_ON_FAILURE): Scrolling to text 'sudah' successfully

2023-02-21 12:09:54 - [MESSAGE][PASSED] - Scrolling to text 'sudah' successfully

2023-02-21 12:09:54 - [MESSAGE][PASSED] - Call Test Case 'Test Cases/Pages/Page_register/Navigate to Register Page' successfully

2023-02-21 12:09:54 - [TEST_STEP][PASSED] - callTestCase(findTestCase("Pages/Page_register/Input Nama"), ["nama":"Mayorey2"], STOP_ON_FAILURE): Call Test Case 'Test Cases/Pages/Page_register/Input Nama' successfully

2023-02-21 12:09:55 - [TEST_CASE][PASSED] - Test Cases/Pages/Page_register/Input Nama: Test Cases/Pages/Page_register/Input Nama

2023-02-21 12:09:55 - [TEST_STEP][PASSED] - clearText(findTestObject("Page_register/textfield_nama"), 3): Element 'Object Repository/Page_register/textfield_nama' text is cleared

2023-02-21 12:09:55 - [MESSAGE][PASSED] - Element 'Object Repository/Page_register/textfield_nama' text is cleared

2023-02-21 12:09:55 - [TEST_STEP][PASSED] - setText(findTestObject("Page_register/textfield_nama"), nama, 0): Text 'Mayorey2' has been set to element 'Object Repository/Page_register/textfield_nama'

2023-02-21 12:09:55 - [MESSAGE][WARNING] - Timeout '0' is invalid. Using default page load timeout: '30'

2023-02-21 12:09:57 - [MESSAGE][PASSED] - Text 'Mayorey2' has been set to element 'Object Repository/Page_register/textfield_nama'

2023-02-21 12:09:57 - [MESSAGE][PASSED] - Call Test Case 'Test Cases/Pages/Page_register/Input Nama' successfully

2023-02-21 12:09:57 - [TEST_STEP][PASSED] - callTestCase(findTestCase("Pages/Page_register/Input Email"), ["email":"mayorey2@gmail.com"], STOP_ON_FAILURE): Call Test Case 'Test Cases/Pages/Page_register/Input Email' successfully

2023-02-21 12:09:57 - [TEST_CASE][PASSED] - Test Cases/Pages/Page_register/Input Email: Test Cases/Pages/Page_register/Input Email

2023-02-21 12:09:57 - [TEST_STEP][PASSED] - clearText(findTestObject("Page_register/textfield_email"), 3): Element 'Object Repository/Page_register/textfield_email' text is cleared

2023-02-21 12:09:57 - [MESSAGE][PASSED] - Element 'Object Repository/Page_register/textfield_email' text is cleared

2023-02-21 12:09:57 - [TEST_STEP][PASSED] - setText(findTestObject("Page_register/textfield_email"), email, 0): Text 'mayorey2@gmail.com' has been set to element 'Object Repository/Page_register/textfield_email'

2023-02-21 12:09:57 - [MESSAGE][WARNING] - Timeout '0' is invalid. Using default page load timeout: '30'

2023-02-21 12:09:59 - [MESSAGE][PASSED] - Text 'mayorey2@gmail.com' has been set to element 'Object Repository/Page_register/textfield_email'

2023-02-21 12:09:59 - [MESSAGE][PASSED] - Call Test Case 'Test Cases/Pages/Page_register/Input Email' successfully

2023-02-21 12:09:59 - [TEST_STEP][PASSED] - callTestCase(findTestCase("Pages/Page_register/Input Password"), ["password":"Mayorey2"], STOP_ON_FAILURE): Call Test Case 'Test Cases/Pages/Page_register/Input Password' successfully

2023-02-21 12:09:59 - [TEST_CASE][PASSED] - Test Cases/Pages/Page_register/Input Password: Test Cases/Pages/Page_register/Input Password

2023-02-21 12:09:59 - [TEST_STEP][PASSED] - clearText(findTestObject("Page_register/textfield_password"), 3): Element 'Object Repository/Page_register/textfield_password' text is cleared

2023-02-21 12:10:00 - [MESSAGE][PASSED] - Element 'Object Repository/Page_register/textfield_password' text is cleared

2023-02-21 12:10:00 - [TEST_STEP][PASSED] - setText(findTestObject("Page_register/textfield_password"), password, 0): Text 'Mayorey2' has been set to element 'Object Repository/Page_register/textfield_password'

2023-02-21 12:10:00 - [MESSAGE][WARNING] - Timeout '0' is invalid. Using default page load timeout: '30'

2023-02-21 12:10:01 - [MESSAGE][PASSED] - Text 'Mayorey2' has been set to element 'Object Repository/Page_register/textfield_password'

2023-02-21 12:10:01 - [MESSAGE][PASSED] - Call Test Case 'Test Cases/Pages/Page_register/Input Password' successfully

2023-02-21 12:10:01 - [TEST_STEP][PASSED] - callTestCase(findTestCase("Pages/Page_register/Verify Content"), [:], STOP_ON_FAILURE): Call Test Case 'Test Cases/Pages/Page_register/Verify Content' successfully

2023-02-21 12:10:01 - [TEST_CASE][PASSED] - Test Cases/Pages/Page_register/Verify Content: Test Cases/Pages/Page_register/Verify Content

2023-02-21 12:10:01 - [TEST_STEP][PASSED] - waitForElementPresent(findTestObject("Page_register/text_nama"), 6): Element 'Object Repository/Page_register/text_nama' is present

2023-02-21 12:10:02 - [MESSAGE][PASSED] - Element 'Object Repository/Page_register/text_nama' is present

2023-02-21 12:10:02 - [TEST_STEP][PASSED] - verifyElementVisible(findTestObject("Page_register/text_nama"), 6): Element 'Object Repository/Page_register/text_nama' is visible

2023-02-21 12:10:02 - [MESSAGE][PASSED] - Element 'Object Repository/Page_register/text_nama' is visible

2023-02-21 12:10:02 - [TEST_STEP][PASSED] - waitForElementPresent(findTestObject("Page_register/textfield_nama"), 6): Element 'Object Repository/Page_register/textfield_nama' is present

2023-02-21 12:10:02 - [MESSAGE][PASSED] - Element 'Object Repository/Page_register/textfield_nama' is present

2023-02-21 12:10:02 - [TEST_STEP][PASSED] - verifyElementVisible(findTestObject("Page_register/textfield_nama"), 6): Element 'Object Repository/Page_register/textfield_nama' is visible

2023-02-21 12:10:03 - [MESSAGE][PASSED] - Element 'Object Repository/Page_register/textfield_nama' is visible

2023-02-21 12:10:03 - [TEST_STEP][PASSED] - waitForElementPresent(findTestObject("Page_register/text_email"), 6): Element 'Object Repository/Page_register/text_email' is present

2023-02-21 12:10:03 - [MESSAGE][PASSED] - Element 'Object Repository/Page_register/text_email' is present

2023-02-21 12:10:03 - [TEST_STEP][PASSED] - verifyElementVisible(findTestObject("Page_register/text_email"), 6): Element 'Object Repository/Page_register/text_email' is visible

2023-02-21 12:10:03 - [MESSAGE][PASSED] - Element 'Object Repository/Page_register/text_email' is visible

2023-02-21 12:10:03 - [TEST_STEP][PASSED] - waitForElementPresent(findTestObject("Page_register/textfield_email"), 6): Element 'Object Repository/Page_register/textfield_email' is present

2023-02-21 12:10:03 - [MESSAGE][PASSED] - Element 'Object Repository/Page_register/textfield_email' is present

2023-02-21 12:10:03 - [TEST_STEP][PASSED] - verifyElementVisible(findTestObject("Page_register/textfield_email"), 6): Element 'Object Repository/Page_register/textfield_email' is visible

2023-02-21 12:10:04 - [MESSAGE][PASSED] - Element 'Object Repository/Page_register/textfield_email' is visible

2023-02-21 12:10:04 - [TEST_STEP][PASSED] - waitForElementPresent(findTestObject("Page_register/text_password"), 6): Element 'Object Repository/Page_register/text_password' is present

2023-02-21 12:10:04 - [MESSAGE][PASSED] - Element 'Object Repository/Page_register/text_password' is present

2023-02-21 12:10:04 - [TEST_STEP][PASSED] - verifyElementVisible(findTestObject("Page_register/text_password"), 6): Element 'Object Repository/Page_register/text_password' is visible

2023-02-21 12:10:04 - [MESSAGE][PASSED] - Element 'Object Repository/Page_register/text_password' is visible

2023-02-21 12:10:04 - [TEST_STEP][PASSED] - waitForElementPresent(findTestObject("Page_register/textfield_password"), 6): Element 'Object Repository/Page_register/textfield_password' is present

2023-02-21 12:10:05 - [MESSAGE][PASSED] - Element 'Object Repository/Page_register/textfield_password' is present

2023-02-21 12:10:05 - [TEST_STEP][PASSED] - verifyElementVisible(findTestObject("Page_register/textfield_password"), 6): Element 'Object Repository/Page_register/textfield_password' is visible

2023-02-21 12:10:05 - [MESSAGE][PASSED] - Element 'Object Repository/Page_register/textfield_password' is visible

2023-02-21 12:10:05 - [TEST_STEP][PASSED] - waitForElementPresent(findTestObject("Page_register/icon_eyes_open"), 6): Element 'Object Repository/Page_register/icon_eyes_open' is present

2023-02-21 12:10:05 - [MESSAGE][PASSED] - Element 'Object Repository/Page_register/icon_eyes_open' is present

2023-02-21 12:10:05 - [TEST_STEP][PASSED] - verifyElementVisible(findTestObject("Page_register/icon_eyes_open"), 6): Element 'Object Repository/Page_register/icon_eyes_open' is visible

2023-02-21 12:10:05 - [MESSAGE][PASSED] - Element 'Object Repository/Page_register/icon_eyes_open' is visible

2023-02-21 12:10:05 - [TEST_STEP][PASSED] - waitForElementPresent(findTestObject("Page_register/text_nomor_hp"), 6): Element 'Object Repository/Page_register/text_nomor_hp' is present

2023-02-21 12:10:06 - [MESSAGE][PASSED] - Element 'Object Repository/Page_register/text_nomor_hp' is present

2023-02-21 12:10:06 - [TEST_STEP][PASSED] - verifyElementVisible(findTestObject("Page_register/text_nomor_hp"), 6): Element 'Object Repository/Page_register/text_nomor_hp' is visible

2023-02-21 12:10:06 - [MESSAGE][PASSED] - Element 'Object Repository/Page_register/text_nomor_hp' is visible

2023-02-21 12:10:06 - [TEST_STEP][PASSED] - waitForElementPresent(findTestObject("Page_register/textfield_nomor_hp"), 6): Element 'Object Repository/Page_register/textfield_nomor_hp' is present

2023-02-21 12:10:06 - [MESSAGE][PASSED] - Element 'Object Repository/Page_register/textfield_nomor_hp' is present

2023-02-21 12:10:06 - [TEST_STEP][PASSED] - verifyElementVisible(findTestObject("Page_register/textfield_nomor_hp"), 6): Element 'Object Repository/Page_register/textfield_nomor_hp' is visible

2023-02-21 12:10:06 - [MESSAGE][PASSED] - Element 'Object Repository/Page_register/textfield_nomor_hp' is visible

2023-02-21 12:10:06 - [TEST_STEP][PASSED] - waitForElementPresent(findTestObject("Page_register/text_kota"), 6): Element 'Object Repository/Page_register/text_kota' is present

2023-02-21 12:10:07 - [MESSAGE][PASSED] - Element 'Object Repository/Page_register/text_kota' is present

2023-02-21 12:10:07 - [TEST_STEP][PASSED] - verifyElementVisible(findTestObject("Page_register/text_kota"), 6): Element 'Object Repository/Page_register/text_kota' is visible

2023-02-21 12:10:07 - [MESSAGE][PASSED] - Element 'Object Repository/Page_register/text_kota' is visible

2023-02-21 12:10:07 - [TEST_STEP][PASSED] - waitForElementPresent(findTestObject("Page_register/textfield_kota"), 6): Element 'Object Repository/Page_register/textfield_kota' is present

2023-02-21 12:10:07 - [MESSAGE][PASSED] - Element 'Object Repository/Page_register/textfield_kota' is present

2023-02-21 12:10:07 - [TEST_STEP][PASSED] - verifyElementVisible(findTestObject("Page_register/textfield_kota"), 6): Element 'Object Repository/Page_register/textfield_kota' is visible

2023-02-21 12:10:07 - [MESSAGE][PASSED] - Element 'Object Repository/Page_register/textfield_kota' is visible

2023-02-21 12:10:07 - [TEST_STEP][PASSED] - waitForElementPresent(findTestObject("Page_register/text_alamat"), 6): Element 'Object Repository/Page_register/text_alamat' is present

2023-02-21 12:10:08 - [MESSAGE][PASSED] - Element 'Object Repository/Page_register/text_alamat' is present

2023-02-21 12:10:08 - [TEST_STEP][PASSED] - verifyElementVisible(findTestObject("Page_register/text_alamat"), 6): Element 'Object Repository/Page_register/text_alamat' is visible

2023-02-21 12:10:08 - [MESSAGE][PASSED] - Element 'Object Repository/Page_register/text_alamat' is visible

2023-02-21 12:10:08 - [TEST_STEP][PASSED] - waitForElementPresent(findTestObject("Page_register/textfield_alamat"), 6): Element 'Object Repository/Page_register/textfield_alamat' is present

2023-02-21 12:10:09 - [MESSAGE][PASSED] - Element 'Object Repository/Page_register/textfield_alamat' is present

2023-02-21 12:10:09 - [TEST_STEP][PASSED] - verifyElementVisible(findTestObject("Page_register/textfield_alamat"), 6): Element 'Object Repository/Page_register/textfield_alamat' is visible

2023-02-21 12:10:09 - [MESSAGE][PASSED] - Element 'Object Repository/Page_register/textfield_alamat' is visible

2023-02-21 12:10:09 - [TEST_STEP][PASSED] - waitForElementPresent(findTestObject("Page_register/btn_daftar"), 6): Element 'Object Repository/Page_register/btn_daftar' is present

2023-02-21 12:10:09 - [MESSAGE][PASSED] - Element 'Object Repository/Page_register/btn_daftar' is present

2023-02-21 12:10:09 - [TEST_STEP][PASSED] - verifyElementVisible(findTestObject("Page_register/btn_daftar"), 6): Element 'Object Repository/Page_register/btn_daftar' is visible

2023-02-21 12:10:10 - [MESSAGE][PASSED] - Element 'Object Repository/Page_register/btn_daftar' is visible

2023-02-21 12:10:10 - [MESSAGE][PASSED] - Call Test Case 'Test Cases/Pages/Page_register/Verify Content' successfully

2023-02-21 12:10:10 - [TEST_STEP][PASSED] - callTestCase(findTestCase("Pages/Page_register/Click Daftar"), [:], STOP_ON_FAILURE): Call Test Case 'Test Cases/Pages/Page_register/Click Daftar' successfully

2023-02-21 12:10:10 - [TEST_CASE][PASSED] - Test Cases/Pages/Page_register/Click Daftar: Test Cases/Pages/Page_register/Click Daftar

2023-02-21 12:10:10 - [TEST_STEP][PASSED] - waitForElementPresent(findTestObject("Page_register/btn_daftar"), 2): Element 'Object Repository/Page_register/btn_daftar' is present

2023-02-21 12:10:10 - [MESSAGE][PASSED] - Element 'Object Repository/Page_register/btn_daftar' is present

2023-02-21 12:10:10 - [TEST_STEP][PASSED] - tap(findTestObject("Page_register/btn_daftar"), 2): Tapped on element 'Object Repository/Page_register/btn_daftar'

2023-02-21 12:10:10 - [MESSAGE][PASSED] - Tapped on element 'Object Repository/Page_register/btn_daftar'

2023-02-21 12:10:10 - [MESSAGE][PASSED] - Call Test Case 'Test Cases/Pages/Page_register/Click Daftar' successfully]]></system-out>
         <system-err><![CDATA[]]></system-err>
      </testcase>
      <testcase name="Test Cases/Step Definition/Feature Register/RGT006 - User want to register by filling all field except City and Address" time="33.557" classname="Test Cases/Step Definition/Feature Register/RGT006 - User want to register by filling all field except City and Address" status="PASSED">
         <system-out><![CDATA[2023-02-21 12:10:10 - [TEST_CASE][PASSED] - Test Cases/Step Definition/Feature Register/RGT006 - User want to register by filling all field except City and Address: Test Cases/Step Definition/Feature Register/RGT006 - User want to register by filling all field except City and Address

2023-02-21 12:10:10 - [TEST_STEP][PASSED] - callTestCase(findTestCase("Pages/Page_register/Navigate to Register Page"), [:], STOP_ON_FAILURE): Call Test Case 'Test Cases/Pages/Page_register/Navigate to Register Page' successfully

2023-02-21 12:10:11 - [TEST_CASE][PASSED] - Test Cases/Pages/Page_register/Navigate to Register Page: Test Cases/Pages/Page_register/Navigate to Register Page

2023-02-21 12:10:11 - [TEST_STEP][PASSED] - startApplication("APK/app-release.apk", false): Started app at: 'D:\android-automation-testing-kelompok-1.git\APK\app-release.apk'

2023-02-21 12:10:19 - [MESSAGE][PASSED] - Started app at: 'D:\android-automation-testing-kelompok-1.git\APK\app-release.apk'

2023-02-21 12:10:19 - [TEST_STEP][PASSED] - tap(findTestObject("Page_home/nav_menu_akun"), 2): Tapped on element 'Object Repository/Page_home/nav_menu_akun'

2023-02-21 12:10:22 - [MESSAGE][PASSED] - Tapped on element 'Object Repository/Page_home/nav_menu_akun'

2023-02-21 12:10:22 - [TEST_STEP][PASSED] - tap(findTestObject("Page_home/btn_masuk"), 2): Tapped on element 'Object Repository/Page_home/btn_masuk'

2023-02-21 12:10:22 - [MESSAGE][PASSED] - Tapped on element 'Object Repository/Page_home/btn_masuk'

2023-02-21 12:10:22 - [TEST_STEP][PASSED] - tap(findTestObject("Page_login/linktext_daftar"), 2): Tapped on element 'Object Repository/Page_login/linktext_daftar'

2023-02-21 12:10:23 - [MESSAGE][PASSED] - Tapped on element 'Object Repository/Page_login/linktext_daftar'

2023-02-21 12:10:23 - [TEST_STEP][PASSED] - scrollToText("sudah", STOP_ON_FAILURE): Scrolling to text 'sudah' successfully

2023-02-21 12:10:27 - [MESSAGE][PASSED] - Scrolling to text 'sudah' successfully

2023-02-21 12:10:27 - [MESSAGE][PASSED] - Call Test Case 'Test Cases/Pages/Page_register/Navigate to Register Page' successfully

2023-02-21 12:10:27 - [TEST_STEP][PASSED] - callTestCase(findTestCase("Pages/Page_register/Input Nama"), ["nama":"Mayorey2"], STOP_ON_FAILURE): Call Test Case 'Test Cases/Pages/Page_register/Input Nama' successfully

2023-02-21 12:10:27 - [TEST_CASE][PASSED] - Test Cases/Pages/Page_register/Input Nama: Test Cases/Pages/Page_register/Input Nama

2023-02-21 12:10:27 - [TEST_STEP][PASSED] - clearText(findTestObject("Page_register/textfield_nama"), 3): Element 'Object Repository/Page_register/textfield_nama' text is cleared

2023-02-21 12:10:27 - [MESSAGE][PASSED] - Element 'Object Repository/Page_register/textfield_nama' text is cleared

2023-02-21 12:10:27 - [TEST_STEP][PASSED] - setText(findTestObject("Page_register/textfield_nama"), nama, 0): Text 'Mayorey2' has been set to element 'Object Repository/Page_register/textfield_nama'

2023-02-21 12:10:27 - [MESSAGE][WARNING] - Timeout '0' is invalid. Using default page load timeout: '30'

2023-02-21 12:10:29 - [MESSAGE][PASSED] - Text 'Mayorey2' has been set to element 'Object Repository/Page_register/textfield_nama'

2023-02-21 12:10:29 - [MESSAGE][PASSED] - Call Test Case 'Test Cases/Pages/Page_register/Input Nama' successfully

2023-02-21 12:10:29 - [TEST_STEP][PASSED] - callTestCase(findTestCase("Pages/Page_register/Input Email"), ["email":"mayorey2@gmail.com"], STOP_ON_FAILURE): Call Test Case 'Test Cases/Pages/Page_register/Input Email' successfully

2023-02-21 12:10:29 - [TEST_CASE][PASSED] - Test Cases/Pages/Page_register/Input Email: Test Cases/Pages/Page_register/Input Email

2023-02-21 12:10:29 - [TEST_STEP][PASSED] - clearText(findTestObject("Page_register/textfield_email"), 3): Element 'Object Repository/Page_register/textfield_email' text is cleared

2023-02-21 12:10:29 - [MESSAGE][PASSED] - Element 'Object Repository/Page_register/textfield_email' text is cleared

2023-02-21 12:10:29 - [TEST_STEP][PASSED] - setText(findTestObject("Page_register/textfield_email"), email, 0): Text 'mayorey2@gmail.com' has been set to element 'Object Repository/Page_register/textfield_email'

2023-02-21 12:10:29 - [MESSAGE][WARNING] - Timeout '0' is invalid. Using default page load timeout: '30'

2023-02-21 12:10:31 - [MESSAGE][PASSED] - Text 'mayorey2@gmail.com' has been set to element 'Object Repository/Page_register/textfield_email'

2023-02-21 12:10:31 - [MESSAGE][PASSED] - Call Test Case 'Test Cases/Pages/Page_register/Input Email' successfully

2023-02-21 12:10:31 - [TEST_STEP][PASSED] - callTestCase(findTestCase("Pages/Page_register/Input Password"), ["password":"Mayorey2"], STOP_ON_FAILURE): Call Test Case 'Test Cases/Pages/Page_register/Input Password' successfully

2023-02-21 12:10:31 - [TEST_CASE][PASSED] - Test Cases/Pages/Page_register/Input Password: Test Cases/Pages/Page_register/Input Password

2023-02-21 12:10:31 - [TEST_STEP][PASSED] - clearText(findTestObject("Page_register/textfield_password"), 3): Element 'Object Repository/Page_register/textfield_password' text is cleared

2023-02-21 12:10:31 - [MESSAGE][PASSED] - Element 'Object Repository/Page_register/textfield_password' text is cleared

2023-02-21 12:10:31 - [TEST_STEP][PASSED] - setText(findTestObject("Page_register/textfield_password"), password, 0): Text 'Mayorey2' has been set to element 'Object Repository/Page_register/textfield_password'

2023-02-21 12:10:31 - [MESSAGE][WARNING] - Timeout '0' is invalid. Using default page load timeout: '30'

2023-02-21 12:10:33 - [MESSAGE][PASSED] - Text 'Mayorey2' has been set to element 'Object Repository/Page_register/textfield_password'

2023-02-21 12:10:33 - [MESSAGE][PASSED] - Call Test Case 'Test Cases/Pages/Page_register/Input Password' successfully

2023-02-21 12:10:33 - [TEST_STEP][PASSED] - callTestCase(findTestCase("Pages/Page_register/Input Nomor HP"), ["nomorhp":"08218929391"], STOP_ON_FAILURE): Call Test Case 'Test Cases/Pages/Page_register/Input Nomor HP' successfully

2023-02-21 12:10:33 - [TEST_CASE][PASSED] - Test Cases/Pages/Page_register/Input Nomor HP: Test Cases/Pages/Page_register/Input Nomor HP

2023-02-21 12:10:33 - [TEST_STEP][PASSED] - clearText(findTestObject("Page_register/textfield_nomor_hp"), 3): Element 'Object Repository/Page_register/textfield_nomor_hp' text is cleared

2023-02-21 12:10:33 - [MESSAGE][PASSED] - Element 'Object Repository/Page_register/textfield_nomor_hp' text is cleared

2023-02-21 12:10:33 - [TEST_STEP][PASSED] - setText(findTestObject("Page_register/textfield_nomor_hp"), nomorhp, 0): Text '08218929391' has been set to element 'Object Repository/Page_register/textfield_nomor_hp'

2023-02-21 12:10:33 - [MESSAGE][WARNING] - Timeout '0' is invalid. Using default page load timeout: '30'

2023-02-21 12:10:35 - [MESSAGE][PASSED] - Text '08218929391' has been set to element 'Object Repository/Page_register/textfield_nomor_hp'

2023-02-21 12:10:35 - [MESSAGE][PASSED] - Call Test Case 'Test Cases/Pages/Page_register/Input Nomor HP' successfully

2023-02-21 12:10:35 - [TEST_STEP][PASSED] - callTestCase(findTestCase("Pages/Page_register/Verify Content"), [:], STOP_ON_FAILURE): Call Test Case 'Test Cases/Pages/Page_register/Verify Content' successfully

2023-02-21 12:10:35 - [TEST_CASE][PASSED] - Test Cases/Pages/Page_register/Verify Content: Test Cases/Pages/Page_register/Verify Content

2023-02-21 12:10:35 - [TEST_STEP][PASSED] - waitForElementPresent(findTestObject("Page_register/text_nama"), 6): Element 'Object Repository/Page_register/text_nama' is present

2023-02-21 12:10:36 - [MESSAGE][PASSED] - Element 'Object Repository/Page_register/text_nama' is present

2023-02-21 12:10:36 - [TEST_STEP][PASSED] - verifyElementVisible(findTestObject("Page_register/text_nama"), 6): Element 'Object Repository/Page_register/text_nama' is visible

2023-02-21 12:10:36 - [MESSAGE][PASSED] - Element 'Object Repository/Page_register/text_nama' is visible

2023-02-21 12:10:36 - [TEST_STEP][PASSED] - waitForElementPresent(findTestObject("Page_register/textfield_nama"), 6): Element 'Object Repository/Page_register/textfield_nama' is present

2023-02-21 12:10:36 - [MESSAGE][PASSED] - Element 'Object Repository/Page_register/textfield_nama' is present

2023-02-21 12:10:36 - [TEST_STEP][PASSED] - verifyElementVisible(findTestObject("Page_register/textfield_nama"), 6): Element 'Object Repository/Page_register/textfield_nama' is visible

2023-02-21 12:10:37 - [MESSAGE][PASSED] - Element 'Object Repository/Page_register/textfield_nama' is visible

2023-02-21 12:10:37 - [TEST_STEP][PASSED] - waitForElementPresent(findTestObject("Page_register/text_email"), 6): Element 'Object Repository/Page_register/text_email' is present

2023-02-21 12:10:37 - [MESSAGE][PASSED] - Element 'Object Repository/Page_register/text_email' is present

2023-02-21 12:10:37 - [TEST_STEP][PASSED] - verifyElementVisible(findTestObject("Page_register/text_email"), 6): Element 'Object Repository/Page_register/text_email' is visible

2023-02-21 12:10:37 - [MESSAGE][PASSED] - Element 'Object Repository/Page_register/text_email' is visible

2023-02-21 12:10:37 - [TEST_STEP][PASSED] - waitForElementPresent(findTestObject("Page_register/textfield_email"), 6): Element 'Object Repository/Page_register/textfield_email' is present

2023-02-21 12:10:37 - [MESSAGE][PASSED] - Element 'Object Repository/Page_register/textfield_email' is present

2023-02-21 12:10:37 - [TEST_STEP][PASSED] - verifyElementVisible(findTestObject("Page_register/textfield_email"), 6): Element 'Object Repository/Page_register/textfield_email' is visible

2023-02-21 12:10:38 - [MESSAGE][PASSED] - Element 'Object Repository/Page_register/textfield_email' is visible

2023-02-21 12:10:38 - [TEST_STEP][PASSED] - waitForElementPresent(findTestObject("Page_register/text_password"), 6): Element 'Object Repository/Page_register/text_password' is present

2023-02-21 12:10:38 - [MESSAGE][PASSED] - Element 'Object Repository/Page_register/text_password' is present

2023-02-21 12:10:38 - [TEST_STEP][PASSED] - verifyElementVisible(findTestObject("Page_register/text_password"), 6): Element 'Object Repository/Page_register/text_password' is visible

2023-02-21 12:10:38 - [MESSAGE][PASSED] - Element 'Object Repository/Page_register/text_password' is visible

2023-02-21 12:10:38 - [TEST_STEP][PASSED] - waitForElementPresent(findTestObject("Page_register/textfield_password"), 6): Element 'Object Repository/Page_register/textfield_password' is present

2023-02-21 12:10:39 - [MESSAGE][PASSED] - Element 'Object Repository/Page_register/textfield_password' is present

2023-02-21 12:10:39 - [TEST_STEP][PASSED] - verifyElementVisible(findTestObject("Page_register/textfield_password"), 6): Element 'Object Repository/Page_register/textfield_password' is visible

2023-02-21 12:10:39 - [MESSAGE][PASSED] - Element 'Object Repository/Page_register/textfield_password' is visible

2023-02-21 12:10:39 - [TEST_STEP][PASSED] - waitForElementPresent(findTestObject("Page_register/icon_eyes_open"), 6): Element 'Object Repository/Page_register/icon_eyes_open' is present

2023-02-21 12:10:39 - [MESSAGE][PASSED] - Element 'Object Repository/Page_register/icon_eyes_open' is present

2023-02-21 12:10:39 - [TEST_STEP][PASSED] - verifyElementVisible(findTestObject("Page_register/icon_eyes_open"), 6): Element 'Object Repository/Page_register/icon_eyes_open' is visible

2023-02-21 12:10:39 - [MESSAGE][PASSED] - Element 'Object Repository/Page_register/icon_eyes_open' is visible

2023-02-21 12:10:39 - [TEST_STEP][PASSED] - waitForElementPresent(findTestObject("Page_register/text_nomor_hp"), 6): Element 'Object Repository/Page_register/text_nomor_hp' is present

2023-02-21 12:10:40 - [MESSAGE][PASSED] - Element 'Object Repository/Page_register/text_nomor_hp' is present

2023-02-21 12:10:40 - [TEST_STEP][PASSED] - verifyElementVisible(findTestObject("Page_register/text_nomor_hp"), 6): Element 'Object Repository/Page_register/text_nomor_hp' is visible

2023-02-21 12:10:40 - [MESSAGE][PASSED] - Element 'Object Repository/Page_register/text_nomor_hp' is visible

2023-02-21 12:10:40 - [TEST_STEP][PASSED] - waitForElementPresent(findTestObject("Page_register/textfield_nomor_hp"), 6): Element 'Object Repository/Page_register/textfield_nomor_hp' is present

2023-02-21 12:10:40 - [MESSAGE][PASSED] - Element 'Object Repository/Page_register/textfield_nomor_hp' is present

2023-02-21 12:10:40 - [TEST_STEP][PASSED] - verifyElementVisible(findTestObject("Page_register/textfield_nomor_hp"), 6): Element 'Object Repository/Page_register/textfield_nomor_hp' is visible

2023-02-21 12:10:40 - [MESSAGE][PASSED] - Element 'Object Repository/Page_register/textfield_nomor_hp' is visible

2023-02-21 12:10:40 - [TEST_STEP][PASSED] - waitForElementPresent(findTestObject("Page_register/text_kota"), 6): Element 'Object Repository/Page_register/text_kota' is present

2023-02-21 12:10:41 - [MESSAGE][PASSED] - Element 'Object Repository/Page_register/text_kota' is present

2023-02-21 12:10:41 - [TEST_STEP][PASSED] - verifyElementVisible(findTestObject("Page_register/text_kota"), 6): Element 'Object Repository/Page_register/text_kota' is visible

2023-02-21 12:10:41 - [MESSAGE][PASSED] - Element 'Object Repository/Page_register/text_kota' is visible

2023-02-21 12:10:41 - [TEST_STEP][PASSED] - waitForElementPresent(findTestObject("Page_register/textfield_kota"), 6): Element 'Object Repository/Page_register/textfield_kota' is present

2023-02-21 12:10:41 - [MESSAGE][PASSED] - Element 'Object Repository/Page_register/textfield_kota' is present

2023-02-21 12:10:41 - [TEST_STEP][PASSED] - verifyElementVisible(findTestObject("Page_register/textfield_kota"), 6): Element 'Object Repository/Page_register/textfield_kota' is visible

2023-02-21 12:10:42 - [MESSAGE][PASSED] - Element 'Object Repository/Page_register/textfield_kota' is visible

2023-02-21 12:10:42 - [TEST_STEP][PASSED] - waitForElementPresent(findTestObject("Page_register/text_alamat"), 6): Element 'Object Repository/Page_register/text_alamat' is present

2023-02-21 12:10:42 - [MESSAGE][PASSED] - Element 'Object Repository/Page_register/text_alamat' is present

2023-02-21 12:10:42 - [TEST_STEP][PASSED] - verifyElementVisible(findTestObject("Page_register/text_alamat"), 6): Element 'Object Repository/Page_register/text_alamat' is visible

2023-02-21 12:10:42 - [MESSAGE][PASSED] - Element 'Object Repository/Page_register/text_alamat' is visible

2023-02-21 12:10:42 - [TEST_STEP][PASSED] - waitForElementPresent(findTestObject("Page_register/textfield_alamat"), 6): Element 'Object Repository/Page_register/textfield_alamat' is present

2023-02-21 12:10:42 - [MESSAGE][PASSED] - Element 'Object Repository/Page_register/textfield_alamat' is present

2023-02-21 12:10:42 - [TEST_STEP][PASSED] - verifyElementVisible(findTestObject("Page_register/textfield_alamat"), 6): Element 'Object Repository/Page_register/textfield_alamat' is visible

2023-02-21 12:10:43 - [MESSAGE][PASSED] - Element 'Object Repository/Page_register/textfield_alamat' is visible

2023-02-21 12:10:43 - [TEST_STEP][PASSED] - waitForElementPresent(findTestObject("Page_register/btn_daftar"), 6): Element 'Object Repository/Page_register/btn_daftar' is present

2023-02-21 12:10:43 - [MESSAGE][PASSED] - Element 'Object Repository/Page_register/btn_daftar' is present

2023-02-21 12:10:43 - [TEST_STEP][PASSED] - verifyElementVisible(findTestObject("Page_register/btn_daftar"), 6): Element 'Object Repository/Page_register/btn_daftar' is visible

2023-02-21 12:10:43 - [MESSAGE][PASSED] - Element 'Object Repository/Page_register/btn_daftar' is visible

2023-02-21 12:10:43 - [MESSAGE][PASSED] - Call Test Case 'Test Cases/Pages/Page_register/Verify Content' successfully

2023-02-21 12:10:43 - [TEST_STEP][PASSED] - callTestCase(findTestCase("Pages/Page_register/Click Daftar"), [:], STOP_ON_FAILURE): Call Test Case 'Test Cases/Pages/Page_register/Click Daftar' successfully

2023-02-21 12:10:43 - [TEST_CASE][PASSED] - Test Cases/Pages/Page_register/Click Daftar: Test Cases/Pages/Page_register/Click Daftar

2023-02-21 12:10:43 - [TEST_STEP][PASSED] - waitForElementPresent(findTestObject("Page_register/btn_daftar"), 2): Element 'Object Repository/Page_register/btn_daftar' is present

2023-02-21 12:10:43 - [MESSAGE][PASSED] - Element 'Object Repository/Page_register/btn_daftar' is present

2023-02-21 12:10:43 - [TEST_STEP][PASSED] - tap(findTestObject("Page_register/btn_daftar"), 2): Tapped on element 'Object Repository/Page_register/btn_daftar'

2023-02-21 12:10:44 - [MESSAGE][PASSED] - Tapped on element 'Object Repository/Page_register/btn_daftar'

2023-02-21 12:10:44 - [MESSAGE][PASSED] - Call Test Case 'Test Cases/Pages/Page_register/Click Daftar' successfully]]></system-out>
         <system-err><![CDATA[]]></system-err>
      </testcase>
      <testcase name="Test Cases/Step Definition/Feature Register/RGT007 - User want to register by filling all field except Address" time="36.975" classname="Test Cases/Step Definition/Feature Register/RGT007 - User want to register by filling all field except Address" status="PASSED">
         <system-out><![CDATA[2023-02-21 12:10:44 - [TEST_CASE][PASSED] - Test Cases/Step Definition/Feature Register/RGT007 - User want to register by filling all field except Address: Test Cases/Step Definition/Feature Register/RGT007 - User want to register by filling all field except Address

2023-02-21 12:10:44 - [TEST_STEP][PASSED] - callTestCase(findTestCase("Pages/Page_register/Navigate to Register Page"), [:], STOP_ON_FAILURE): Call Test Case 'Test Cases/Pages/Page_register/Navigate to Register Page' successfully

2023-02-21 12:10:44 - [TEST_CASE][PASSED] - Test Cases/Pages/Page_register/Navigate to Register Page: Test Cases/Pages/Page_register/Navigate to Register Page

2023-02-21 12:10:44 - [TEST_STEP][PASSED] - startApplication("APK/app-release.apk", false): Started app at: 'D:\android-automation-testing-kelompok-1.git\APK\app-release.apk'

2023-02-21 12:10:52 - [MESSAGE][PASSED] - Started app at: 'D:\android-automation-testing-kelompok-1.git\APK\app-release.apk'

2023-02-21 12:10:52 - [TEST_STEP][PASSED] - tap(findTestObject("Page_home/nav_menu_akun"), 2): Tapped on element 'Object Repository/Page_home/nav_menu_akun'

2023-02-21 12:10:55 - [MESSAGE][PASSED] - Tapped on element 'Object Repository/Page_home/nav_menu_akun'

2023-02-21 12:10:55 - [TEST_STEP][PASSED] - tap(findTestObject("Page_home/btn_masuk"), 2): Tapped on element 'Object Repository/Page_home/btn_masuk'

2023-02-21 12:10:56 - [MESSAGE][PASSED] - Tapped on element 'Object Repository/Page_home/btn_masuk'

2023-02-21 12:10:56 - [TEST_STEP][PASSED] - tap(findTestObject("Page_login/linktext_daftar"), 2): Tapped on element 'Object Repository/Page_login/linktext_daftar'

2023-02-21 12:10:57 - [MESSAGE][PASSED] - Tapped on element 'Object Repository/Page_login/linktext_daftar'

2023-02-21 12:10:57 - [TEST_STEP][PASSED] - scrollToText("sudah", STOP_ON_FAILURE): Scrolling to text 'sudah' successfully

2023-02-21 12:11:01 - [MESSAGE][PASSED] - Scrolling to text 'sudah' successfully

2023-02-21 12:11:01 - [MESSAGE][PASSED] - Call Test Case 'Test Cases/Pages/Page_register/Navigate to Register Page' successfully

2023-02-21 12:11:01 - [TEST_STEP][PASSED] - callTestCase(findTestCase("Pages/Page_register/Input Nama"), ["nama":"Mayorey2"], STOP_ON_FAILURE): Call Test Case 'Test Cases/Pages/Page_register/Input Nama' successfully

2023-02-21 12:11:01 - [TEST_CASE][PASSED] - Test Cases/Pages/Page_register/Input Nama: Test Cases/Pages/Page_register/Input Nama

2023-02-21 12:11:01 - [TEST_STEP][PASSED] - clearText(findTestObject("Page_register/textfield_nama"), 3): Element 'Object Repository/Page_register/textfield_nama' text is cleared

2023-02-21 12:11:01 - [MESSAGE][PASSED] - Element 'Object Repository/Page_register/textfield_nama' text is cleared

2023-02-21 12:11:01 - [TEST_STEP][PASSED] - setText(findTestObject("Page_register/textfield_nama"), nama, 0): Text 'Mayorey2' has been set to element 'Object Repository/Page_register/textfield_nama'

2023-02-21 12:11:01 - [MESSAGE][WARNING] - Timeout '0' is invalid. Using default page load timeout: '30'

2023-02-21 12:11:03 - [MESSAGE][PASSED] - Text 'Mayorey2' has been set to element 'Object Repository/Page_register/textfield_nama'

2023-02-21 12:11:03 - [MESSAGE][PASSED] - Call Test Case 'Test Cases/Pages/Page_register/Input Nama' successfully

2023-02-21 12:11:03 - [TEST_STEP][PASSED] - callTestCase(findTestCase("Pages/Page_register/Input Email"), ["email":"mayorey2@gmail.com"], STOP_ON_FAILURE): Call Test Case 'Test Cases/Pages/Page_register/Input Email' successfully

2023-02-21 12:11:03 - [TEST_CASE][PASSED] - Test Cases/Pages/Page_register/Input Email: Test Cases/Pages/Page_register/Input Email

2023-02-21 12:11:03 - [TEST_STEP][PASSED] - clearText(findTestObject("Page_register/textfield_email"), 3): Element 'Object Repository/Page_register/textfield_email' text is cleared

2023-02-21 12:11:03 - [MESSAGE][PASSED] - Element 'Object Repository/Page_register/textfield_email' text is cleared

2023-02-21 12:11:03 - [TEST_STEP][PASSED] - setText(findTestObject("Page_register/textfield_email"), email, 0): Text 'mayorey2@gmail.com' has been set to element 'Object Repository/Page_register/textfield_email'

2023-02-21 12:11:03 - [MESSAGE][WARNING] - Timeout '0' is invalid. Using default page load timeout: '30'

2023-02-21 12:11:05 - [MESSAGE][PASSED] - Text 'mayorey2@gmail.com' has been set to element 'Object Repository/Page_register/textfield_email'

2023-02-21 12:11:05 - [MESSAGE][PASSED] - Call Test Case 'Test Cases/Pages/Page_register/Input Email' successfully

2023-02-21 12:11:05 - [TEST_STEP][PASSED] - callTestCase(findTestCase("Pages/Page_register/Input Password"), ["password":"Mayorey2"], STOP_ON_FAILURE): Call Test Case 'Test Cases/Pages/Page_register/Input Password' successfully

2023-02-21 12:11:05 - [TEST_CASE][PASSED] - Test Cases/Pages/Page_register/Input Password: Test Cases/Pages/Page_register/Input Password

2023-02-21 12:11:05 - [TEST_STEP][PASSED] - clearText(findTestObject("Page_register/textfield_password"), 3): Element 'Object Repository/Page_register/textfield_password' text is cleared

2023-02-21 12:11:05 - [MESSAGE][PASSED] - Element 'Object Repository/Page_register/textfield_password' text is cleared

2023-02-21 12:11:05 - [TEST_STEP][PASSED] - setText(findTestObject("Page_register/textfield_password"), password, 0): Text 'Mayorey2' has been set to element 'Object Repository/Page_register/textfield_password'

2023-02-21 12:11:05 - [MESSAGE][WARNING] - Timeout '0' is invalid. Using default page load timeout: '30'

2023-02-21 12:11:07 - [MESSAGE][PASSED] - Text 'Mayorey2' has been set to element 'Object Repository/Page_register/textfield_password'

2023-02-21 12:11:07 - [MESSAGE][PASSED] - Call Test Case 'Test Cases/Pages/Page_register/Input Password' successfully

2023-02-21 12:11:07 - [TEST_STEP][PASSED] - callTestCase(findTestCase("Pages/Page_register/Input Nomor HP"), ["nomorhp":"08218929391"], STOP_ON_FAILURE): Call Test Case 'Test Cases/Pages/Page_register/Input Nomor HP' successfully

2023-02-21 12:11:07 - [TEST_CASE][PASSED] - Test Cases/Pages/Page_register/Input Nomor HP: Test Cases/Pages/Page_register/Input Nomor HP

2023-02-21 12:11:07 - [TEST_STEP][PASSED] - clearText(findTestObject("Page_register/textfield_nomor_hp"), 3): Element 'Object Repository/Page_register/textfield_nomor_hp' text is cleared

2023-02-21 12:11:08 - [MESSAGE][PASSED] - Element 'Object Repository/Page_register/textfield_nomor_hp' text is cleared

2023-02-21 12:11:08 - [TEST_STEP][PASSED] - setText(findTestObject("Page_register/textfield_nomor_hp"), nomorhp, 0): Text '08218929391' has been set to element 'Object Repository/Page_register/textfield_nomor_hp'

2023-02-21 12:11:08 - [MESSAGE][WARNING] - Timeout '0' is invalid. Using default page load timeout: '30'

2023-02-21 12:11:10 - [MESSAGE][PASSED] - Text '08218929391' has been set to element 'Object Repository/Page_register/textfield_nomor_hp'

2023-02-21 12:11:10 - [MESSAGE][PASSED] - Call Test Case 'Test Cases/Pages/Page_register/Input Nomor HP' successfully

2023-02-21 12:11:10 - [TEST_STEP][PASSED] - callTestCase(findTestCase("Pages/Page_register/Input Kota"), ["kota":"Jakarta Pusat"], STOP_ON_FAILURE): Call Test Case 'Test Cases/Pages/Page_register/Input Kota' successfully

2023-02-21 12:11:10 - [TEST_CASE][PASSED] - Test Cases/Pages/Page_register/Input Kota: Test Cases/Pages/Page_register/Input Kota

2023-02-21 12:11:10 - [TEST_STEP][PASSED] - clearText(findTestObject("Page_register/textfield_kota"), 3): Element 'Object Repository/Page_register/textfield_kota' text is cleared

2023-02-21 12:11:11 - [MESSAGE][PASSED] - Element 'Object Repository/Page_register/textfield_kota' text is cleared

2023-02-21 12:11:11 - [TEST_STEP][PASSED] - setText(findTestObject("Page_register/textfield_kota"), kota, 0): Text 'Jakarta Pusat' has been set to element 'Object Repository/Page_register/textfield_kota'

2023-02-21 12:11:11 - [MESSAGE][WARNING] - Timeout '0' is invalid. Using default page load timeout: '30'

2023-02-21 12:11:12 - [MESSAGE][PASSED] - Text 'Jakarta Pusat' has been set to element 'Object Repository/Page_register/textfield_kota'

2023-02-21 12:11:12 - [MESSAGE][PASSED] - Call Test Case 'Test Cases/Pages/Page_register/Input Kota' successfully

2023-02-21 12:11:12 - [TEST_STEP][PASSED] - callTestCase(findTestCase("Pages/Page_register/Verify Content"), [:], STOP_ON_FAILURE): Call Test Case 'Test Cases/Pages/Page_register/Verify Content' successfully

2023-02-21 12:11:12 - [TEST_CASE][PASSED] - Test Cases/Pages/Page_register/Verify Content: Test Cases/Pages/Page_register/Verify Content

2023-02-21 12:11:12 - [TEST_STEP][PASSED] - waitForElementPresent(findTestObject("Page_register/text_nama"), 6): Element 'Object Repository/Page_register/text_nama' is present

2023-02-21 12:11:13 - [MESSAGE][PASSED] - Element 'Object Repository/Page_register/text_nama' is present

2023-02-21 12:11:13 - [TEST_STEP][PASSED] - verifyElementVisible(findTestObject("Page_register/text_nama"), 6): Element 'Object Repository/Page_register/text_nama' is visible

2023-02-21 12:11:13 - [MESSAGE][PASSED] - Element 'Object Repository/Page_register/text_nama' is visible

2023-02-21 12:11:13 - [TEST_STEP][PASSED] - waitForElementPresent(findTestObject("Page_register/textfield_nama"), 6): Element 'Object Repository/Page_register/textfield_nama' is present

2023-02-21 12:11:14 - [MESSAGE][PASSED] - Element 'Object Repository/Page_register/textfield_nama' is present

2023-02-21 12:11:14 - [TEST_STEP][PASSED] - verifyElementVisible(findTestObject("Page_register/textfield_nama"), 6): Element 'Object Repository/Page_register/textfield_nama' is visible

2023-02-21 12:11:14 - [MESSAGE][PASSED] - Element 'Object Repository/Page_register/textfield_nama' is visible

2023-02-21 12:11:14 - [TEST_STEP][PASSED] - waitForElementPresent(findTestObject("Page_register/text_email"), 6): Element 'Object Repository/Page_register/text_email' is present

2023-02-21 12:11:14 - [MESSAGE][PASSED] - Element 'Object Repository/Page_register/text_email' is present

2023-02-21 12:11:14 - [TEST_STEP][PASSED] - verifyElementVisible(findTestObject("Page_register/text_email"), 6): Element 'Object Repository/Page_register/text_email' is visible

2023-02-21 12:11:14 - [MESSAGE][PASSED] - Element 'Object Repository/Page_register/text_email' is visible

2023-02-21 12:11:14 - [TEST_STEP][PASSED] - waitForElementPresent(findTestObject("Page_register/textfield_email"), 6): Element 'Object Repository/Page_register/textfield_email' is present

2023-02-21 12:11:15 - [MESSAGE][PASSED] - Element 'Object Repository/Page_register/textfield_email' is present

2023-02-21 12:11:15 - [TEST_STEP][PASSED] - verifyElementVisible(findTestObject("Page_register/textfield_email"), 6): Element 'Object Repository/Page_register/textfield_email' is visible

2023-02-21 12:11:15 - [MESSAGE][PASSED] - Element 'Object Repository/Page_register/textfield_email' is visible

2023-02-21 12:11:15 - [TEST_STEP][PASSED] - waitForElementPresent(findTestObject("Page_register/text_password"), 6): Element 'Object Repository/Page_register/text_password' is present

2023-02-21 12:11:15 - [MESSAGE][PASSED] - Element 'Object Repository/Page_register/text_password' is present

2023-02-21 12:11:15 - [TEST_STEP][PASSED] - verifyElementVisible(findTestObject("Page_register/text_password"), 6): Element 'Object Repository/Page_register/text_password' is visible

2023-02-21 12:11:16 - [MESSAGE][PASSED] - Element 'Object Repository/Page_register/text_password' is visible

2023-02-21 12:11:16 - [TEST_STEP][PASSED] - waitForElementPresent(findTestObject("Page_register/textfield_password"), 6): Element 'Object Repository/Page_register/textfield_password' is present

2023-02-21 12:11:16 - [MESSAGE][PASSED] - Element 'Object Repository/Page_register/textfield_password' is present

2023-02-21 12:11:16 - [TEST_STEP][PASSED] - verifyElementVisible(findTestObject("Page_register/textfield_password"), 6): Element 'Object Repository/Page_register/textfield_password' is visible

2023-02-21 12:11:16 - [MESSAGE][PASSED] - Element 'Object Repository/Page_register/textfield_password' is visible

2023-02-21 12:11:16 - [TEST_STEP][PASSED] - waitForElementPresent(findTestObject("Page_register/icon_eyes_open"), 6): Element 'Object Repository/Page_register/icon_eyes_open' is present

2023-02-21 12:11:16 - [MESSAGE][PASSED] - Element 'Object Repository/Page_register/icon_eyes_open' is present

2023-02-21 12:11:16 - [TEST_STEP][PASSED] - verifyElementVisible(findTestObject("Page_register/icon_eyes_open"), 6): Element 'Object Repository/Page_register/icon_eyes_open' is visible

2023-02-21 12:11:17 - [MESSAGE][PASSED] - Element 'Object Repository/Page_register/icon_eyes_open' is visible

2023-02-21 12:11:17 - [TEST_STEP][PASSED] - waitForElementPresent(findTestObject("Page_register/text_nomor_hp"), 6): Element 'Object Repository/Page_register/text_nomor_hp' is present

2023-02-21 12:11:17 - [MESSAGE][PASSED] - Element 'Object Repository/Page_register/text_nomor_hp' is present

2023-02-21 12:11:17 - [TEST_STEP][PASSED] - verifyElementVisible(findTestObject("Page_register/text_nomor_hp"), 6): Element 'Object Repository/Page_register/text_nomor_hp' is visible

2023-02-21 12:11:17 - [MESSAGE][PASSED] - Element 'Object Repository/Page_register/text_nomor_hp' is visible

2023-02-21 12:11:17 - [TEST_STEP][PASSED] - waitForElementPresent(findTestObject("Page_register/textfield_nomor_hp"), 6): Element 'Object Repository/Page_register/textfield_nomor_hp' is present

2023-02-21 12:11:17 - [MESSAGE][PASSED] - Element 'Object Repository/Page_register/textfield_nomor_hp' is present

2023-02-21 12:11:17 - [TEST_STEP][PASSED] - verifyElementVisible(findTestObject("Page_register/textfield_nomor_hp"), 6): Element 'Object Repository/Page_register/textfield_nomor_hp' is visible

2023-02-21 12:11:18 - [MESSAGE][PASSED] - Element 'Object Repository/Page_register/textfield_nomor_hp' is visible

2023-02-21 12:11:18 - [TEST_STEP][PASSED] - waitForElementPresent(findTestObject("Page_register/text_kota"), 6): Element 'Object Repository/Page_register/text_kota' is present

2023-02-21 12:11:18 - [MESSAGE][PASSED] - Element 'Object Repository/Page_register/text_kota' is present

2023-02-21 12:11:18 - [TEST_STEP][PASSED] - verifyElementVisible(findTestObject("Page_register/text_kota"), 6): Element 'Object Repository/Page_register/text_kota' is visible

2023-02-21 12:11:18 - [MESSAGE][PASSED] - Element 'Object Repository/Page_register/text_kota' is visible

2023-02-21 12:11:18 - [TEST_STEP][PASSED] - waitForElementPresent(findTestObject("Page_register/textfield_kota"), 6): Element 'Object Repository/Page_register/textfield_kota' is present

2023-02-21 12:11:18 - [MESSAGE][PASSED] - Element 'Object Repository/Page_register/textfield_kota' is present

2023-02-21 12:11:18 - [TEST_STEP][PASSED] - verifyElementVisible(findTestObject("Page_register/textfield_kota"), 6): Element 'Object Repository/Page_register/textfield_kota' is visible

2023-02-21 12:11:19 - [MESSAGE][PASSED] - Element 'Object Repository/Page_register/textfield_kota' is visible

2023-02-21 12:11:19 - [TEST_STEP][PASSED] - waitForElementPresent(findTestObject("Page_register/text_alamat"), 6): Element 'Object Repository/Page_register/text_alamat' is present

2023-02-21 12:11:19 - [MESSAGE][PASSED] - Element 'Object Repository/Page_register/text_alamat' is present

2023-02-21 12:11:19 - [TEST_STEP][PASSED] - verifyElementVisible(findTestObject("Page_register/text_alamat"), 6): Element 'Object Repository/Page_register/text_alamat' is visible

2023-02-21 12:11:19 - [MESSAGE][PASSED] - Element 'Object Repository/Page_register/text_alamat' is visible

2023-02-21 12:11:19 - [TEST_STEP][PASSED] - waitForElementPresent(findTestObject("Page_register/textfield_alamat"), 6): Element 'Object Repository/Page_register/textfield_alamat' is present

2023-02-21 12:11:19 - [MESSAGE][PASSED] - Element 'Object Repository/Page_register/textfield_alamat' is present

2023-02-21 12:11:19 - [TEST_STEP][PASSED] - verifyElementVisible(findTestObject("Page_register/textfield_alamat"), 6): Element 'Object Repository/Page_register/textfield_alamat' is visible

2023-02-21 12:11:20 - [MESSAGE][PASSED] - Element 'Object Repository/Page_register/textfield_alamat' is visible

2023-02-21 12:11:20 - [TEST_STEP][PASSED] - waitForElementPresent(findTestObject("Page_register/btn_daftar"), 6): Element 'Object Repository/Page_register/btn_daftar' is present

2023-02-21 12:11:20 - [MESSAGE][PASSED] - Element 'Object Repository/Page_register/btn_daftar' is present

2023-02-21 12:11:20 - [TEST_STEP][PASSED] - verifyElementVisible(findTestObject("Page_register/btn_daftar"), 6): Element 'Object Repository/Page_register/btn_daftar' is visible

2023-02-21 12:11:20 - [MESSAGE][PASSED] - Element 'Object Repository/Page_register/btn_daftar' is visible

2023-02-21 12:11:20 - [MESSAGE][PASSED] - Call Test Case 'Test Cases/Pages/Page_register/Verify Content' successfully

2023-02-21 12:11:20 - [TEST_STEP][PASSED] - callTestCase(findTestCase("Pages/Page_register/Click Daftar"), [:], STOP_ON_FAILURE): Call Test Case 'Test Cases/Pages/Page_register/Click Daftar' successfully

2023-02-21 12:11:20 - [TEST_CASE][PASSED] - Test Cases/Pages/Page_register/Click Daftar: Test Cases/Pages/Page_register/Click Daftar

2023-02-21 12:11:20 - [TEST_STEP][PASSED] - waitForElementPresent(findTestObject("Page_register/btn_daftar"), 2): Element 'Object Repository/Page_register/btn_daftar' is present

2023-02-21 12:11:20 - [MESSAGE][PASSED] - Element 'Object Repository/Page_register/btn_daftar' is present

2023-02-21 12:11:20 - [TEST_STEP][PASSED] - tap(findTestObject("Page_register/btn_daftar"), 2): Tapped on element 'Object Repository/Page_register/btn_daftar'

2023-02-21 12:11:21 - [MESSAGE][PASSED] - Tapped on element 'Object Repository/Page_register/btn_daftar'

2023-02-21 12:11:21 - [MESSAGE][PASSED] - Call Test Case 'Test Cases/Pages/Page_register/Click Daftar' successfully]]></system-out>
         <system-err><![CDATA[]]></system-err>
      </testcase>
      <testcase name="Test Cases/Step Definition/Feature Register/RGT008 - User want to register by using used credential" time="40.361" classname="Test Cases/Step Definition/Feature Register/RGT008 - User want to register by using used credential" status="PASSED">
         <system-out><![CDATA[2023-02-21 12:11:21 - [TEST_CASE][PASSED] - Test Cases/Step Definition/Feature Register/RGT008 - User want to register by using used credential: Test Cases/Step Definition/Feature Register/RGT008 - User want to register by using used credential

2023-02-21 12:11:21 - [TEST_STEP][PASSED] - callTestCase(findTestCase("Pages/Page_register/Navigate to Register Page"), [:], STOP_ON_FAILURE): Call Test Case 'Test Cases/Pages/Page_register/Navigate to Register Page' successfully

2023-02-21 12:11:21 - [TEST_CASE][PASSED] - Test Cases/Pages/Page_register/Navigate to Register Page: Test Cases/Pages/Page_register/Navigate to Register Page

2023-02-21 12:11:21 - [TEST_STEP][PASSED] - startApplication("APK/app-release.apk", false): Started app at: 'D:\android-automation-testing-kelompok-1.git\APK\app-release.apk'

2023-02-21 12:11:29 - [MESSAGE][PASSED] - Started app at: 'D:\android-automation-testing-kelompok-1.git\APK\app-release.apk'

2023-02-21 12:11:29 - [TEST_STEP][PASSED] - tap(findTestObject("Page_home/nav_menu_akun"), 2): Tapped on element 'Object Repository/Page_home/nav_menu_akun'

2023-02-21 12:11:32 - [MESSAGE][PASSED] - Tapped on element 'Object Repository/Page_home/nav_menu_akun'

2023-02-21 12:11:32 - [TEST_STEP][PASSED] - tap(findTestObject("Page_home/btn_masuk"), 2): Tapped on element 'Object Repository/Page_home/btn_masuk'

2023-02-21 12:11:33 - [MESSAGE][PASSED] - Tapped on element 'Object Repository/Page_home/btn_masuk'

2023-02-21 12:11:33 - [TEST_STEP][PASSED] - tap(findTestObject("Page_login/linktext_daftar"), 2): Tapped on element 'Object Repository/Page_login/linktext_daftar'

2023-02-21 12:11:34 - [MESSAGE][PASSED] - Tapped on element 'Object Repository/Page_login/linktext_daftar'

2023-02-21 12:11:34 - [TEST_STEP][PASSED] - scrollToText("sudah", STOP_ON_FAILURE): Scrolling to text 'sudah' successfully

2023-02-21 12:11:38 - [MESSAGE][PASSED] - Scrolling to text 'sudah' successfully

2023-02-21 12:11:38 - [MESSAGE][PASSED] - Call Test Case 'Test Cases/Pages/Page_register/Navigate to Register Page' successfully

2023-02-21 12:11:38 - [TEST_STEP][PASSED] - callTestCase(findTestCase("Pages/Page_register/Input Nama"), ["nama":"Mayoreh"], STOP_ON_FAILURE): Call Test Case 'Test Cases/Pages/Page_register/Input Nama' successfully

2023-02-21 12:11:38 - [TEST_CASE][PASSED] - Test Cases/Pages/Page_register/Input Nama: Test Cases/Pages/Page_register/Input Nama

2023-02-21 12:11:38 - [TEST_STEP][PASSED] - clearText(findTestObject("Page_register/textfield_nama"), 3): Element 'Object Repository/Page_register/textfield_nama' text is cleared

2023-02-21 12:11:39 - [MESSAGE][PASSED] - Element 'Object Repository/Page_register/textfield_nama' text is cleared

2023-02-21 12:11:39 - [TEST_STEP][PASSED] - setText(findTestObject("Page_register/textfield_nama"), nama, 0): Text 'Mayoreh' has been set to element 'Object Repository/Page_register/textfield_nama'

2023-02-21 12:11:39 - [MESSAGE][WARNING] - Timeout '0' is invalid. Using default page load timeout: '30'

2023-02-21 12:11:40 - [MESSAGE][PASSED] - Text 'Mayoreh' has been set to element 'Object Repository/Page_register/textfield_nama'

2023-02-21 12:11:40 - [MESSAGE][PASSED] - Call Test Case 'Test Cases/Pages/Page_register/Input Nama' successfully

2023-02-21 12:11:40 - [TEST_STEP][PASSED] - callTestCase(findTestCase("Pages/Page_register/Input Email"), ["email":"mayoreyf2@gmail.com"], STOP_ON_FAILURE): Call Test Case 'Test Cases/Pages/Page_register/Input Email' successfully

2023-02-21 12:11:41 - [TEST_CASE][PASSED] - Test Cases/Pages/Page_register/Input Email: Test Cases/Pages/Page_register/Input Email

2023-02-21 12:11:41 - [TEST_STEP][PASSED] - clearText(findTestObject("Page_register/textfield_email"), 3): Element 'Object Repository/Page_register/textfield_email' text is cleared

2023-02-21 12:11:41 - [MESSAGE][PASSED] - Element 'Object Repository/Page_register/textfield_email' text is cleared

2023-02-21 12:11:41 - [TEST_STEP][PASSED] - setText(findTestObject("Page_register/textfield_email"), email, 0): Text 'mayoreyf2@gmail.com' has been set to element 'Object Repository/Page_register/textfield_email'

2023-02-21 12:11:41 - [MESSAGE][WARNING] - Timeout '0' is invalid. Using default page load timeout: '30'

2023-02-21 12:11:43 - [MESSAGE][PASSED] - Text 'mayoreyf2@gmail.com' has been set to element 'Object Repository/Page_register/textfield_email'

2023-02-21 12:11:43 - [MESSAGE][PASSED] - Call Test Case 'Test Cases/Pages/Page_register/Input Email' successfully

2023-02-21 12:11:43 - [TEST_STEP][PASSED] - callTestCase(findTestCase("Pages/Page_register/Input Password"), ["password":"Mayorey2g"], STOP_ON_FAILURE): Call Test Case 'Test Cases/Pages/Page_register/Input Password' successfully

2023-02-21 12:11:43 - [TEST_CASE][PASSED] - Test Cases/Pages/Page_register/Input Password: Test Cases/Pages/Page_register/Input Password

2023-02-21 12:11:43 - [TEST_STEP][PASSED] - clearText(findTestObject("Page_register/textfield_password"), 3): Element 'Object Repository/Page_register/textfield_password' text is cleared

2023-02-21 12:11:44 - [MESSAGE][PASSED] - Element 'Object Repository/Page_register/textfield_password' text is cleared

2023-02-21 12:11:44 - [TEST_STEP][PASSED] - setText(findTestObject("Page_register/textfield_password"), password, 0): Text 'Mayorey2g' has been set to element 'Object Repository/Page_register/textfield_password'

2023-02-21 12:11:44 - [MESSAGE][WARNING] - Timeout '0' is invalid. Using default page load timeout: '30'

2023-02-21 12:11:45 - [MESSAGE][PASSED] - Text 'Mayorey2g' has been set to element 'Object Repository/Page_register/textfield_password'

2023-02-21 12:11:45 - [MESSAGE][PASSED] - Call Test Case 'Test Cases/Pages/Page_register/Input Password' successfully

2023-02-21 12:11:45 - [TEST_STEP][PASSED] - callTestCase(findTestCase("Pages/Page_register/Input Nomor HP"), ["nomorhp":"08218929391"], STOP_ON_FAILURE): Call Test Case 'Test Cases/Pages/Page_register/Input Nomor HP' successfully

2023-02-21 12:11:45 - [TEST_CASE][PASSED] - Test Cases/Pages/Page_register/Input Nomor HP: Test Cases/Pages/Page_register/Input Nomor HP

2023-02-21 12:11:45 - [TEST_STEP][PASSED] - clearText(findTestObject("Page_register/textfield_nomor_hp"), 3): Element 'Object Repository/Page_register/textfield_nomor_hp' text is cleared

2023-02-21 12:11:46 - [MESSAGE][PASSED] - Element 'Object Repository/Page_register/textfield_nomor_hp' text is cleared

2023-02-21 12:11:46 - [TEST_STEP][PASSED] - setText(findTestObject("Page_register/textfield_nomor_hp"), nomorhp, 0): Text '08218929391' has been set to element 'Object Repository/Page_register/textfield_nomor_hp'

2023-02-21 12:11:46 - [MESSAGE][WARNING] - Timeout '0' is invalid. Using default page load timeout: '30'

2023-02-21 12:11:48 - [MESSAGE][PASSED] - Text '08218929391' has been set to element 'Object Repository/Page_register/textfield_nomor_hp'

2023-02-21 12:11:48 - [MESSAGE][PASSED] - Call Test Case 'Test Cases/Pages/Page_register/Input Nomor HP' successfully

2023-02-21 12:11:48 - [TEST_STEP][PASSED] - callTestCase(findTestCase("Pages/Page_register/Input Kota"), ["kota":"Jakarta Pusat"], STOP_ON_FAILURE): Call Test Case 'Test Cases/Pages/Page_register/Input Kota' successfully

2023-02-21 12:11:48 - [TEST_CASE][PASSED] - Test Cases/Pages/Page_register/Input Kota: Test Cases/Pages/Page_register/Input Kota

2023-02-21 12:11:48 - [TEST_STEP][PASSED] - clearText(findTestObject("Page_register/textfield_kota"), 3): Element 'Object Repository/Page_register/textfield_kota' text is cleared

2023-02-21 12:11:48 - [MESSAGE][PASSED] - Element 'Object Repository/Page_register/textfield_kota' text is cleared

2023-02-21 12:11:48 - [TEST_STEP][PASSED] - setText(findTestObject("Page_register/textfield_kota"), kota, 0): Text 'Jakarta Pusat' has been set to element 'Object Repository/Page_register/textfield_kota'

2023-02-21 12:11:48 - [MESSAGE][WARNING] - Timeout '0' is invalid. Using default page load timeout: '30'

2023-02-21 12:11:50 - [MESSAGE][PASSED] - Text 'Jakarta Pusat' has been set to element 'Object Repository/Page_register/textfield_kota'

2023-02-21 12:11:50 - [MESSAGE][PASSED] - Call Test Case 'Test Cases/Pages/Page_register/Input Kota' successfully

2023-02-21 12:11:50 - [TEST_STEP][PASSED] - callTestCase(findTestCase("Pages/Page_register/Input Alamat"), ["alamat":"Jl. Sooyay No.5"], STOP_ON_FAILURE): Call Test Case 'Test Cases/Pages/Page_register/Input Alamat' successfully

2023-02-21 12:11:50 - [TEST_CASE][PASSED] - Test Cases/Pages/Page_register/Input Alamat: Test Cases/Pages/Page_register/Input Alamat

2023-02-21 12:11:50 - [TEST_STEP][PASSED] - clearText(findTestObject("Page_register/textfield_alamat"), 3): Element 'Object Repository/Page_register/textfield_alamat' text is cleared

2023-02-21 12:11:51 - [MESSAGE][PASSED] - Element 'Object Repository/Page_register/textfield_alamat' text is cleared

2023-02-21 12:11:51 - [TEST_STEP][PASSED] - setText(findTestObject("Page_register/textfield_alamat"), alamat, 0): Text 'Jl. Sooyay No.5' has been set to element 'Object Repository/Page_register/textfield_alamat'

2023-02-21 12:11:51 - [MESSAGE][WARNING] - Timeout '0' is invalid. Using default page load timeout: '30'

2023-02-21 12:11:52 - [MESSAGE][PASSED] - Text 'Jl. Sooyay No.5' has been set to element 'Object Repository/Page_register/textfield_alamat'

2023-02-21 12:11:52 - [MESSAGE][PASSED] - Call Test Case 'Test Cases/Pages/Page_register/Input Alamat' successfully

2023-02-21 12:11:52 - [TEST_STEP][PASSED] - callTestCase(findTestCase("Pages/Page_register/Verify Content"), [:], STOP_ON_FAILURE): Call Test Case 'Test Cases/Pages/Page_register/Verify Content' successfully

2023-02-21 12:11:52 - [TEST_CASE][PASSED] - Test Cases/Pages/Page_register/Verify Content: Test Cases/Pages/Page_register/Verify Content

2023-02-21 12:11:52 - [TEST_STEP][PASSED] - waitForElementPresent(findTestObject("Page_register/text_nama"), 6): Element 'Object Repository/Page_register/text_nama' is present

2023-02-21 12:11:53 - [MESSAGE][PASSED] - Element 'Object Repository/Page_register/text_nama' is present

2023-02-21 12:11:53 - [TEST_STEP][PASSED] - verifyElementVisible(findTestObject("Page_register/text_nama"), 6): Element 'Object Repository/Page_register/text_nama' is visible

2023-02-21 12:11:53 - [MESSAGE][PASSED] - Element 'Object Repository/Page_register/text_nama' is visible

2023-02-21 12:11:53 - [TEST_STEP][PASSED] - waitForElementPresent(findTestObject("Page_register/textfield_nama"), 6): Element 'Object Repository/Page_register/textfield_nama' is present

2023-02-21 12:11:53 - [MESSAGE][PASSED] - Element 'Object Repository/Page_register/textfield_nama' is present

2023-02-21 12:11:53 - [TEST_STEP][PASSED] - verifyElementVisible(findTestObject("Page_register/textfield_nama"), 6): Element 'Object Repository/Page_register/textfield_nama' is visible

2023-02-21 12:11:54 - [MESSAGE][PASSED] - Element 'Object Repository/Page_register/textfield_nama' is visible

2023-02-21 12:11:54 - [TEST_STEP][PASSED] - waitForElementPresent(findTestObject("Page_register/text_email"), 6): Element 'Object Repository/Page_register/text_email' is present

2023-02-21 12:11:54 - [MESSAGE][PASSED] - Element 'Object Repository/Page_register/text_email' is present

2023-02-21 12:11:54 - [TEST_STEP][PASSED] - verifyElementVisible(findTestObject("Page_register/text_email"), 6): Element 'Object Repository/Page_register/text_email' is visible

2023-02-21 12:11:54 - [MESSAGE][PASSED] - Element 'Object Repository/Page_register/text_email' is visible

2023-02-21 12:11:54 - [TEST_STEP][PASSED] - waitForElementPresent(findTestObject("Page_register/textfield_email"), 6): Element 'Object Repository/Page_register/textfield_email' is present

2023-02-21 12:11:54 - [MESSAGE][PASSED] - Element 'Object Repository/Page_register/textfield_email' is present

2023-02-21 12:11:54 - [TEST_STEP][PASSED] - verifyElementVisible(findTestObject("Page_register/textfield_email"), 6): Element 'Object Repository/Page_register/textfield_email' is visible

2023-02-21 12:11:55 - [MESSAGE][PASSED] - Element 'Object Repository/Page_register/textfield_email' is visible

2023-02-21 12:11:55 - [TEST_STEP][PASSED] - waitForElementPresent(findTestObject("Page_register/text_password"), 6): Element 'Object Repository/Page_register/text_password' is present

2023-02-21 12:11:55 - [MESSAGE][PASSED] - Element 'Object Repository/Page_register/text_password' is present

2023-02-21 12:11:55 - [TEST_STEP][PASSED] - verifyElementVisible(findTestObject("Page_register/text_password"), 6): Element 'Object Repository/Page_register/text_password' is visible

2023-02-21 12:11:55 - [MESSAGE][PASSED] - Element 'Object Repository/Page_register/text_password' is visible

2023-02-21 12:11:55 - [TEST_STEP][PASSED] - waitForElementPresent(findTestObject("Page_register/textfield_password"), 6): Element 'Object Repository/Page_register/textfield_password' is present

2023-02-21 12:11:55 - [MESSAGE][PASSED] - Element 'Object Repository/Page_register/textfield_password' is present

2023-02-21 12:11:55 - [TEST_STEP][PASSED] - verifyElementVisible(findTestObject("Page_register/textfield_password"), 6): Element 'Object Repository/Page_register/textfield_password' is visible

2023-02-21 12:11:56 - [MESSAGE][PASSED] - Element 'Object Repository/Page_register/textfield_password' is visible

2023-02-21 12:11:56 - [TEST_STEP][PASSED] - waitForElementPresent(findTestObject("Page_register/icon_eyes_open"), 6): Element 'Object Repository/Page_register/icon_eyes_open' is present

2023-02-21 12:11:56 - [MESSAGE][PASSED] - Element 'Object Repository/Page_register/icon_eyes_open' is present

2023-02-21 12:11:56 - [TEST_STEP][PASSED] - verifyElementVisible(findTestObject("Page_register/icon_eyes_open"), 6): Element 'Object Repository/Page_register/icon_eyes_open' is visible

2023-02-21 12:11:56 - [MESSAGE][PASSED] - Element 'Object Repository/Page_register/icon_eyes_open' is visible

2023-02-21 12:11:56 - [TEST_STEP][PASSED] - waitForElementPresent(findTestObject("Page_register/text_nomor_hp"), 6): Element 'Object Repository/Page_register/text_nomor_hp' is present

2023-02-21 12:11:57 - [MESSAGE][PASSED] - Element 'Object Repository/Page_register/text_nomor_hp' is present

2023-02-21 12:11:57 - [TEST_STEP][PASSED] - verifyElementVisible(findTestObject("Page_register/text_nomor_hp"), 6): Element 'Object Repository/Page_register/text_nomor_hp' is visible

2023-02-21 12:11:57 - [MESSAGE][PASSED] - Element 'Object Repository/Page_register/text_nomor_hp' is visible

2023-02-21 12:11:57 - [TEST_STEP][PASSED] - waitForElementPresent(findTestObject("Page_register/textfield_nomor_hp"), 6): Element 'Object Repository/Page_register/textfield_nomor_hp' is present

2023-02-21 12:11:57 - [MESSAGE][PASSED] - Element 'Object Repository/Page_register/textfield_nomor_hp' is present

2023-02-21 12:11:57 - [TEST_STEP][PASSED] - verifyElementVisible(findTestObject("Page_register/textfield_nomor_hp"), 6): Element 'Object Repository/Page_register/textfield_nomor_hp' is visible

2023-02-21 12:11:57 - [MESSAGE][PASSED] - Element 'Object Repository/Page_register/textfield_nomor_hp' is visible

2023-02-21 12:11:57 - [TEST_STEP][PASSED] - waitForElementPresent(findTestObject("Page_register/text_kota"), 6): Element 'Object Repository/Page_register/text_kota' is present

2023-02-21 12:11:58 - [MESSAGE][PASSED] - Element 'Object Repository/Page_register/text_kota' is present

2023-02-21 12:11:58 - [TEST_STEP][PASSED] - verifyElementVisible(findTestObject("Page_register/text_kota"), 6): Element 'Object Repository/Page_register/text_kota' is visible

2023-02-21 12:11:58 - [MESSAGE][PASSED] - Element 'Object Repository/Page_register/text_kota' is visible

2023-02-21 12:11:58 - [TEST_STEP][PASSED] - waitForElementPresent(findTestObject("Page_register/textfield_kota"), 6): Element 'Object Repository/Page_register/textfield_kota' is present

2023-02-21 12:11:58 - [MESSAGE][PASSED] - Element 'Object Repository/Page_register/textfield_kota' is present

2023-02-21 12:11:58 - [TEST_STEP][PASSED] - verifyElementVisible(findTestObject("Page_register/textfield_kota"), 6): Element 'Object Repository/Page_register/textfield_kota' is visible

2023-02-21 12:11:58 - [MESSAGE][PASSED] - Element 'Object Repository/Page_register/textfield_kota' is visible

2023-02-21 12:11:58 - [TEST_STEP][PASSED] - waitForElementPresent(findTestObject("Page_register/text_alamat"), 6): Element 'Object Repository/Page_register/text_alamat' is present

2023-02-21 12:11:59 - [MESSAGE][PASSED] - Element 'Object Repository/Page_register/text_alamat' is present

2023-02-21 12:11:59 - [TEST_STEP][PASSED] - verifyElementVisible(findTestObject("Page_register/text_alamat"), 6): Element 'Object Repository/Page_register/text_alamat' is visible

2023-02-21 12:11:59 - [MESSAGE][PASSED] - Element 'Object Repository/Page_register/text_alamat' is visible

2023-02-21 12:11:59 - [TEST_STEP][PASSED] - waitForElementPresent(findTestObject("Page_register/textfield_alamat"), 6): Element 'Object Repository/Page_register/textfield_alamat' is present

2023-02-21 12:11:59 - [MESSAGE][PASSED] - Element 'Object Repository/Page_register/textfield_alamat' is present

2023-02-21 12:11:59 - [TEST_STEP][PASSED] - verifyElementVisible(findTestObject("Page_register/textfield_alamat"), 6): Element 'Object Repository/Page_register/textfield_alamat' is visible

2023-02-21 12:11:59 - [MESSAGE][PASSED] - Element 'Object Repository/Page_register/textfield_alamat' is visible

2023-02-21 12:11:59 - [TEST_STEP][PASSED] - waitForElementPresent(findTestObject("Page_register/btn_daftar"), 6): Element 'Object Repository/Page_register/btn_daftar' is present

2023-02-21 12:12:00 - [MESSAGE][PASSED] - Element 'Object Repository/Page_register/btn_daftar' is present

2023-02-21 12:12:00 - [TEST_STEP][PASSED] - verifyElementVisible(findTestObject("Page_register/btn_daftar"), 6): Element 'Object Repository/Page_register/btn_daftar' is visible

2023-02-21 12:12:00 - [MESSAGE][PASSED] - Element 'Object Repository/Page_register/btn_daftar' is visible

2023-02-21 12:12:00 - [MESSAGE][PASSED] - Call Test Case 'Test Cases/Pages/Page_register/Verify Content' successfully

2023-02-21 12:12:00 - [TEST_STEP][PASSED] - callTestCase(findTestCase("Pages/Page_register/Click Daftar"), [:], STOP_ON_FAILURE): Call Test Case 'Test Cases/Pages/Page_register/Click Daftar' successfully

2023-02-21 12:12:00 - [TEST_CASE][PASSED] - Test Cases/Pages/Page_register/Click Daftar: Test Cases/Pages/Page_register/Click Daftar

2023-02-21 12:12:00 - [TEST_STEP][PASSED] - waitForElementPresent(findTestObject("Page_register/btn_daftar"), 2): Element 'Object Repository/Page_register/btn_daftar' is present

2023-02-21 12:12:00 - [MESSAGE][PASSED] - Element 'Object Repository/Page_register/btn_daftar' is present

2023-02-21 12:12:00 - [TEST_STEP][PASSED] - tap(findTestObject("Page_register/btn_daftar"), 2): Tapped on element 'Object Repository/Page_register/btn_daftar'

2023-02-21 12:12:01 - [MESSAGE][PASSED] - Tapped on element 'Object Repository/Page_register/btn_daftar'

2023-02-21 12:12:01 - [MESSAGE][PASSED] - Call Test Case 'Test Cases/Pages/Page_register/Click Daftar' successfully]]></system-out>
         <system-err><![CDATA[]]></system-err>
      </testcase>
      <testcase name="Test Cases/Step Definition/Feature Register/RGT009 - User want to register by input incorrect email format on email textfield" time="38.317" classname="Test Cases/Step Definition/Feature Register/RGT009 - User want to register by input incorrect email format on email textfield" status="PASSED">
         <system-out><![CDATA[2023-02-21 12:12:01 - [TEST_CASE][PASSED] - Test Cases/Step Definition/Feature Register/RGT009 - User want to register by input incorrect email format on email textfield: Test Cases/Step Definition/Feature Register/RGT009 - User want to register by input incorrect email format on email textfield

2023-02-21 12:12:01 - [TEST_STEP][PASSED] - callTestCase(findTestCase("Pages/Page_register/Navigate to Register Page"), [:], STOP_ON_FAILURE): Call Test Case 'Test Cases/Pages/Page_register/Navigate to Register Page' successfully

2023-02-21 12:12:01 - [TEST_CASE][PASSED] - Test Cases/Pages/Page_register/Navigate to Register Page: Test Cases/Pages/Page_register/Navigate to Register Page

2023-02-21 12:12:01 - [TEST_STEP][PASSED] - startApplication("APK/app-release.apk", false): Started app at: 'D:\android-automation-testing-kelompok-1.git\APK\app-release.apk'

2023-02-21 12:12:10 - [MESSAGE][PASSED] - Started app at: 'D:\android-automation-testing-kelompok-1.git\APK\app-release.apk'

2023-02-21 12:12:10 - [TEST_STEP][PASSED] - tap(findTestObject("Page_home/nav_menu_akun"), 2): Tapped on element 'Object Repository/Page_home/nav_menu_akun'

2023-02-21 12:12:12 - [MESSAGE][PASSED] - Tapped on element 'Object Repository/Page_home/nav_menu_akun'

2023-02-21 12:12:12 - [TEST_STEP][PASSED] - tap(findTestObject("Page_home/btn_masuk"), 2): Tapped on element 'Object Repository/Page_home/btn_masuk'

2023-02-21 12:12:13 - [MESSAGE][PASSED] - Tapped on element 'Object Repository/Page_home/btn_masuk'

2023-02-21 12:12:13 - [TEST_STEP][PASSED] - tap(findTestObject("Page_login/linktext_daftar"), 2): Tapped on element 'Object Repository/Page_login/linktext_daftar'

2023-02-21 12:12:14 - [MESSAGE][PASSED] - Tapped on element 'Object Repository/Page_login/linktext_daftar'

2023-02-21 12:12:14 - [TEST_STEP][PASSED] - scrollToText("sudah", STOP_ON_FAILURE): Scrolling to text 'sudah' successfully

2023-02-21 12:12:18 - [MESSAGE][PASSED] - Scrolling to text 'sudah' successfully

2023-02-21 12:12:18 - [MESSAGE][PASSED] - Call Test Case 'Test Cases/Pages/Page_register/Navigate to Register Page' successfully

2023-02-21 12:12:18 - [TEST_STEP][PASSED] - callTestCase(findTestCase("Pages/Page_register/Input Nama"), ["nama":"Mayorey2"], STOP_ON_FAILURE): Call Test Case 'Test Cases/Pages/Page_register/Input Nama' successfully

2023-02-21 12:12:18 - [TEST_CASE][PASSED] - Test Cases/Pages/Page_register/Input Nama: Test Cases/Pages/Page_register/Input Nama

2023-02-21 12:12:18 - [TEST_STEP][PASSED] - clearText(findTestObject("Page_register/textfield_nama"), 3): Element 'Object Repository/Page_register/textfield_nama' text is cleared

2023-02-21 12:12:18 - [MESSAGE][PASSED] - Element 'Object Repository/Page_register/textfield_nama' text is cleared

2023-02-21 12:12:18 - [TEST_STEP][PASSED] - setText(findTestObject("Page_register/textfield_nama"), nama, 0): Text 'Mayorey2' has been set to element 'Object Repository/Page_register/textfield_nama'

2023-02-21 12:12:18 - [MESSAGE][WARNING] - Timeout '0' is invalid. Using default page load timeout: '30'

2023-02-21 12:12:20 - [MESSAGE][PASSED] - Text 'Mayorey2' has been set to element 'Object Repository/Page_register/textfield_nama'

2023-02-21 12:12:20 - [MESSAGE][PASSED] - Call Test Case 'Test Cases/Pages/Page_register/Input Nama' successfully

2023-02-21 12:12:20 - [TEST_STEP][PASSED] - callTestCase(findTestCase("Pages/Page_register/Input Email"), ["email":"mayorey222gmail.com"], STOP_ON_FAILURE): Call Test Case 'Test Cases/Pages/Page_register/Input Email' successfully

2023-02-21 12:12:20 - [TEST_CASE][PASSED] - Test Cases/Pages/Page_register/Input Email: Test Cases/Pages/Page_register/Input Email

2023-02-21 12:12:20 - [TEST_STEP][PASSED] - clearText(findTestObject("Page_register/textfield_email"), 3): Element 'Object Repository/Page_register/textfield_email' text is cleared

2023-02-21 12:12:20 - [MESSAGE][PASSED] - Element 'Object Repository/Page_register/textfield_email' text is cleared

2023-02-21 12:12:20 - [TEST_STEP][PASSED] - setText(findTestObject("Page_register/textfield_email"), email, 0): Text 'mayorey222gmail.com' has been set to element 'Object Repository/Page_register/textfield_email'

2023-02-21 12:12:20 - [MESSAGE][WARNING] - Timeout '0' is invalid. Using default page load timeout: '30'

2023-02-21 12:12:22 - [MESSAGE][PASSED] - Text 'mayorey222gmail.com' has been set to element 'Object Repository/Page_register/textfield_email'

2023-02-21 12:12:22 - [MESSAGE][PASSED] - Call Test Case 'Test Cases/Pages/Page_register/Input Email' successfully

2023-02-21 12:12:22 - [TEST_STEP][PASSED] - callTestCase(findTestCase("Pages/Page_register/Input Password"), ["password":"Mayorey2"], STOP_ON_FAILURE): Call Test Case 'Test Cases/Pages/Page_register/Input Password' successfully

2023-02-21 12:12:22 - [TEST_CASE][PASSED] - Test Cases/Pages/Page_register/Input Password: Test Cases/Pages/Page_register/Input Password

2023-02-21 12:12:22 - [TEST_STEP][PASSED] - clearText(findTestObject("Page_register/textfield_password"), 3): Element 'Object Repository/Page_register/textfield_password' text is cleared

2023-02-21 12:12:23 - [MESSAGE][PASSED] - Element 'Object Repository/Page_register/textfield_password' text is cleared

2023-02-21 12:12:23 - [TEST_STEP][PASSED] - setText(findTestObject("Page_register/textfield_password"), password, 0): Text 'Mayorey2' has been set to element 'Object Repository/Page_register/textfield_password'

2023-02-21 12:12:23 - [MESSAGE][WARNING] - Timeout '0' is invalid. Using default page load timeout: '30'

2023-02-21 12:12:24 - [MESSAGE][PASSED] - Text 'Mayorey2' has been set to element 'Object Repository/Page_register/textfield_password'

2023-02-21 12:12:24 - [MESSAGE][PASSED] - Call Test Case 'Test Cases/Pages/Page_register/Input Password' successfully

2023-02-21 12:12:24 - [TEST_STEP][PASSED] - callTestCase(findTestCase("Pages/Page_register/Input Nomor HP"), ["nomorhp":"08218929391"], STOP_ON_FAILURE): Call Test Case 'Test Cases/Pages/Page_register/Input Nomor HP' successfully

2023-02-21 12:12:24 - [TEST_CASE][PASSED] - Test Cases/Pages/Page_register/Input Nomor HP: Test Cases/Pages/Page_register/Input Nomor HP

2023-02-21 12:12:24 - [TEST_STEP][PASSED] - clearText(findTestObject("Page_register/textfield_nomor_hp"), 3): Element 'Object Repository/Page_register/textfield_nomor_hp' text is cleared

2023-02-21 12:12:25 - [MESSAGE][PASSED] - Element 'Object Repository/Page_register/textfield_nomor_hp' text is cleared

2023-02-21 12:12:25 - [TEST_STEP][PASSED] - setText(findTestObject("Page_register/textfield_nomor_hp"), nomorhp, 0): Text '08218929391' has been set to element 'Object Repository/Page_register/textfield_nomor_hp'

2023-02-21 12:12:25 - [MESSAGE][WARNING] - Timeout '0' is invalid. Using default page load timeout: '30'

2023-02-21 12:12:27 - [MESSAGE][PASSED] - Text '08218929391' has been set to element 'Object Repository/Page_register/textfield_nomor_hp'

2023-02-21 12:12:27 - [MESSAGE][PASSED] - Call Test Case 'Test Cases/Pages/Page_register/Input Nomor HP' successfully

2023-02-21 12:12:27 - [TEST_STEP][PASSED] - callTestCase(findTestCase("Pages/Page_register/Input Kota"), ["kota":"Jakarta Pusat"], STOP_ON_FAILURE): Call Test Case 'Test Cases/Pages/Page_register/Input Kota' successfully

2023-02-21 12:12:27 - [TEST_CASE][PASSED] - Test Cases/Pages/Page_register/Input Kota: Test Cases/Pages/Page_register/Input Kota

2023-02-21 12:12:27 - [TEST_STEP][PASSED] - clearText(findTestObject("Page_register/textfield_kota"), 3): Element 'Object Repository/Page_register/textfield_kota' text is cleared

2023-02-21 12:12:27 - [MESSAGE][PASSED] - Element 'Object Repository/Page_register/textfield_kota' text is cleared

2023-02-21 12:12:27 - [TEST_STEP][PASSED] - setText(findTestObject("Page_register/textfield_kota"), kota, 0): Text 'Jakarta Pusat' has been set to element 'Object Repository/Page_register/textfield_kota'

2023-02-21 12:12:27 - [MESSAGE][WARNING] - Timeout '0' is invalid. Using default page load timeout: '30'

2023-02-21 12:12:29 - [MESSAGE][PASSED] - Text 'Jakarta Pusat' has been set to element 'Object Repository/Page_register/textfield_kota'

2023-02-21 12:12:29 - [MESSAGE][PASSED] - Call Test Case 'Test Cases/Pages/Page_register/Input Kota' successfully

2023-02-21 12:12:29 - [TEST_STEP][PASSED] - callTestCase(findTestCase("Pages/Page_register/Input Alamat"), ["alamat":"Jl. Sooyay No.5"], STOP_ON_FAILURE): Call Test Case 'Test Cases/Pages/Page_register/Input Alamat' successfully

2023-02-21 12:12:29 - [TEST_CASE][PASSED] - Test Cases/Pages/Page_register/Input Alamat: Test Cases/Pages/Page_register/Input Alamat

2023-02-21 12:12:29 - [TEST_STEP][PASSED] - clearText(findTestObject("Page_register/textfield_alamat"), 3): Element 'Object Repository/Page_register/textfield_alamat' text is cleared

2023-02-21 12:12:30 - [MESSAGE][PASSED] - Element 'Object Repository/Page_register/textfield_alamat' text is cleared

2023-02-21 12:12:30 - [TEST_STEP][PASSED] - setText(findTestObject("Page_register/textfield_alamat"), alamat, 0): Text 'Jl. Sooyay No.5' has been set to element 'Object Repository/Page_register/textfield_alamat'

2023-02-21 12:12:30 - [MESSAGE][WARNING] - Timeout '0' is invalid. Using default page load timeout: '30'

2023-02-21 12:12:31 - [MESSAGE][PASSED] - Text 'Jl. Sooyay No.5' has been set to element 'Object Repository/Page_register/textfield_alamat'

2023-02-21 12:12:31 - [MESSAGE][PASSED] - Call Test Case 'Test Cases/Pages/Page_register/Input Alamat' successfully

2023-02-21 12:12:31 - [TEST_STEP][PASSED] - callTestCase(findTestCase("Pages/Page_register/Verify Content"), [:], STOP_ON_FAILURE): Call Test Case 'Test Cases/Pages/Page_register/Verify Content' successfully

2023-02-21 12:12:31 - [TEST_CASE][PASSED] - Test Cases/Pages/Page_register/Verify Content: Test Cases/Pages/Page_register/Verify Content

2023-02-21 12:12:31 - [TEST_STEP][PASSED] - waitForElementPresent(findTestObject("Page_register/text_nama"), 6): Element 'Object Repository/Page_register/text_nama' is present

2023-02-21 12:12:32 - [MESSAGE][PASSED] - Element 'Object Repository/Page_register/text_nama' is present

2023-02-21 12:12:32 - [TEST_STEP][PASSED] - verifyElementVisible(findTestObject("Page_register/text_nama"), 6): Element 'Object Repository/Page_register/text_nama' is visible

2023-02-21 12:12:32 - [MESSAGE][PASSED] - Element 'Object Repository/Page_register/text_nama' is visible

2023-02-21 12:12:32 - [TEST_STEP][PASSED] - waitForElementPresent(findTestObject("Page_register/textfield_nama"), 6): Element 'Object Repository/Page_register/textfield_nama' is present

2023-02-21 12:12:32 - [MESSAGE][PASSED] - Element 'Object Repository/Page_register/textfield_nama' is present

2023-02-21 12:12:32 - [TEST_STEP][PASSED] - verifyElementVisible(findTestObject("Page_register/textfield_nama"), 6): Element 'Object Repository/Page_register/textfield_nama' is visible

2023-02-21 12:12:33 - [MESSAGE][PASSED] - Element 'Object Repository/Page_register/textfield_nama' is visible

2023-02-21 12:12:33 - [TEST_STEP][PASSED] - waitForElementPresent(findTestObject("Page_register/text_email"), 6): Element 'Object Repository/Page_register/text_email' is present

2023-02-21 12:12:33 - [MESSAGE][PASSED] - Element 'Object Repository/Page_register/text_email' is present

2023-02-21 12:12:33 - [TEST_STEP][PASSED] - verifyElementVisible(findTestObject("Page_register/text_email"), 6): Element 'Object Repository/Page_register/text_email' is visible

2023-02-21 12:12:33 - [MESSAGE][PASSED] - Element 'Object Repository/Page_register/text_email' is visible

2023-02-21 12:12:33 - [TEST_STEP][PASSED] - waitForElementPresent(findTestObject("Page_register/textfield_email"), 6): Element 'Object Repository/Page_register/textfield_email' is present

2023-02-21 12:12:33 - [MESSAGE][PASSED] - Element 'Object Repository/Page_register/textfield_email' is present

2023-02-21 12:12:33 - [TEST_STEP][PASSED] - verifyElementVisible(findTestObject("Page_register/textfield_email"), 6): Element 'Object Repository/Page_register/textfield_email' is visible

2023-02-21 12:12:34 - [MESSAGE][PASSED] - Element 'Object Repository/Page_register/textfield_email' is visible

2023-02-21 12:12:34 - [TEST_STEP][PASSED] - waitForElementPresent(findTestObject("Page_register/text_password"), 6): Element 'Object Repository/Page_register/text_password' is present

2023-02-21 12:12:34 - [MESSAGE][PASSED] - Element 'Object Repository/Page_register/text_password' is present

2023-02-21 12:12:34 - [TEST_STEP][PASSED] - verifyElementVisible(findTestObject("Page_register/text_password"), 6): Element 'Object Repository/Page_register/text_password' is visible

2023-02-21 12:12:34 - [MESSAGE][PASSED] - Element 'Object Repository/Page_register/text_password' is visible

2023-02-21 12:12:34 - [TEST_STEP][PASSED] - waitForElementPresent(findTestObject("Page_register/textfield_password"), 6): Element 'Object Repository/Page_register/textfield_password' is present

2023-02-21 12:12:35 - [MESSAGE][PASSED] - Element 'Object Repository/Page_register/textfield_password' is present

2023-02-21 12:12:35 - [TEST_STEP][PASSED] - verifyElementVisible(findTestObject("Page_register/textfield_password"), 6): Element 'Object Repository/Page_register/textfield_password' is visible

2023-02-21 12:12:35 - [MESSAGE][PASSED] - Element 'Object Repository/Page_register/textfield_password' is visible

2023-02-21 12:12:35 - [TEST_STEP][PASSED] - waitForElementPresent(findTestObject("Page_register/icon_eyes_open"), 6): Element 'Object Repository/Page_register/icon_eyes_open' is present

2023-02-21 12:12:35 - [MESSAGE][PASSED] - Element 'Object Repository/Page_register/icon_eyes_open' is present

2023-02-21 12:12:35 - [TEST_STEP][PASSED] - verifyElementVisible(findTestObject("Page_register/icon_eyes_open"), 6): Element 'Object Repository/Page_register/icon_eyes_open' is visible

2023-02-21 12:12:35 - [MESSAGE][PASSED] - Element 'Object Repository/Page_register/icon_eyes_open' is visible

2023-02-21 12:12:35 - [TEST_STEP][PASSED] - waitForElementPresent(findTestObject("Page_register/text_nomor_hp"), 6): Element 'Object Repository/Page_register/text_nomor_hp' is present

2023-02-21 12:12:36 - [MESSAGE][PASSED] - Element 'Object Repository/Page_register/text_nomor_hp' is present

2023-02-21 12:12:36 - [TEST_STEP][PASSED] - verifyElementVisible(findTestObject("Page_register/text_nomor_hp"), 6): Element 'Object Repository/Page_register/text_nomor_hp' is visible

2023-02-21 12:12:36 - [MESSAGE][PASSED] - Element 'Object Repository/Page_register/text_nomor_hp' is visible

2023-02-21 12:12:36 - [TEST_STEP][PASSED] - waitForElementPresent(findTestObject("Page_register/textfield_nomor_hp"), 6): Element 'Object Repository/Page_register/textfield_nomor_hp' is present

2023-02-21 12:12:36 - [MESSAGE][PASSED] - Element 'Object Repository/Page_register/textfield_nomor_hp' is present

2023-02-21 12:12:36 - [TEST_STEP][PASSED] - verifyElementVisible(findTestObject("Page_register/textfield_nomor_hp"), 6): Element 'Object Repository/Page_register/textfield_nomor_hp' is visible

2023-02-21 12:12:36 - [MESSAGE][PASSED] - Element 'Object Repository/Page_register/textfield_nomor_hp' is visible

2023-02-21 12:12:36 - [TEST_STEP][PASSED] - waitForElementPresent(findTestObject("Page_register/text_kota"), 6): Element 'Object Repository/Page_register/text_kota' is present

2023-02-21 12:12:37 - [MESSAGE][PASSED] - Element 'Object Repository/Page_register/text_kota' is present

2023-02-21 12:12:37 - [TEST_STEP][PASSED] - verifyElementVisible(findTestObject("Page_register/text_kota"), 6): Element 'Object Repository/Page_register/text_kota' is visible

2023-02-21 12:12:37 - [MESSAGE][PASSED] - Element 'Object Repository/Page_register/text_kota' is visible

2023-02-21 12:12:37 - [TEST_STEP][PASSED] - waitForElementPresent(findTestObject("Page_register/textfield_kota"), 6): Element 'Object Repository/Page_register/textfield_kota' is present

2023-02-21 12:12:37 - [MESSAGE][PASSED] - Element 'Object Repository/Page_register/textfield_kota' is present

2023-02-21 12:12:37 - [TEST_STEP][PASSED] - verifyElementVisible(findTestObject("Page_register/textfield_kota"), 6): Element 'Object Repository/Page_register/textfield_kota' is visible

2023-02-21 12:12:37 - [MESSAGE][PASSED] - Element 'Object Repository/Page_register/textfield_kota' is visible

2023-02-21 12:12:37 - [TEST_STEP][PASSED] - waitForElementPresent(findTestObject("Page_register/text_alamat"), 6): Element 'Object Repository/Page_register/text_alamat' is present

2023-02-21 12:12:38 - [MESSAGE][PASSED] - Element 'Object Repository/Page_register/text_alamat' is present

2023-02-21 12:12:38 - [TEST_STEP][PASSED] - verifyElementVisible(findTestObject("Page_register/text_alamat"), 6): Element 'Object Repository/Page_register/text_alamat' is visible

2023-02-21 12:12:38 - [MESSAGE][PASSED] - Element 'Object Repository/Page_register/text_alamat' is visible

2023-02-21 12:12:38 - [TEST_STEP][PASSED] - waitForElementPresent(findTestObject("Page_register/textfield_alamat"), 6): Element 'Object Repository/Page_register/textfield_alamat' is present

2023-02-21 12:12:38 - [MESSAGE][PASSED] - Element 'Object Repository/Page_register/textfield_alamat' is present

2023-02-21 12:12:38 - [TEST_STEP][PASSED] - verifyElementVisible(findTestObject("Page_register/textfield_alamat"), 6): Element 'Object Repository/Page_register/textfield_alamat' is visible

2023-02-21 12:12:38 - [MESSAGE][PASSED] - Element 'Object Repository/Page_register/textfield_alamat' is visible

2023-02-21 12:12:38 - [TEST_STEP][PASSED] - waitForElementPresent(findTestObject("Page_register/btn_daftar"), 6): Element 'Object Repository/Page_register/btn_daftar' is present

2023-02-21 12:12:39 - [MESSAGE][PASSED] - Element 'Object Repository/Page_register/btn_daftar' is present

2023-02-21 12:12:39 - [TEST_STEP][PASSED] - verifyElementVisible(findTestObject("Page_register/btn_daftar"), 6): Element 'Object Repository/Page_register/btn_daftar' is visible

2023-02-21 12:12:39 - [MESSAGE][PASSED] - Element 'Object Repository/Page_register/btn_daftar' is visible

2023-02-21 12:12:39 - [MESSAGE][PASSED] - Call Test Case 'Test Cases/Pages/Page_register/Verify Content' successfully

2023-02-21 12:12:39 - [TEST_STEP][PASSED] - callTestCase(findTestCase("Pages/Page_register/Click Daftar"), [:], STOP_ON_FAILURE): Call Test Case 'Test Cases/Pages/Page_register/Click Daftar' successfully

2023-02-21 12:12:39 - [TEST_CASE][PASSED] - Test Cases/Pages/Page_register/Click Daftar: Test Cases/Pages/Page_register/Click Daftar

2023-02-21 12:12:39 - [TEST_STEP][PASSED] - waitForElementPresent(findTestObject("Page_register/btn_daftar"), 2): Element 'Object Repository/Page_register/btn_daftar' is present

2023-02-21 12:12:39 - [MESSAGE][PASSED] - Element 'Object Repository/Page_register/btn_daftar' is present

2023-02-21 12:12:39 - [TEST_STEP][PASSED] - tap(findTestObject("Page_register/btn_daftar"), 2): Tapped on element 'Object Repository/Page_register/btn_daftar'

2023-02-21 12:12:40 - [MESSAGE][PASSED] - Tapped on element 'Object Repository/Page_register/btn_daftar'

2023-02-21 12:12:40 - [MESSAGE][PASSED] - Call Test Case 'Test Cases/Pages/Page_register/Click Daftar' successfully]]></system-out>
         <system-err><![CDATA[]]></system-err>
      </testcase>
      <testcase name="Test Cases/Step Definition/Feature Register/RGT010 - User want to register by input incorrect password format on password textfield" time="40.294" classname="Test Cases/Step Definition/Feature Register/RGT010 - User want to register by input incorrect password format on password textfield" status="PASSED">
         <system-out><![CDATA[2023-02-21 12:12:40 - [TEST_CASE][PASSED] - Test Cases/Step Definition/Feature Register/RGT010 - User want to register by input incorrect password format on password textfield: Test Cases/Step Definition/Feature Register/RGT010 - User want to register by input incorrect password format on password textfield

2023-02-21 12:12:40 - [TEST_STEP][PASSED] - callTestCase(findTestCase("Pages/Page_register/Navigate to Register Page"), [:], STOP_ON_FAILURE): Call Test Case 'Test Cases/Pages/Page_register/Navigate to Register Page' successfully

2023-02-21 12:12:40 - [TEST_CASE][PASSED] - Test Cases/Pages/Page_register/Navigate to Register Page: Test Cases/Pages/Page_register/Navigate to Register Page

2023-02-21 12:12:40 - [TEST_STEP][PASSED] - startApplication("APK/app-release.apk", false): Started app at: 'D:\android-automation-testing-kelompok-1.git\APK\app-release.apk'

2023-02-21 12:12:48 - [MESSAGE][PASSED] - Started app at: 'D:\android-automation-testing-kelompok-1.git\APK\app-release.apk'

2023-02-21 12:12:48 - [TEST_STEP][PASSED] - tap(findTestObject("Page_home/nav_menu_akun"), 2): Tapped on element 'Object Repository/Page_home/nav_menu_akun'

2023-02-21 12:12:50 - [MESSAGE][PASSED] - Tapped on element 'Object Repository/Page_home/nav_menu_akun'

2023-02-21 12:12:50 - [TEST_STEP][PASSED] - tap(findTestObject("Page_home/btn_masuk"), 2): Tapped on element 'Object Repository/Page_home/btn_masuk'

2023-02-21 12:12:51 - [MESSAGE][PASSED] - Tapped on element 'Object Repository/Page_home/btn_masuk'

2023-02-21 12:12:51 - [TEST_STEP][PASSED] - tap(findTestObject("Page_login/linktext_daftar"), 2): Tapped on element 'Object Repository/Page_login/linktext_daftar'

2023-02-21 12:12:52 - [MESSAGE][PASSED] - Tapped on element 'Object Repository/Page_login/linktext_daftar'

2023-02-21 12:12:52 - [TEST_STEP][PASSED] - scrollToText("sudah", STOP_ON_FAILURE): Scrolling to text 'sudah' successfully

2023-02-21 12:12:56 - [MESSAGE][PASSED] - Scrolling to text 'sudah' successfully

2023-02-21 12:12:56 - [MESSAGE][PASSED] - Call Test Case 'Test Cases/Pages/Page_register/Navigate to Register Page' successfully

2023-02-21 12:12:56 - [TEST_STEP][PASSED] - callTestCase(findTestCase("Pages/Page_register/Input Nama"), ["nama":"Mayorey2"], STOP_ON_FAILURE): Call Test Case 'Test Cases/Pages/Page_register/Input Nama' successfully

2023-02-21 12:12:56 - [TEST_CASE][PASSED] - Test Cases/Pages/Page_register/Input Nama: Test Cases/Pages/Page_register/Input Nama

2023-02-21 12:12:56 - [TEST_STEP][PASSED] - clearText(findTestObject("Page_register/textfield_nama"), 3): Element 'Object Repository/Page_register/textfield_nama' text is cleared

2023-02-21 12:12:57 - [MESSAGE][PASSED] - Element 'Object Repository/Page_register/textfield_nama' text is cleared

2023-02-21 12:12:57 - [TEST_STEP][PASSED] - setText(findTestObject("Page_register/textfield_nama"), nama, 0): Text 'Mayorey2' has been set to element 'Object Repository/Page_register/textfield_nama'

2023-02-21 12:12:57 - [MESSAGE][WARNING] - Timeout '0' is invalid. Using default page load timeout: '30'

2023-02-21 12:12:58 - [MESSAGE][PASSED] - Text 'Mayorey2' has been set to element 'Object Repository/Page_register/textfield_nama'

2023-02-21 12:12:58 - [MESSAGE][PASSED] - Call Test Case 'Test Cases/Pages/Page_register/Input Nama' successfully

2023-02-21 12:12:58 - [TEST_STEP][PASSED] - callTestCase(findTestCase("Pages/Page_register/Input Email"), ["email":"mayorey2@gmail.com"], STOP_ON_FAILURE): Call Test Case 'Test Cases/Pages/Page_register/Input Email' successfully

2023-02-21 12:12:58 - [TEST_CASE][PASSED] - Test Cases/Pages/Page_register/Input Email: Test Cases/Pages/Page_register/Input Email

2023-02-21 12:12:58 - [TEST_STEP][PASSED] - clearText(findTestObject("Page_register/textfield_email"), 3): Element 'Object Repository/Page_register/textfield_email' text is cleared

2023-02-21 12:12:59 - [MESSAGE][PASSED] - Element 'Object Repository/Page_register/textfield_email' text is cleared

2023-02-21 12:12:59 - [TEST_STEP][PASSED] - setText(findTestObject("Page_register/textfield_email"), email, 0): Text 'mayorey2@gmail.com' has been set to element 'Object Repository/Page_register/textfield_email'

2023-02-21 12:12:59 - [MESSAGE][WARNING] - Timeout '0' is invalid. Using default page load timeout: '30'

2023-02-21 12:13:01 - [MESSAGE][PASSED] - Text 'mayorey2@gmail.com' has been set to element 'Object Repository/Page_register/textfield_email'

2023-02-21 12:13:01 - [MESSAGE][PASSED] - Call Test Case 'Test Cases/Pages/Page_register/Input Email' successfully

2023-02-21 12:13:01 - [TEST_STEP][PASSED] - callTestCase(findTestCase("Pages/Page_register/Input Password"), ["password":"M2"], STOP_ON_FAILURE): Call Test Case 'Test Cases/Pages/Page_register/Input Password' successfully

2023-02-21 12:13:01 - [TEST_CASE][PASSED] - Test Cases/Pages/Page_register/Input Password: Test Cases/Pages/Page_register/Input Password

2023-02-21 12:13:01 - [TEST_STEP][PASSED] - clearText(findTestObject("Page_register/textfield_password"), 3): Element 'Object Repository/Page_register/textfield_password' text is cleared

2023-02-21 12:13:02 - [MESSAGE][PASSED] - Element 'Object Repository/Page_register/textfield_password' text is cleared

2023-02-21 12:13:02 - [TEST_STEP][PASSED] - setText(findTestObject("Page_register/textfield_password"), password, 0): Text 'M2' has been set to element 'Object Repository/Page_register/textfield_password'

2023-02-21 12:13:02 - [MESSAGE][WARNING] - Timeout '0' is invalid. Using default page load timeout: '30'

2023-02-21 12:13:03 - [MESSAGE][PASSED] - Text 'M2' has been set to element 'Object Repository/Page_register/textfield_password'

2023-02-21 12:13:03 - [MESSAGE][PASSED] - Call Test Case 'Test Cases/Pages/Page_register/Input Password' successfully

2023-02-21 12:13:03 - [TEST_STEP][PASSED] - callTestCase(findTestCase("Pages/Page_register/Input Nomor HP"), ["nomorhp":"08218929391"], STOP_ON_FAILURE): Call Test Case 'Test Cases/Pages/Page_register/Input Nomor HP' successfully

2023-02-21 12:13:03 - [TEST_CASE][PASSED] - Test Cases/Pages/Page_register/Input Nomor HP: Test Cases/Pages/Page_register/Input Nomor HP

2023-02-21 12:13:03 - [TEST_STEP][PASSED] - clearText(findTestObject("Page_register/textfield_nomor_hp"), 3): Element 'Object Repository/Page_register/textfield_nomor_hp' text is cleared

2023-02-21 12:13:04 - [MESSAGE][PASSED] - Element 'Object Repository/Page_register/textfield_nomor_hp' text is cleared

2023-02-21 12:13:04 - [TEST_STEP][PASSED] - setText(findTestObject("Page_register/textfield_nomor_hp"), nomorhp, 0): Text '08218929391' has been set to element 'Object Repository/Page_register/textfield_nomor_hp'

2023-02-21 12:13:04 - [MESSAGE][WARNING] - Timeout '0' is invalid. Using default page load timeout: '30'

2023-02-21 12:13:06 - [MESSAGE][PASSED] - Text '08218929391' has been set to element 'Object Repository/Page_register/textfield_nomor_hp'

2023-02-21 12:13:06 - [MESSAGE][PASSED] - Call Test Case 'Test Cases/Pages/Page_register/Input Nomor HP' successfully

2023-02-21 12:13:06 - [TEST_STEP][PASSED] - callTestCase(findTestCase("Pages/Page_register/Input Kota"), ["kota":"Jakarta Pusat"], STOP_ON_FAILURE): Call Test Case 'Test Cases/Pages/Page_register/Input Kota' successfully

2023-02-21 12:13:06 - [TEST_CASE][PASSED] - Test Cases/Pages/Page_register/Input Kota: Test Cases/Pages/Page_register/Input Kota

2023-02-21 12:13:06 - [TEST_STEP][PASSED] - clearText(findTestObject("Page_register/textfield_kota"), 3): Element 'Object Repository/Page_register/textfield_kota' text is cleared

2023-02-21 12:13:06 - [MESSAGE][PASSED] - Element 'Object Repository/Page_register/textfield_kota' text is cleared

2023-02-21 12:13:06 - [TEST_STEP][PASSED] - setText(findTestObject("Page_register/textfield_kota"), kota, 0): Text 'Jakarta Pusat' has been set to element 'Object Repository/Page_register/textfield_kota'

2023-02-21 12:13:07 - [MESSAGE][WARNING] - Timeout '0' is invalid. Using default page load timeout: '30'

2023-02-21 12:13:08 - [MESSAGE][PASSED] - Text 'Jakarta Pusat' has been set to element 'Object Repository/Page_register/textfield_kota'

2023-02-21 12:13:08 - [MESSAGE][PASSED] - Call Test Case 'Test Cases/Pages/Page_register/Input Kota' successfully

2023-02-21 12:13:08 - [TEST_STEP][PASSED] - callTestCase(findTestCase("Pages/Page_register/Input Alamat"), ["alamat":"Jl. Sooyay No.5"], STOP_ON_FAILURE): Call Test Case 'Test Cases/Pages/Page_register/Input Alamat' successfully

2023-02-21 12:13:08 - [TEST_CASE][PASSED] - Test Cases/Pages/Page_register/Input Alamat: Test Cases/Pages/Page_register/Input Alamat

2023-02-21 12:13:08 - [TEST_STEP][PASSED] - clearText(findTestObject("Page_register/textfield_alamat"), 3): Element 'Object Repository/Page_register/textfield_alamat' text is cleared

2023-02-21 12:13:09 - [MESSAGE][PASSED] - Element 'Object Repository/Page_register/textfield_alamat' text is cleared

2023-02-21 12:13:09 - [TEST_STEP][PASSED] - setText(findTestObject("Page_register/textfield_alamat"), alamat, 0): Text 'Jl. Sooyay No.5' has been set to element 'Object Repository/Page_register/textfield_alamat'

2023-02-21 12:13:09 - [MESSAGE][WARNING] - Timeout '0' is invalid. Using default page load timeout: '30'

2023-02-21 12:13:11 - [MESSAGE][PASSED] - Text 'Jl. Sooyay No.5' has been set to element 'Object Repository/Page_register/textfield_alamat'

2023-02-21 12:13:11 - [MESSAGE][PASSED] - Call Test Case 'Test Cases/Pages/Page_register/Input Alamat' successfully

2023-02-21 12:13:11 - [TEST_STEP][PASSED] - callTestCase(findTestCase("Pages/Page_register/Verify Content"), [:], STOP_ON_FAILURE): Call Test Case 'Test Cases/Pages/Page_register/Verify Content' successfully

2023-02-21 12:13:11 - [TEST_CASE][PASSED] - Test Cases/Pages/Page_register/Verify Content: Test Cases/Pages/Page_register/Verify Content

2023-02-21 12:13:11 - [TEST_STEP][PASSED] - waitForElementPresent(findTestObject("Page_register/text_nama"), 6): Element 'Object Repository/Page_register/text_nama' is present

2023-02-21 12:13:11 - [MESSAGE][PASSED] - Element 'Object Repository/Page_register/text_nama' is present

2023-02-21 12:13:11 - [TEST_STEP][PASSED] - verifyElementVisible(findTestObject("Page_register/text_nama"), 6): Element 'Object Repository/Page_register/text_nama' is visible

2023-02-21 12:13:12 - [MESSAGE][PASSED] - Element 'Object Repository/Page_register/text_nama' is visible

2023-02-21 12:13:12 - [TEST_STEP][PASSED] - waitForElementPresent(findTestObject("Page_register/textfield_nama"), 6): Element 'Object Repository/Page_register/textfield_nama' is present

2023-02-21 12:13:12 - [MESSAGE][PASSED] - Element 'Object Repository/Page_register/textfield_nama' is present

2023-02-21 12:13:12 - [TEST_STEP][PASSED] - verifyElementVisible(findTestObject("Page_register/textfield_nama"), 6): Element 'Object Repository/Page_register/textfield_nama' is visible

2023-02-21 12:13:12 - [MESSAGE][PASSED] - Element 'Object Repository/Page_register/textfield_nama' is visible

2023-02-21 12:13:12 - [TEST_STEP][PASSED] - waitForElementPresent(findTestObject("Page_register/text_email"), 6): Element 'Object Repository/Page_register/text_email' is present

2023-02-21 12:13:12 - [MESSAGE][PASSED] - Element 'Object Repository/Page_register/text_email' is present

2023-02-21 12:13:12 - [TEST_STEP][PASSED] - verifyElementVisible(findTestObject("Page_register/text_email"), 6): Element 'Object Repository/Page_register/text_email' is visible

2023-02-21 12:13:13 - [MESSAGE][PASSED] - Element 'Object Repository/Page_register/text_email' is visible

2023-02-21 12:13:13 - [TEST_STEP][PASSED] - waitForElementPresent(findTestObject("Page_register/textfield_email"), 6): Element 'Object Repository/Page_register/textfield_email' is present

2023-02-21 12:13:13 - [MESSAGE][PASSED] - Element 'Object Repository/Page_register/textfield_email' is present

2023-02-21 12:13:13 - [TEST_STEP][PASSED] - verifyElementVisible(findTestObject("Page_register/textfield_email"), 6): Element 'Object Repository/Page_register/textfield_email' is visible

2023-02-21 12:13:13 - [MESSAGE][PASSED] - Element 'Object Repository/Page_register/textfield_email' is visible

2023-02-21 12:13:13 - [TEST_STEP][PASSED] - waitForElementPresent(findTestObject("Page_register/text_password"), 6): Element 'Object Repository/Page_register/text_password' is present

2023-02-21 12:13:14 - [MESSAGE][PASSED] - Element 'Object Repository/Page_register/text_password' is present

2023-02-21 12:13:14 - [TEST_STEP][PASSED] - verifyElementVisible(findTestObject("Page_register/text_password"), 6): Element 'Object Repository/Page_register/text_password' is visible

2023-02-21 12:13:14 - [MESSAGE][PASSED] - Element 'Object Repository/Page_register/text_password' is visible

2023-02-21 12:13:14 - [TEST_STEP][PASSED] - waitForElementPresent(findTestObject("Page_register/textfield_password"), 6): Element 'Object Repository/Page_register/textfield_password' is present

2023-02-21 12:13:14 - [MESSAGE][PASSED] - Element 'Object Repository/Page_register/textfield_password' is present

2023-02-21 12:13:14 - [TEST_STEP][PASSED] - verifyElementVisible(findTestObject("Page_register/textfield_password"), 6): Element 'Object Repository/Page_register/textfield_password' is visible

2023-02-21 12:13:14 - [MESSAGE][PASSED] - Element 'Object Repository/Page_register/textfield_password' is visible

2023-02-21 12:13:14 - [TEST_STEP][PASSED] - waitForElementPresent(findTestObject("Page_register/icon_eyes_open"), 6): Element 'Object Repository/Page_register/icon_eyes_open' is present

2023-02-21 12:13:15 - [MESSAGE][PASSED] - Element 'Object Repository/Page_register/icon_eyes_open' is present

2023-02-21 12:13:15 - [TEST_STEP][PASSED] - verifyElementVisible(findTestObject("Page_register/icon_eyes_open"), 6): Element 'Object Repository/Page_register/icon_eyes_open' is visible

2023-02-21 12:13:15 - [MESSAGE][PASSED] - Element 'Object Repository/Page_register/icon_eyes_open' is visible

2023-02-21 12:13:15 - [TEST_STEP][PASSED] - waitForElementPresent(findTestObject("Page_register/text_nomor_hp"), 6): Element 'Object Repository/Page_register/text_nomor_hp' is present

2023-02-21 12:13:15 - [MESSAGE][PASSED] - Element 'Object Repository/Page_register/text_nomor_hp' is present

2023-02-21 12:13:15 - [TEST_STEP][PASSED] - verifyElementVisible(findTestObject("Page_register/text_nomor_hp"), 6): Element 'Object Repository/Page_register/text_nomor_hp' is visible

2023-02-21 12:13:15 - [MESSAGE][PASSED] - Element 'Object Repository/Page_register/text_nomor_hp' is visible

2023-02-21 12:13:15 - [TEST_STEP][PASSED] - waitForElementPresent(findTestObject("Page_register/textfield_nomor_hp"), 6): Element 'Object Repository/Page_register/textfield_nomor_hp' is present

2023-02-21 12:13:16 - [MESSAGE][PASSED] - Element 'Object Repository/Page_register/textfield_nomor_hp' is present

2023-02-21 12:13:16 - [TEST_STEP][PASSED] - verifyElementVisible(findTestObject("Page_register/textfield_nomor_hp"), 6): Element 'Object Repository/Page_register/textfield_nomor_hp' is visible

2023-02-21 12:13:16 - [MESSAGE][PASSED] - Element 'Object Repository/Page_register/textfield_nomor_hp' is visible

2023-02-21 12:13:16 - [TEST_STEP][PASSED] - waitForElementPresent(findTestObject("Page_register/text_kota"), 6): Element 'Object Repository/Page_register/text_kota' is present

2023-02-21 12:13:16 - [MESSAGE][PASSED] - Element 'Object Repository/Page_register/text_kota' is present

2023-02-21 12:13:16 - [TEST_STEP][PASSED] - verifyElementVisible(findTestObject("Page_register/text_kota"), 6): Element 'Object Repository/Page_register/text_kota' is visible

2023-02-21 12:13:16 - [MESSAGE][PASSED] - Element 'Object Repository/Page_register/text_kota' is visible

2023-02-21 12:13:16 - [TEST_STEP][PASSED] - waitForElementPresent(findTestObject("Page_register/textfield_kota"), 6): Element 'Object Repository/Page_register/textfield_kota' is present

2023-02-21 12:13:17 - [MESSAGE][PASSED] - Element 'Object Repository/Page_register/textfield_kota' is present

2023-02-21 12:13:17 - [TEST_STEP][PASSED] - verifyElementVisible(findTestObject("Page_register/textfield_kota"), 6): Element 'Object Repository/Page_register/textfield_kota' is visible

2023-02-21 12:13:17 - [MESSAGE][PASSED] - Element 'Object Repository/Page_register/textfield_kota' is visible

2023-02-21 12:13:17 - [TEST_STEP][PASSED] - waitForElementPresent(findTestObject("Page_register/text_alamat"), 6): Element 'Object Repository/Page_register/text_alamat' is present

2023-02-21 12:13:17 - [MESSAGE][PASSED] - Element 'Object Repository/Page_register/text_alamat' is present

2023-02-21 12:13:17 - [TEST_STEP][PASSED] - verifyElementVisible(findTestObject("Page_register/text_alamat"), 6): Element 'Object Repository/Page_register/text_alamat' is visible

2023-02-21 12:13:18 - [MESSAGE][PASSED] - Element 'Object Repository/Page_register/text_alamat' is visible

2023-02-21 12:13:18 - [TEST_STEP][PASSED] - waitForElementPresent(findTestObject("Page_register/textfield_alamat"), 6): Element 'Object Repository/Page_register/textfield_alamat' is present

2023-02-21 12:13:18 - [MESSAGE][PASSED] - Element 'Object Repository/Page_register/textfield_alamat' is present

2023-02-21 12:13:18 - [TEST_STEP][PASSED] - verifyElementVisible(findTestObject("Page_register/textfield_alamat"), 6): Element 'Object Repository/Page_register/textfield_alamat' is visible

2023-02-21 12:13:18 - [MESSAGE][PASSED] - Element 'Object Repository/Page_register/textfield_alamat' is visible

2023-02-21 12:13:18 - [TEST_STEP][PASSED] - waitForElementPresent(findTestObject("Page_register/btn_daftar"), 6): Element 'Object Repository/Page_register/btn_daftar' is present

2023-02-21 12:13:18 - [MESSAGE][PASSED] - Element 'Object Repository/Page_register/btn_daftar' is present

2023-02-21 12:13:18 - [TEST_STEP][PASSED] - verifyElementVisible(findTestObject("Page_register/btn_daftar"), 6): Element 'Object Repository/Page_register/btn_daftar' is visible

2023-02-21 12:13:18 - [MESSAGE][PASSED] - Element 'Object Repository/Page_register/btn_daftar' is visible

2023-02-21 12:13:18 - [MESSAGE][PASSED] - Call Test Case 'Test Cases/Pages/Page_register/Verify Content' successfully

2023-02-21 12:13:18 - [TEST_STEP][PASSED] - callTestCase(findTestCase("Pages/Page_register/Click Daftar"), [:], STOP_ON_FAILURE): Call Test Case 'Test Cases/Pages/Page_register/Click Daftar' successfully

2023-02-21 12:13:19 - [TEST_CASE][PASSED] - Test Cases/Pages/Page_register/Click Daftar: Test Cases/Pages/Page_register/Click Daftar

2023-02-21 12:13:19 - [TEST_STEP][PASSED] - waitForElementPresent(findTestObject("Page_register/btn_daftar"), 2): Element 'Object Repository/Page_register/btn_daftar' is present

2023-02-21 12:13:19 - [MESSAGE][PASSED] - Element 'Object Repository/Page_register/btn_daftar' is present

2023-02-21 12:13:19 - [TEST_STEP][PASSED] - tap(findTestObject("Page_register/btn_daftar"), 2): Tapped on element 'Object Repository/Page_register/btn_daftar'

2023-02-21 12:13:20 - [MESSAGE][PASSED] - Tapped on element 'Object Repository/Page_register/btn_daftar'

2023-02-21 12:13:20 - [MESSAGE][PASSED] - Call Test Case 'Test Cases/Pages/Page_register/Click Daftar' successfully]]></system-out>
         <system-err><![CDATA[]]></system-err>
      </testcase>
      <testcase name="Test Cases/Step Definition/Feature Register/RGT011 - User want to register by see his password" time="54.927" classname="Test Cases/Step Definition/Feature Register/RGT011 - User want to register by see his password" status="PASSED">
         <system-out><![CDATA[2023-02-21 12:13:20 - [TEST_CASE][PASSED] - Test Cases/Step Definition/Feature Register/RGT011 - User want to register by see his password: Test Cases/Step Definition/Feature Register/RGT011 - User want to register by see his password

2023-02-21 12:13:20 - [TEST_STEP][PASSED] - callTestCase(findTestCase("Pages/Page_register/Navigate to Register Page"), [:], STOP_ON_FAILURE): Call Test Case 'Test Cases/Pages/Page_register/Navigate to Register Page' successfully

2023-02-21 12:13:20 - [TEST_CASE][PASSED] - Test Cases/Pages/Page_register/Navigate to Register Page: Test Cases/Pages/Page_register/Navigate to Register Page

2023-02-21 12:13:20 - [TEST_STEP][PASSED] - startApplication("APK/app-release.apk", false): Started app at: 'D:\android-automation-testing-kelompok-1.git\APK\app-release.apk'

2023-02-21 12:13:28 - [MESSAGE][PASSED] - Started app at: 'D:\android-automation-testing-kelompok-1.git\APK\app-release.apk'

2023-02-21 12:13:28 - [TEST_STEP][PASSED] - tap(findTestObject("Page_home/nav_menu_akun"), 2): Tapped on element 'Object Repository/Page_home/nav_menu_akun'

2023-02-21 12:13:31 - [MESSAGE][PASSED] - Tapped on element 'Object Repository/Page_home/nav_menu_akun'

2023-02-21 12:13:31 - [TEST_STEP][PASSED] - tap(findTestObject("Page_home/btn_masuk"), 2): Tapped on element 'Object Repository/Page_home/btn_masuk'

2023-02-21 12:13:31 - [MESSAGE][PASSED] - Tapped on element 'Object Repository/Page_home/btn_masuk'

2023-02-21 12:13:31 - [TEST_STEP][PASSED] - tap(findTestObject("Page_login/linktext_daftar"), 2): Tapped on element 'Object Repository/Page_login/linktext_daftar'

2023-02-21 12:13:33 - [MESSAGE][PASSED] - Tapped on element 'Object Repository/Page_login/linktext_daftar'

2023-02-21 12:13:33 - [TEST_STEP][PASSED] - scrollToText("sudah", STOP_ON_FAILURE): Scrolling to text 'sudah' successfully

2023-02-21 12:13:37 - [MESSAGE][PASSED] - Scrolling to text 'sudah' successfully

2023-02-21 12:13:37 - [MESSAGE][PASSED] - Call Test Case 'Test Cases/Pages/Page_register/Navigate to Register Page' successfully

2023-02-21 12:13:37 - [TEST_STEP][PASSED] - callTestCase(findTestCase("Pages/Page_register/Input Nama"), ["nama":"Mayorey2"], STOP_ON_FAILURE): Call Test Case 'Test Cases/Pages/Page_register/Input Nama' successfully

2023-02-21 12:13:37 - [TEST_CASE][PASSED] - Test Cases/Pages/Page_register/Input Nama: Test Cases/Pages/Page_register/Input Nama

2023-02-21 12:13:37 - [TEST_STEP][PASSED] - clearText(findTestObject("Page_register/textfield_nama"), 3): Element 'Object Repository/Page_register/textfield_nama' text is cleared

2023-02-21 12:13:37 - [MESSAGE][PASSED] - Element 'Object Repository/Page_register/textfield_nama' text is cleared

2023-02-21 12:13:37 - [TEST_STEP][PASSED] - setText(findTestObject("Page_register/textfield_nama"), nama, 0): Text 'Mayorey2' has been set to element 'Object Repository/Page_register/textfield_nama'

2023-02-21 12:13:37 - [MESSAGE][WARNING] - Timeout '0' is invalid. Using default page load timeout: '30'

2023-02-21 12:13:38 - [MESSAGE][PASSED] - Text 'Mayorey2' has been set to element 'Object Repository/Page_register/textfield_nama'

2023-02-21 12:13:38 - [MESSAGE][PASSED] - Call Test Case 'Test Cases/Pages/Page_register/Input Nama' successfully

2023-02-21 12:13:38 - [TEST_STEP][PASSED] - callTestCase(findTestCase("Pages/Page_register/Input Email"), ["email":"mayorey084a2@gmail.com"], STOP_ON_FAILURE): Call Test Case 'Test Cases/Pages/Page_register/Input Email' successfully

2023-02-21 12:13:38 - [TEST_CASE][PASSED] - Test Cases/Pages/Page_register/Input Email: Test Cases/Pages/Page_register/Input Email

2023-02-21 12:13:38 - [TEST_STEP][PASSED] - clearText(findTestObject("Page_register/textfield_email"), 3): Element 'Object Repository/Page_register/textfield_email' text is cleared

2023-02-21 12:13:39 - [MESSAGE][PASSED] - Element 'Object Repository/Page_register/textfield_email' text is cleared

2023-02-21 12:13:39 - [TEST_STEP][PASSED] - setText(findTestObject("Page_register/textfield_email"), email, 0): Text 'mayorey084a2@gmail.com' has been set to element 'Object Repository/Page_register/textfield_email'

2023-02-21 12:13:39 - [MESSAGE][WARNING] - Timeout '0' is invalid. Using default page load timeout: '30'

2023-02-21 12:13:41 - [MESSAGE][PASSED] - Text 'mayorey084a2@gmail.com' has been set to element 'Object Repository/Page_register/textfield_email'

2023-02-21 12:13:41 - [MESSAGE][PASSED] - Call Test Case 'Test Cases/Pages/Page_register/Input Email' successfully

2023-02-21 12:13:41 - [TEST_STEP][PASSED] - callTestCase(findTestCase("Pages/Page_register/Input Password"), ["password":"Mayorey2"], STOP_ON_FAILURE): Call Test Case 'Test Cases/Pages/Page_register/Input Password' successfully

2023-02-21 12:13:41 - [TEST_CASE][PASSED] - Test Cases/Pages/Page_register/Input Password: Test Cases/Pages/Page_register/Input Password

2023-02-21 12:13:41 - [TEST_STEP][PASSED] - clearText(findTestObject("Page_register/textfield_password"), 3): Element 'Object Repository/Page_register/textfield_password' text is cleared

2023-02-21 12:13:41 - [MESSAGE][PASSED] - Element 'Object Repository/Page_register/textfield_password' text is cleared

2023-02-21 12:13:41 - [TEST_STEP][PASSED] - setText(findTestObject("Page_register/textfield_password"), password, 0): Text 'Mayorey2' has been set to element 'Object Repository/Page_register/textfield_password'

2023-02-21 12:13:41 - [MESSAGE][WARNING] - Timeout '0' is invalid. Using default page load timeout: '30'

2023-02-21 12:13:43 - [MESSAGE][PASSED] - Text 'Mayorey2' has been set to element 'Object Repository/Page_register/textfield_password'

2023-02-21 12:13:43 - [MESSAGE][PASSED] - Call Test Case 'Test Cases/Pages/Page_register/Input Password' successfully

2023-02-21 12:13:43 - [TEST_STEP][PASSED] - callTestCase(findTestCase("Pages/Page_register/See Password"), [:], STOP_ON_FAILURE): Call Test Case 'Test Cases/Pages/Page_register/See Password' successfully

2023-02-21 12:13:43 - [TEST_CASE][PASSED] - Test Cases/Pages/Page_register/See Password: Test Cases/Pages/Page_register/See Password

2023-02-21 12:13:43 - [TEST_STEP][PASSED] - tap(findTestObject("Page_register/icon_eyes_open"), 2): Tapped on element 'Object Repository/Page_register/icon_eyes_open'

2023-02-21 12:13:44 - [MESSAGE][PASSED] - Tapped on element 'Object Repository/Page_register/icon_eyes_open'

2023-02-21 12:13:44 - [MESSAGE][PASSED] - Call Test Case 'Test Cases/Pages/Page_register/See Password' successfully

2023-02-21 12:13:44 - [TEST_STEP][PASSED] - callTestCase(findTestCase("Pages/Page_register/Input Nomor HP"), ["nomorhp":"08218929391"], STOP_ON_FAILURE): Call Test Case 'Test Cases/Pages/Page_register/Input Nomor HP' successfully

2023-02-21 12:13:44 - [TEST_CASE][PASSED] - Test Cases/Pages/Page_register/Input Nomor HP: Test Cases/Pages/Page_register/Input Nomor HP

2023-02-21 12:13:44 - [TEST_STEP][PASSED] - clearText(findTestObject("Page_register/textfield_nomor_hp"), 3): Element 'Object Repository/Page_register/textfield_nomor_hp' text is cleared

2023-02-21 12:13:45 - [MESSAGE][PASSED] - Element 'Object Repository/Page_register/textfield_nomor_hp' text is cleared

2023-02-21 12:13:45 - [TEST_STEP][PASSED] - setText(findTestObject("Page_register/textfield_nomor_hp"), nomorhp, 0): Text '08218929391' has been set to element 'Object Repository/Page_register/textfield_nomor_hp'

2023-02-21 12:13:45 - [MESSAGE][WARNING] - Timeout '0' is invalid. Using default page load timeout: '30'

2023-02-21 12:13:46 - [MESSAGE][PASSED] - Text '08218929391' has been set to element 'Object Repository/Page_register/textfield_nomor_hp'

2023-02-21 12:13:46 - [MESSAGE][PASSED] - Call Test Case 'Test Cases/Pages/Page_register/Input Nomor HP' successfully

2023-02-21 12:13:46 - [TEST_STEP][PASSED] - callTestCase(findTestCase("Pages/Page_register/Input Kota"), ["kota":"Jakarta Pusat"], STOP_ON_FAILURE): Call Test Case 'Test Cases/Pages/Page_register/Input Kota' successfully

2023-02-21 12:13:46 - [TEST_CASE][PASSED] - Test Cases/Pages/Page_register/Input Kota: Test Cases/Pages/Page_register/Input Kota

2023-02-21 12:13:46 - [TEST_STEP][PASSED] - clearText(findTestObject("Page_register/textfield_kota"), 3): Element 'Object Repository/Page_register/textfield_kota' text is cleared

2023-02-21 12:13:47 - [MESSAGE][PASSED] - Element 'Object Repository/Page_register/textfield_kota' text is cleared

2023-02-21 12:13:47 - [TEST_STEP][PASSED] - setText(findTestObject("Page_register/textfield_kota"), kota, 0): Text 'Jakarta Pusat' has been set to element 'Object Repository/Page_register/textfield_kota'

2023-02-21 12:13:47 - [MESSAGE][WARNING] - Timeout '0' is invalid. Using default page load timeout: '30'

2023-02-21 12:13:48 - [MESSAGE][PASSED] - Text 'Jakarta Pusat' has been set to element 'Object Repository/Page_register/textfield_kota'

2023-02-21 12:13:48 - [MESSAGE][PASSED] - Call Test Case 'Test Cases/Pages/Page_register/Input Kota' successfully

2023-02-21 12:13:48 - [TEST_STEP][PASSED] - callTestCase(findTestCase("Pages/Page_register/Input Alamat"), ["alamat":"Jl. Sooyay No.5"], STOP_ON_FAILURE): Call Test Case 'Test Cases/Pages/Page_register/Input Alamat' successfully

2023-02-21 12:13:48 - [TEST_CASE][PASSED] - Test Cases/Pages/Page_register/Input Alamat: Test Cases/Pages/Page_register/Input Alamat

2023-02-21 12:13:48 - [TEST_STEP][PASSED] - clearText(findTestObject("Page_register/textfield_alamat"), 3): Element 'Object Repository/Page_register/textfield_alamat' text is cleared

2023-02-21 12:13:49 - [MESSAGE][PASSED] - Element 'Object Repository/Page_register/textfield_alamat' text is cleared

2023-02-21 12:13:49 - [TEST_STEP][PASSED] - setText(findTestObject("Page_register/textfield_alamat"), alamat, 0): Text 'Jl. Sooyay No.5' has been set to element 'Object Repository/Page_register/textfield_alamat'

2023-02-21 12:13:49 - [MESSAGE][WARNING] - Timeout '0' is invalid. Using default page load timeout: '30'

2023-02-21 12:13:50 - [MESSAGE][PASSED] - Text 'Jl. Sooyay No.5' has been set to element 'Object Repository/Page_register/textfield_alamat'

2023-02-21 12:13:50 - [MESSAGE][PASSED] - Call Test Case 'Test Cases/Pages/Page_register/Input Alamat' successfully

2023-02-21 12:13:50 - [TEST_STEP][PASSED] - callTestCase(findTestCase("Pages/Page_register/Verify Content"), [:], STOP_ON_FAILURE): Call Test Case 'Test Cases/Pages/Page_register/Verify Content' successfully

2023-02-21 12:13:50 - [TEST_CASE][PASSED] - Test Cases/Pages/Page_register/Verify Content: Test Cases/Pages/Page_register/Verify Content

2023-02-21 12:13:50 - [TEST_STEP][PASSED] - waitForElementPresent(findTestObject("Page_register/text_nama"), 6): Element 'Object Repository/Page_register/text_nama' is present

2023-02-21 12:13:51 - [MESSAGE][PASSED] - Element 'Object Repository/Page_register/text_nama' is present

2023-02-21 12:13:51 - [TEST_STEP][PASSED] - verifyElementVisible(findTestObject("Page_register/text_nama"), 6): Element 'Object Repository/Page_register/text_nama' is visible

2023-02-21 12:13:51 - [MESSAGE][PASSED] - Element 'Object Repository/Page_register/text_nama' is visible

2023-02-21 12:13:51 - [TEST_STEP][PASSED] - waitForElementPresent(findTestObject("Page_register/textfield_nama"), 6): Element 'Object Repository/Page_register/textfield_nama' is present

2023-02-21 12:13:52 - [MESSAGE][PASSED] - Element 'Object Repository/Page_register/textfield_nama' is present

2023-02-21 12:13:52 - [TEST_STEP][PASSED] - verifyElementVisible(findTestObject("Page_register/textfield_nama"), 6): Element 'Object Repository/Page_register/textfield_nama' is visible

2023-02-21 12:13:52 - [MESSAGE][PASSED] - Element 'Object Repository/Page_register/textfield_nama' is visible

2023-02-21 12:13:52 - [TEST_STEP][PASSED] - waitForElementPresent(findTestObject("Page_register/text_email"), 6): Element 'Object Repository/Page_register/text_email' is present

2023-02-21 12:13:52 - [MESSAGE][PASSED] - Element 'Object Repository/Page_register/text_email' is present

2023-02-21 12:13:52 - [TEST_STEP][PASSED] - verifyElementVisible(findTestObject("Page_register/text_email"), 6): Element 'Object Repository/Page_register/text_email' is visible

2023-02-21 12:13:52 - [MESSAGE][PASSED] - Element 'Object Repository/Page_register/text_email' is visible

2023-02-21 12:13:52 - [TEST_STEP][PASSED] - waitForElementPresent(findTestObject("Page_register/textfield_email"), 6): Element 'Object Repository/Page_register/textfield_email' is present

2023-02-21 12:13:53 - [MESSAGE][PASSED] - Element 'Object Repository/Page_register/textfield_email' is present

2023-02-21 12:13:53 - [TEST_STEP][PASSED] - verifyElementVisible(findTestObject("Page_register/textfield_email"), 6): Element 'Object Repository/Page_register/textfield_email' is visible

2023-02-21 12:13:53 - [MESSAGE][PASSED] - Element 'Object Repository/Page_register/textfield_email' is visible

2023-02-21 12:13:53 - [TEST_STEP][PASSED] - waitForElementPresent(findTestObject("Page_register/text_password"), 6): Element 'Object Repository/Page_register/text_password' is present

2023-02-21 12:13:53 - [MESSAGE][PASSED] - Element 'Object Repository/Page_register/text_password' is present

2023-02-21 12:13:53 - [TEST_STEP][PASSED] - verifyElementVisible(findTestObject("Page_register/text_password"), 6): Element 'Object Repository/Page_register/text_password' is visible

2023-02-21 12:13:53 - [MESSAGE][PASSED] - Element 'Object Repository/Page_register/text_password' is visible

2023-02-21 12:13:53 - [TEST_STEP][PASSED] - waitForElementPresent(findTestObject("Page_register/textfield_password"), 6): Element 'Object Repository/Page_register/textfield_password' is present

2023-02-21 12:13:54 - [MESSAGE][PASSED] - Element 'Object Repository/Page_register/textfield_password' is present

2023-02-21 12:13:54 - [TEST_STEP][PASSED] - verifyElementVisible(findTestObject("Page_register/textfield_password"), 6): Element 'Object Repository/Page_register/textfield_password' is visible

2023-02-21 12:13:54 - [MESSAGE][PASSED] - Element 'Object Repository/Page_register/textfield_password' is visible

2023-02-21 12:13:54 - [TEST_STEP][PASSED] - waitForElementPresent(findTestObject("Page_register/icon_eyes_open"), 6): Element 'Object Repository/Page_register/icon_eyes_open' is present

2023-02-21 12:13:54 - [MESSAGE][PASSED] - Element 'Object Repository/Page_register/icon_eyes_open' is present

2023-02-21 12:13:54 - [TEST_STEP][PASSED] - verifyElementVisible(findTestObject("Page_register/icon_eyes_open"), 6): Element 'Object Repository/Page_register/icon_eyes_open' is visible

2023-02-21 12:13:54 - [MESSAGE][PASSED] - Element 'Object Repository/Page_register/icon_eyes_open' is visible

2023-02-21 12:13:54 - [TEST_STEP][PASSED] - waitForElementPresent(findTestObject("Page_register/text_nomor_hp"), 6): Element 'Object Repository/Page_register/text_nomor_hp' is present

2023-02-21 12:13:55 - [MESSAGE][PASSED] - Element 'Object Repository/Page_register/text_nomor_hp' is present

2023-02-21 12:13:55 - [TEST_STEP][PASSED] - verifyElementVisible(findTestObject("Page_register/text_nomor_hp"), 6): Element 'Object Repository/Page_register/text_nomor_hp' is visible

2023-02-21 12:13:55 - [MESSAGE][PASSED] - Element 'Object Repository/Page_register/text_nomor_hp' is visible

2023-02-21 12:13:55 - [TEST_STEP][PASSED] - waitForElementPresent(findTestObject("Page_register/textfield_nomor_hp"), 6): Element 'Object Repository/Page_register/textfield_nomor_hp' is present

2023-02-21 12:13:55 - [MESSAGE][PASSED] - Element 'Object Repository/Page_register/textfield_nomor_hp' is present

2023-02-21 12:13:55 - [TEST_STEP][PASSED] - verifyElementVisible(findTestObject("Page_register/textfield_nomor_hp"), 6): Element 'Object Repository/Page_register/textfield_nomor_hp' is visible

2023-02-21 12:13:55 - [MESSAGE][PASSED] - Element 'Object Repository/Page_register/textfield_nomor_hp' is visible

2023-02-21 12:13:55 - [TEST_STEP][PASSED] - waitForElementPresent(findTestObject("Page_register/text_kota"), 6): Element 'Object Repository/Page_register/text_kota' is present

2023-02-21 12:13:56 - [MESSAGE][PASSED] - Element 'Object Repository/Page_register/text_kota' is present

2023-02-21 12:13:56 - [TEST_STEP][PASSED] - verifyElementVisible(findTestObject("Page_register/text_kota"), 6): Element 'Object Repository/Page_register/text_kota' is visible

2023-02-21 12:13:56 - [MESSAGE][PASSED] - Element 'Object Repository/Page_register/text_kota' is visible

2023-02-21 12:13:56 - [TEST_STEP][PASSED] - waitForElementPresent(findTestObject("Page_register/textfield_kota"), 6): Element 'Object Repository/Page_register/textfield_kota' is present

2023-02-21 12:13:56 - [MESSAGE][PASSED] - Element 'Object Repository/Page_register/textfield_kota' is present

2023-02-21 12:13:56 - [TEST_STEP][PASSED] - verifyElementVisible(findTestObject("Page_register/textfield_kota"), 6): Element 'Object Repository/Page_register/textfield_kota' is visible

2023-02-21 12:13:56 - [MESSAGE][PASSED] - Element 'Object Repository/Page_register/textfield_kota' is visible

2023-02-21 12:13:56 - [TEST_STEP][PASSED] - waitForElementPresent(findTestObject("Page_register/text_alamat"), 6): Element 'Object Repository/Page_register/text_alamat' is present

2023-02-21 12:13:57 - [MESSAGE][PASSED] - Element 'Object Repository/Page_register/text_alamat' is present

2023-02-21 12:13:57 - [TEST_STEP][PASSED] - verifyElementVisible(findTestObject("Page_register/text_alamat"), 6): Element 'Object Repository/Page_register/text_alamat' is visible

2023-02-21 12:13:57 - [MESSAGE][PASSED] - Element 'Object Repository/Page_register/text_alamat' is visible

2023-02-21 12:13:57 - [TEST_STEP][PASSED] - waitForElementPresent(findTestObject("Page_register/textfield_alamat"), 6): Element 'Object Repository/Page_register/textfield_alamat' is present

2023-02-21 12:13:57 - [MESSAGE][PASSED] - Element 'Object Repository/Page_register/textfield_alamat' is present

2023-02-21 12:13:57 - [TEST_STEP][PASSED] - verifyElementVisible(findTestObject("Page_register/textfield_alamat"), 6): Element 'Object Repository/Page_register/textfield_alamat' is visible

2023-02-21 12:13:58 - [MESSAGE][PASSED] - Element 'Object Repository/Page_register/textfield_alamat' is visible

2023-02-21 12:13:58 - [TEST_STEP][PASSED] - waitForElementPresent(findTestObject("Page_register/btn_daftar"), 6): Element 'Object Repository/Page_register/btn_daftar' is present

2023-02-21 12:13:58 - [MESSAGE][PASSED] - Element 'Object Repository/Page_register/btn_daftar' is present

2023-02-21 12:13:58 - [TEST_STEP][PASSED] - verifyElementVisible(findTestObject("Page_register/btn_daftar"), 6): Element 'Object Repository/Page_register/btn_daftar' is visible

2023-02-21 12:13:58 - [MESSAGE][PASSED] - Element 'Object Repository/Page_register/btn_daftar' is visible

2023-02-21 12:13:58 - [MESSAGE][PASSED] - Call Test Case 'Test Cases/Pages/Page_register/Verify Content' successfully

2023-02-21 12:13:58 - [TEST_STEP][PASSED] - callTestCase(findTestCase("Pages/Page_register/Click Daftar"), [:], STOP_ON_FAILURE): Call Test Case 'Test Cases/Pages/Page_register/Click Daftar' successfully

2023-02-21 12:13:58 - [TEST_CASE][PASSED] - Test Cases/Pages/Page_register/Click Daftar: Test Cases/Pages/Page_register/Click Daftar

2023-02-21 12:13:58 - [TEST_STEP][PASSED] - waitForElementPresent(findTestObject("Page_register/btn_daftar"), 2): Element 'Object Repository/Page_register/btn_daftar' is present

2023-02-21 12:13:58 - [MESSAGE][PASSED] - Element 'Object Repository/Page_register/btn_daftar' is present

2023-02-21 12:13:58 - [TEST_STEP][PASSED] - tap(findTestObject("Page_register/btn_daftar"), 2): Tapped on element 'Object Repository/Page_register/btn_daftar'

2023-02-21 12:13:59 - [MESSAGE][PASSED] - Tapped on element 'Object Repository/Page_register/btn_daftar'

2023-02-21 12:13:59 - [MESSAGE][PASSED] - Call Test Case 'Test Cases/Pages/Page_register/Click Daftar' successfully

2023-02-21 12:13:59 - [TEST_STEP][PASSED] - delay(5, STOP_ON_FAILURE): Delayed 5 second(s)

2023-02-21 12:14:04 - [MESSAGE][PASSED] - Delayed 5 second(s)

2023-02-21 12:14:04 - [TEST_STEP][PASSED] - callTestCase(findTestCase("Pages/Page_home/Navigate to Menu Akun"), [:], STOP_ON_FAILURE): Call Test Case 'Test Cases/Pages/Page_home/Navigate to Menu Akun' successfully

2023-02-21 12:14:04 - [TEST_CASE][PASSED] - Test Cases/Pages/Page_home/Navigate to Menu Akun: Test Cases/Pages/Page_home/Navigate to Menu Akun

2023-02-21 12:14:04 - [TEST_STEP][PASSED] - waitForElementPresent(findTestObject("Page_home/nav_menu_akun"), 2): Element 'Object Repository/Page_home/nav_menu_akun' is present

2023-02-21 12:14:07 - [MESSAGE][PASSED] - Element 'Object Repository/Page_home/nav_menu_akun' is present

2023-02-21 12:14:07 - [TEST_STEP][PASSED] - tap(findTestObject("Page_home/nav_menu_akun"), 2): Tapped on element 'Object Repository/Page_home/nav_menu_akun'

2023-02-21 12:14:09 - [MESSAGE][PASSED] - Tapped on element 'Object Repository/Page_home/nav_menu_akun'

2023-02-21 12:14:09 - [MESSAGE][PASSED] - Call Test Case 'Test Cases/Pages/Page_home/Navigate to Menu Akun' successfully

2023-02-21 12:14:09 - [TEST_STEP][PASSED] - callTestCase(findTestCase("Pages/Page_akun/Log Out Account"), [:], STOP_ON_FAILURE): Call Test Case 'Test Cases/Pages/Page_akun/Log Out Account' successfully

2023-02-21 12:14:09 - [TEST_CASE][PASSED] - Test Cases/Pages/Page_akun/Log Out Account: Test Cases/Pages/Page_akun/Log Out Account

2023-02-21 12:14:09 - [TEST_STEP][PASSED] - callTestCase(findTestCase("Pages/Page_home/Navigate to Menu Akun"), [:], STOP_ON_FAILURE): Call Test Case 'Test Cases/Pages/Page_home/Navigate to Menu Akun' successfully

2023-02-21 12:14:09 - [TEST_CASE][PASSED] - Test Cases/Pages/Page_home/Navigate to Menu Akun: Test Cases/Pages/Page_home/Navigate to Menu Akun

2023-02-21 12:14:09 - [TEST_STEP][PASSED] - waitForElementPresent(findTestObject("Page_home/nav_menu_akun"), 2): Element 'Object Repository/Page_home/nav_menu_akun' is present

2023-02-21 12:14:11 - [MESSAGE][PASSED] - Element 'Object Repository/Page_home/nav_menu_akun' is present

2023-02-21 12:14:11 - [TEST_STEP][PASSED] - tap(findTestObject("Page_home/nav_menu_akun"), 2): Tapped on element 'Object Repository/Page_home/nav_menu_akun'

2023-02-21 12:14:14 - [MESSAGE][PASSED] - Tapped on element 'Object Repository/Page_home/nav_menu_akun'

2023-02-21 12:14:14 - [MESSAGE][PASSED] - Call Test Case 'Test Cases/Pages/Page_home/Navigate to Menu Akun' successfully

2023-02-21 12:14:14 - [TEST_STEP][PASSED] - callTestCase(findTestCase("Pages/Page_home/Click button log out"), [:], STOP_ON_FAILURE): Call Test Case 'Test Cases/Pages/Page_home/Click button log out' successfully

2023-02-21 12:14:14 - [TEST_CASE][PASSED] - Test Cases/Pages/Page_home/Click button log out: Test Cases/Pages/Page_home/Click button log out

2023-02-21 12:14:14 - [TEST_STEP][PASSED] - verifyElementVisible(findTestObject("Page_home/btn_keluar"), 2): Element 'Object Repository/Page_home/btn_keluar' is visible

2023-02-21 12:14:14 - [MESSAGE][PASSED] - Element 'Object Repository/Page_home/btn_keluar' is visible

2023-02-21 12:14:14 - [TEST_STEP][PASSED] - checkElement(findTestObject("Page_home/btn_keluar"), 2): Element 'Object Repository/Page_home/btn_keluar' is checked

2023-02-21 12:14:15 - [MESSAGE][PASSED] - Element 'Object Repository/Page_home/btn_keluar' is checked

2023-02-21 12:14:15 - [MESSAGE][PASSED] - Call Test Case 'Test Cases/Pages/Page_home/Click button log out' successfully

2023-02-21 12:14:15 - [MESSAGE][PASSED] - Call Test Case 'Test Cases/Pages/Page_akun/Log Out Account' successfully]]></system-out>
         <system-err><![CDATA[]]></system-err>
      </testcase>
      <testcase name="Test Cases/Step Definition/Feature Register/RGT012 - User want to register by hide his password" time="55.543" classname="Test Cases/Step Definition/Feature Register/RGT012 - User want to register by hide his password" status="PASSED">
         <system-out><![CDATA[2023-02-21 12:14:15 - [TEST_CASE][PASSED] - Test Cases/Step Definition/Feature Register/RGT012 - User want to register by hide his password: Test Cases/Step Definition/Feature Register/RGT012 - User want to register by hide his password

2023-02-21 12:14:15 - [TEST_STEP][PASSED] - callTestCase(findTestCase("Pages/Page_register/Navigate to Register Page"), [:], STOP_ON_FAILURE): Call Test Case 'Test Cases/Pages/Page_register/Navigate to Register Page' successfully

2023-02-21 12:14:15 - [TEST_CASE][PASSED] - Test Cases/Pages/Page_register/Navigate to Register Page: Test Cases/Pages/Page_register/Navigate to Register Page

2023-02-21 12:14:15 - [TEST_STEP][PASSED] - startApplication("APK/app-release.apk", false): Started app at: 'D:\android-automation-testing-kelompok-1.git\APK\app-release.apk'

2023-02-21 12:14:23 - [MESSAGE][PASSED] - Started app at: 'D:\android-automation-testing-kelompok-1.git\APK\app-release.apk'

2023-02-21 12:14:23 - [TEST_STEP][PASSED] - tap(findTestObject("Page_home/nav_menu_akun"), 2): Tapped on element 'Object Repository/Page_home/nav_menu_akun'

2023-02-21 12:14:25 - [MESSAGE][PASSED] - Tapped on element 'Object Repository/Page_home/nav_menu_akun'

2023-02-21 12:14:25 - [TEST_STEP][PASSED] - tap(findTestObject("Page_home/btn_masuk"), 2): Tapped on element 'Object Repository/Page_home/btn_masuk'

2023-02-21 12:14:26 - [MESSAGE][PASSED] - Tapped on element 'Object Repository/Page_home/btn_masuk'

2023-02-21 12:14:26 - [TEST_STEP][PASSED] - tap(findTestObject("Page_login/linktext_daftar"), 2): Tapped on element 'Object Repository/Page_login/linktext_daftar'

2023-02-21 12:14:27 - [MESSAGE][PASSED] - Tapped on element 'Object Repository/Page_login/linktext_daftar'

2023-02-21 12:14:27 - [TEST_STEP][PASSED] - scrollToText("sudah", STOP_ON_FAILURE): Scrolling to text 'sudah' successfully

2023-02-21 12:14:31 - [MESSAGE][PASSED] - Scrolling to text 'sudah' successfully

2023-02-21 12:14:31 - [MESSAGE][PASSED] - Call Test Case 'Test Cases/Pages/Page_register/Navigate to Register Page' successfully

2023-02-21 12:14:31 - [TEST_STEP][PASSED] - callTestCase(findTestCase("Pages/Page_register/Input Nama"), ["nama":"Mayorey2"], STOP_ON_FAILURE): Call Test Case 'Test Cases/Pages/Page_register/Input Nama' successfully

2023-02-21 12:14:31 - [TEST_CASE][PASSED] - Test Cases/Pages/Page_register/Input Nama: Test Cases/Pages/Page_register/Input Nama

2023-02-21 12:14:31 - [TEST_STEP][PASSED] - clearText(findTestObject("Page_register/textfield_nama"), 3): Element 'Object Repository/Page_register/textfield_nama' text is cleared

2023-02-21 12:14:32 - [MESSAGE][PASSED] - Element 'Object Repository/Page_register/textfield_nama' text is cleared

2023-02-21 12:14:32 - [TEST_STEP][PASSED] - setText(findTestObject("Page_register/textfield_nama"), nama, 0): Text 'Mayorey2' has been set to element 'Object Repository/Page_register/textfield_nama'

2023-02-21 12:14:32 - [MESSAGE][WARNING] - Timeout '0' is invalid. Using default page load timeout: '30'

2023-02-21 12:14:33 - [MESSAGE][PASSED] - Text 'Mayorey2' has been set to element 'Object Repository/Page_register/textfield_nama'

2023-02-21 12:14:33 - [MESSAGE][PASSED] - Call Test Case 'Test Cases/Pages/Page_register/Input Nama' successfully

2023-02-21 12:14:33 - [TEST_STEP][PASSED] - callTestCase(findTestCase("Pages/Page_register/Input Email"), ["email":"mayorey12aw521@gmail.com"], STOP_ON_FAILURE): Call Test Case 'Test Cases/Pages/Page_register/Input Email' successfully

2023-02-21 12:14:33 - [TEST_CASE][PASSED] - Test Cases/Pages/Page_register/Input Email: Test Cases/Pages/Page_register/Input Email

2023-02-21 12:14:33 - [TEST_STEP][PASSED] - clearText(findTestObject("Page_register/textfield_email"), 3): Element 'Object Repository/Page_register/textfield_email' text is cleared

2023-02-21 12:14:34 - [MESSAGE][PASSED] - Element 'Object Repository/Page_register/textfield_email' text is cleared

2023-02-21 12:14:34 - [TEST_STEP][PASSED] - setText(findTestObject("Page_register/textfield_email"), email, 0): Text 'mayorey12aw521@gmail.com' has been set to element 'Object Repository/Page_register/textfield_email'

2023-02-21 12:14:34 - [MESSAGE][WARNING] - Timeout '0' is invalid. Using default page load timeout: '30'

2023-02-21 12:14:35 - [MESSAGE][PASSED] - Text 'mayorey12aw521@gmail.com' has been set to element 'Object Repository/Page_register/textfield_email'

2023-02-21 12:14:35 - [MESSAGE][PASSED] - Call Test Case 'Test Cases/Pages/Page_register/Input Email' successfully

2023-02-21 12:14:35 - [TEST_STEP][PASSED] - callTestCase(findTestCase("Pages/Page_register/Input Password"), ["password":"Mayorey2"], STOP_ON_FAILURE): Call Test Case 'Test Cases/Pages/Page_register/Input Password' successfully

2023-02-21 12:14:35 - [TEST_CASE][PASSED] - Test Cases/Pages/Page_register/Input Password: Test Cases/Pages/Page_register/Input Password

2023-02-21 12:14:35 - [TEST_STEP][PASSED] - clearText(findTestObject("Page_register/textfield_password"), 3): Element 'Object Repository/Page_register/textfield_password' text is cleared

2023-02-21 12:14:36 - [MESSAGE][PASSED] - Element 'Object Repository/Page_register/textfield_password' text is cleared

2023-02-21 12:14:36 - [TEST_STEP][PASSED] - setText(findTestObject("Page_register/textfield_password"), password, 0): Text 'Mayorey2' has been set to element 'Object Repository/Page_register/textfield_password'

2023-02-21 12:14:36 - [MESSAGE][WARNING] - Timeout '0' is invalid. Using default page load timeout: '30'

2023-02-21 12:14:38 - [MESSAGE][PASSED] - Text 'Mayorey2' has been set to element 'Object Repository/Page_register/textfield_password'

2023-02-21 12:14:38 - [MESSAGE][PASSED] - Call Test Case 'Test Cases/Pages/Page_register/Input Password' successfully

2023-02-21 12:14:38 - [TEST_STEP][PASSED] - callTestCase(findTestCase("Pages/Page_register/Hide Password"), [:], STOP_ON_FAILURE): Call Test Case 'Test Cases/Pages/Page_register/Hide Password' successfully

2023-02-21 12:14:38 - [TEST_CASE][PASSED] - Test Cases/Pages/Page_register/Hide Password: Test Cases/Pages/Page_register/Hide Password

2023-02-21 12:14:38 - [TEST_STEP][PASSED] - tap(findTestObject("Page_register/icon_eyes_open"), 2): Tapped on element 'Object Repository/Page_register/icon_eyes_open'

2023-02-21 12:14:39 - [MESSAGE][PASSED] - Tapped on element 'Object Repository/Page_register/icon_eyes_open'

2023-02-21 12:14:39 - [TEST_STEP][PASSED] - tap(findTestObject("Page_register/icon_eyes_close"), 2): Tapped on element 'Object Repository/Page_register/icon_eyes_close'

2023-02-21 12:14:40 - [MESSAGE][PASSED] - Tapped on element 'Object Repository/Page_register/icon_eyes_close'

2023-02-21 12:14:40 - [MESSAGE][PASSED] - Call Test Case 'Test Cases/Pages/Page_register/Hide Password' successfully

2023-02-21 12:14:40 - [TEST_STEP][PASSED] - callTestCase(findTestCase("Pages/Page_register/Input Nomor HP"), ["nomorhp":"08218929391"], STOP_ON_FAILURE): Call Test Case 'Test Cases/Pages/Page_register/Input Nomor HP' successfully

2023-02-21 12:14:40 - [TEST_CASE][PASSED] - Test Cases/Pages/Page_register/Input Nomor HP: Test Cases/Pages/Page_register/Input Nomor HP

2023-02-21 12:14:40 - [TEST_STEP][PASSED] - clearText(findTestObject("Page_register/textfield_nomor_hp"), 3): Element 'Object Repository/Page_register/textfield_nomor_hp' text is cleared

2023-02-21 12:14:40 - [MESSAGE][PASSED] - Element 'Object Repository/Page_register/textfield_nomor_hp' text is cleared

2023-02-21 12:14:40 - [TEST_STEP][PASSED] - setText(findTestObject("Page_register/textfield_nomor_hp"), nomorhp, 0): Text '08218929391' has been set to element 'Object Repository/Page_register/textfield_nomor_hp'

2023-02-21 12:14:40 - [MESSAGE][WARNING] - Timeout '0' is invalid. Using default page load timeout: '30'

2023-02-21 12:14:42 - [MESSAGE][PASSED] - Text '08218929391' has been set to element 'Object Repository/Page_register/textfield_nomor_hp'

2023-02-21 12:14:42 - [MESSAGE][PASSED] - Call Test Case 'Test Cases/Pages/Page_register/Input Nomor HP' successfully

2023-02-21 12:14:42 - [TEST_STEP][PASSED] - callTestCase(findTestCase("Pages/Page_register/Input Kota"), ["kota":"Jakarta Pusat"], STOP_ON_FAILURE): Call Test Case 'Test Cases/Pages/Page_register/Input Kota' successfully

2023-02-21 12:14:42 - [TEST_CASE][PASSED] - Test Cases/Pages/Page_register/Input Kota: Test Cases/Pages/Page_register/Input Kota

2023-02-21 12:14:42 - [TEST_STEP][PASSED] - clearText(findTestObject("Page_register/textfield_kota"), 3): Element 'Object Repository/Page_register/textfield_kota' text is cleared

2023-02-21 12:14:42 - [MESSAGE][PASSED] - Element 'Object Repository/Page_register/textfield_kota' text is cleared

2023-02-21 12:14:42 - [TEST_STEP][PASSED] - setText(findTestObject("Page_register/textfield_kota"), kota, 0): Text 'Jakarta Pusat' has been set to element 'Object Repository/Page_register/textfield_kota'

2023-02-21 12:14:42 - [MESSAGE][WARNING] - Timeout '0' is invalid. Using default page load timeout: '30'

2023-02-21 12:14:44 - [MESSAGE][PASSED] - Text 'Jakarta Pusat' has been set to element 'Object Repository/Page_register/textfield_kota'

2023-02-21 12:14:44 - [MESSAGE][PASSED] - Call Test Case 'Test Cases/Pages/Page_register/Input Kota' successfully

2023-02-21 12:14:44 - [TEST_STEP][PASSED] - callTestCase(findTestCase("Pages/Page_register/Input Alamat"), ["alamat":"Jl. Sooyay No.5"], STOP_ON_FAILURE): Call Test Case 'Test Cases/Pages/Page_register/Input Alamat' successfully

2023-02-21 12:14:44 - [TEST_CASE][PASSED] - Test Cases/Pages/Page_register/Input Alamat: Test Cases/Pages/Page_register/Input Alamat

2023-02-21 12:14:44 - [TEST_STEP][PASSED] - clearText(findTestObject("Page_register/textfield_alamat"), 3): Element 'Object Repository/Page_register/textfield_alamat' text is cleared

2023-02-21 12:14:45 - [MESSAGE][PASSED] - Element 'Object Repository/Page_register/textfield_alamat' text is cleared

2023-02-21 12:14:45 - [TEST_STEP][PASSED] - setText(findTestObject("Page_register/textfield_alamat"), alamat, 0): Text 'Jl. Sooyay No.5' has been set to element 'Object Repository/Page_register/textfield_alamat'

2023-02-21 12:14:45 - [MESSAGE][WARNING] - Timeout '0' is invalid. Using default page load timeout: '30'

2023-02-21 12:14:47 - [MESSAGE][PASSED] - Text 'Jl. Sooyay No.5' has been set to element 'Object Repository/Page_register/textfield_alamat'

2023-02-21 12:14:47 - [MESSAGE][PASSED] - Call Test Case 'Test Cases/Pages/Page_register/Input Alamat' successfully

2023-02-21 12:14:47 - [TEST_STEP][PASSED] - callTestCase(findTestCase("Pages/Page_register/Verify Content"), [:], STOP_ON_FAILURE): Call Test Case 'Test Cases/Pages/Page_register/Verify Content' successfully

2023-02-21 12:14:47 - [TEST_CASE][PASSED] - Test Cases/Pages/Page_register/Verify Content: Test Cases/Pages/Page_register/Verify Content

2023-02-21 12:14:47 - [TEST_STEP][PASSED] - waitForElementPresent(findTestObject("Page_register/text_nama"), 6): Element 'Object Repository/Page_register/text_nama' is present

2023-02-21 12:14:47 - [MESSAGE][PASSED] - Element 'Object Repository/Page_register/text_nama' is present

2023-02-21 12:14:47 - [TEST_STEP][PASSED] - verifyElementVisible(findTestObject("Page_register/text_nama"), 6): Element 'Object Repository/Page_register/text_nama' is visible

2023-02-21 12:14:47 - [MESSAGE][PASSED] - Element 'Object Repository/Page_register/text_nama' is visible

2023-02-21 12:14:47 - [TEST_STEP][PASSED] - waitForElementPresent(findTestObject("Page_register/textfield_nama"), 6): Element 'Object Repository/Page_register/textfield_nama' is present

2023-02-21 12:14:48 - [MESSAGE][PASSED] - Element 'Object Repository/Page_register/textfield_nama' is present

2023-02-21 12:14:48 - [TEST_STEP][PASSED] - verifyElementVisible(findTestObject("Page_register/textfield_nama"), 6): Element 'Object Repository/Page_register/textfield_nama' is visible

2023-02-21 12:14:48 - [MESSAGE][PASSED] - Element 'Object Repository/Page_register/textfield_nama' is visible

2023-02-21 12:14:48 - [TEST_STEP][PASSED] - waitForElementPresent(findTestObject("Page_register/text_email"), 6): Element 'Object Repository/Page_register/text_email' is present

2023-02-21 12:14:48 - [MESSAGE][PASSED] - Element 'Object Repository/Page_register/text_email' is present

2023-02-21 12:14:48 - [TEST_STEP][PASSED] - verifyElementVisible(findTestObject("Page_register/text_email"), 6): Element 'Object Repository/Page_register/text_email' is visible

2023-02-21 12:14:49 - [MESSAGE][PASSED] - Element 'Object Repository/Page_register/text_email' is visible

2023-02-21 12:14:49 - [TEST_STEP][PASSED] - waitForElementPresent(findTestObject("Page_register/textfield_email"), 6): Element 'Object Repository/Page_register/textfield_email' is present

2023-02-21 12:14:49 - [MESSAGE][PASSED] - Element 'Object Repository/Page_register/textfield_email' is present

2023-02-21 12:14:49 - [TEST_STEP][PASSED] - verifyElementVisible(findTestObject("Page_register/textfield_email"), 6): Element 'Object Repository/Page_register/textfield_email' is visible

2023-02-21 12:14:49 - [MESSAGE][PASSED] - Element 'Object Repository/Page_register/textfield_email' is visible

2023-02-21 12:14:49 - [TEST_STEP][PASSED] - waitForElementPresent(findTestObject("Page_register/text_password"), 6): Element 'Object Repository/Page_register/text_password' is present

2023-02-21 12:14:49 - [MESSAGE][PASSED] - Element 'Object Repository/Page_register/text_password' is present

2023-02-21 12:14:49 - [TEST_STEP][PASSED] - verifyElementVisible(findTestObject("Page_register/text_password"), 6): Element 'Object Repository/Page_register/text_password' is visible

2023-02-21 12:14:50 - [MESSAGE][PASSED] - Element 'Object Repository/Page_register/text_password' is visible

2023-02-21 12:14:50 - [TEST_STEP][PASSED] - waitForElementPresent(findTestObject("Page_register/textfield_password"), 6): Element 'Object Repository/Page_register/textfield_password' is present

2023-02-21 12:14:50 - [MESSAGE][PASSED] - Element 'Object Repository/Page_register/textfield_password' is present

2023-02-21 12:14:50 - [TEST_STEP][PASSED] - verifyElementVisible(findTestObject("Page_register/textfield_password"), 6): Element 'Object Repository/Page_register/textfield_password' is visible

2023-02-21 12:14:50 - [MESSAGE][PASSED] - Element 'Object Repository/Page_register/textfield_password' is visible

2023-02-21 12:14:50 - [TEST_STEP][PASSED] - waitForElementPresent(findTestObject("Page_register/icon_eyes_open"), 6): Element 'Object Repository/Page_register/icon_eyes_open' is present

2023-02-21 12:14:51 - [MESSAGE][PASSED] - Element 'Object Repository/Page_register/icon_eyes_open' is present

2023-02-21 12:14:51 - [TEST_STEP][PASSED] - verifyElementVisible(findTestObject("Page_register/icon_eyes_open"), 6): Element 'Object Repository/Page_register/icon_eyes_open' is visible

2023-02-21 12:14:51 - [MESSAGE][PASSED] - Element 'Object Repository/Page_register/icon_eyes_open' is visible

2023-02-21 12:14:51 - [TEST_STEP][PASSED] - waitForElementPresent(findTestObject("Page_register/text_nomor_hp"), 6): Element 'Object Repository/Page_register/text_nomor_hp' is present

2023-02-21 12:14:51 - [MESSAGE][PASSED] - Element 'Object Repository/Page_register/text_nomor_hp' is present

2023-02-21 12:14:51 - [TEST_STEP][PASSED] - verifyElementVisible(findTestObject("Page_register/text_nomor_hp"), 6): Element 'Object Repository/Page_register/text_nomor_hp' is visible

2023-02-21 12:14:51 - [MESSAGE][PASSED] - Element 'Object Repository/Page_register/text_nomor_hp' is visible

2023-02-21 12:14:51 - [TEST_STEP][PASSED] - waitForElementPresent(findTestObject("Page_register/textfield_nomor_hp"), 6): Element 'Object Repository/Page_register/textfield_nomor_hp' is present

2023-02-21 12:14:52 - [MESSAGE][PASSED] - Element 'Object Repository/Page_register/textfield_nomor_hp' is present

2023-02-21 12:14:52 - [TEST_STEP][PASSED] - verifyElementVisible(findTestObject("Page_register/textfield_nomor_hp"), 6): Element 'Object Repository/Page_register/textfield_nomor_hp' is visible

2023-02-21 12:14:52 - [MESSAGE][PASSED] - Element 'Object Repository/Page_register/textfield_nomor_hp' is visible

2023-02-21 12:14:52 - [TEST_STEP][PASSED] - waitForElementPresent(findTestObject("Page_register/text_kota"), 6): Element 'Object Repository/Page_register/text_kota' is present

2023-02-21 12:14:52 - [MESSAGE][PASSED] - Element 'Object Repository/Page_register/text_kota' is present

2023-02-21 12:14:52 - [TEST_STEP][PASSED] - verifyElementVisible(findTestObject("Page_register/text_kota"), 6): Element 'Object Repository/Page_register/text_kota' is visible

2023-02-21 12:14:52 - [MESSAGE][PASSED] - Element 'Object Repository/Page_register/text_kota' is visible

2023-02-21 12:14:52 - [TEST_STEP][PASSED] - waitForElementPresent(findTestObject("Page_register/textfield_kota"), 6): Element 'Object Repository/Page_register/textfield_kota' is present

2023-02-21 12:14:53 - [MESSAGE][PASSED] - Element 'Object Repository/Page_register/textfield_kota' is present

2023-02-21 12:14:53 - [TEST_STEP][PASSED] - verifyElementVisible(findTestObject("Page_register/textfield_kota"), 6): Element 'Object Repository/Page_register/textfield_kota' is visible

2023-02-21 12:14:53 - [MESSAGE][PASSED] - Element 'Object Repository/Page_register/textfield_kota' is visible

2023-02-21 12:14:53 - [TEST_STEP][PASSED] - waitForElementPresent(findTestObject("Page_register/text_alamat"), 6): Element 'Object Repository/Page_register/text_alamat' is present

2023-02-21 12:14:53 - [MESSAGE][PASSED] - Element 'Object Repository/Page_register/text_alamat' is present

2023-02-21 12:14:53 - [TEST_STEP][PASSED] - verifyElementVisible(findTestObject("Page_register/text_alamat"), 6): Element 'Object Repository/Page_register/text_alamat' is visible

2023-02-21 12:14:53 - [MESSAGE][PASSED] - Element 'Object Repository/Page_register/text_alamat' is visible

2023-02-21 12:14:53 - [TEST_STEP][PASSED] - waitForElementPresent(findTestObject("Page_register/textfield_alamat"), 6): Element 'Object Repository/Page_register/textfield_alamat' is present

2023-02-21 12:14:54 - [MESSAGE][PASSED] - Element 'Object Repository/Page_register/textfield_alamat' is present

2023-02-21 12:14:54 - [TEST_STEP][PASSED] - verifyElementVisible(findTestObject("Page_register/textfield_alamat"), 6): Element 'Object Repository/Page_register/textfield_alamat' is visible

2023-02-21 12:14:54 - [MESSAGE][PASSED] - Element 'Object Repository/Page_register/textfield_alamat' is visible

2023-02-21 12:14:54 - [TEST_STEP][PASSED] - waitForElementPresent(findTestObject("Page_register/btn_daftar"), 6): Element 'Object Repository/Page_register/btn_daftar' is present

2023-02-21 12:14:54 - [MESSAGE][PASSED] - Element 'Object Repository/Page_register/btn_daftar' is present

2023-02-21 12:14:54 - [TEST_STEP][PASSED] - verifyElementVisible(findTestObject("Page_register/btn_daftar"), 6): Element 'Object Repository/Page_register/btn_daftar' is visible

2023-02-21 12:14:54 - [MESSAGE][PASSED] - Element 'Object Repository/Page_register/btn_daftar' is visible

2023-02-21 12:14:54 - [MESSAGE][PASSED] - Call Test Case 'Test Cases/Pages/Page_register/Verify Content' successfully

2023-02-21 12:14:54 - [TEST_STEP][PASSED] - callTestCase(findTestCase("Pages/Page_register/Click Daftar"), [:], STOP_ON_FAILURE): Call Test Case 'Test Cases/Pages/Page_register/Click Daftar' successfully

2023-02-21 12:14:55 - [TEST_CASE][PASSED] - Test Cases/Pages/Page_register/Click Daftar: Test Cases/Pages/Page_register/Click Daftar

2023-02-21 12:14:55 - [TEST_STEP][PASSED] - waitForElementPresent(findTestObject("Page_register/btn_daftar"), 2): Element 'Object Repository/Page_register/btn_daftar' is present

2023-02-21 12:14:55 - [MESSAGE][PASSED] - Element 'Object Repository/Page_register/btn_daftar' is present

2023-02-21 12:14:55 - [TEST_STEP][PASSED] - tap(findTestObject("Page_register/btn_daftar"), 2): Tapped on element 'Object Repository/Page_register/btn_daftar'

2023-02-21 12:14:55 - [MESSAGE][PASSED] - Tapped on element 'Object Repository/Page_register/btn_daftar'

2023-02-21 12:14:55 - [MESSAGE][PASSED] - Call Test Case 'Test Cases/Pages/Page_register/Click Daftar' successfully

2023-02-21 12:14:55 - [TEST_STEP][PASSED] - delay(5, STOP_ON_FAILURE): Delayed 5 second(s)

2023-02-21 12:15:00 - [MESSAGE][PASSED] - Delayed 5 second(s)

2023-02-21 12:15:00 - [TEST_STEP][PASSED] - callTestCase(findTestCase("Pages/Page_home/Navigate to Menu Akun"), [:], STOP_ON_FAILURE): Call Test Case 'Test Cases/Pages/Page_home/Navigate to Menu Akun' successfully

2023-02-21 12:15:00 - [TEST_CASE][PASSED] - Test Cases/Pages/Page_home/Navigate to Menu Akun: Test Cases/Pages/Page_home/Navigate to Menu Akun

2023-02-21 12:15:00 - [TEST_STEP][PASSED] - waitForElementPresent(findTestObject("Page_home/nav_menu_akun"), 2): Element 'Object Repository/Page_home/nav_menu_akun' is present

2023-02-21 12:15:02 - [MESSAGE][PASSED] - Element 'Object Repository/Page_home/nav_menu_akun' is present

2023-02-21 12:15:02 - [TEST_STEP][PASSED] - tap(findTestObject("Page_home/nav_menu_akun"), 2): Tapped on element 'Object Repository/Page_home/nav_menu_akun'

2023-02-21 12:15:05 - [MESSAGE][PASSED] - Tapped on element 'Object Repository/Page_home/nav_menu_akun'

2023-02-21 12:15:05 - [MESSAGE][PASSED] - Call Test Case 'Test Cases/Pages/Page_home/Navigate to Menu Akun' successfully

2023-02-21 12:15:05 - [TEST_STEP][PASSED] - callTestCase(findTestCase("Pages/Page_akun/Log Out Account"), [:], STOP_ON_FAILURE): Call Test Case 'Test Cases/Pages/Page_akun/Log Out Account' successfully

2023-02-21 12:15:05 - [TEST_CASE][PASSED] - Test Cases/Pages/Page_akun/Log Out Account: Test Cases/Pages/Page_akun/Log Out Account

2023-02-21 12:15:05 - [TEST_STEP][PASSED] - callTestCase(findTestCase("Pages/Page_home/Navigate to Menu Akun"), [:], STOP_ON_FAILURE): Call Test Case 'Test Cases/Pages/Page_home/Navigate to Menu Akun' successfully

2023-02-21 12:15:05 - [TEST_CASE][PASSED] - Test Cases/Pages/Page_home/Navigate to Menu Akun: Test Cases/Pages/Page_home/Navigate to Menu Akun

2023-02-21 12:15:05 - [TEST_STEP][PASSED] - waitForElementPresent(findTestObject("Page_home/nav_menu_akun"), 2): Element 'Object Repository/Page_home/nav_menu_akun' is present

2023-02-21 12:15:07 - [MESSAGE][PASSED] - Element 'Object Repository/Page_home/nav_menu_akun' is present

2023-02-21 12:15:07 - [TEST_STEP][PASSED] - tap(findTestObject("Page_home/nav_menu_akun"), 2): Tapped on element 'Object Repository/Page_home/nav_menu_akun'

2023-02-21 12:15:09 - [MESSAGE][PASSED] - Tapped on element 'Object Repository/Page_home/nav_menu_akun'

2023-02-21 12:15:09 - [MESSAGE][PASSED] - Call Test Case 'Test Cases/Pages/Page_home/Navigate to Menu Akun' successfully

2023-02-21 12:15:09 - [TEST_STEP][PASSED] - callTestCase(findTestCase("Pages/Page_home/Click button log out"), [:], STOP_ON_FAILURE): Call Test Case 'Test Cases/Pages/Page_home/Click button log out' successfully

2023-02-21 12:15:09 - [TEST_CASE][PASSED] - Test Cases/Pages/Page_home/Click button log out: Test Cases/Pages/Page_home/Click button log out

2023-02-21 12:15:09 - [TEST_STEP][PASSED] - verifyElementVisible(findTestObject("Page_home/btn_keluar"), 2): Element 'Object Repository/Page_home/btn_keluar' is visible

2023-02-21 12:15:10 - [MESSAGE][PASSED] - Element 'Object Repository/Page_home/btn_keluar' is visible

2023-02-21 12:15:10 - [TEST_STEP][PASSED] - checkElement(findTestObject("Page_home/btn_keluar"), 2): Element 'Object Repository/Page_home/btn_keluar' is checked

2023-02-21 12:15:10 - [MESSAGE][PASSED] - Element 'Object Repository/Page_home/btn_keluar' is checked

2023-02-21 12:15:10 - [MESSAGE][PASSED] - Call Test Case 'Test Cases/Pages/Page_home/Click button log out' successfully

2023-02-21 12:15:10 - [MESSAGE][PASSED] - Call Test Case 'Test Cases/Pages/Page_akun/Log Out Account' successfully]]></system-out>
         <system-err><![CDATA[]]></system-err>
      </testcase>
      <system-out><![CDATA[2023-02-21 12:07:03 - [TEST_SUITE][PASSED] - Feature Register: Test Cases/Step Definition/Feature Register/RGT012 - User want to register by hide his password]]></system-out>
      <system-err><![CDATA[]]></system-err>
   </testsuite>
</testsuites>
