<?xml version="1.0" encoding="UTF-8"?>
<testsuites name="Feature Seller List" time="59.608" tests="3" failures="0" errors="0">
   <testsuite name="Feature Seller List" tests="3" failures="0" errors="0" time="59.608" skipped="0" timestamp="2023-02-21 12:27:23" hostname="ADITIA ARGA PRATAMA - LAPTOP-L0K8P5OF" id="Test Suites/Feature Seller List">
      <properties>
         <property name="deviceName" value="samsung SM-A525F (Android 13)"/>
         <property name="devicePlatform" value=""/>
         <property name="logFolder" value="D:\\android-automation-testing-kelompok-1.git\\Reports\\20230221_120605\\Feature Seller List\\20230221_120623"/>
         <property name="logFiles" value="D:\\android-automation-testing-kelompok-1.git\\Reports\\20230221_120605\\Feature Seller List\\20230221_120623\\appium.log, D:\\android-automation-testing-kelompok-1.git\\Reports\\20230221_120605\\Feature Seller List\\20230221_120623\\execution0.log"/>
         <property name="attachments" value=""/>
         <property name="hostName" value="ADITIA ARGA PRATAMA - LAPTOP-L0K8P5OF"/>
         <property name="os" value="Windows 10 64bit"/>
         <property name="appiumServerStatus" value="{&quot;value&quot;:{&quot;build&quot;:{&quot;version&quot;:&quot;1.22.3&quot;}},&quot;sessionId&quot;:null,&quot;status&quot;:0}"/>
         <property name="katalonVersion" value="8.5.5.208"/>
         <property name="deviceOS" value="Android"/>
         <property name="appiumVersion" value="1.22.3"/>
         <property name="deviceModel" value="SM-A525F"/>
         <property name="hostAddress" value="192.168.0.139"/>
         <property name="deviceManufacturer" value="samsung"/>
         <property name="deviceId" value="RR8R602SN8Y"/>
         <property name="deviceName" value="samsung SM-A525F (Android 13)"/>
         <property name="deviceOSVersion" value="13"/>
      </properties>
      <testcase name="Test Cases/Step Definition/Feature Seller List/SLL001 - All Product" time="31.71" classname="Test Cases/Step Definition/Feature Seller List/SLL001 - All Product" status="PASSED">
         <system-out><![CDATA[2023-02-21 12:27:35 - [TEST_CASE][PASSED] - Test Cases/Step Definition/Feature Seller List/SLL001 - All Product: Test Cases/Step Definition/Feature Seller List/SLL001 - All Product

2023-02-21 12:27:35 - [TEST_STEP][PASSED] - callTestCase(findTestCase("Pages/Page_home/Navigate to Menu Akun"), [:], STOP_ON_FAILURE): Call Test Case 'Test Cases/Pages/Page_home/Navigate to Menu Akun' successfully

2023-02-21 12:27:35 - [TEST_CASE][PASSED] - Test Cases/Pages/Page_home/Navigate to Menu Akun: Test Cases/Pages/Page_home/Navigate to Menu Akun

2023-02-21 12:27:35 - [TEST_STEP][PASSED] - waitForElementPresent(findTestObject("Page_home/nav_menu_akun"), 2): Element 'Object Repository/Page_home/nav_menu_akun' is present

2023-02-21 12:27:38 - [MESSAGE][PASSED] - Element 'Object Repository/Page_home/nav_menu_akun' is present

2023-02-21 12:27:38 - [TEST_STEP][PASSED] - tap(findTestObject("Page_home/nav_menu_akun"), 2): Tapped on element 'Object Repository/Page_home/nav_menu_akun'

2023-02-21 12:27:40 - [MESSAGE][PASSED] - Tapped on element 'Object Repository/Page_home/nav_menu_akun'

2023-02-21 12:27:40 - [MESSAGE][PASSED] - Call Test Case 'Test Cases/Pages/Page_home/Navigate to Menu Akun' successfully

2023-02-21 12:27:40 - [TEST_STEP][PASSED] - callTestCase(findTestCase("Pages/Page_login/Navigate to Login Page"), [:], STOP_ON_FAILURE): Call Test Case 'Test Cases/Pages/Page_login/Navigate to Login Page' successfully

2023-02-21 12:27:40 - [TEST_CASE][PASSED] - Test Cases/Pages/Page_login/Navigate to Login Page: Test Cases/Pages/Page_login/Navigate to Login Page

2023-02-21 12:27:40 - [TEST_STEP][PASSED] - startApplication("APK/app-release.apk", false): Started app at: 'D:\android-automation-testing-kelompok-1.git\APK\app-release.apk'

2023-02-21 12:27:48 - [MESSAGE][PASSED] - Started app at: 'D:\android-automation-testing-kelompok-1.git\APK\app-release.apk'

2023-02-21 12:27:48 - [TEST_STEP][PASSED] - tap(findTestObject("Page_home/nav_menu_akun"), 2): Tapped on element 'Object Repository/Page_home/nav_menu_akun'

2023-02-21 12:27:51 - [MESSAGE][PASSED] - Tapped on element 'Object Repository/Page_home/nav_menu_akun'

2023-02-21 12:27:51 - [TEST_STEP][PASSED] - tap(findTestObject("Page_home/btn_masuk"), 2): Tapped on element 'Object Repository/Page_home/btn_masuk'

2023-02-21 12:27:51 - [MESSAGE][PASSED] - Tapped on element 'Object Repository/Page_home/btn_masuk'

2023-02-21 12:27:51 - [MESSAGE][PASSED] - Call Test Case 'Test Cases/Pages/Page_login/Navigate to Login Page' successfully

2023-02-21 12:27:51 - [TEST_STEP][PASSED] - callTestCase(findTestCase("Pages/Page_login/Input Email"), ["email":"Putriyulina45@gmail.com"], STOP_ON_FAILURE): Call Test Case 'Test Cases/Pages/Page_login/Input Email' successfully

2023-02-21 12:27:52 - [TEST_CASE][PASSED] - Test Cases/Pages/Page_login/Input Email: Test Cases/Pages/Page_login/Input Email

2023-02-21 12:27:52 - [TEST_STEP][PASSED] - clearText(findTestObject("Page_login/textfield_email"), 3): Element 'Object Repository/Page_login/textfield_email' text is cleared

2023-02-21 12:27:53 - [MESSAGE][PASSED] - Element 'Object Repository/Page_login/textfield_email' text is cleared

2023-02-21 12:27:53 - [TEST_STEP][PASSED] - setText(findTestObject("Page_login/textfield_email"), email, 0): Text 'Putriyulina45@gmail.com' has been set to element 'Object Repository/Page_login/textfield_email'

2023-02-21 12:27:53 - [MESSAGE][WARNING] - Timeout '0' is invalid. Using default page load timeout: '30'

2023-02-21 12:27:55 - [MESSAGE][PASSED] - Text 'Putriyulina45@gmail.com' has been set to element 'Object Repository/Page_login/textfield_email'

2023-02-21 12:27:55 - [MESSAGE][PASSED] - Call Test Case 'Test Cases/Pages/Page_login/Input Email' successfully

2023-02-21 12:27:55 - [TEST_STEP][PASSED] - callTestCase(findTestCase("Pages/Page_login/Input Password"), ["password":"Puyulputriyulina123"], STOP_ON_FAILURE): Call Test Case 'Test Cases/Pages/Page_login/Input Password' successfully

2023-02-21 12:27:55 - [TEST_CASE][PASSED] - Test Cases/Pages/Page_login/Input Password: Test Cases/Pages/Page_login/Input Password

2023-02-21 12:27:55 - [TEST_STEP][PASSED] - clearText(findTestObject("Page_login/textfield_password"), 3): Element 'Object Repository/Page_login/textfield_password' text is cleared

2023-02-21 12:27:55 - [MESSAGE][PASSED] - Element 'Object Repository/Page_login/textfield_password' text is cleared

2023-02-21 12:27:55 - [TEST_STEP][PASSED] - setText(findTestObject("Page_login/textfield_password"), password, 0): Text 'Puyulputriyulina123' has been set to element 'Object Repository/Page_login/textfield_password'

2023-02-21 12:27:55 - [MESSAGE][WARNING] - Timeout '0' is invalid. Using default page load timeout: '30'

2023-02-21 12:27:57 - [MESSAGE][PASSED] - Text 'Puyulputriyulina123' has been set to element 'Object Repository/Page_login/textfield_password'

2023-02-21 12:27:57 - [MESSAGE][PASSED] - Call Test Case 'Test Cases/Pages/Page_login/Input Password' successfully

2023-02-21 12:27:57 - [TEST_STEP][PASSED] - callTestCase(findTestCase("Pages/Page_login/Click Masuk"), [:], STOP_ON_FAILURE): Call Test Case 'Test Cases/Pages/Page_login/Click Masuk' successfully

2023-02-21 12:27:57 - [TEST_CASE][PASSED] - Test Cases/Pages/Page_login/Click Masuk: Test Cases/Pages/Page_login/Click Masuk

2023-02-21 12:27:57 - [TEST_STEP][PASSED] - waitForElementPresent(findTestObject("Page_login/btn_login"), 2): Element 'Object Repository/Page_login/btn_login' is present

2023-02-21 12:27:58 - [MESSAGE][PASSED] - Element 'Object Repository/Page_login/btn_login' is present

2023-02-21 12:27:58 - [TEST_STEP][PASSED] - tap(findTestObject("Page_login/btn_login"), 2): Tapped on element 'Object Repository/Page_login/btn_login'

2023-02-21 12:27:58 - [MESSAGE][PASSED] - Tapped on element 'Object Repository/Page_login/btn_login'

2023-02-21 12:27:58 - [MESSAGE][PASSED] - Call Test Case 'Test Cases/Pages/Page_login/Click Masuk' successfully

2023-02-21 12:27:58 - [TEST_STEP][PASSED] - callTestCase(findTestCase("Pages/Page_home/Navigate to Menu Akun"), [:], STOP_ON_FAILURE): Call Test Case 'Test Cases/Pages/Page_home/Navigate to Menu Akun' successfully

2023-02-21 12:27:59 - [TEST_CASE][PASSED] - Test Cases/Pages/Page_home/Navigate to Menu Akun: Test Cases/Pages/Page_home/Navigate to Menu Akun

2023-02-21 12:27:59 - [TEST_STEP][PASSED] - waitForElementPresent(findTestObject("Page_home/nav_menu_akun"), 2): Element 'Object Repository/Page_home/nav_menu_akun' is present

2023-02-21 12:28:01 - [MESSAGE][PASSED] - Element 'Object Repository/Page_home/nav_menu_akun' is present

2023-02-21 12:28:01 - [TEST_STEP][PASSED] - tap(findTestObject("Page_home/nav_menu_akun"), 2): Tapped on element 'Object Repository/Page_home/nav_menu_akun'

2023-02-21 12:28:04 - [MESSAGE][PASSED] - Tapped on element 'Object Repository/Page_home/nav_menu_akun'

2023-02-21 12:28:04 - [MESSAGE][PASSED] - Call Test Case 'Test Cases/Pages/Page_home/Navigate to Menu Akun' successfully

2023-02-21 12:28:04 - [TEST_STEP][PASSED] - callTestCase(findTestCase("Pages/Page_seller_list/Navigate to Daftar Jual"), [:], STOP_ON_FAILURE): Call Test Case 'Test Cases/Pages/Page_seller_list/Navigate to Daftar Jual' successfully

2023-02-21 12:28:04 - [TEST_CASE][PASSED] - Test Cases/Pages/Page_seller_list/Navigate to Daftar Jual: Test Cases/Pages/Page_seller_list/Navigate to Daftar Jual

2023-02-21 12:28:04 - [TEST_STEP][PASSED] - waitForElementPresent(findTestObject("Page_seller_list/viewgroup_daftar_jual"), 3): Element 'Object Repository/Page_seller_list/viewgroup_daftar_jual' is present

2023-02-21 12:28:05 - [MESSAGE][PASSED] - Element 'Object Repository/Page_seller_list/viewgroup_daftar_jual' is present

2023-02-21 12:28:05 - [TEST_STEP][PASSED] - tap(findTestObject("Page_seller_list/viewgroup_daftar_jual"), 0): Tapped on element 'Object Repository/Page_seller_list/viewgroup_daftar_jual'

2023-02-21 12:28:05 - [MESSAGE][WARNING] - Timeout '0' is invalid. Using default page load timeout: '30'

2023-02-21 12:28:05 - [MESSAGE][PASSED] - Tapped on element 'Object Repository/Page_seller_list/viewgroup_daftar_jual'

2023-02-21 12:28:05 - [MESSAGE][PASSED] - Call Test Case 'Test Cases/Pages/Page_seller_list/Navigate to Daftar Jual' successfully

2023-02-21 12:28:05 - [TEST_STEP][PASSED] - callTestCase(findTestCase("Pages/Page_seller_list/Verify All Product"), [:], STOP_ON_FAILURE): Call Test Case 'Test Cases/Pages/Page_seller_list/Verify All Product' successfully

2023-02-21 12:28:05 - [TEST_CASE][PASSED] - Test Cases/Pages/Page_seller_list/Verify All Product: Test Cases/Pages/Page_seller_list/Verify All Product

2023-02-21 12:28:06 - [TEST_STEP][PASSED] - waitForElementPresent(findTestObject("Page_seller_list/layout_produk"), 3): Element 'Object Repository/Page_seller_list/layout_produk' is present

2023-02-21 12:28:06 - [MESSAGE][PASSED] - Element 'Object Repository/Page_seller_list/layout_produk' is present

2023-02-21 12:28:06 - [TEST_STEP][PASSED] - verifyElementAttributeValue(findTestObject("Page_seller_list/layout_produk"), "selected", "true", 0): Object 'Object Repository/Page_seller_list/layout_produk' has attribute 'selected' with value 'true'

2023-02-21 12:28:06 - [MESSAGE][WARNING] - Timeout '0' is invalid. Using default page load timeout: '30'

2023-02-21 12:28:06 - [MESSAGE][PASSED] - Object 'Object Repository/Page_seller_list/layout_produk' has attribute 'selected' with value 'true'

2023-02-21 12:28:06 - [MESSAGE][PASSED] - Call Test Case 'Test Cases/Pages/Page_seller_list/Verify All Product' successfully]]></system-out>
         <system-err><![CDATA[]]></system-err>
      </testcase>
      <testcase name="Test Cases/Step Definition/Feature Seller List/SLL002 - List Diminati" time="4.422" classname="Test Cases/Step Definition/Feature Seller List/SLL002 - List Diminati" status="PASSED">
         <system-out><![CDATA[2023-02-21 12:28:06 - [TEST_CASE][PASSED] - Test Cases/Step Definition/Feature Seller List/SLL002 - List Diminati: Test Cases/Step Definition/Feature Seller List/SLL002 - List Diminati

2023-02-21 12:28:07 - [TEST_STEP][PASSED] - callTestCase(findTestCase("Pages/Page_seller_list/Click Diminati"), [:], STOP_ON_FAILURE): Call Test Case 'Test Cases/Pages/Page_seller_list/Click Diminati' successfully

2023-02-21 12:28:07 - [TEST_CASE][PASSED] - Test Cases/Pages/Page_seller_list/Click Diminati: Test Cases/Pages/Page_seller_list/Click Diminati

2023-02-21 12:28:07 - [TEST_STEP][PASSED] - waitForElementPresent(findTestObject("Page_seller_list/layout_diminati"), 3): Element 'Object Repository/Page_seller_list/layout_diminati' is present

2023-02-21 12:28:08 - [MESSAGE][PASSED] - Element 'Object Repository/Page_seller_list/layout_diminati' is present

2023-02-21 12:28:08 - [TEST_STEP][PASSED] - tap(findTestObject("Page_seller_list/layout_diminati"), 0): Tapped on element 'Object Repository/Page_seller_list/layout_diminati'

2023-02-21 12:28:08 - [MESSAGE][WARNING] - Timeout '0' is invalid. Using default page load timeout: '30'

2023-02-21 12:28:09 - [MESSAGE][PASSED] - Tapped on element 'Object Repository/Page_seller_list/layout_diminati'

2023-02-21 12:28:09 - [MESSAGE][PASSED] - Call Test Case 'Test Cases/Pages/Page_seller_list/Click Diminati' successfully

2023-02-21 12:28:09 - [TEST_STEP][PASSED] - callTestCase(findTestCase("Pages/Page_seller_list/Verify List Diminati"), [:], STOP_ON_FAILURE): Call Test Case 'Test Cases/Pages/Page_seller_list/Verify List Diminati' successfully

2023-02-21 12:28:09 - [TEST_CASE][PASSED] - Test Cases/Pages/Page_seller_list/Verify List Diminati: Test Cases/Pages/Page_seller_list/Verify List Diminati

2023-02-21 12:28:09 - [TEST_STEP][PASSED] - verifyElementAttributeValue(findTestObject("Page_seller_list/layout_diminati"), "selected", "true", 0): Object 'Object Repository/Page_seller_list/layout_diminati' has attribute 'selected' with value 'true'

2023-02-21 12:28:09 - [MESSAGE][WARNING] - Timeout '0' is invalid. Using default page load timeout: '30'

2023-02-21 12:28:11 - [MESSAGE][PASSED] - Object 'Object Repository/Page_seller_list/layout_diminati' has attribute 'selected' with value 'true'

2023-02-21 12:28:11 - [MESSAGE][PASSED] - Call Test Case 'Test Cases/Pages/Page_seller_list/Verify List Diminati' successfully]]></system-out>
         <system-err><![CDATA[]]></system-err>
      </testcase>
      <testcase name="Test Cases/Step Definition/Feature Seller List/SLL003 - List Terjual" time="11.629" classname="Test Cases/Step Definition/Feature Seller List/SLL003 - List Terjual" status="PASSED">
         <system-out><![CDATA[2023-02-21 12:28:11 - [TEST_CASE][PASSED] - Test Cases/Step Definition/Feature Seller List/SLL003 - List Terjual: Test Cases/Step Definition/Feature Seller List/SLL003 - List Terjual

2023-02-21 12:28:11 - [TEST_STEP][PASSED] - callTestCase(findTestCase("Pages/Page_seller_list/Click Terjual"), [:], STOP_ON_FAILURE): Call Test Case 'Test Cases/Pages/Page_seller_list/Click Terjual' successfully

2023-02-21 12:28:11 - [TEST_CASE][PASSED] - Test Cases/Pages/Page_seller_list/Click Terjual: Test Cases/Pages/Page_seller_list/Click Terjual

2023-02-21 12:28:11 - [TEST_STEP][PASSED] - waitForElementPresent(findTestObject("Page_seller_list/layout_terjual"), 3): Element 'Object Repository/Page_seller_list/layout_terjual' is present

2023-02-21 12:28:12 - [MESSAGE][PASSED] - Element 'Object Repository/Page_seller_list/layout_terjual' is present

2023-02-21 12:28:12 - [TEST_STEP][PASSED] - tap(findTestObject("Page_seller_list/layout_terjual"), 0): Tapped on element 'Object Repository/Page_seller_list/layout_terjual'

2023-02-21 12:28:12 - [MESSAGE][WARNING] - Timeout '0' is invalid. Using default page load timeout: '30'

2023-02-21 12:28:12 - [MESSAGE][PASSED] - Tapped on element 'Object Repository/Page_seller_list/layout_terjual'

2023-02-21 12:28:12 - [MESSAGE][PASSED] - Call Test Case 'Test Cases/Pages/Page_seller_list/Click Terjual' successfully

2023-02-21 12:28:12 - [TEST_STEP][PASSED] - callTestCase(findTestCase("Pages/Page_seller_list/Verify List Terjual"), [:], STOP_ON_FAILURE): Call Test Case 'Test Cases/Pages/Page_seller_list/Verify List Terjual' successfully

2023-02-21 12:28:12 - [TEST_CASE][PASSED] - Test Cases/Pages/Page_seller_list/Verify List Terjual: Test Cases/Pages/Page_seller_list/Verify List Terjual

2023-02-21 12:28:12 - [TEST_STEP][PASSED] - verifyElementAttributeValue(findTestObject("Page_seller_list/layout_terjual"), "selected", "true", 0): Object 'Object Repository/Page_seller_list/layout_terjual' has attribute 'selected' with value 'true'

2023-02-21 12:28:12 - [MESSAGE][WARNING] - Timeout '0' is invalid. Using default page load timeout: '30'

2023-02-21 12:28:13 - [MESSAGE][PASSED] - Object 'Object Repository/Page_seller_list/layout_terjual' has attribute 'selected' with value 'true'

2023-02-21 12:28:13 - [MESSAGE][PASSED] - Call Test Case 'Test Cases/Pages/Page_seller_list/Verify List Terjual' successfully

2023-02-21 12:28:13 - [TEST_STEP][PASSED] - callTestCase(findTestCase("Pages/Page_daftarjual/Back To Akun Menu"), [:], STOP_ON_FAILURE): Call Test Case 'Test Cases/Pages/Page_daftarjual/Back To Akun Menu' successfully

2023-02-21 12:28:13 - [TEST_CASE][PASSED] - Test Cases/Pages/Page_daftarjual/Back To Akun Menu: Test Cases/Pages/Page_daftarjual/Back To Akun Menu

2023-02-21 12:28:13 - [TEST_STEP][PASSED] - waitForElementPresent(findTestObject("Page_daftarjual/btn_back_daftarjual_to_menu_Akun"), 3): Element 'Object Repository/Page_daftarjual/btn_back_daftarjual_to_menu_Akun' is present

2023-02-21 12:28:14 - [MESSAGE][PASSED] - Element 'Object Repository/Page_daftarjual/btn_back_daftarjual_to_menu_Akun' is present

2023-02-21 12:28:14 - [TEST_STEP][PASSED] - tap(findTestObject("Page_daftarjual/btn_back_daftarjual_to_menu_Akun"), 3): Tapped on element 'Object Repository/Page_daftarjual/btn_back_daftarjual_to_menu_Akun'

2023-02-21 12:28:15 - [MESSAGE][PASSED] - Tapped on element 'Object Repository/Page_daftarjual/btn_back_daftarjual_to_menu_Akun'

2023-02-21 12:28:15 - [MESSAGE][PASSED] - Call Test Case 'Test Cases/Pages/Page_daftarjual/Back To Akun Menu' successfully

2023-02-21 12:28:15 - [TEST_STEP][PASSED] - callTestCase(findTestCase("Pages/Page_akun/Log Out Account"), [:], STOP_ON_FAILURE): Call Test Case 'Test Cases/Pages/Page_akun/Log Out Account' successfully

2023-02-21 12:28:15 - [TEST_CASE][PASSED] - Test Cases/Pages/Page_akun/Log Out Account: Test Cases/Pages/Page_akun/Log Out Account

2023-02-21 12:28:15 - [TEST_STEP][PASSED] - callTestCase(findTestCase("Pages/Page_home/Navigate to Menu Akun"), [:], STOP_ON_FAILURE): Call Test Case 'Test Cases/Pages/Page_home/Navigate to Menu Akun' successfully

2023-02-21 12:28:15 - [TEST_CASE][PASSED] - Test Cases/Pages/Page_home/Navigate to Menu Akun: Test Cases/Pages/Page_home/Navigate to Menu Akun

2023-02-21 12:28:15 - [TEST_STEP][PASSED] - waitForElementPresent(findTestObject("Page_home/nav_menu_akun"), 2): Element 'Object Repository/Page_home/nav_menu_akun' is present

2023-02-21 12:28:17 - [MESSAGE][PASSED] - Element 'Object Repository/Page_home/nav_menu_akun' is present

2023-02-21 12:28:17 - [TEST_STEP][PASSED] - tap(findTestObject("Page_home/nav_menu_akun"), 2): Tapped on element 'Object Repository/Page_home/nav_menu_akun'

2023-02-21 12:28:20 - [MESSAGE][PASSED] - Tapped on element 'Object Repository/Page_home/nav_menu_akun'

2023-02-21 12:28:20 - [MESSAGE][PASSED] - Call Test Case 'Test Cases/Pages/Page_home/Navigate to Menu Akun' successfully

2023-02-21 12:28:20 - [TEST_STEP][PASSED] - callTestCase(findTestCase("Pages/Page_home/Click button log out"), [:], STOP_ON_FAILURE): Call Test Case 'Test Cases/Pages/Page_home/Click button log out' successfully

2023-02-21 12:28:20 - [TEST_CASE][PASSED] - Test Cases/Pages/Page_home/Click button log out: Test Cases/Pages/Page_home/Click button log out

2023-02-21 12:28:20 - [TEST_STEP][PASSED] - verifyElementVisible(findTestObject("Page_home/btn_keluar"), 2): Element 'Object Repository/Page_home/btn_keluar' is visible

2023-02-21 12:28:21 - [MESSAGE][PASSED] - Element 'Object Repository/Page_home/btn_keluar' is visible

2023-02-21 12:28:21 - [TEST_STEP][PASSED] - checkElement(findTestObject("Page_home/btn_keluar"), 2): Element 'Object Repository/Page_home/btn_keluar' is checked

2023-02-21 12:28:23 - [MESSAGE][PASSED] - Element 'Object Repository/Page_home/btn_keluar' is checked

2023-02-21 12:28:23 - [MESSAGE][PASSED] - Call Test Case 'Test Cases/Pages/Page_home/Click button log out' successfully

2023-02-21 12:28:23 - [MESSAGE][PASSED] - Call Test Case 'Test Cases/Pages/Page_akun/Log Out Account' successfully]]></system-out>
         <system-err><![CDATA[]]></system-err>
      </testcase>
      <system-out><![CDATA[2023-02-21 12:27:23 - [TEST_SUITE][PASSED] - Feature Seller List: Test Cases/Step Definition/Feature Seller List/SLL003 - List Terjual]]></system-out>
      <system-err><![CDATA[]]></system-err>
   </testsuite>
</testsuites>
