<?xml version="1.0" encoding="UTF-8"?>
<testsuites name="Feature Logout" time="36.103" tests="1" failures="0" errors="0">
   <testsuite name="Feature Logout" tests="1" failures="0" errors="0" time="36.103" skipped="0" timestamp="2023-02-21 12:20:01" hostname="ADITIA ARGA PRATAMA - LAPTOP-L0K8P5OF" id="Test Suites/Feature Logout">
      <properties>
         <property name="deviceName" value="samsung SM-A525F (Android 13)"/>
         <property name="devicePlatform" value=""/>
         <property name="logFolder" value="D:\\android-automation-testing-kelompok-1.git\\Reports\\20230221_120605\\Feature Logout\\20230221_120613"/>
         <property name="logFiles" value="D:\\android-automation-testing-kelompok-1.git\\Reports\\20230221_120605\\Feature Logout\\20230221_120613\\appium.log, D:\\android-automation-testing-kelompok-1.git\\Reports\\20230221_120605\\Feature Logout\\20230221_120613\\execution0.log"/>
         <property name="attachments" value=""/>
         <property name="hostName" value="ADITIA ARGA PRATAMA - LAPTOP-L0K8P5OF"/>
         <property name="os" value="Windows 10 64bit"/>
         <property name="appiumServerStatus" value="{&quot;value&quot;:{&quot;build&quot;:{&quot;version&quot;:&quot;1.22.3&quot;}},&quot;sessionId&quot;:null,&quot;status&quot;:0}"/>
         <property name="katalonVersion" value="8.5.5.208"/>
         <property name="deviceOS" value="Android"/>
         <property name="appiumVersion" value="1.22.3"/>
         <property name="deviceModel" value="SM-A525F"/>
         <property name="hostAddress" value="192.168.0.139"/>
         <property name="deviceManufacturer" value="samsung"/>
         <property name="deviceId" value="RR8R602SN8Y"/>
         <property name="deviceName" value="samsung SM-A525F (Android 13)"/>
         <property name="deviceOSVersion" value="13"/>
      </properties>
      <testcase name="Test Cases/Step Definition/Feature Logout/LGO001 - User wants to log out from his account" time="24.377" classname="Test Cases/Step Definition/Feature Logout/LGO001 - User wants to log out from his account" status="PASSED">
         <system-out><![CDATA[2023-02-21 12:20:13 - [TEST_CASE][PASSED] - Test Cases/Step Definition/Feature Logout/LGO001 - User wants to log out from his account: Test Cases/Step Definition/Feature Logout/LGO001 - User wants to log out from his account

2023-02-21 12:20:13 - [TEST_STEP][PASSED] - callTestCase(findTestCase("Pages/Page_login/Navigate to Login Page"), [:], STOP_ON_FAILURE): Call Test Case 'Test Cases/Pages/Page_login/Navigate to Login Page' successfully

2023-02-21 12:20:14 - [TEST_CASE][PASSED] - Test Cases/Pages/Page_login/Navigate to Login Page: Test Cases/Pages/Page_login/Navigate to Login Page

2023-02-21 12:20:14 - [TEST_STEP][PASSED] - startApplication("APK/app-release.apk", false): Started app at: 'D:\android-automation-testing-kelompok-1.git\APK\app-release.apk'

2023-02-21 12:20:22 - [MESSAGE][PASSED] - Started app at: 'D:\android-automation-testing-kelompok-1.git\APK\app-release.apk'

2023-02-21 12:20:22 - [TEST_STEP][PASSED] - tap(findTestObject("Page_home/nav_menu_akun"), 2): Tapped on element 'Object Repository/Page_home/nav_menu_akun'

2023-02-21 12:20:24 - [MESSAGE][PASSED] - Tapped on element 'Object Repository/Page_home/nav_menu_akun'

2023-02-21 12:20:24 - [TEST_STEP][PASSED] - tap(findTestObject("Page_home/btn_masuk"), 2): Tapped on element 'Object Repository/Page_home/btn_masuk'

2023-02-21 12:20:25 - [MESSAGE][PASSED] - Tapped on element 'Object Repository/Page_home/btn_masuk'

2023-02-21 12:20:25 - [MESSAGE][PASSED] - Call Test Case 'Test Cases/Pages/Page_login/Navigate to Login Page' successfully

2023-02-21 12:20:25 - [TEST_STEP][PASSED] - callTestCase(findTestCase("Pages/Page_login/Verify Content"), [:], STOP_ON_FAILURE): Call Test Case 'Test Cases/Pages/Page_login/Verify Content' successfully

2023-02-21 12:20:25 - [TEST_CASE][PASSED] - Test Cases/Pages/Page_login/Verify Content: Test Cases/Pages/Page_login/Verify Content

2023-02-21 12:20:25 - [TEST_STEP][PASSED] - verifyElementVisible(findTestObject("Page_login/text_masuk"), 0): Element 'Object Repository/Page_login/text_masuk' is visible

2023-02-21 12:20:25 - [MESSAGE][WARNING] - Timeout '0' is invalid. Using default page load timeout: '30'

2023-02-21 12:20:26 - [MESSAGE][PASSED] - Element 'Object Repository/Page_login/text_masuk' is visible

2023-02-21 12:20:26 - [TEST_STEP][PASSED] - verifyElementVisible(findTestObject("Page_login/text_email"), 0): Element 'Object Repository/Page_login/text_email' is visible

2023-02-21 12:20:26 - [MESSAGE][WARNING] - Timeout '0' is invalid. Using default page load timeout: '30'

2023-02-21 12:20:26 - [MESSAGE][PASSED] - Element 'Object Repository/Page_login/text_email' is visible

2023-02-21 12:20:26 - [TEST_STEP][PASSED] - verifyElementVisible(findTestObject("Page_login/textfield_email"), 0): Element 'Object Repository/Page_login/textfield_email' is visible

2023-02-21 12:20:26 - [MESSAGE][WARNING] - Timeout '0' is invalid. Using default page load timeout: '30'

2023-02-21 12:20:27 - [MESSAGE][PASSED] - Element 'Object Repository/Page_login/textfield_email' is visible

2023-02-21 12:20:27 - [TEST_STEP][PASSED] - verifyElementVisible(findTestObject("Page_login/text_password"), 0): Element 'Object Repository/Page_login/text_password' is visible

2023-02-21 12:20:27 - [MESSAGE][WARNING] - Timeout '0' is invalid. Using default page load timeout: '30'

2023-02-21 12:20:27 - [MESSAGE][PASSED] - Element 'Object Repository/Page_login/text_password' is visible

2023-02-21 12:20:27 - [TEST_STEP][PASSED] - verifyElementVisible(findTestObject("Page_login/textfield_password"), 0): Element 'Object Repository/Page_login/textfield_password' is visible

2023-02-21 12:20:27 - [MESSAGE][WARNING] - Timeout '0' is invalid. Using default page load timeout: '30'

2023-02-21 12:20:27 - [MESSAGE][PASSED] - Element 'Object Repository/Page_login/textfield_password' is visible

2023-02-21 12:20:27 - [TEST_STEP][PASSED] - verifyElementVisible(findTestObject("Page_login/icon_eyes_open"), 0): Element 'Object Repository/Page_login/icon_eyes_open' is visible

2023-02-21 12:20:27 - [MESSAGE][WARNING] - Timeout '0' is invalid. Using default page load timeout: '30'

2023-02-21 12:20:27 - [MESSAGE][PASSED] - Element 'Object Repository/Page_login/icon_eyes_open' is visible

2023-02-21 12:20:27 - [TEST_STEP][PASSED] - verifyElementVisible(findTestObject("Page_login/btn_masuk_login"), 0): Element 'Object Repository/Page_login/btn_masuk_login' is visible

2023-02-21 12:20:28 - [MESSAGE][WARNING] - Timeout '0' is invalid. Using default page load timeout: '30'

2023-02-21 12:20:28 - [MESSAGE][PASSED] - Element 'Object Repository/Page_login/btn_masuk_login' is visible

2023-02-21 12:20:28 - [TEST_STEP][PASSED] - verifyElementVisible(findTestObject("Page_login/linktext_daftar"), 0): Element 'Object Repository/Page_login/linktext_daftar' is visible

2023-02-21 12:20:28 - [MESSAGE][WARNING] - Timeout '0' is invalid. Using default page load timeout: '30'

2023-02-21 12:20:28 - [MESSAGE][PASSED] - Element 'Object Repository/Page_login/linktext_daftar' is visible

2023-02-21 12:20:28 - [MESSAGE][PASSED] - Call Test Case 'Test Cases/Pages/Page_login/Verify Content' successfully

2023-02-21 12:20:28 - [TEST_STEP][PASSED] - callTestCase(findTestCase("Pages/Page_login/Input Email"), ["email":"mayorey@gmail.com"], STOP_ON_FAILURE): Call Test Case 'Test Cases/Pages/Page_login/Input Email' successfully

2023-02-21 12:20:28 - [TEST_CASE][PASSED] - Test Cases/Pages/Page_login/Input Email: Test Cases/Pages/Page_login/Input Email

2023-02-21 12:20:28 - [TEST_STEP][PASSED] - clearText(findTestObject("Page_login/textfield_email"), 3): Element 'Object Repository/Page_login/textfield_email' text is cleared

2023-02-21 12:20:29 - [MESSAGE][PASSED] - Element 'Object Repository/Page_login/textfield_email' text is cleared

2023-02-21 12:20:29 - [TEST_STEP][PASSED] - setText(findTestObject("Page_login/textfield_email"), email, 0): Text 'mayorey@gmail.com' has been set to element 'Object Repository/Page_login/textfield_email'

2023-02-21 12:20:29 - [MESSAGE][WARNING] - Timeout '0' is invalid. Using default page load timeout: '30'

2023-02-21 12:20:30 - [MESSAGE][PASSED] - Text 'mayorey@gmail.com' has been set to element 'Object Repository/Page_login/textfield_email'

2023-02-21 12:20:30 - [MESSAGE][PASSED] - Call Test Case 'Test Cases/Pages/Page_login/Input Email' successfully

2023-02-21 12:20:30 - [TEST_STEP][PASSED] - callTestCase(findTestCase("Pages/Page_login/Input Password"), ["password":"Sooyan321"], STOP_ON_FAILURE): Call Test Case 'Test Cases/Pages/Page_login/Input Password' successfully

2023-02-21 12:20:30 - [TEST_CASE][PASSED] - Test Cases/Pages/Page_login/Input Password: Test Cases/Pages/Page_login/Input Password

2023-02-21 12:20:31 - [TEST_STEP][PASSED] - clearText(findTestObject("Page_login/textfield_password"), 3): Element 'Object Repository/Page_login/textfield_password' text is cleared

2023-02-21 12:20:31 - [MESSAGE][PASSED] - Element 'Object Repository/Page_login/textfield_password' text is cleared

2023-02-21 12:20:31 - [TEST_STEP][PASSED] - setText(findTestObject("Page_login/textfield_password"), password, 0): Text 'Sooyan321' has been set to element 'Object Repository/Page_login/textfield_password'

2023-02-21 12:20:31 - [MESSAGE][WARNING] - Timeout '0' is invalid. Using default page load timeout: '30'

2023-02-21 12:20:33 - [MESSAGE][PASSED] - Text 'Sooyan321' has been set to element 'Object Repository/Page_login/textfield_password'

2023-02-21 12:20:33 - [MESSAGE][PASSED] - Call Test Case 'Test Cases/Pages/Page_login/Input Password' successfully

2023-02-21 12:20:33 - [TEST_STEP][PASSED] - callTestCase(findTestCase("Pages/Page_login/Click Masuk"), [:], STOP_ON_FAILURE): Call Test Case 'Test Cases/Pages/Page_login/Click Masuk' successfully

2023-02-21 12:20:33 - [TEST_CASE][PASSED] - Test Cases/Pages/Page_login/Click Masuk: Test Cases/Pages/Page_login/Click Masuk

2023-02-21 12:20:33 - [TEST_STEP][PASSED] - waitForElementPresent(findTestObject("Page_login/btn_login"), 2): Element 'Object Repository/Page_login/btn_login' is present

2023-02-21 12:20:33 - [MESSAGE][PASSED] - Element 'Object Repository/Page_login/btn_login' is present

2023-02-21 12:20:33 - [TEST_STEP][PASSED] - tap(findTestObject("Page_login/btn_login"), 2): Tapped on element 'Object Repository/Page_login/btn_login'

2023-02-21 12:20:34 - [MESSAGE][PASSED] - Tapped on element 'Object Repository/Page_login/btn_login'

2023-02-21 12:20:34 - [MESSAGE][PASSED] - Call Test Case 'Test Cases/Pages/Page_login/Click Masuk' successfully

2023-02-21 12:20:34 - [TEST_STEP][PASSED] - callTestCase(findTestCase("Pages/Page_home/Click button log out"), [:], STOP_ON_FAILURE): Call Test Case 'Test Cases/Pages/Page_home/Click button log out' successfully

2023-02-21 12:20:34 - [TEST_CASE][PASSED] - Test Cases/Pages/Page_home/Click button log out: Test Cases/Pages/Page_home/Click button log out

2023-02-21 12:20:34 - [TEST_STEP][PASSED] - verifyElementVisible(findTestObject("Page_home/btn_keluar"), 2): Element 'Object Repository/Page_home/btn_keluar' is visible

2023-02-21 12:20:35 - [MESSAGE][PASSED] - Element 'Object Repository/Page_home/btn_keluar' is visible

2023-02-21 12:20:35 - [TEST_STEP][PASSED] - checkElement(findTestObject("Page_home/btn_keluar"), 2): Element 'Object Repository/Page_home/btn_keluar' is checked

2023-02-21 12:20:37 - [MESSAGE][PASSED] - Element 'Object Repository/Page_home/btn_keluar' is checked

2023-02-21 12:20:37 - [MESSAGE][PASSED] - Call Test Case 'Test Cases/Pages/Page_home/Click button log out' successfully]]></system-out>
         <system-err><![CDATA[]]></system-err>
      </testcase>
      <system-out><![CDATA[2023-02-21 12:20:01 - [TEST_SUITE][PASSED] - Feature Logout: Test Cases/Step Definition/Feature Logout/LGO001 - User wants to log out from his account]]></system-out>
      <system-err><![CDATA[]]></system-err>
   </testsuite>
</testsuites>
