<?xml version="1.0" encoding="UTF-8"?>
<testsuites name="Feature Delete Product" time="62.605" tests="2" failures="0" errors="0">
   <testsuite name="Feature Delete Product" tests="2" failures="0" errors="0" time="62.605" skipped="0" timestamp="2023-02-21 12:34:12" hostname="ADITIA ARGA PRATAMA - LAPTOP-L0K8P5OF" id="Test Suites/Feature Delete Product">
      <properties>
         <property name="deviceName" value="samsung SM-A525F (Android 13)"/>
         <property name="devicePlatform" value=""/>
         <property name="logFolder" value="D:\\android-automation-testing-kelompok-1.git\\Reports\\20230221_120605\\Feature Delete Product\\20230221_120630"/>
         <property name="logFiles" value="D:\\android-automation-testing-kelompok-1.git\\Reports\\20230221_120605\\Feature Delete Product\\20230221_120630\\appium.log, D:\\android-automation-testing-kelompok-1.git\\Reports\\20230221_120605\\Feature Delete Product\\20230221_120630\\execution0.log"/>
         <property name="attachments" value=""/>
         <property name="hostName" value="ADITIA ARGA PRATAMA - LAPTOP-L0K8P5OF"/>
         <property name="os" value="Windows 10 64bit"/>
         <property name="appiumServerStatus" value="{&quot;value&quot;:{&quot;build&quot;:{&quot;version&quot;:&quot;1.22.3&quot;}},&quot;sessionId&quot;:null,&quot;status&quot;:0}"/>
         <property name="katalonVersion" value="8.5.5.208"/>
         <property name="deviceOS" value="Android"/>
         <property name="appiumVersion" value="1.22.3"/>
         <property name="deviceModel" value="SM-A525F"/>
         <property name="hostAddress" value="192.168.0.139"/>
         <property name="deviceManufacturer" value="samsung"/>
         <property name="deviceId" value="RR8R602SN8Y"/>
         <property name="deviceName" value="samsung SM-A525F (Android 13)"/>
         <property name="deviceOSVersion" value="13"/>
      </properties>
      <testcase name="Test Cases/Step Definition/Feature Delete Product/DLP001 - Cancel Delete Product" time="25.768" classname="Test Cases/Step Definition/Feature Delete Product/DLP001 - Cancel Delete Product" status="PASSED">
         <system-out><![CDATA[2023-02-21 12:34:24 - [TEST_CASE][PASSED] - Test Cases/Step Definition/Feature Delete Product/DLP001 - Cancel Delete Product: Test Cases/Step Definition/Feature Delete Product/DLP001 - Cancel Delete Product

2023-02-21 12:34:24 - [TEST_STEP][PASSED] - callTestCase(findTestCase("Pages/Page_home/Navigate to Menu Akun"), [:], STOP_ON_FAILURE): Call Test Case 'Test Cases/Pages/Page_home/Navigate to Menu Akun' successfully

2023-02-21 12:34:24 - [TEST_CASE][PASSED] - Test Cases/Pages/Page_home/Navigate to Menu Akun: Test Cases/Pages/Page_home/Navigate to Menu Akun

2023-02-21 12:34:25 - [TEST_STEP][PASSED] - waitForElementPresent(findTestObject("Page_home/nav_menu_akun"), 2): Element 'Object Repository/Page_home/nav_menu_akun' is present

2023-02-21 12:34:27 - [MESSAGE][PASSED] - Element 'Object Repository/Page_home/nav_menu_akun' is present

2023-02-21 12:34:27 - [TEST_STEP][PASSED] - tap(findTestObject("Page_home/nav_menu_akun"), 2): Tapped on element 'Object Repository/Page_home/nav_menu_akun'

2023-02-21 12:34:29 - [MESSAGE][PASSED] - Tapped on element 'Object Repository/Page_home/nav_menu_akun'

2023-02-21 12:34:29 - [MESSAGE][PASSED] - Call Test Case 'Test Cases/Pages/Page_home/Navigate to Menu Akun' successfully

2023-02-21 12:34:29 - [TEST_STEP][PASSED] - callTestCase(findTestCase("Pages/Page_akun/Click Masuk Button"), [:], STOP_ON_FAILURE): Call Test Case 'Test Cases/Pages/Page_akun/Click Masuk Button' successfully

2023-02-21 12:34:29 - [TEST_CASE][PASSED] - Test Cases/Pages/Page_akun/Click Masuk Button: Test Cases/Pages/Page_akun/Click Masuk Button

2023-02-21 12:34:29 - [TEST_STEP][PASSED] - waitForElementPresent(findTestObject("Page_akun/btn_masuk"), 2): Element 'Object Repository/Page_akun/btn_masuk' is present

2023-02-21 12:34:30 - [MESSAGE][PASSED] - Element 'Object Repository/Page_akun/btn_masuk' is present

2023-02-21 12:34:30 - [TEST_STEP][PASSED] - tap(findTestObject("Page_akun/btn_masuk"), 2): Tapped on element 'Object Repository/Page_akun/btn_masuk'

2023-02-21 12:34:30 - [MESSAGE][PASSED] - Tapped on element 'Object Repository/Page_akun/btn_masuk'

2023-02-21 12:34:30 - [MESSAGE][PASSED] - Call Test Case 'Test Cases/Pages/Page_akun/Click Masuk Button' successfully

2023-02-21 12:34:30 - [TEST_STEP][PASSED] - callTestCase(findTestCase("Pages/Page_login/Input Email"), ["email":email], STOP_ON_FAILURE): Call Test Case 'Test Cases/Pages/Page_login/Input Email' successfully

2023-02-21 12:34:30 - [TEST_CASE][PASSED] - Test Cases/Pages/Page_login/Input Email: Test Cases/Pages/Page_login/Input Email

2023-02-21 12:34:30 - [TEST_STEP][PASSED] - clearText(findTestObject("Page_login/textfield_email"), 3): Element 'Object Repository/Page_login/textfield_email' text is cleared

2023-02-21 12:34:31 - [MESSAGE][PASSED] - Element 'Object Repository/Page_login/textfield_email' text is cleared

2023-02-21 12:34:31 - [TEST_STEP][PASSED] - setText(findTestObject("Page_login/textfield_email"), email, 0): Text 'd.erprion@gmail.com' has been set to element 'Object Repository/Page_login/textfield_email'

2023-02-21 12:34:32 - [MESSAGE][WARNING] - Timeout '0' is invalid. Using default page load timeout: '30'

2023-02-21 12:34:33 - [MESSAGE][PASSED] - Text 'd.erprion@gmail.com' has been set to element 'Object Repository/Page_login/textfield_email'

2023-02-21 12:34:33 - [MESSAGE][PASSED] - Call Test Case 'Test Cases/Pages/Page_login/Input Email' successfully

2023-02-21 12:34:33 - [TEST_STEP][PASSED] - callTestCase(findTestCase("Pages/Page_login/Input Password"), ["password":password], STOP_ON_FAILURE): Call Test Case 'Test Cases/Pages/Page_login/Input Password' successfully

2023-02-21 12:34:33 - [TEST_CASE][PASSED] - Test Cases/Pages/Page_login/Input Password: Test Cases/Pages/Page_login/Input Password

2023-02-21 12:34:33 - [TEST_STEP][PASSED] - clearText(findTestObject("Page_login/textfield_password"), 3): Element 'Object Repository/Page_login/textfield_password' text is cleared

2023-02-21 12:34:34 - [MESSAGE][PASSED] - Element 'Object Repository/Page_login/textfield_password' text is cleared

2023-02-21 12:34:34 - [TEST_STEP][PASSED] - setText(findTestObject("Page_login/textfield_password"), password, 0): Text 'qwerty1234' has been set to element 'Object Repository/Page_login/textfield_password'

2023-02-21 12:34:34 - [MESSAGE][WARNING] - Timeout '0' is invalid. Using default page load timeout: '30'

2023-02-21 12:34:36 - [MESSAGE][PASSED] - Text 'qwerty1234' has been set to element 'Object Repository/Page_login/textfield_password'

2023-02-21 12:34:36 - [MESSAGE][PASSED] - Call Test Case 'Test Cases/Pages/Page_login/Input Password' successfully

2023-02-21 12:34:36 - [TEST_STEP][PASSED] - callTestCase(findTestCase("Pages/Page_login/Click Masuk"), [:], STOP_ON_FAILURE): Call Test Case 'Test Cases/Pages/Page_login/Click Masuk' successfully

2023-02-21 12:34:36 - [TEST_CASE][PASSED] - Test Cases/Pages/Page_login/Click Masuk: Test Cases/Pages/Page_login/Click Masuk

2023-02-21 12:34:36 - [TEST_STEP][PASSED] - waitForElementPresent(findTestObject("Page_login/btn_login"), 2): Element 'Object Repository/Page_login/btn_login' is present

2023-02-21 12:34:36 - [MESSAGE][PASSED] - Element 'Object Repository/Page_login/btn_login' is present

2023-02-21 12:34:36 - [TEST_STEP][PASSED] - tap(findTestObject("Page_login/btn_login"), 2): Tapped on element 'Object Repository/Page_login/btn_login'

2023-02-21 12:34:37 - [MESSAGE][PASSED] - Tapped on element 'Object Repository/Page_login/btn_login'

2023-02-21 12:34:37 - [MESSAGE][PASSED] - Call Test Case 'Test Cases/Pages/Page_login/Click Masuk' successfully

2023-02-21 12:34:37 - [TEST_STEP][PASSED] - callTestCase(findTestCase("Pages/Page_home/Navigate to Menu Akun"), [:], STOP_ON_FAILURE): Call Test Case 'Test Cases/Pages/Page_home/Navigate to Menu Akun' successfully

2023-02-21 12:34:37 - [TEST_CASE][PASSED] - Test Cases/Pages/Page_home/Navigate to Menu Akun: Test Cases/Pages/Page_home/Navigate to Menu Akun

2023-02-21 12:34:37 - [TEST_STEP][PASSED] - waitForElementPresent(findTestObject("Page_home/nav_menu_akun"), 2): Element 'Object Repository/Page_home/nav_menu_akun' is present

2023-02-21 12:34:39 - [MESSAGE][PASSED] - Element 'Object Repository/Page_home/nav_menu_akun' is present

2023-02-21 12:34:39 - [TEST_STEP][PASSED] - tap(findTestObject("Page_home/nav_menu_akun"), 2): Tapped on element 'Object Repository/Page_home/nav_menu_akun'

2023-02-21 12:34:42 - [MESSAGE][PASSED] - Tapped on element 'Object Repository/Page_home/nav_menu_akun'

2023-02-21 12:34:42 - [MESSAGE][PASSED] - Call Test Case 'Test Cases/Pages/Page_home/Navigate to Menu Akun' successfully

2023-02-21 12:34:42 - [TEST_STEP][PASSED] - callTestCase(findTestCase("Pages/Page_akun/Navigate to Daftar Jual Saya"), [:], STOP_ON_FAILURE): Call Test Case 'Test Cases/Pages/Page_akun/Navigate to Daftar Jual Saya' successfully

2023-02-21 12:34:42 - [TEST_CASE][PASSED] - Test Cases/Pages/Page_akun/Navigate to Daftar Jual Saya: Test Cases/Pages/Page_akun/Navigate to Daftar Jual Saya

2023-02-21 12:34:42 - [TEST_STEP][PASSED] - waitForElementPresent(findTestObject("Page_akun/btn_daftar_jual_saya"), 0): Element 'Object Repository/Page_akun/btn_daftar_jual_saya' is present

2023-02-21 12:34:42 - [MESSAGE][WARNING] - Timeout '0' is invalid. Using default page load timeout: '30'

2023-02-21 12:34:42 - [MESSAGE][PASSED] - Element 'Object Repository/Page_akun/btn_daftar_jual_saya' is present

2023-02-21 12:34:42 - [TEST_STEP][PASSED] - tap(findTestObject("Page_akun/btn_daftar_jual_saya"), 0): Tapped on element 'Object Repository/Page_akun/btn_daftar_jual_saya'

2023-02-21 12:34:43 - [MESSAGE][WARNING] - Timeout '0' is invalid. Using default page load timeout: '30'

2023-02-21 12:34:43 - [MESSAGE][PASSED] - Tapped on element 'Object Repository/Page_akun/btn_daftar_jual_saya'

2023-02-21 12:34:43 - [MESSAGE][PASSED] - Call Test Case 'Test Cases/Pages/Page_akun/Navigate to Daftar Jual Saya' successfully

2023-02-21 12:34:43 - [TEST_STEP][PASSED] - callTestCase(findTestCase("Pages/Page_daftarjual/Navigate to Delete Product"), [:], STOP_ON_FAILURE): Call Test Case 'Test Cases/Pages/Page_daftarjual/Navigate to Delete Product' successfully

2023-02-21 12:34:43 - [TEST_CASE][PASSED] - Test Cases/Pages/Page_daftarjual/Navigate to Delete Product: Test Cases/Pages/Page_daftarjual/Navigate to Delete Product

2023-02-21 12:34:43 - [TEST_STEP][PASSED] - waitForElementPresent(findTestObject("Page_daftarjual/txt_delete_product_name"), 10): Element 'Object Repository/Page_daftarjual/txt_delete_product_name' is present

2023-02-21 12:34:44 - [MESSAGE][PASSED] - Element 'Object Repository/Page_daftarjual/txt_delete_product_name' is present

2023-02-21 12:34:44 - [TEST_STEP][PASSED] - verifyElementVisible(findTestObject("Page_daftarjual/txt_delete_product_name"), 10): Element 'Object Repository/Page_daftarjual/txt_delete_product_name' is visible

2023-02-21 12:34:45 - [MESSAGE][PASSED] - Element 'Object Repository/Page_daftarjual/txt_delete_product_name' is visible

2023-02-21 12:34:45 - [TEST_STEP][PASSED] - verifyElementVisible(findTestObject("Page_daftarjual/txt_delete_product_price"), 10): Element 'Object Repository/Page_daftarjual/txt_delete_product_price' is visible

2023-02-21 12:34:45 - [MESSAGE][PASSED] - Element 'Object Repository/Page_daftarjual/txt_delete_product_price' is visible

2023-02-21 12:34:45 - [TEST_STEP][PASSED] - verifyElementVisible(findTestObject("Page_daftarjual/btn_delete_product"), 10): Element 'Object Repository/Page_daftarjual/btn_delete_product' is visible

2023-02-21 12:34:45 - [MESSAGE][PASSED] - Element 'Object Repository/Page_daftarjual/btn_delete_product' is visible

2023-02-21 12:34:45 - [TEST_STEP][PASSED] - tap(findTestObject("Page_daftarjual/btn_delete_product"), 10): Tapped on element 'Object Repository/Page_daftarjual/btn_delete_product'

2023-02-21 12:34:47 - [MESSAGE][PASSED] - Tapped on element 'Object Repository/Page_daftarjual/btn_delete_product'

2023-02-21 12:34:47 - [MESSAGE][PASSED] - Call Test Case 'Test Cases/Pages/Page_daftarjual/Navigate to Delete Product' successfully

2023-02-21 12:34:47 - [TEST_STEP][PASSED] - callTestCase(findTestCase("Pages/Page_daftarjual/Click Confirmation Cancel Delete"), [:], STOP_ON_FAILURE): Call Test Case 'Test Cases/Pages/Page_daftarjual/Click Confirmation Cancel Delete' successfully

2023-02-21 12:34:47 - [TEST_CASE][PASSED] - Test Cases/Pages/Page_daftarjual/Click Confirmation Cancel Delete: Test Cases/Pages/Page_daftarjual/Click Confirmation Cancel Delete

2023-02-21 12:34:47 - [TEST_STEP][PASSED] - waitForElementPresent(findTestObject("Page_daftarjual/btn_confirmation_cancel_delete"), 10): Element 'Object Repository/Page_daftarjual/btn_confirmation_cancel_delete' is present

2023-02-21 12:34:47 - [MESSAGE][PASSED] - Element 'Object Repository/Page_daftarjual/btn_confirmation_cancel_delete' is present

2023-02-21 12:34:47 - [TEST_STEP][PASSED] - tap(findTestObject("Page_daftarjual/btn_confirmation_cancel_delete"), 10): Tapped on element 'Object Repository/Page_daftarjual/btn_confirmation_cancel_delete'

2023-02-21 12:34:48 - [MESSAGE][PASSED] - Tapped on element 'Object Repository/Page_daftarjual/btn_confirmation_cancel_delete'

2023-02-21 12:34:48 - [MESSAGE][PASSED] - Call Test Case 'Test Cases/Pages/Page_daftarjual/Click Confirmation Cancel Delete' successfully

2023-02-21 12:34:48 - [TEST_STEP][PASSED] - callTestCase(findTestCase("Pages/Page_daftarjual/Back To Akun Menu"), [:], STOP_ON_FAILURE): Call Test Case 'Test Cases/Pages/Page_daftarjual/Back To Akun Menu' successfully

2023-02-21 12:34:48 - [TEST_CASE][PASSED] - Test Cases/Pages/Page_daftarjual/Back To Akun Menu: Test Cases/Pages/Page_daftarjual/Back To Akun Menu

2023-02-21 12:34:48 - [TEST_STEP][PASSED] - waitForElementPresent(findTestObject("Page_daftarjual/btn_back_daftarjual_to_menu_Akun"), 3): Element 'Object Repository/Page_daftarjual/btn_back_daftarjual_to_menu_Akun' is present

2023-02-21 12:34:48 - [MESSAGE][PASSED] - Element 'Object Repository/Page_daftarjual/btn_back_daftarjual_to_menu_Akun' is present

2023-02-21 12:34:48 - [TEST_STEP][PASSED] - tap(findTestObject("Page_daftarjual/btn_back_daftarjual_to_menu_Akun"), 3): Tapped on element 'Object Repository/Page_daftarjual/btn_back_daftarjual_to_menu_Akun'

2023-02-21 12:34:50 - [MESSAGE][PASSED] - Tapped on element 'Object Repository/Page_daftarjual/btn_back_daftarjual_to_menu_Akun'

2023-02-21 12:34:50 - [MESSAGE][PASSED] - Call Test Case 'Test Cases/Pages/Page_daftarjual/Back To Akun Menu' successfully]]></system-out>
         <system-err><![CDATA[]]></system-err>
      </testcase>
      <testcase name="Test Cases/Step Definition/Feature Delete Product/DLP002 - Delete Product" time="24.961" classname="Test Cases/Step Definition/Feature Delete Product/DLP002 - Delete Product" status="PASSED">
         <system-out><![CDATA[2023-02-21 12:34:50 - [TEST_CASE][PASSED] - Test Cases/Step Definition/Feature Delete Product/DLP002 - Delete Product: Test Cases/Step Definition/Feature Delete Product/DLP002 - Delete Product

2023-02-21 12:34:50 - [TEST_STEP][PASSED] - callTestCase(findTestCase("Pages/Page_akun/Navigate to Daftar Jual Saya"), [:], STOP_ON_FAILURE): Call Test Case 'Test Cases/Pages/Page_akun/Navigate to Daftar Jual Saya' successfully

2023-02-21 12:34:50 - [TEST_CASE][PASSED] - Test Cases/Pages/Page_akun/Navigate to Daftar Jual Saya: Test Cases/Pages/Page_akun/Navigate to Daftar Jual Saya

2023-02-21 12:34:50 - [TEST_STEP][PASSED] - waitForElementPresent(findTestObject("Page_akun/btn_daftar_jual_saya"), 0): Element 'Object Repository/Page_akun/btn_daftar_jual_saya' is present

2023-02-21 12:34:50 - [MESSAGE][WARNING] - Timeout '0' is invalid. Using default page load timeout: '30'

2023-02-21 12:34:50 - [MESSAGE][PASSED] - Element 'Object Repository/Page_akun/btn_daftar_jual_saya' is present

2023-02-21 12:34:50 - [TEST_STEP][PASSED] - tap(findTestObject("Page_akun/btn_daftar_jual_saya"), 0): Tapped on element 'Object Repository/Page_akun/btn_daftar_jual_saya'

2023-02-21 12:34:50 - [MESSAGE][WARNING] - Timeout '0' is invalid. Using default page load timeout: '30'

2023-02-21 12:34:51 - [MESSAGE][PASSED] - Tapped on element 'Object Repository/Page_akun/btn_daftar_jual_saya'

2023-02-21 12:34:51 - [MESSAGE][PASSED] - Call Test Case 'Test Cases/Pages/Page_akun/Navigate to Daftar Jual Saya' successfully

2023-02-21 12:34:51 - [TEST_STEP][PASSED] - callTestCase(findTestCase("Pages/Page_daftarjual/Navigate to Delete Product"), [:], STOP_ON_FAILURE): Call Test Case 'Test Cases/Pages/Page_daftarjual/Navigate to Delete Product' successfully

2023-02-21 12:34:51 - [TEST_CASE][PASSED] - Test Cases/Pages/Page_daftarjual/Navigate to Delete Product: Test Cases/Pages/Page_daftarjual/Navigate to Delete Product

2023-02-21 12:34:51 - [TEST_STEP][PASSED] - waitForElementPresent(findTestObject("Page_daftarjual/txt_delete_product_name"), 10): Element 'Object Repository/Page_daftarjual/txt_delete_product_name' is present

2023-02-21 12:34:52 - [MESSAGE][PASSED] - Element 'Object Repository/Page_daftarjual/txt_delete_product_name' is present

2023-02-21 12:34:52 - [TEST_STEP][PASSED] - verifyElementVisible(findTestObject("Page_daftarjual/txt_delete_product_name"), 10): Element 'Object Repository/Page_daftarjual/txt_delete_product_name' is visible

2023-02-21 12:34:52 - [MESSAGE][PASSED] - Element 'Object Repository/Page_daftarjual/txt_delete_product_name' is visible

2023-02-21 12:34:52 - [TEST_STEP][PASSED] - verifyElementVisible(findTestObject("Page_daftarjual/txt_delete_product_price"), 10): Element 'Object Repository/Page_daftarjual/txt_delete_product_price' is visible

2023-02-21 12:34:53 - [MESSAGE][PASSED] - Element 'Object Repository/Page_daftarjual/txt_delete_product_price' is visible

2023-02-21 12:34:53 - [TEST_STEP][PASSED] - verifyElementVisible(findTestObject("Page_daftarjual/btn_delete_product"), 10): Element 'Object Repository/Page_daftarjual/btn_delete_product' is visible

2023-02-21 12:34:53 - [MESSAGE][PASSED] - Element 'Object Repository/Page_daftarjual/btn_delete_product' is visible

2023-02-21 12:34:53 - [TEST_STEP][PASSED] - tap(findTestObject("Page_daftarjual/btn_delete_product"), 10): Tapped on element 'Object Repository/Page_daftarjual/btn_delete_product'

2023-02-21 12:34:55 - [MESSAGE][PASSED] - Tapped on element 'Object Repository/Page_daftarjual/btn_delete_product'

2023-02-21 12:34:55 - [MESSAGE][PASSED] - Call Test Case 'Test Cases/Pages/Page_daftarjual/Navigate to Delete Product' successfully

2023-02-21 12:34:55 - [TEST_STEP][PASSED] - callTestCase(findTestCase("Pages/Page_daftarjual/Click Confirmation Hapus"), [:], STOP_ON_FAILURE): Call Test Case 'Test Cases/Pages/Page_daftarjual/Click Confirmation Hapus' successfully

2023-02-21 12:34:55 - [TEST_CASE][PASSED] - Test Cases/Pages/Page_daftarjual/Click Confirmation Hapus: Test Cases/Pages/Page_daftarjual/Click Confirmation Hapus

2023-02-21 12:34:55 - [TEST_STEP][PASSED] - waitForElementPresent(findTestObject("Page_daftarjual/btn_confirmation_hapus"), 10): Element 'Object Repository/Page_daftarjual/btn_confirmation_hapus' is present

2023-02-21 12:34:55 - [MESSAGE][PASSED] - Element 'Object Repository/Page_daftarjual/btn_confirmation_hapus' is present

2023-02-21 12:34:55 - [TEST_STEP][PASSED] - tap(findTestObject("Page_daftarjual/btn_confirmation_hapus"), 10): Tapped on element 'Object Repository/Page_daftarjual/btn_confirmation_hapus'

2023-02-21 12:34:55 - [MESSAGE][PASSED] - Tapped on element 'Object Repository/Page_daftarjual/btn_confirmation_hapus'

2023-02-21 12:34:55 - [MESSAGE][PASSED] - Call Test Case 'Test Cases/Pages/Page_daftarjual/Click Confirmation Hapus' successfully

2023-02-21 12:34:55 - [TEST_STEP][PASSED] - callTestCase(findTestCase("Pages/Page_daftarjual/Verify Delete Product Success"), [:], STOP_ON_FAILURE): Call Test Case 'Test Cases/Pages/Page_daftarjual/Verify Delete Product Success' successfully

2023-02-21 12:34:55 - [TEST_CASE][PASSED] - Test Cases/Pages/Page_daftarjual/Verify Delete Product Success: Test Cases/Pages/Page_daftarjual/Verify Delete Product Success

2023-02-21 12:34:56 - [TEST_STEP][PASSED] - delay(5, STOP_ON_FAILURE): Delayed 5 second(s)

2023-02-21 12:35:01 - [MESSAGE][PASSED] - Delayed 5 second(s)

2023-02-21 12:35:01 - [TEST_STEP][PASSED] - verifyElementNotVisible(findTestObject("Page_daftarjual/txt_delete_product_name"), 5): Element 'Object Repository/Page_daftarjual/txt_delete_product_name' not found

2023-02-21 12:35:06 - [MESSAGE][PASSED] - Element 'Object Repository/Page_daftarjual/txt_delete_product_name' not found

2023-02-21 12:35:06 - [MESSAGE][PASSED] - Call Test Case 'Test Cases/Pages/Page_daftarjual/Verify Delete Product Success' successfully

2023-02-21 12:35:06 - [TEST_STEP][PASSED] - callTestCase(findTestCase("Pages/Page_daftarjual/Back To Akun Menu"), [:], STOP_ON_FAILURE): Call Test Case 'Test Cases/Pages/Page_daftarjual/Back To Akun Menu' successfully

2023-02-21 12:35:06 - [TEST_CASE][PASSED] - Test Cases/Pages/Page_daftarjual/Back To Akun Menu: Test Cases/Pages/Page_daftarjual/Back To Akun Menu

2023-02-21 12:35:06 - [TEST_STEP][PASSED] - waitForElementPresent(findTestObject("Page_daftarjual/btn_back_daftarjual_to_menu_Akun"), 3): Element 'Object Repository/Page_daftarjual/btn_back_daftarjual_to_menu_Akun' is present

2023-02-21 12:35:06 - [MESSAGE][PASSED] - Element 'Object Repository/Page_daftarjual/btn_back_daftarjual_to_menu_Akun' is present

2023-02-21 12:35:06 - [TEST_STEP][PASSED] - tap(findTestObject("Page_daftarjual/btn_back_daftarjual_to_menu_Akun"), 3): Tapped on element 'Object Repository/Page_daftarjual/btn_back_daftarjual_to_menu_Akun'

2023-02-21 12:35:07 - [MESSAGE][PASSED] - Tapped on element 'Object Repository/Page_daftarjual/btn_back_daftarjual_to_menu_Akun'

2023-02-21 12:35:07 - [MESSAGE][PASSED] - Call Test Case 'Test Cases/Pages/Page_daftarjual/Back To Akun Menu' successfully

2023-02-21 12:35:07 - [TEST_STEP][PASSED] - callTestCase(findTestCase("Pages/Page_akun/Log Out Account"), [:], STOP_ON_FAILURE): Call Test Case 'Test Cases/Pages/Page_akun/Log Out Account' successfully

2023-02-21 12:35:07 - [TEST_CASE][PASSED] - Test Cases/Pages/Page_akun/Log Out Account: Test Cases/Pages/Page_akun/Log Out Account

2023-02-21 12:35:08 - [TEST_STEP][PASSED] - callTestCase(findTestCase("Pages/Page_home/Navigate to Menu Akun"), [:], STOP_ON_FAILURE): Call Test Case 'Test Cases/Pages/Page_home/Navigate to Menu Akun' successfully

2023-02-21 12:35:08 - [TEST_CASE][PASSED] - Test Cases/Pages/Page_home/Navigate to Menu Akun: Test Cases/Pages/Page_home/Navigate to Menu Akun

2023-02-21 12:35:08 - [TEST_STEP][PASSED] - waitForElementPresent(findTestObject("Page_home/nav_menu_akun"), 2): Element 'Object Repository/Page_home/nav_menu_akun' is present

2023-02-21 12:35:10 - [MESSAGE][PASSED] - Element 'Object Repository/Page_home/nav_menu_akun' is present

2023-02-21 12:35:10 - [TEST_STEP][PASSED] - tap(findTestObject("Page_home/nav_menu_akun"), 2): Tapped on element 'Object Repository/Page_home/nav_menu_akun'

2023-02-21 12:35:12 - [MESSAGE][PASSED] - Tapped on element 'Object Repository/Page_home/nav_menu_akun'

2023-02-21 12:35:12 - [MESSAGE][PASSED] - Call Test Case 'Test Cases/Pages/Page_home/Navigate to Menu Akun' successfully

2023-02-21 12:35:12 - [TEST_STEP][PASSED] - callTestCase(findTestCase("Pages/Page_home/Click button log out"), [:], STOP_ON_FAILURE): Call Test Case 'Test Cases/Pages/Page_home/Click button log out' successfully

2023-02-21 12:35:12 - [TEST_CASE][PASSED] - Test Cases/Pages/Page_home/Click button log out: Test Cases/Pages/Page_home/Click button log out

2023-02-21 12:35:12 - [TEST_STEP][PASSED] - verifyElementVisible(findTestObject("Page_home/btn_keluar"), 2): Element 'Object Repository/Page_home/btn_keluar' is visible

2023-02-21 12:35:13 - [MESSAGE][PASSED] - Element 'Object Repository/Page_home/btn_keluar' is visible

2023-02-21 12:35:13 - [TEST_STEP][PASSED] - checkElement(findTestObject("Page_home/btn_keluar"), 2): Element 'Object Repository/Page_home/btn_keluar' is checked

2023-02-21 12:35:15 - [MESSAGE][PASSED] - Element 'Object Repository/Page_home/btn_keluar' is checked

2023-02-21 12:35:15 - [MESSAGE][PASSED] - Call Test Case 'Test Cases/Pages/Page_home/Click button log out' successfully

2023-02-21 12:35:15 - [MESSAGE][PASSED] - Call Test Case 'Test Cases/Pages/Page_akun/Log Out Account' successfully]]></system-out>
         <system-err><![CDATA[]]></system-err>
      </testcase>
      <system-out><![CDATA[2023-02-21 12:34:12 - [TEST_SUITE][PASSED] - Feature Delete Product: Test Cases/Step Definition/Feature Delete Product/DLP002 - Delete Product]]></system-out>
      <system-err><![CDATA[]]></system-err>
   </testsuite>
</testsuites>
